
-------------------------------------------------------------------------------
Parsing project file - C:\Users\Jordan\Desktop\Heir Mod\project.xml
Mod Data Directory = C:/Users/Jordan/Desktop/Heir Mod/

-------------------------------------------------------------------------------
Processing Map Files files...

-------------------------------------------------------------------------------
Running Localization...
Parsing localization/heir_brazilian.string_table.xml
Parsing localization/heir_czech.string_table.xml
Parsing localization/heir_english.string_table.xml
Parsing localization/heir_french.string_table.xml
Parsing localization/heir_german.string_table.xml
Parsing localization/heir_italian.string_table.xml
Parsing localization/heir_japanese.string_table.xml
Parsing localization/heir_koreana.string_table.xml
Parsing localization/heir_koreanb.string_table.xml
Parsing localization/heir_polish.string_table.xml
Parsing localization/heir_russian.string_table.xml
Parsing localization/heir_schinese.string_table.xml
Parsing localization/heir_spanish.string_table.xml
Parsing localization/trinkets_heir.string_table.xml

Building Languages
Exporting .loc files

-------------------------------------------------------------------------------
Searching for preview icon file C:/Users/Jordan/Desktop/Heir Mod/preview_icon.png...FOUND!
<UploadMode> - Set to direct_upload


-------------------------------------------------------------------------------
Detected 2 unchanged files
The following files are unchanged and will be uploaded...
C:/Users/Jordan/Desktop/Heir Mod/raid/camping/skill_icons/camp_skill_pep_talk.png

-------------------------------------------------------------------------------
Modded files...

heroes/heir/heir_A/anim/heir.sprite.afflicted.png
heroes/heir/heir_A/anim/heir.sprite.attack_bloom.png
heroes/heir/heir_A/anim/heir.sprite.attack_communion.png
heroes/heir/heir_A/anim/heir.sprite.attack_guard.png
heroes/heir/heir_A/anim/heir.sprite.attack_heal.png
heroes/heir/heir_A/anim/heir.sprite.attack_ritual.png
heroes/heir/heir_A/anim/heir.sprite.attack_thorn.png
heroes/heir/heir_A/anim/heir.sprite.attack_vine.png
heroes/heir/heir_A/anim/heir.sprite.camp.png
heroes/heir/heir_A/anim/heir.sprite.combat.png
heroes/heir/heir_A/anim/heir.sprite.defend.png
heroes/heir/heir_A/anim/heir.sprite.heroic.png
heroes/heir/heir_A/anim/heir.sprite.idle.png
heroes/heir/heir_A/anim/heir.sprite.investigate.png
heroes/heir/heir_A/anim/heir.sprite.walk.png
heroes/heir/heir_B/anim/heir.sprite.afflicted.png
heroes/heir/heir_B/anim/heir.sprite.attack_bloom.png
heroes/heir/heir_B/anim/heir.sprite.attack_communion.png
heroes/heir/heir_B/anim/heir.sprite.attack_guard.png
heroes/heir/heir_B/anim/heir.sprite.attack_heal.png
heroes/heir/heir_B/anim/heir.sprite.attack_ritual.png
heroes/heir/heir_B/anim/heir.sprite.attack_thorn.png
heroes/heir/heir_B/anim/heir.sprite.attack_vine.png
heroes/heir/heir_B/anim/heir.sprite.camp.png
heroes/heir/heir_B/anim/heir.sprite.combat.png
heroes/heir/heir_B/anim/heir.sprite.defend.png
heroes/heir/heir_B/anim/heir.sprite.heroic.png
heroes/heir/heir_B/anim/heir.sprite.idle.png
heroes/heir/heir_B/anim/heir.sprite.investigate.png
heroes/heir/heir_B/anim/heir.sprite.walk.png
heroes/heir/heir_C/anim/heir.sprite.afflicted.png
heroes/heir/heir_C/anim/heir.sprite.attack_bloom.png
heroes/heir/heir_C/anim/heir.sprite.attack_communion.png
heroes/heir/heir_C/anim/heir.sprite.attack_guard.png
heroes/heir/heir_C/anim/heir.sprite.attack_heal.png
heroes/heir/heir_C/anim/heir.sprite.attack_ritual.png
heroes/heir/heir_C/anim/heir.sprite.attack_thorn.png
heroes/heir/heir_C/anim/heir.sprite.attack_vine.png
heroes/heir/heir_C/anim/heir.sprite.camp.png
heroes/heir/heir_C/anim/heir.sprite.combat.png
heroes/heir/heir_C/anim/heir.sprite.defend.png
heroes/heir/heir_C/anim/heir.sprite.heroic.png
heroes/heir/heir_C/anim/heir.sprite.idle.png
heroes/heir/heir_C/anim/heir.sprite.investigate.png
heroes/heir/heir_C/anim/heir.sprite.walk.png
campaign/town/town_event/town_event.image_first_heir.png
heroes/heir/anim/heir.sprite.afflicted.atlas
heroes/heir/anim/heir.sprite.afflicted.skel
heroes/heir/anim/heir.sprite.attack_bloom.atlas
heroes/heir/anim/heir.sprite.attack_bloom.skel
heroes/heir/anim/heir.sprite.attack_communion.atlas
heroes/heir/anim/heir.sprite.attack_communion.skel
heroes/heir/anim/heir.sprite.attack_guard.atlas
heroes/heir/anim/heir.sprite.attack_guard.skel
heroes/heir/anim/heir.sprite.attack_heal.atlas
heroes/heir/anim/heir.sprite.attack_heal.skel
heroes/heir/anim/heir.sprite.attack_miracle.atlas
heroes/heir/anim/heir.sprite.attack_ritual.atlas
heroes/heir/anim/heir.sprite.attack_ritual.skel
heroes/heir/anim/heir.sprite.attack_thorn.atlas
heroes/heir/anim/heir.sprite.attack_thorn.skel
heroes/heir/anim/heir.sprite.attack_vine.atlas
heroes/heir/anim/heir.sprite.attack_vine.skel
heroes/heir/anim/heir.sprite.camp.atlas
heroes/heir/anim/heir.sprite.camp.skel
heroes/heir/anim/heir.sprite.combat.atlas
heroes/heir/anim/heir.sprite.combat.skel
heroes/heir/anim/heir.sprite.defend.atlas
heroes/heir/anim/heir.sprite.defend.skel
heroes/heir/anim/heir.sprite.heroic.atlas
heroes/heir/anim/heir.sprite.heroic.skel
heroes/heir/anim/heir.sprite.idle.atlas
heroes/heir/anim/heir.sprite.idle.skel
heroes/heir/anim/heir.sprite.investigate.atlas
heroes/heir/anim/heir.sprite.investigate.skel
heroes/heir/anim/heir.sprite.walk.atlas
heroes/heir/anim/heir.sprite.walk.skel
heroes/heir/fx/heir.sprite.attack_vine.atlas
heroes/heir/fx/heir.sprite.attack_vine.png
heroes/heir/fx/heir.sprite.attack_vine.skel
heroes/heir/fx/heir.sprite.bloom.atlas
heroes/heir/fx/heir.sprite.bloom.png
heroes/heir/fx/heir.sprite.bloom.skel
heroes/heir/fx/heir.sprite.divine_communion.atlas
heroes/heir/fx/heir.sprite.divine_communion.png
heroes/heir/fx/heir.sprite.divine_communion.skel
heroes/heir/fx/heir.sprite.hands_from_abyss_target.atlas
heroes/heir/fx/heir.sprite.hands_from_abyss_target.png
heroes/heir/fx/heir.sprite.hands_from_abyss_target.skel
heroes/heir/fx/heir.sprite.protect_me.atlas
heroes/heir/fx/heir.sprite.protect_me.png
heroes/heir/fx/heir.sprite.protect_me.skel
heroes/heir/fx/heir.sprite.ritual.atlas
heroes/heir/fx/heir.sprite.ritual.png
heroes/heir/fx/heir.sprite.ritual.skel
heroes/heir/fx/heir.sprite.roses_embrace.atlas
heroes/heir/fx/heir.sprite.roses_embrace.png
heroes/heir/fx/heir.sprite.roses_embrace.skel
heroes/heir/fx/heir.sprite.roses_thorn.atlas
heroes/heir/fx/heir.sprite.roses_thorn.png
heroes/heir/fx/heir.sprite.roses_thorn.skel
heroes/heir/fx/heir.sprite.summon.atlas
heroes/heir/fx/heir.sprite.summon.png
heroes/heir/fx/heir.sprite.summon.skel
heroes/heir/heir_A/heir_portrait_roster.png
heroes/heir/heir_B/heir_portrait_roster.png
heroes/heir/heir_C/heir_portrait_roster.png
heroes/heir/icons_equip/eqp_armour_0.png
heroes/heir/icons_equip/eqp_armour_1.png
heroes/heir/icons_equip/eqp_armour_2.png
heroes/heir/icons_equip/eqp_armour_3.png
heroes/heir/icons_equip/eqp_armour_4.png
heroes/heir/icons_equip/eqp_weapon_0.png
heroes/heir/icons_equip/eqp_weapon_1.png
heroes/heir/icons_equip/eqp_weapon_2.png
heroes/heir/icons_equip/eqp_weapon_3.png
heroes/heir/icons_equip/eqp_weapon_4.png
panels/icons_equip/trinket/inv_trinket+heir_cc1.png
panels/icons_equip/trinket/inv_trinket+heir_cc2.png
panels/icons_equip/trinket/inv_trinket+heir_com1.png
panels/icons_equip/trinket/inv_trinket+heir_common.png
panels/icons_equip/trinket/inv_trinket+heir_rare.png
panels/icons_equip/trinket/inv_trinket+heir_uncommon1.png
panels/icons_equip/trinket/inv_trinket+heir_uncommon2.png
panels/icons_equip/trinket/inv_trinket+heir_veryrare.png
raid/camping/skill_icons/camp_skill_heir_encourage.png
raid/camping/skill_icons/camp_skill_heir_first_aid.png
raid/camping/skill_icons/camp_skill_heir_hobby.png
raid/camping/skill_icons/camp_skill_heir_pep_talk.png
raid/camping/skill_icons/camp_skill_heir_research.png
raid/camping/skill_icons/camp_skill_heir_ritual.png
raid/camping/skill_icons/camp_skill_heir_rummage.png
raid/camping/skill_icons/camp_skill_heir_study.png
campaign/town_events/heir.town_events.events.json
heroes/heir/heir.ability.five.png
heroes/heir/heir.ability.four.png
heroes/heir/heir.ability.one.png
