
-------------------------------------------------------------------------------
Parsing project file - C:\Users\Jacki\Desktop\DD Mods\Falconer Mod\falconer.xml
Mod Data Directory = C:/Users/Jacki/Desktop/DD Mods/Falconer Mod/

-------------------------------------------------------------------------------
Processing Map Files files...

-------------------------------------------------------------------------------
Running Localization...
Parsing localization/falconer.string_table.xml
Parsing localization/talon_cultists.string_table.xml

Building Languages
Exporting .loc files

-------------------------------------------------------------------------------
Searching for preview icon file C:/Users/Jacki/Desktop/DD Mods/Falconer Mod/preview_icon.png...FOUND!
<UploadMode> - Set to direct_upload


-------------------------------------------------------------------------------
Modded files...

heroes/falconer/falconer_A/anim/falconer.sprite.afflicted.png
heroes/falconer/falconer_A/anim/falconer.sprite.attack_adapt.png
heroes/falconer/falconer_A/anim/falconer.sprite.attack_ally.png
heroes/falconer/falconer_A/anim/falconer.sprite.attack_aoe.png
heroes/falconer/falconer_A/anim/falconer.sprite.attack_escape.png
heroes/falconer/falconer_A/anim/falconer.sprite.attack_eyethief.png
heroes/falconer/falconer_A/anim/falconer.sprite.attack_inspire.png
heroes/falconer/falconer_A/anim/falconer.sprite.attack_melee.png
heroes/falconer/falconer_A/anim/falconer.sprite.attack_ranged.png
heroes/falconer/falconer_A/anim/falconer.sprite.camp.png
heroes/falconer/falconer_A/anim/falconer.sprite.combat.png
heroes/falconer/falconer_A/anim/falconer.sprite.defend.png
heroes/falconer/falconer_A/anim/falconer.sprite.heroic.png
heroes/falconer/falconer_A/anim/falconer.sprite.idle.png
heroes/falconer/falconer_A/anim/falconer.sprite.investigate.png
heroes/falconer/falconer_A/anim/falconer.sprite.walk.png
heroes/falconer/falconer_B/anim/falconer.sprite.afflicted.png
heroes/falconer/falconer_B/anim/falconer.sprite.attack_adapt.png
heroes/falconer/falconer_B/anim/falconer.sprite.attack_ally.png
heroes/falconer/falconer_B/anim/falconer.sprite.attack_aoe.png
heroes/falconer/falconer_B/anim/falconer.sprite.attack_escape.png
heroes/falconer/falconer_B/anim/falconer.sprite.attack_eyethief.png
heroes/falconer/falconer_B/anim/falconer.sprite.attack_inspire.png
heroes/falconer/falconer_B/anim/falconer.sprite.attack_melee.png
heroes/falconer/falconer_B/anim/falconer.sprite.attack_ranged.png
heroes/falconer/falconer_B/anim/falconer.sprite.camp.png
heroes/falconer/falconer_B/anim/falconer.sprite.combat.png
heroes/falconer/falconer_B/anim/falconer.sprite.defend.png
heroes/falconer/falconer_B/anim/falconer.sprite.heroic.png
heroes/falconer/falconer_B/anim/falconer.sprite.idle.png
heroes/falconer/falconer_B/anim/falconer.sprite.investigate.png
heroes/falconer/falconer_B/anim/falconer.sprite.walk.png
heroes/falconer/falconer_C/anim/falconer.sprite.afflicted.png
heroes/falconer/falconer_C/anim/falconer.sprite.attack_adapt.png
heroes/falconer/falconer_C/anim/falconer.sprite.attack_ally.png
heroes/falconer/falconer_C/anim/falconer.sprite.attack_aoe.png
heroes/falconer/falconer_C/anim/falconer.sprite.attack_escape.png
heroes/falconer/falconer_C/anim/falconer.sprite.attack_eyethief.png
heroes/falconer/falconer_C/anim/falconer.sprite.attack_inspire.png
heroes/falconer/falconer_C/anim/falconer.sprite.attack_melee.png
heroes/falconer/falconer_C/anim/falconer.sprite.attack_ranged.png
heroes/falconer/falconer_C/anim/falconer.sprite.camp.png
heroes/falconer/falconer_C/anim/falconer.sprite.combat.png
heroes/falconer/falconer_C/anim/falconer.sprite.defend.png
heroes/falconer/falconer_C/anim/falconer.sprite.heroic.png
heroes/falconer/falconer_C/anim/falconer.sprite.idle.png
heroes/falconer/falconer_C/anim/falconer.sprite.investigate.png
heroes/falconer/falconer_C/anim/falconer.sprite.walk.png
heroes/falconer/falconer_D/anim/falconer.sprite.afflicted.png
heroes/falconer/falconer_D/anim/falconer.sprite.attack_adapt.png
heroes/falconer/falconer_D/anim/falconer.sprite.attack_ally.png
heroes/falconer/falconer_D/anim/falconer.sprite.attack_aoe.png
heroes/falconer/falconer_D/anim/falconer.sprite.attack_escape.png
heroes/falconer/falconer_D/anim/falconer.sprite.attack_eyethief.png
heroes/falconer/falconer_D/anim/falconer.sprite.attack_inspire.png
heroes/falconer/falconer_D/anim/falconer.sprite.attack_melee.png
heroes/falconer/falconer_D/anim/falconer.sprite.attack_ranged.png
heroes/falconer/falconer_D/anim/falconer.sprite.camp.png
heroes/falconer/falconer_D/anim/falconer.sprite.combat.png
heroes/falconer/falconer_D/anim/falconer.sprite.defend.png
heroes/falconer/falconer_D/anim/falconer.sprite.heroic.png
heroes/falconer/falconer_D/anim/falconer.sprite.idle.png
heroes/falconer/falconer_D/anim/falconer.sprite.investigate.png
heroes/falconer/falconer_D/anim/falconer.sprite.walk.png
modes/bloodmoon/upgrades/heroes/falconer.upgrades.json
modes/new_game_plus/upgrades/heroes/falconer.upgrades.json
modes/radiant/upgrades/heroes/falconer.upgrades.json
campaign/town/town_event/town_event.image_bonus_recruit_falconer.png
campaign/town/town_event/town_event.image_idle_resolve_level_falconer.png
heroes/falconer/anim/falconer.sprite.afflicted.atlas
heroes/falconer/anim/falconer.sprite.afflicted.skel
heroes/falconer/anim/falconer.sprite.attack_adapt.atlas
heroes/falconer/anim/falconer.sprite.attack_adapt.skel
heroes/falconer/anim/falconer.sprite.attack_ally.atlas
heroes/falconer/anim/falconer.sprite.attack_ally.skel
heroes/falconer/anim/falconer.sprite.attack_aoe.atlas
heroes/falconer/anim/falconer.sprite.attack_aoe.skel
heroes/falconer/anim/falconer.sprite.attack_escape.atlas
heroes/falconer/anim/falconer.sprite.attack_escape.skel
heroes/falconer/anim/falconer.sprite.attack_eyethief.atlas
heroes/falconer/anim/falconer.sprite.attack_eyethief.skel
heroes/falconer/anim/falconer.sprite.attack_inspire.atlas
heroes/falconer/anim/falconer.sprite.attack_inspire.skel
heroes/falconer/anim/falconer.sprite.attack_melee.atlas
heroes/falconer/anim/falconer.sprite.attack_melee.skel
heroes/falconer/anim/falconer.sprite.attack_ranged.atlas
heroes/falconer/anim/falconer.sprite.attack_ranged.skel
heroes/falconer/anim/falconer.sprite.camp.atlas
heroes/falconer/anim/falconer.sprite.camp.skel
heroes/falconer/anim/falconer.sprite.combat.atlas
heroes/falconer/anim/falconer.sprite.combat.skel
heroes/falconer/anim/falconer.sprite.defend.atlas
heroes/falconer/anim/falconer.sprite.defend.skel
heroes/falconer/anim/falconer.sprite.heroic.atlas
heroes/falconer/anim/falconer.sprite.heroic.skel
heroes/falconer/anim/falconer.sprite.idle.atlas
heroes/falconer/anim/falconer.sprite.idle.skel
heroes/falconer/anim/falconer.sprite.investigate.atlas
heroes/falconer/anim/falconer.sprite.investigate.skel
heroes/falconer/anim/falconer.sprite.walk.atlas
heroes/falconer/anim/falconer.sprite.walk.skel
heroes/falconer/falconer_A/falconer_portrait_roster.png
heroes/falconer/falconer_B/falconer_portrait_roster.png
heroes/falconer/falconer_C/falconer_portrait_roster.png
heroes/falconer/falconer_D/falconer_portrait_roster.png
heroes/falconer/fx/falconer.sprite.aoe.atlas
heroes/falconer/fx/falconer.sprite.aoe.png
heroes/falconer/fx/falconer.sprite.aoe.skel
heroes/falconer/fx/falconer.sprite.arrow_shot.atlas
heroes/falconer/fx/falconer.sprite.arrow_shot.png
heroes/falconer/fx/falconer.sprite.arrow_shot.skel
heroes/falconer/fx/falconer.sprite.arrow_shot_ally.atlas
heroes/falconer/fx/falconer.sprite.arrow_shot_ally.png
heroes/falconer/fx/falconer.sprite.arrow_shot_ally.skel
heroes/falconer/fx/falconer.sprite.arrow_shot_target.atlas
heroes/falconer/fx/falconer.sprite.arrow_shot_target.png
heroes/falconer/fx/falconer.sprite.arrow_shot_target.skel
heroes/falconer/fx/falconer.sprite.escape.atlas
heroes/falconer/fx/falconer.sprite.escape.png
heroes/falconer/fx/falconer.sprite.escape.skel
heroes/falconer/fx/falconer.sprite.eyethief.atlas
heroes/falconer/fx/falconer.sprite.eyethief.png
heroes/falconer/fx/falconer.sprite.eyethief.skel
heroes/falconer/fx/falconer.sprite.eyethief_target.atlas
heroes/falconer/fx/falconer.sprite.eyethief_target.png
heroes/falconer/fx/falconer.sprite.eyethief_target.skel
heroes/falconer/fx/falconer.sprite.inspire.atlas
heroes/falconer/fx/falconer.sprite.inspire.png
heroes/falconer/fx/falconer.sprite.inspire.skel
heroes/falconer/fx/falconer.sprite.melee.atlas
heroes/falconer/fx/falconer.sprite.melee.png
heroes/falconer/fx/falconer.sprite.melee.skel
heroes/falconer/fx/falconer.sprite.melee_target.atlas
heroes/falconer/fx/falconer.sprite.melee_target.png
heroes/falconer/fx/falconer.sprite.melee_target.skel
heroes/falconer/icons_equip/eqp_armour_0.png
heroes/falconer/icons_equip/eqp_armour_1.png
heroes/falconer/icons_equip/eqp_armour_2.png
heroes/falconer/icons_equip/eqp_armour_3.png
heroes/falconer/icons_equip/eqp_armour_4.png
heroes/falconer/icons_equip/eqp_weapon_0.png
heroes/falconer/icons_equip/eqp_weapon_1.png
heroes/falconer/icons_equip/eqp_weapon_2.png
heroes/falconer/icons_equip/eqp_weapon_3.png
heroes/falconer/icons_equip/eqp_weapon_4.png
monsters/talon_archer/anim/talon_archer.sprite.attack_escape.atlas
monsters/talon_archer/anim/talon_archer.sprite.attack_escape.png
monsters/talon_archer/anim/talon_archer.sprite.attack_escape.skel
monsters/talon_archer/anim/talon_archer.sprite.attack_ranged.atlas
monsters/talon_archer/anim/talon_archer.sprite.attack_ranged.png
monsters/talon_archer/anim/talon_archer.sprite.attack_ranged.skel
monsters/talon_archer/anim/talon_archer.sprite.combat.atlas
monsters/talon_archer/anim/talon_archer.sprite.combat.png
monsters/talon_archer/anim/talon_archer.sprite.combat.skel
monsters/talon_archer/anim/talon_archer.sprite.dead.atlas
monsters/talon_archer/anim/talon_archer.sprite.dead.png
monsters/talon_archer/anim/talon_archer.sprite.dead.skel
monsters/talon_archer/anim/talon_archer.sprite.defend.atlas
monsters/talon_archer/anim/talon_archer.sprite.defend.png
monsters/talon_archer/anim/talon_archer.sprite.defend.skel
monsters/talon_archer/fx/talon_archer.sprite.arrow_shot.atlas
monsters/talon_archer/fx/talon_archer.sprite.arrow_shot.png
monsters/talon_archer/fx/talon_archer.sprite.arrow_shot.skel
monsters/talon_archer/fx/talon_archer.sprite.escape.atlas
monsters/talon_archer/fx/talon_archer.sprite.escape.png
monsters/talon_archer/fx/talon_archer.sprite.escape.skel
monsters/talon_archer/fx/talon_archer.sprite.melee_target.atlas
monsters/talon_archer/fx/talon_archer.sprite.melee_target.png
monsters/talon_archer/fx/talon_archer.sprite.melee_target.skel
monsters/talon_archer/fx/talon_archer.sprite.volley_fire_target.atlas
monsters/talon_archer/fx/talon_archer.sprite.volley_fire_target.png
monsters/talon_archer/fx/talon_archer.sprite.volley_fire_target.skel
monsters/talon_archer/talon_archer_A/talon_archer_A.art.darkest
monsters/talon_archer/talon_archer_A/talon_archer_A.info.darkest
monsters/talon_archer/talon_archer_A/tint.png
monsters/talon_archer/talon_archer_B/talon_archer_B.art.darkest
monsters/talon_archer/talon_archer_B/talon_archer_B.info.darkest
monsters/talon_archer/talon_archer_B/tint.png
monsters/talon_archer/talon_archer_C/talon_archer_C.art.darkest
monsters/talon_archer/talon_archer_C/talon_archer_C.info.darkest
monsters/talon_archer/talon_archer_C/tint.png
monsters/talon_blood/anim/talon_blood.sprite.attack_melee.atlas
monsters/talon_blood/anim/talon_blood.sprite.attack_melee.png
monsters/talon_blood/anim/talon_blood.sprite.attack_melee.skel
monsters/talon_blood/anim/talon_blood.sprite.attack_ranged.atlas
monsters/talon_blood/anim/talon_blood.sprite.attack_ranged.png
monsters/talon_blood/anim/talon_blood.sprite.attack_ranged.skel
monsters/talon_blood/anim/talon_blood.sprite.combat.atlas
monsters/talon_blood/anim/talon_blood.sprite.combat.png
monsters/talon_blood/anim/talon_blood.sprite.combat.skel
monsters/talon_blood/anim/talon_blood.sprite.dead.atlas
monsters/talon_blood/anim/talon_blood.sprite.dead.png
monsters/talon_blood/anim/talon_blood.sprite.dead.skel
monsters/talon_blood/anim/talon_blood.sprite.defend.atlas
monsters/talon_blood/anim/talon_blood.sprite.defend.png
monsters/talon_blood/anim/talon_blood.sprite.defend.skel
monsters/talon_blood/fx/brigand_blood.sprite.whip_single.png
monsters/talon_blood/fx/talon_blood.sprite.storm.atlas
monsters/talon_blood/fx/talon_blood.sprite.storm.png
monsters/talon_blood/fx/talon_blood.sprite.storm.skel
monsters/talon_blood/fx/talon_blood.sprite.whip_single.atlas
monsters/talon_blood/fx/talon_blood.sprite.whip_single.skel
monsters/talon_blood/talon_blood_A/talon_blood_A.art.darkest
monsters/talon_blood/talon_blood_A/talon_blood_A.info.darkest
monsters/talon_blood/talon_blood_A/tint.png
monsters/talon_blood/talon_blood_B/talon_blood_B.art.darkest
monsters/talon_blood/talon_blood_B/talon_blood_B.info.darkest
monsters/talon_blood/talon_blood_B/tint.png
monsters/talon_blood/talon_blood_C/talon_blood_C.art.darkest
monsters/talon_blood/talon_blood_C/talon_blood_C.info.darkest
monsters/talon_blood/talon_blood_C/tint.png
monsters/talon_brawler/anim/talon_brawler.sprite.attack_melee.atlas
monsters/talon_brawler/anim/talon_brawler.sprite.attack_melee.png
monsters/talon_brawler/anim/talon_brawler.sprite.attack_melee.skel
monsters/talon_brawler/anim/talon_brawler.sprite.combat.atlas
monsters/talon_brawler/anim/talon_brawler.sprite.combat.png
monsters/talon_brawler/anim/talon_brawler.sprite.combat.skel
monsters/talon_brawler/anim/talon_brawler.sprite.dead.atlas
monsters/talon_brawler/anim/talon_brawler.sprite.dead.png
monsters/talon_brawler/anim/talon_brawler.sprite.dead.skel
monsters/talon_brawler/anim/talon_brawler.sprite.defend.atlas
monsters/talon_brawler/anim/talon_brawler.sprite.defend.png
monsters/talon_brawler/anim/talon_brawler.sprite.defend.skel
monsters/talon_brawler/fx/cultist_brawler.sprite.brawler_claw.png
monsters/talon_brawler/fx/talon_brawler.sprite.brawler_claw.atlas
monsters/talon_brawler/fx/talon_brawler.sprite.brawler_claw.skel
monsters/talon_brawler/talon_brawler_A/talon_brawler_A.art.darkest
monsters/talon_brawler/talon_brawler_A/talon_brawler_A.info.darkest
monsters/talon_brawler/talon_brawler_A/tint.png
monsters/talon_brawler/talon_brawler_B/talon_brawler_B.art.darkest
monsters/talon_brawler/talon_brawler_B/talon_brawler_B.info.darkest
monsters/talon_brawler/talon_brawler_B/tint.png
monsters/talon_brawler/talon_brawler_C/talon_brawler_C.art.darkest
monsters/talon_brawler/talon_brawler_C/talon_brawler_C.info.darkest
monsters/talon_brawler/talon_brawler_C/tint.png
monsters/talon_cutthroat/anim/brigand_cutthroat.sprite.dead.png
monsters/talon_cutthroat/anim/talon_cutthroat.sprite.attack_lunge.atlas
monsters/talon_cutthroat/anim/talon_cutthroat.sprite.attack_lunge.png
monsters/talon_cutthroat/anim/talon_cutthroat.sprite.attack_lunge.skel
monsters/talon_cutthroat/anim/talon_cutthroat.sprite.attack_uppercut.atlas
monsters/talon_cutthroat/anim/talon_cutthroat.sprite.attack_uppercut.png
monsters/talon_cutthroat/anim/talon_cutthroat.sprite.attack_uppercut.skel
monsters/talon_cutthroat/anim/talon_cutthroat.sprite.combat.atlas
monsters/talon_cutthroat/anim/talon_cutthroat.sprite.combat.png
monsters/talon_cutthroat/anim/talon_cutthroat.sprite.combat.skel
monsters/talon_cutthroat/anim/talon_cutthroat.sprite.dead.atlas
monsters/talon_cutthroat/anim/talon_cutthroat.sprite.dead.skel
monsters/talon_cutthroat/anim/talon_cutthroat.sprite.defend.atlas
monsters/talon_cutthroat/anim/talon_cutthroat.sprite.defend.png
monsters/talon_cutthroat/anim/talon_cutthroat.sprite.defend.skel
monsters/talon_cutthroat/fx/brigand_cutthroat.sprite.bandit_stabby.png
monsters/talon_cutthroat/fx/brigand_cutthroat.sprite.double_slice.png
monsters/talon_cutthroat/fx/brigand_cutthroat.sprite.uppercut_slice.png
monsters/talon_cutthroat/fx/talon_cutthroat.sprite.bandit_stabby.atlas
monsters/talon_cutthroat/fx/talon_cutthroat.sprite.bandit_stabby.skel
monsters/talon_cutthroat/fx/talon_cutthroat.sprite.double_slice.atlas
monsters/talon_cutthroat/fx/talon_cutthroat.sprite.double_slice.skel
monsters/talon_cutthroat/fx/talon_cutthroat.sprite.uppercut_slice.atlas
monsters/talon_cutthroat/fx/talon_cutthroat.sprite.uppercut_slice.skel
monsters/talon_cutthroat/talon_cutthroat_A/talon_cutthroat_A.art.darkest
monsters/talon_cutthroat/talon_cutthroat_A/talon_cutthroat_A.info.darkest
monsters/talon_cutthroat/talon_cutthroat_A/tint.png
monsters/talon_cutthroat/talon_cutthroat_B/talon_cutthroat_B.art.darkest
monsters/talon_cutthroat/talon_cutthroat_B/talon_cutthroat_B.info.darkest
monsters/talon_cutthroat/talon_cutthroat_B/tint.png
monsters/talon_cutthroat/talon_cutthroat_C/talon_cutthroat_C.art.darkest
monsters/talon_cutthroat/talon_cutthroat_C/talon_cutthroat_C.info.darkest
monsters/talon_cutthroat/talon_cutthroat_C/tint.png
monsters/talon_damsel/anim/talon_damsel.sprite.attack_die.atlas
monsters/talon_damsel/anim/talon_damsel.sprite.attack_die.png
monsters/talon_damsel/anim/talon_damsel.sprite.attack_die.skel
monsters/talon_damsel/anim/talon_damsel.sprite.attack_guard.atlas
monsters/talon_damsel/anim/talon_damsel.sprite.attack_guard.png
monsters/talon_damsel/anim/talon_damsel.sprite.attack_guard.skel
monsters/talon_damsel/anim/talon_damsel.sprite.attack_scream.atlas
monsters/talon_damsel/anim/talon_damsel.sprite.attack_scream.png
monsters/talon_damsel/anim/talon_damsel.sprite.attack_scream.skel
monsters/talon_damsel/anim/talon_damsel.sprite.attack_thank.atlas
monsters/talon_damsel/anim/talon_damsel.sprite.attack_thank.png
monsters/talon_damsel/anim/talon_damsel.sprite.attack_thank.skel
monsters/talon_damsel/anim/talon_damsel.sprite.combat.atlas
monsters/talon_damsel/anim/talon_damsel.sprite.combat.png
monsters/talon_damsel/anim/talon_damsel.sprite.combat.skel
monsters/talon_damsel/anim/talon_damsel.sprite.dead.atlas
monsters/talon_damsel/anim/talon_damsel.sprite.dead.png
monsters/talon_damsel/anim/talon_damsel.sprite.dead.skel
monsters/talon_damsel/anim/talon_damsel.sprite.defend.atlas
monsters/talon_damsel/anim/talon_damsel.sprite.defend.png
monsters/talon_damsel/anim/talon_damsel.sprite.defend.skel
monsters/talon_damsel/fx/skeleton_defender.sprite.shield_defend_target.png
monsters/talon_damsel/fx/talon_damsel.sprite.hostage_situation.atlas
monsters/talon_damsel/fx/talon_damsel.sprite.hostage_situation.png
monsters/talon_damsel/fx/talon_damsel.sprite.hostage_situation.skel
monsters/talon_damsel/fx/talon_damsel.sprite.maidens_gratitude.atlas
monsters/talon_damsel/fx/talon_damsel.sprite.maidens_gratitude.png
monsters/talon_damsel/fx/talon_damsel.sprite.maidens_gratitude.skel
monsters/talon_damsel/fx/talon_damsel.sprite.scream.atlas
monsters/talon_damsel/fx/talon_damsel.sprite.scream.png
monsters/talon_damsel/fx/talon_damsel.sprite.scream.skel
monsters/talon_damsel/fx/talon_damsel.sprite.shield_defend_target.atlas
monsters/talon_damsel/fx/talon_damsel.sprite.shield_defend_target.skel
monsters/talon_damsel/talon_damsel_A/talon_damsel_A.art.darkest
monsters/talon_damsel/talon_damsel_A/talon_damsel_A.info.darkest
monsters/talon_damsel/talon_damsel_A/tint.png
monsters/talon_damsel/talon_damsel_B/talon_damsel_B.art.darkest
monsters/talon_damsel/talon_damsel_B/talon_damsel_B.info.darkest
monsters/talon_damsel/talon_damsel_B/tint.png
monsters/talon_damsel/talon_damsel_C/talon_damsel_C.art.darkest
monsters/talon_damsel/talon_damsel_C/talon_damsel_C.info.darkest
monsters/talon_damsel/talon_damsel_C/tint.png
monsters/talon_hunter/anim/talon_hunter.sprite.attack_dive.atlas
monsters/talon_hunter/anim/talon_hunter.sprite.attack_dive.png
monsters/talon_hunter/anim/talon_hunter.sprite.attack_dive.skel
monsters/talon_hunter/anim/talon_hunter.sprite.attack_escape.atlas
monsters/talon_hunter/anim/talon_hunter.sprite.attack_escape.png
monsters/talon_hunter/anim/talon_hunter.sprite.attack_escape.skel
monsters/talon_hunter/anim/talon_hunter.sprite.attack_fletch.atlas
monsters/talon_hunter/anim/talon_hunter.sprite.attack_fletch.png
monsters/talon_hunter/anim/talon_hunter.sprite.attack_fletch.skel
monsters/talon_hunter/anim/talon_hunter.sprite.attack_gaze.atlas
monsters/talon_hunter/anim/talon_hunter.sprite.attack_gaze.png
monsters/talon_hunter/anim/talon_hunter.sprite.attack_gaze.skel
monsters/talon_hunter/anim/talon_hunter.sprite.attack_mark.atlas
monsters/talon_hunter/anim/talon_hunter.sprite.attack_mark.png
monsters/talon_hunter/anim/talon_hunter.sprite.attack_mark.skel
monsters/talon_hunter/anim/talon_hunter.sprite.attack_ranged.atlas
monsters/talon_hunter/anim/talon_hunter.sprite.attack_ranged.png
monsters/talon_hunter/anim/talon_hunter.sprite.attack_ranged.skel
monsters/talon_hunter/anim/talon_hunter.sprite.combat.atlas
monsters/talon_hunter/anim/talon_hunter.sprite.combat.png
monsters/talon_hunter/anim/talon_hunter.sprite.combat.skel
monsters/talon_hunter/anim/talon_hunter.sprite.dead.atlas
monsters/talon_hunter/anim/talon_hunter.sprite.dead.png
monsters/talon_hunter/anim/talon_hunter.sprite.dead.skel
monsters/talon_hunter/anim/talon_hunter.sprite.defend.atlas
monsters/talon_hunter/anim/talon_hunter.sprite.defend.png
monsters/talon_hunter/anim/talon_hunter.sprite.defend.skel
monsters/talon_hunter/fx/talon_archer.sprite.arrow_shot.png
monsters/talon_hunter/fx/talon_archer.sprite.escape.png
monsters/talon_hunter/fx/talon_archer.sprite.melee_target.png
monsters/talon_hunter/fx/talon_archer.sprite.volley_fire_target.png
monsters/talon_hunter/fx/talon_hunter.sprite.arrow_shot.atlas
monsters/talon_hunter/fx/talon_hunter.sprite.arrow_shot.skel
monsters/talon_hunter/fx/talon_hunter.sprite.divebomb.atlas
monsters/talon_hunter/fx/talon_hunter.sprite.divebomb.png
monsters/talon_hunter/fx/talon_hunter.sprite.divebomb.skel
monsters/talon_hunter/fx/talon_hunter.sprite.escape.atlas
monsters/talon_hunter/fx/talon_hunter.sprite.escape.skel
monsters/talon_hunter/fx/talon_hunter.sprite.fletch.atlas
monsters/talon_hunter/fx/talon_hunter.sprite.fletch.png
monsters/talon_hunter/fx/talon_hunter.sprite.fletch.skel
monsters/talon_hunter/fx/talon_hunter.sprite.melee_target.atlas
monsters/talon_hunter/fx/talon_hunter.sprite.melee_target.skel
monsters/talon_hunter/fx/talon_hunter.sprite.nightstalker.atlas
monsters/talon_hunter/fx/talon_hunter.sprite.nightstalker.png
monsters/talon_hunter/fx/talon_hunter.sprite.nightstalker.skel
monsters/talon_hunter/fx/talon_hunter.sprite.piercing_gaze.atlas
monsters/talon_hunter/fx/talon_hunter.sprite.piercing_gaze.png
monsters/talon_hunter/fx/talon_hunter.sprite.piercing_gaze.skel
monsters/talon_hunter/fx/talon_hunter.sprite.piercing_gaze_target.atlas
monsters/talon_hunter/fx/talon_hunter.sprite.piercing_gaze_target.png
monsters/talon_hunter/fx/talon_hunter.sprite.piercing_gaze_target.skel
monsters/talon_hunter/fx/talon_hunter.sprite.volley_fire_target.atlas
monsters/talon_hunter/fx/talon_hunter.sprite.volley_fire_target.skel
monsters/talon_hunter/talon_hunter_D/talon_hunter_D.art.darkest
monsters/talon_hunter/talon_hunter_D/talon_hunter_D.info.darkest
monsters/talon_hunter/talon_hunter_D/tint.png
monsters/talon_mother/anim/talon_mother.sprite.attack_birds.atlas
monsters/talon_mother/anim/talon_mother.sprite.attack_birds.png
monsters/talon_mother/anim/talon_mother.sprite.attack_birds.skel
monsters/talon_mother/anim/talon_mother.sprite.attack_hand.atlas
monsters/talon_mother/anim/talon_mother.sprite.attack_hand.png
monsters/talon_mother/anim/talon_mother.sprite.attack_hand.skel
monsters/talon_mother/anim/talon_mother.sprite.attack_heal.atlas
monsters/talon_mother/anim/talon_mother.sprite.attack_heal.png
monsters/talon_mother/anim/talon_mother.sprite.attack_heal.skel
monsters/talon_mother/anim/talon_mother.sprite.attack_melee.atlas
monsters/talon_mother/anim/talon_mother.sprite.attack_melee.png
monsters/talon_mother/anim/talon_mother.sprite.attack_melee.skel
monsters/talon_mother/anim/talon_mother.sprite.attack_ranged.atlas
monsters/talon_mother/anim/talon_mother.sprite.attack_ranged.png
monsters/talon_mother/anim/talon_mother.sprite.attack_ranged.skel
monsters/talon_mother/anim/talon_mother.sprite.attack_summon.atlas
monsters/talon_mother/anim/talon_mother.sprite.attack_summon.png
monsters/talon_mother/anim/talon_mother.sprite.attack_summon.skel
monsters/talon_mother/anim/talon_mother.sprite.combat.atlas
monsters/talon_mother/anim/talon_mother.sprite.combat.png
monsters/talon_mother/anim/talon_mother.sprite.combat.skel
monsters/talon_mother/anim/talon_mother.sprite.defend.atlas
monsters/talon_mother/anim/talon_mother.sprite.defend.png
monsters/talon_mother/anim/talon_mother.sprite.defend.skel
monsters/talon_mother/fx/crusader.sprite.battle_heal_target.png
monsters/talon_mother/fx/cultist_orgiastic.sprite.heal_target.png
monsters/talon_mother/fx/talon_mother.sprite.battle_heal_target.atlas
monsters/talon_mother/fx/talon_mother.sprite.battle_heal_target.skel
monsters/talon_mother/fx/talon_mother.sprite.call_the_flock.atlas
monsters/talon_mother/fx/talon_mother.sprite.call_the_flock.png
monsters/talon_mother/fx/talon_mother.sprite.call_the_flock.skel
monsters/talon_mother/fx/talon_mother.sprite.carrion_renewal.atlas
monsters/talon_mother/fx/talon_mother.sprite.carrion_renewal.png
monsters/talon_mother/fx/talon_mother.sprite.carrion_renewal.skel
monsters/talon_mother/fx/talon_mother.sprite.cycle_of_death.atlas
monsters/talon_mother/fx/talon_mother.sprite.cycle_of_death.png
monsters/talon_mother/fx/talon_mother.sprite.cycle_of_death.skel
monsters/talon_mother/fx/talon_mother.sprite.deathtouch.atlas
monsters/talon_mother/fx/talon_mother.sprite.deathtouch.png
monsters/talon_mother/fx/talon_mother.sprite.deathtouch.skel
monsters/talon_mother/fx/talon_mother.sprite.fatal_gouge.atlas
monsters/talon_mother/fx/talon_mother.sprite.fatal_gouge.png
monsters/talon_mother/fx/talon_mother.sprite.fatal_gouge.skel
monsters/talon_mother/fx/talon_mother.sprite.grave_marker.atlas
monsters/talon_mother/fx/talon_mother.sprite.grave_marker.png
monsters/talon_mother/fx/talon_mother.sprite.grave_marker.skel
monsters/talon_mother/fx/talon_mother.sprite.grave_marker_target.atlas
monsters/talon_mother/fx/talon_mother.sprite.grave_marker_target.png
monsters/talon_mother/fx/talon_mother.sprite.grave_marker_target.skel
monsters/talon_mother/fx/talon_mother.sprite.heal_target.atlas
monsters/talon_mother/fx/talon_mother.sprite.heal_target.skel
monsters/talon_mother/fx/talon_mother.sprite.rank_target.atlas
monsters/talon_mother/fx/talon_mother.sprite.rank_target.png
monsters/talon_mother/fx/talon_mother.sprite.rank_target.skel
monsters/talon_mother/fx/talon_mother.sprite.waking_feast.atlas
monsters/talon_mother/fx/talon_mother.sprite.waking_feast.png
monsters/talon_mother/fx/talon_mother.sprite.waking_feast.skel
monsters/talon_mother/fx/talon_mother.sprite.waking_feast_target.atlas
monsters/talon_mother/fx/talon_mother.sprite.waking_feast_target.png
monsters/talon_mother/fx/talon_mother.sprite.waking_feast_target.skel
monsters/talon_mother/talon_mother_A/talon_mother_A.art.darkest
monsters/talon_mother/talon_mother_A/talon_mother_A.info.darkest
monsters/talon_mother/talon_mother_A/tint.png
monsters/talon_mother/talon_mother_B/talon_mother_B.art.darkest
monsters/talon_mother/talon_mother_B/talon_mother_B.info.darkest
monsters/talon_mother/talon_mother_B/tint.png
monsters/talon_mother/talon_mother_C/talon_mother_C.art.darkest
monsters/talon_mother/talon_mother_C/talon_mother_C.info.darkest
monsters/talon_mother/talon_mother_C/tint.png
monsters/talon_raider/anim/talon_raider.sprite.attack_bird.atlas
monsters/talon_raider/anim/talon_raider.sprite.attack_bird.png
monsters/talon_raider/anim/talon_raider.sprite.attack_bird.skel
monsters/talon_raider/anim/talon_raider.sprite.attack_lunge.atlas
monsters/talon_raider/anim/talon_raider.sprite.attack_lunge.png
monsters/talon_raider/anim/talon_raider.sprite.attack_lunge.skel
monsters/talon_raider/anim/talon_raider.sprite.attack_uppercut.atlas
monsters/talon_raider/anim/talon_raider.sprite.attack_uppercut.png
monsters/talon_raider/anim/talon_raider.sprite.attack_uppercut.skel
monsters/talon_raider/anim/talon_raider.sprite.combat.atlas
monsters/talon_raider/anim/talon_raider.sprite.combat.png
monsters/talon_raider/anim/talon_raider.sprite.combat.skel
monsters/talon_raider/anim/talon_raider.sprite.dead.atlas
monsters/talon_raider/anim/talon_raider.sprite.dead.png
monsters/talon_raider/anim/talon_raider.sprite.dead.skel
monsters/talon_raider/anim/talon_raider.sprite.defend.atlas
monsters/talon_raider/anim/talon_raider.sprite.defend.png
monsters/talon_raider/anim/talon_raider.sprite.defend.skel
monsters/talon_raider/fx/brigand_cutthroat.sprite.bandit_stabby.png
monsters/talon_raider/fx/brigand_cutthroat.sprite.double_slice.png
monsters/talon_raider/fx/brigand_cutthroat.sprite.uppercut_slice.png
monsters/talon_raider/fx/talon_raider.sprite.bandit_stabby.atlas
monsters/talon_raider/fx/talon_raider.sprite.bandit_stabby.skel
monsters/talon_raider/fx/talon_raider.sprite.double_slice.atlas
monsters/talon_raider/fx/talon_raider.sprite.double_slice.skel
monsters/talon_raider/fx/talon_raider.sprite.ravager.atlas
monsters/talon_raider/fx/talon_raider.sprite.ravager.png
monsters/talon_raider/fx/talon_raider.sprite.ravager.skel
monsters/talon_raider/fx/talon_raider.sprite.uppercut_slice.atlas
monsters/talon_raider/fx/talon_raider.sprite.uppercut_slice.skel
monsters/talon_raider/talon_raider_D/talon_raider_D.art.darkest
monsters/talon_raider/talon_raider_D/talon_raider_D.info.darkest
monsters/talon_raider/talon_raider_D/tint.png
monsters/talon_raptor/anim/talon_raptor.sprite.attack_melee.atlas
monsters/talon_raptor/anim/talon_raptor.sprite.attack_melee.png
monsters/talon_raptor/anim/talon_raptor.sprite.attack_melee.skel
monsters/talon_raptor/anim/talon_raptor.sprite.attack_ranged.atlas
monsters/talon_raptor/anim/talon_raptor.sprite.attack_ranged.png
monsters/talon_raptor/anim/talon_raptor.sprite.attack_ranged.skel
monsters/talon_raptor/anim/talon_raptor.sprite.combat.atlas
monsters/talon_raptor/anim/talon_raptor.sprite.combat.png
monsters/talon_raptor/anim/talon_raptor.sprite.combat.skel
monsters/talon_raptor/anim/talon_raptor.sprite.defend.atlas
monsters/talon_raptor/anim/talon_raptor.sprite.defend.png
monsters/talon_raptor/anim/talon_raptor.sprite.defend.skel
monsters/talon_raptor/fx/leper.sprite.purge_target.png
monsters/talon_raptor/fx/talon_raptor.sprite.purge_target.atlas
monsters/talon_raptor/fx/talon_raptor.sprite.purge_target.skel
monsters/talon_raptor/fx/talon_raptor.sprite.strip_the_flesh.atlas
monsters/talon_raptor/fx/talon_raptor.sprite.strip_the_flesh.png
monsters/talon_raptor/fx/talon_raptor.sprite.strip_the_flesh.skel
monsters/talon_raptor/talon_raptor_A/talon_raptor_A.art.darkest
monsters/talon_raptor/talon_raptor_A/talon_raptor_A.info.darkest
monsters/talon_raptor/talon_raptor_A/tint.png
monsters/talon_raptor/talon_raptor_B/talon_raptor_B.art.darkest
monsters/talon_raptor/talon_raptor_B/talon_raptor_B.info.darkest
monsters/talon_raptor/talon_raptor_B/tint.png
monsters/talon_raptor/talon_raptor_C/talon_raptor_C.art.darkest
monsters/talon_raptor/talon_raptor_C/talon_raptor_C.info.darkest
monsters/talon_raptor/talon_raptor_C/tint.png
monsters/talon_vulture/anim/talon_vulture.sprite.attack_ranged.atlas
monsters/talon_vulture/anim/talon_vulture.sprite.attack_ranged.png
monsters/talon_vulture/anim/talon_vulture.sprite.attack_ranged.skel
monsters/talon_vulture/anim/talon_vulture.sprite.attack_summon.atlas
monsters/talon_vulture/anim/talon_vulture.sprite.attack_summon.png
monsters/talon_vulture/anim/talon_vulture.sprite.attack_summon.skel
monsters/talon_vulture/anim/talon_vulture.sprite.combat.atlas
monsters/talon_vulture/anim/talon_vulture.sprite.combat.png
monsters/talon_vulture/anim/talon_vulture.sprite.combat.skel
monsters/talon_vulture/anim/talon_vulture.sprite.defend.atlas
monsters/talon_vulture/anim/talon_vulture.sprite.defend.png
monsters/talon_vulture/anim/talon_vulture.sprite.defend.skel
monsters/talon_vulture/fx/swine_wretch.sprite.vomit_target.png
monsters/talon_vulture/fx/talon_vulture.sprite.corpse_committee.atlas
monsters/talon_vulture/fx/talon_vulture.sprite.corpse_committee.png
monsters/talon_vulture/fx/talon_vulture.sprite.corpse_committee.skel
monsters/talon_vulture/fx/talon_vulture.sprite.vile_vomit.atlas
monsters/talon_vulture/fx/talon_vulture.sprite.vile_vomit.png
monsters/talon_vulture/fx/talon_vulture.sprite.vile_vomit.skel
monsters/talon_vulture/fx/talon_vulture.sprite.vomit_target.atlas
monsters/talon_vulture/fx/talon_vulture.sprite.vomit_target.skel
monsters/talon_vulture/talon_vulture_A/talon_vulture_A.art.darkest
monsters/talon_vulture/talon_vulture_A/talon_vulture_A.info.darkest
monsters/talon_vulture/talon_vulture_A/tint.png
monsters/talon_vulture/talon_vulture_B/talon_vulture_B.art.darkest
