
-------------------------------------------------------------------------------
Parsing project file - E:\PersonalStuff\DDMods\Sneak's Fiend\fiend_reborn_project.xml
Mod Data Directory = E:/PersonalStuff/DDMods/Sneak's Fiend/

-------------------------------------------------------------------------------
Processing Map Files files...

-------------------------------------------------------------------------------
Running Localization...
Parsing localization/the_fiend.string_table.xml

Building Languages
Exporting .loc files

-------------------------------------------------------------------------------
Searching for preview icon file E:/PersonalStuff/DDMods/Sneak's Fiend/preview_icon.png...FOUND!
<UploadMode> - Set to direct_upload


-------------------------------------------------------------------------------
Modded files...

heroes/the_fiend/the_fiend_A/anim/Thumbs.db
heroes/the_fiend/the_fiend_A/anim/the_fiend.sprite.afflicted.atlas
heroes/the_fiend/the_fiend_A/anim/the_fiend.sprite.afflicted.png
heroes/the_fiend/the_fiend_A/anim/the_fiend.sprite.afflicted.skel
heroes/the_fiend/the_fiend_A/anim/the_fiend.sprite.attack_claw.atlas
heroes/the_fiend/the_fiend_A/anim/the_fiend.sprite.attack_claw.png
heroes/the_fiend/the_fiend_A/anim/the_fiend.sprite.attack_claw.skel
heroes/the_fiend/the_fiend_A/anim/the_fiend.sprite.attack_howl.atlas
heroes/the_fiend/the_fiend_A/anim/the_fiend.sprite.attack_howl.png
heroes/the_fiend/the_fiend_A/anim/the_fiend.sprite.attack_howl.skel
heroes/the_fiend/the_fiend_A/anim/the_fiend.sprite.attack_mace.atlas
heroes/the_fiend/the_fiend_A/anim/the_fiend.sprite.attack_mace.png
heroes/the_fiend/the_fiend_A/anim/the_fiend.sprite.attack_mace.skel
heroes/the_fiend/the_fiend_A/anim/the_fiend.sprite.attack_melee.atlas
heroes/the_fiend/the_fiend_A/anim/the_fiend.sprite.attack_melee.png
heroes/the_fiend/the_fiend_A/anim/the_fiend.sprite.attack_melee.skel
heroes/the_fiend/the_fiend_A/anim/the_fiend.sprite.attack_spell.atlas
heroes/the_fiend/the_fiend_A/anim/the_fiend.sprite.attack_spell.png
heroes/the_fiend/the_fiend_A/anim/the_fiend.sprite.attack_spell.skel
heroes/the_fiend/the_fiend_A/anim/the_fiend.sprite.camp.atlas
heroes/the_fiend/the_fiend_A/anim/the_fiend.sprite.camp.png
heroes/the_fiend/the_fiend_A/anim/the_fiend.sprite.camp.skel
heroes/the_fiend/the_fiend_A/anim/the_fiend.sprite.combat.atlas
heroes/the_fiend/the_fiend_A/anim/the_fiend.sprite.combat.png
heroes/the_fiend/the_fiend_A/anim/the_fiend.sprite.combat.skel
heroes/the_fiend/the_fiend_A/anim/the_fiend.sprite.defend.atlas
heroes/the_fiend/the_fiend_A/anim/the_fiend.sprite.defend.png
heroes/the_fiend/the_fiend_A/anim/the_fiend.sprite.defend.skel
heroes/the_fiend/the_fiend_A/anim/the_fiend.sprite.heroic.atlas
heroes/the_fiend/the_fiend_A/anim/the_fiend.sprite.heroic.png
heroes/the_fiend/the_fiend_A/anim/the_fiend.sprite.heroic.skel
heroes/the_fiend/the_fiend_A/anim/the_fiend.sprite.idle.atlas
heroes/the_fiend/the_fiend_A/anim/the_fiend.sprite.idle.png
heroes/the_fiend/the_fiend_A/anim/the_fiend.sprite.idle.skel
heroes/the_fiend/the_fiend_A/anim/the_fiend.sprite.investigate.atlas
heroes/the_fiend/the_fiend_A/anim/the_fiend.sprite.investigate.png
heroes/the_fiend/the_fiend_A/anim/the_fiend.sprite.investigate.skel
heroes/the_fiend/the_fiend_A/anim/the_fiend.sprite.walk.atlas
heroes/the_fiend/the_fiend_A/anim/the_fiend.sprite.walk.png
heroes/the_fiend/the_fiend_A/anim/the_fiend.sprite.walk.skel
heroes/the_fiend/the_fiend_B/anim/Fiend Art.txt
heroes/the_fiend/the_fiend_B/anim/Thumbs.db
heroes/the_fiend/the_fiend_B/anim/the_fiend.sprite.afflicted
heroes/the_fiend/the_fiend_B/anim/the_fiend.sprite.afflicted.atlas
heroes/the_fiend/the_fiend_B/anim/the_fiend.sprite.afflicted.png
heroes/the_fiend/the_fiend_B/anim/the_fiend.sprite.afflicted.skel
heroes/the_fiend/the_fiend_B/anim/the_fiend.sprite.attack_claw.atlas
heroes/the_fiend/the_fiend_B/anim/the_fiend.sprite.attack_claw.png
heroes/the_fiend/the_fiend_B/anim/the_fiend.sprite.attack_claw.skel
heroes/the_fiend/the_fiend_B/anim/the_fiend.sprite.attack_howl.atlas
heroes/the_fiend/the_fiend_B/anim/the_fiend.sprite.attack_howl.png
heroes/the_fiend/the_fiend_B/anim/the_fiend.sprite.attack_howl.skel
heroes/the_fiend/the_fiend_B/anim/the_fiend.sprite.attack_mace.atlas
heroes/the_fiend/the_fiend_B/anim/the_fiend.sprite.attack_mace.png
heroes/the_fiend/the_fiend_B/anim/the_fiend.sprite.attack_mace.skel
heroes/the_fiend/the_fiend_B/anim/the_fiend.sprite.attack_melee.atlas
heroes/the_fiend/the_fiend_B/anim/the_fiend.sprite.attack_melee.png
heroes/the_fiend/the_fiend_B/anim/the_fiend.sprite.attack_melee.skel
heroes/the_fiend/the_fiend_B/anim/the_fiend.sprite.attack_spell.atlas
heroes/the_fiend/the_fiend_B/anim/the_fiend.sprite.attack_spell.png
heroes/the_fiend/the_fiend_B/anim/the_fiend.sprite.attack_spell.skel
heroes/the_fiend/the_fiend_B/anim/the_fiend.sprite.camp.atlas
heroes/the_fiend/the_fiend_B/anim/the_fiend.sprite.camp.png
heroes/the_fiend/the_fiend_B/anim/the_fiend.sprite.camp.skel
heroes/the_fiend/the_fiend_B/anim/the_fiend.sprite.combat.atlas
heroes/the_fiend/the_fiend_B/anim/the_fiend.sprite.combat.png
heroes/the_fiend/the_fiend_B/anim/the_fiend.sprite.combat.skel
heroes/the_fiend/the_fiend_B/anim/the_fiend.sprite.defend.atlas
heroes/the_fiend/the_fiend_B/anim/the_fiend.sprite.defend.png
heroes/the_fiend/the_fiend_B/anim/the_fiend.sprite.defend.skel
heroes/the_fiend/the_fiend_B/anim/the_fiend.sprite.heroic.atlas
heroes/the_fiend/the_fiend_B/anim/the_fiend.sprite.heroic.png
heroes/the_fiend/the_fiend_B/anim/the_fiend.sprite.heroic.skel
heroes/the_fiend/the_fiend_B/anim/the_fiend.sprite.idle.atlas
heroes/the_fiend/the_fiend_B/anim/the_fiend.sprite.idle.png
heroes/the_fiend/the_fiend_B/anim/the_fiend.sprite.idle.skel
heroes/the_fiend/the_fiend_B/anim/the_fiend.sprite.investigate.atlas
heroes/the_fiend/the_fiend_B/anim/the_fiend.sprite.investigate.png
heroes/the_fiend/the_fiend_B/anim/the_fiend.sprite.investigate.skel
heroes/the_fiend/the_fiend_B/anim/the_fiend.sprite.walk.atlas
heroes/the_fiend/the_fiend_B/anim/the_fiend.sprite.walk.png
heroes/the_fiend/the_fiend_B/anim/the_fiend.sprite.walk.skel
heroes/the_fiend/the_fiend_C/anim/Thumbs.db
heroes/the_fiend/the_fiend_C/anim/the_fiend.sprite.afflicted.atlas
heroes/the_fiend/the_fiend_C/anim/the_fiend.sprite.afflicted.png
heroes/the_fiend/the_fiend_C/anim/the_fiend.sprite.afflicted.skel
heroes/the_fiend/the_fiend_C/anim/the_fiend.sprite.attack_claw.atlas
heroes/the_fiend/the_fiend_C/anim/the_fiend.sprite.attack_claw.png
heroes/the_fiend/the_fiend_C/anim/the_fiend.sprite.attack_claw.skel
heroes/the_fiend/the_fiend_C/anim/the_fiend.sprite.attack_howl.atlas
heroes/the_fiend/the_fiend_C/anim/the_fiend.sprite.attack_howl.png
heroes/the_fiend/the_fiend_C/anim/the_fiend.sprite.attack_howl.skel
heroes/the_fiend/the_fiend_C/anim/the_fiend.sprite.attack_mace.atlas
heroes/the_fiend/the_fiend_C/anim/the_fiend.sprite.attack_mace.png
heroes/the_fiend/the_fiend_C/anim/the_fiend.sprite.attack_mace.skel
heroes/the_fiend/the_fiend_C/anim/the_fiend.sprite.attack_melee.atlas
heroes/the_fiend/the_fiend_C/anim/the_fiend.sprite.attack_melee.png
heroes/the_fiend/the_fiend_C/anim/the_fiend.sprite.attack_melee.skel
heroes/the_fiend/the_fiend_C/anim/the_fiend.sprite.attack_spell.atlas
heroes/the_fiend/the_fiend_C/anim/the_fiend.sprite.attack_spell.png
heroes/the_fiend/the_fiend_C/anim/the_fiend.sprite.attack_spell.skel
heroes/the_fiend/the_fiend_C/anim/the_fiend.sprite.camp.atlas
heroes/the_fiend/the_fiend_C/anim/the_fiend.sprite.camp.png
heroes/the_fiend/the_fiend_C/anim/the_fiend.sprite.camp.skel
heroes/the_fiend/the_fiend_C/anim/the_fiend.sprite.combat.atlas
heroes/the_fiend/the_fiend_C/anim/the_fiend.sprite.combat.png
heroes/the_fiend/the_fiend_C/anim/the_fiend.sprite.combat.skel
heroes/the_fiend/the_fiend_C/anim/the_fiend.sprite.defend.atlas
heroes/the_fiend/the_fiend_C/anim/the_fiend.sprite.defend.png
heroes/the_fiend/the_fiend_C/anim/the_fiend.sprite.defend.skel
heroes/the_fiend/the_fiend_C/anim/the_fiend.sprite.heroic.atlas
heroes/the_fiend/the_fiend_C/anim/the_fiend.sprite.heroic.png
heroes/the_fiend/the_fiend_C/anim/the_fiend.sprite.heroic.skel
heroes/the_fiend/the_fiend_C/anim/the_fiend.sprite.idle.atlas
heroes/the_fiend/the_fiend_C/anim/the_fiend.sprite.idle.png
heroes/the_fiend/the_fiend_C/anim/the_fiend.sprite.idle.skel
heroes/the_fiend/the_fiend_C/anim/the_fiend.sprite.investigate.atlas
heroes/the_fiend/the_fiend_C/anim/the_fiend.sprite.investigate.png
heroes/the_fiend/the_fiend_C/anim/the_fiend.sprite.investigate.skel
heroes/the_fiend/the_fiend_C/anim/the_fiend.sprite.walk.atlas
heroes/the_fiend/the_fiend_C/anim/the_fiend.sprite.walk.png
heroes/the_fiend/the_fiend_C/anim/the_fiend.sprite.walk.skel
heroes/the_fiend/the_fiend_D/anim/Thumbs.db
heroes/the_fiend/the_fiend_D/anim/the_fiend.sprite.afflicted.atlas
heroes/the_fiend/the_fiend_D/anim/the_fiend.sprite.afflicted.png
heroes/the_fiend/the_fiend_D/anim/the_fiend.sprite.afflicted.skel
heroes/the_fiend/the_fiend_D/anim/the_fiend.sprite.attack_claw.atlas
heroes/the_fiend/the_fiend_D/anim/the_fiend.sprite.attack_claw.png
heroes/the_fiend/the_fiend_D/anim/the_fiend.sprite.attack_claw.skel
heroes/the_fiend/the_fiend_D/anim/the_fiend.sprite.attack_howl.atlas
heroes/the_fiend/the_fiend_D/anim/the_fiend.sprite.attack_howl.png
heroes/the_fiend/the_fiend_D/anim/the_fiend.sprite.attack_howl.skel
heroes/the_fiend/the_fiend_D/anim/the_fiend.sprite.attack_mace.atlas
heroes/the_fiend/the_fiend_D/anim/the_fiend.sprite.attack_mace.png
heroes/the_fiend/the_fiend_D/anim/the_fiend.sprite.attack_mace.skel
heroes/the_fiend/the_fiend_D/anim/the_fiend.sprite.attack_melee.atlas
heroes/the_fiend/the_fiend_D/anim/the_fiend.sprite.attack_melee.png
heroes/the_fiend/the_fiend_D/anim/the_fiend.sprite.attack_melee.skel
heroes/the_fiend/the_fiend_D/anim/the_fiend.sprite.attack_spell.atlas
heroes/the_fiend/the_fiend_D/anim/the_fiend.sprite.attack_spell.png
heroes/the_fiend/the_fiend_D/anim/the_fiend.sprite.attack_spell.skel
heroes/the_fiend/the_fiend_D/anim/the_fiend.sprite.camp.atlas
heroes/the_fiend/the_fiend_D/anim/the_fiend.sprite.camp.png
heroes/the_fiend/the_fiend_D/anim/the_fiend.sprite.camp.skel
heroes/the_fiend/the_fiend_D/anim/the_fiend.sprite.combat.atlas
heroes/the_fiend/the_fiend_D/anim/the_fiend.sprite.combat.png
heroes/the_fiend/the_fiend_D/anim/the_fiend.sprite.combat.skel
heroes/the_fiend/the_fiend_D/anim/the_fiend.sprite.defend.atlas
heroes/the_fiend/the_fiend_D/anim/the_fiend.sprite.defend.png
heroes/the_fiend/the_fiend_D/anim/the_fiend.sprite.defend.skel
heroes/the_fiend/the_fiend_D/anim/the_fiend.sprite.heroic.atlas
heroes/the_fiend/the_fiend_D/anim/the_fiend.sprite.heroic.png
heroes/the_fiend/the_fiend_D/anim/the_fiend.sprite.heroic.skel
heroes/the_fiend/the_fiend_D/anim/the_fiend.sprite.idle.atlas
heroes/the_fiend/the_fiend_D/anim/the_fiend.sprite.idle.png
heroes/the_fiend/the_fiend_D/anim/the_fiend.sprite.idle.skel
heroes/the_fiend/the_fiend_D/anim/the_fiend.sprite.investigate.atlas
heroes/the_fiend/the_fiend_D/anim/the_fiend.sprite.investigate.png
heroes/the_fiend/the_fiend_D/anim/the_fiend.sprite.investigate.skel
heroes/the_fiend/the_fiend_D/anim/the_fiend.sprite.walk.atlas
heroes/the_fiend/the_fiend_D/anim/the_fiend.sprite.walk.png
heroes/the_fiend/the_fiend_D/anim/the_fiend.sprite.walk.skel
heroes/the_fiend/anim/Thumbs.db
heroes/the_fiend/anim/the_fiend.sprite.afflicted.atlas
heroes/the_fiend/anim/the_fiend.sprite.afflicted.png
heroes/the_fiend/anim/the_fiend.sprite.afflicted.skel
heroes/the_fiend/anim/the_fiend.sprite.attack_claw.atlas
heroes/the_fiend/anim/the_fiend.sprite.attack_claw.png
heroes/the_fiend/anim/the_fiend.sprite.attack_claw.skel
heroes/the_fiend/anim/the_fiend.sprite.attack_howl.atlas
heroes/the_fiend/anim/the_fiend.sprite.attack_howl.png
heroes/the_fiend/anim/the_fiend.sprite.attack_howl.skel
heroes/the_fiend/anim/the_fiend.sprite.attack_mace.atlas
heroes/the_fiend/anim/the_fiend.sprite.attack_mace.png
heroes/the_fiend/anim/the_fiend.sprite.attack_mace.skel
heroes/the_fiend/anim/the_fiend.sprite.attack_melee.atlas
heroes/the_fiend/anim/the_fiend.sprite.attack_melee.png
heroes/the_fiend/anim/the_fiend.sprite.attack_melee.skel
heroes/the_fiend/anim/the_fiend.sprite.attack_spell.atlas
heroes/the_fiend/anim/the_fiend.sprite.attack_spell.png
heroes/the_fiend/anim/the_fiend.sprite.attack_spell.skel
heroes/the_fiend/anim/the_fiend.sprite.camp.atlas
heroes/the_fiend/anim/the_fiend.sprite.camp.png
heroes/the_fiend/anim/the_fiend.sprite.camp.skel
heroes/the_fiend/anim/the_fiend.sprite.combat.atlas
heroes/the_fiend/anim/the_fiend.sprite.combat.png
heroes/the_fiend/anim/the_fiend.sprite.combat.skel
heroes/the_fiend/anim/the_fiend.sprite.defend.atlas
heroes/the_fiend/anim/the_fiend.sprite.defend.png
heroes/the_fiend/anim/the_fiend.sprite.defend.skel
heroes/the_fiend/anim/the_fiend.sprite.heroic.atlas
heroes/the_fiend/anim/the_fiend.sprite.heroic.png
heroes/the_fiend/anim/the_fiend.sprite.heroic.skel
heroes/the_fiend/anim/the_fiend.sprite.idle.atlas
heroes/the_fiend/anim/the_fiend.sprite.idle.png
heroes/the_fiend/anim/the_fiend.sprite.idle.skel
heroes/the_fiend/anim/the_fiend.sprite.investigate.atlas
heroes/the_fiend/anim/the_fiend.sprite.investigate.png
heroes/the_fiend/anim/the_fiend.sprite.investigate.skel
heroes/the_fiend/anim/the_fiend.sprite.walk.atlas
heroes/the_fiend/anim/the_fiend.sprite.walk.png
heroes/the_fiend/anim/the_fiend.sprite.walk.skel
heroes/the_fiend/fx/Thumbs.db
heroes/the_fiend/fx/the_fiend.sprite.curse_target.atlas
heroes/the_fiend/fx/the_fiend.sprite.curse_target.png
heroes/the_fiend/fx/the_fiend.sprite.curse_target.skel
heroes/the_fiend/fx/the_fiend.sprite.curse_vulnerability_target.atlas
heroes/the_fiend/fx/the_fiend.sprite.curse_vulnerability_target.png
heroes/the_fiend/fx/the_fiend.sprite.curse_vulnerability_target.skel
heroes/the_fiend/fx/the_fiend.sprite.drum_debuff_target.atlas
heroes/the_fiend/fx/the_fiend.sprite.drum_debuff_target.png
heroes/the_fiend/fx/the_fiend.sprite.drum_debuff_target.skel
heroes/the_fiend/fx/the_fiend.sprite.drum_fear_target.atlas
heroes/the_fiend/fx/the_fiend.sprite.drum_fear_target.png
heroes/the_fiend/fx/the_fiend.sprite.drum_fear_target.skel
heroes/the_fiend/fx/the_fiend.sprite.howl.atlas
heroes/the_fiend/fx/the_fiend.sprite.howl.png
heroes/the_fiend/fx/the_fiend.sprite.howl.skel
heroes/the_fiend/fx/the_fiend.sprite.skull_toss.atlas
heroes/the_fiend/fx/the_fiend.sprite.skull_toss.png
heroes/the_fiend/fx/the_fiend.sprite.skull_toss.skel
heroes/the_fiend/icons_equip/Thumbs.db
heroes/the_fiend/icons_equip/eqp_fie_armor_0.png
heroes/the_fiend/icons_equip/eqp_fie_armor_1.png
heroes/the_fiend/icons_equip/eqp_fie_armor_2.png
heroes/the_fiend/icons_equip/eqp_fie_armor_3.png
heroes/the_fiend/icons_equip/eqp_fie_armor_4.png
heroes/the_fiend/icons_equip/eqp_fie_weapon_0.png
heroes/the_fiend/icons_equip/eqp_fie_weapon_1.png
heroes/the_fiend/icons_equip/eqp_fie_weapon_2.png
heroes/the_fiend/icons_equip/eqp_fie_weapon_3.png
heroes/the_fiend/icons_equip/eqp_fie_weapon_4.png
heroes/the_fiend/the_fiend_A/the_fiend_portrait_roster.png
heroes/the_fiend/the_fiend_B/Thumbs.db
heroes/the_fiend/the_fiend_B/the_fiend_portrait_roster.png
heroes/the_fiend/the_fiend_C/Thumbs.db
heroes/the_fiend/the_fiend_C/the_fiend_portrait_roster.png
heroes/the_fiend/the_fiend_D/Thumbs.db
heroes/the_fiend/the_fiend_D/the_fiend_portrait_roster.png
panels/icons_equip/trinket/inv_trinket+the_fiend_share_to_care.png
raid/camping/skill_icons/Thumbs.db
raid/camping/skill_icons/camp_skill_acceptance.png
raid/camping/skill_icons/camp_skill_beginnings.png
raid/camping/skill_icons/camp_skill_calming_vapours.png
raid/camping/skill_icons/camp_skill_empowerment.png
raid/camping/skill_icons/camp_skill_releasement.png
heroes/the_fiend/Thumbs.db
heroes/the_fiend/the_fiend.ability.five.png
heroes/the_fiend/the_fiend.ability.four.png
heroes/the_fiend/the_fiend.ability.one.png
heroes/the_fiend/the_fiend.ability.seven.png
heroes/the_fiend/the_fiend.ability.six.png
heroes/the_fiend/the_fiend.ability.three.png
heroes/the_fiend/the_fiend.ability.two.png
heroes/the_fiend/the_fiend.art.darkest
heroes/the_fiend/the_fiend.info.darkest
heroes/the_fiend/the_fiend_guild_header.png
heroes/the_fiend/the_fiend_portrait_roster.png
raid/camping/the_fiend.camping_skills.json
shared/buffs/the_fiend.buffs.json
