
-------------------------------------------------------------------------------
Parsing project file - C:\Users\cadaro1\Desktop\torchbearer mod\project.xml
Mod Data Directory = c:/Users/cadaro1/Desktop/torchbearer mod/

-------------------------------------------------------------------------------
Processing Map Files files...

-------------------------------------------------------------------------------
Running Localization...
Parsing localization/torchbearer.string_table.xml

Building Languages
Exporting .loc files

-------------------------------------------------------------------------------
Searching for preview icon file c:/Users/cadaro1/Desktop/torchbearer mod/preview_icon.png...FOUND!
<UploadMode> - Set to direct_upload


-------------------------------------------------------------------------------
Modded files...

heroes/torchbearer/torchbearer_A/anim/torchbearer.sprite.afflicted.png
heroes/torchbearer/torchbearer_A/anim/torchbearer.sprite.attack_banner.png
heroes/torchbearer/torchbearer_A/anim/torchbearer.sprite.attack_charge.png
heroes/torchbearer/torchbearer_A/anim/torchbearer.sprite.attack_heal.png
heroes/torchbearer/torchbearer_A/anim/torchbearer.sprite.attack_sword.png
heroes/torchbearer/torchbearer_A/anim/torchbearer.sprite.camp.png
heroes/torchbearer/torchbearer_A/anim/torchbearer.sprite.combat.png
heroes/torchbearer/torchbearer_A/anim/torchbearer.sprite.defend.png
heroes/torchbearer/torchbearer_A/anim/torchbearer.sprite.heroic.png
heroes/torchbearer/torchbearer_A/anim/torchbearer.sprite.idle.png
heroes/torchbearer/torchbearer_A/anim/torchbearer.sprite.investigate.png
heroes/torchbearer/torchbearer_A/anim/torchbearer.sprite.walk.png
heroes/torchbearer/torchbearer_B/anim/torchbearer.sprite.afflicted.png
heroes/torchbearer/torchbearer_B/anim/torchbearer.sprite.attack_banner.png
heroes/torchbearer/torchbearer_B/anim/torchbearer.sprite.attack_charge.png
heroes/torchbearer/torchbearer_B/anim/torchbearer.sprite.attack_heal.png
heroes/torchbearer/torchbearer_B/anim/torchbearer.sprite.attack_sword.png
heroes/torchbearer/torchbearer_B/anim/torchbearer.sprite.camp.png
heroes/torchbearer/torchbearer_B/anim/torchbearer.sprite.combat.png
heroes/torchbearer/torchbearer_B/anim/torchbearer.sprite.defend.png
heroes/torchbearer/torchbearer_B/anim/torchbearer.sprite.heroic.png
heroes/torchbearer/torchbearer_B/anim/torchbearer.sprite.idle.png
heroes/torchbearer/torchbearer_B/anim/torchbearer.sprite.investigate.png
heroes/torchbearer/torchbearer_B/anim/torchbearer.sprite.walk.png
heroes/torchbearer/torchbearer_C/anim/torchbearer.sprite.afflicted.png
heroes/torchbearer/torchbearer_C/anim/torchbearer.sprite.attack_banner.png
heroes/torchbearer/torchbearer_C/anim/torchbearer.sprite.attack_charge.png
heroes/torchbearer/torchbearer_C/anim/torchbearer.sprite.attack_heal.png
heroes/torchbearer/torchbearer_C/anim/torchbearer.sprite.attack_sword.png
heroes/torchbearer/torchbearer_C/anim/torchbearer.sprite.camp.png
heroes/torchbearer/torchbearer_C/anim/torchbearer.sprite.combat.png
heroes/torchbearer/torchbearer_C/anim/torchbearer.sprite.defend.png
heroes/torchbearer/torchbearer_C/anim/torchbearer.sprite.heroic.png
heroes/torchbearer/torchbearer_C/anim/torchbearer.sprite.idle.png
heroes/torchbearer/torchbearer_C/anim/torchbearer.sprite.investigate.png
heroes/torchbearer/torchbearer_C/anim/torchbearer.sprite.walk.png
heroes/torchbearer/anim/torchbearer.sprite.afflicted.atlas
heroes/torchbearer/anim/torchbearer.sprite.afflicted.skel
heroes/torchbearer/anim/torchbearer.sprite.attack_banner.atlas
heroes/torchbearer/anim/torchbearer.sprite.attack_banner.skel
heroes/torchbearer/anim/torchbearer.sprite.attack_charge.atlas
heroes/torchbearer/anim/torchbearer.sprite.attack_charge.skel
heroes/torchbearer/anim/torchbearer.sprite.attack_heal.atlas
heroes/torchbearer/anim/torchbearer.sprite.attack_heal.skel
heroes/torchbearer/anim/torchbearer.sprite.attack_scroll.atlas
heroes/torchbearer/anim/torchbearer.sprite.attack_scroll.skel
heroes/torchbearer/anim/torchbearer.sprite.attack_stun.atlas
heroes/torchbearer/anim/torchbearer.sprite.attack_stun.skel
heroes/torchbearer/anim/torchbearer.sprite.attack_sword.atlas
heroes/torchbearer/anim/torchbearer.sprite.attack_sword.skel
heroes/torchbearer/anim/torchbearer.sprite.camp.atlas
heroes/torchbearer/anim/torchbearer.sprite.camp.skel
heroes/torchbearer/anim/torchbearer.sprite.combat.atlas
heroes/torchbearer/anim/torchbearer.sprite.combat.skel
heroes/torchbearer/anim/torchbearer.sprite.defend.atlas
heroes/torchbearer/anim/torchbearer.sprite.defend.skel
heroes/torchbearer/anim/torchbearer.sprite.heroic.atlas
heroes/torchbearer/anim/torchbearer.sprite.heroic.skel
heroes/torchbearer/anim/torchbearer.sprite.idle.atlas
heroes/torchbearer/anim/torchbearer.sprite.idle.skel
heroes/torchbearer/anim/torchbearer.sprite.investigate.atlas
heroes/torchbearer/anim/torchbearer.sprite.investigate.skel
heroes/torchbearer/anim/torchbearer.sprite.walk.atlas
heroes/torchbearer/anim/torchbearer.sprite.walk.skel
heroes/torchbearer/fx/torchbearer.sprite.battle_heal_target.atlas
heroes/torchbearer/fx/torchbearer.sprite.battle_heal_target.png
heroes/torchbearer/fx/torchbearer.sprite.battle_heal_target.skel
heroes/torchbearer/fx/torchbearer.sprite.blinding_gas_target.atlas
heroes/torchbearer/fx/torchbearer.sprite.blinding_gas_target.png
heroes/torchbearer/fx/torchbearer.sprite.blinding_gas_target.skel
heroes/torchbearer/fx/torchbearer.sprite.crush.atlas
heroes/torchbearer/fx/torchbearer.sprite.crush.png
heroes/torchbearer/fx/torchbearer.sprite.crush.skel
heroes/torchbearer/fx/torchbearer.sprite.inspiring_cry.atlas
heroes/torchbearer/fx/torchbearer.sprite.inspiring_cry.png
heroes/torchbearer/fx/torchbearer.sprite.inspiring_cry.skel
heroes/torchbearer/fx/torchbearer.sprite.noxious_blast_target.atlas
heroes/torchbearer/fx/torchbearer.sprite.noxious_blast_target.png
heroes/torchbearer/fx/torchbearer.sprite.noxious_blast_target.skel
heroes/torchbearer/fx/torchbearer.sprite.plague_grenade.atlas
heroes/torchbearer/fx/torchbearer.sprite.plague_grenade.png
heroes/torchbearer/fx/torchbearer.sprite.plague_grenade.skel
heroes/torchbearer/fx/torchbearer.sprite.rain_of_sorrows_target.atlas
heroes/torchbearer/fx/torchbearer.sprite.rain_of_sorrows_target.png
heroes/torchbearer/fx/torchbearer.sprite.rain_of_sorrows_target.skel
heroes/torchbearer/icons_equip/eqp_armour_0.png
heroes/torchbearer/icons_equip/eqp_armour_1.png
heroes/torchbearer/icons_equip/eqp_armour_2.png
heroes/torchbearer/icons_equip/eqp_armour_3.png
heroes/torchbearer/icons_equip/eqp_armour_4.png
heroes/torchbearer/icons_equip/eqp_weapon_0.png
heroes/torchbearer/icons_equip/eqp_weapon_1.png
heroes/torchbearer/icons_equip/eqp_weapon_2.png
heroes/torchbearer/icons_equip/eqp_weapon_3.png
heroes/torchbearer/icons_equip/eqp_weapon_4.png
heroes/torchbearer/torchbearer_A/torchbearer_portrait_roster.png
heroes/torchbearer/torchbearer_B/torchbearer_portrait_roster.png
heroes/torchbearer/torchbearer_C/torchbearer_portrait_roster.png
panels/icons_equip/trinket/inv_trinket+torchbearer_blessed_lantern.png
panels/icons_equip/trinket/inv_trinket+torchbearer_prayer_book.png
panels/icons_equip/trinket/inv_trinket+torchbearer_sacred_incense.png
panels/icons_equip/trinket/inv_trinket+torchbearer_sturdy_helmet.png
panels/icons_equip/trinket/inv_trinket+torchbearer_sulfur_soaked_rags.png
raid/camping/skill_icons/camp_skill_burn_the_sacred_incense.png
raid/camping/skill_icons/camp_skill_find_the_path.png
raid/camping/skill_icons/camp_skill_in_radiance_we_find_victory.png
raid/camping/skill_icons/camp_skill_kindle_campfire.png
audio/secondary_banks/hero_torchbearer.bank
campaign/provision/torchbearer.provision.json
heroes/torchbearer/torchbearer.ability.five.png
heroes/torchbearer/torchbearer.ability.four.png
heroes/torchbearer/torchbearer.ability.one.png
heroes/torchbearer/torchbearer.ability.seven.png
heroes/torchbearer/torchbearer.ability.six.png
heroes/torchbearer/torchbearer.ability.three.png
heroes/torchbearer/torchbearer.ability.two.png
heroes/torchbearer/torchbearer.art.darkest
heroes/torchbearer/torchbearer.info.darkest
heroes/torchbearer/torchbearer_guild_header.png
