
-------------------------------------------------------------------------------
Parsing project file - C:\Users\USER\Desktop\Forsaken 1.16.5\sample_project.xml
Mod Data Directory = C:/Users/USER/Desktop/Forsaken 1.16.5/

-------------------------------------------------------------------------------
Processing Map Files files...

-------------------------------------------------------------------------------
Running Localization...
Parsing localization/forsaken.string_table.xml

Building Languages
Exporting .loc files

-------------------------------------------------------------------------------
Searching for preview icon file C:/Users/USER/Desktop/Forsaken 1.16.5/preview_icon.png...FOUND!
<UploadMode> - Set to direct_upload


-------------------------------------------------------------------------------
Detected 1 unchanged files
The following files are unchanged and will be uploaded...
C:/Users/USER/Desktop/Forsaken 1.16.5/campaign/town_events/base.town_events.events.json

-------------------------------------------------------------------------------
Modded files...

heroes/forsaken/forsaken_A/anim/forsaken.sprite.afflicted.png
heroes/forsaken/forsaken_A/anim/forsaken.sprite.attack_banner.png
heroes/forsaken/forsaken_A/anim/forsaken.sprite.attack_cons.png
heroes/forsaken/forsaken_A/anim/forsaken.sprite.attack_heart.png
heroes/forsaken/forsaken_A/anim/forsaken.sprite.attack_low.png
heroes/forsaken/forsaken_A/anim/forsaken.sprite.attack_plague.png
heroes/forsaken/forsaken_A/anim/forsaken.sprite.attack_ripo.png
heroes/forsaken/forsaken_A/anim/forsaken.sprite.attack_stun.png
heroes/forsaken/forsaken_A/anim/forsaken.sprite.attack_sword.png
heroes/forsaken/forsaken_A/anim/forsaken.sprite.camp.png
heroes/forsaken/forsaken_A/anim/forsaken.sprite.combat.png
heroes/forsaken/forsaken_A/anim/forsaken.sprite.defend.png
heroes/forsaken/forsaken_A/anim/forsaken.sprite.heroic.png
heroes/forsaken/forsaken_A/anim/forsaken.sprite.idle.png
heroes/forsaken/forsaken_A/anim/forsaken.sprite.investigate.png
heroes/forsaken/forsaken_A/anim/forsaken.sprite.plaguestrike.png
heroes/forsaken/forsaken_A/anim/forsaken.sprite.riposte.png
heroes/forsaken/forsaken_A/anim/forsaken.sprite.riposte_att.png
heroes/forsaken/forsaken_A/anim/forsaken.sprite.walk.png
heroes/forsaken/forsaken_B/anim/forsaken.sprite.afflicted.png
heroes/forsaken/forsaken_B/anim/forsaken.sprite.attack_banner.png
heroes/forsaken/forsaken_B/anim/forsaken.sprite.attack_cons.png
heroes/forsaken/forsaken_B/anim/forsaken.sprite.attack_heart.png
heroes/forsaken/forsaken_B/anim/forsaken.sprite.attack_low.png
heroes/forsaken/forsaken_B/anim/forsaken.sprite.attack_plague.png
heroes/forsaken/forsaken_B/anim/forsaken.sprite.attack_ripo.png
heroes/forsaken/forsaken_B/anim/forsaken.sprite.camp.png
heroes/forsaken/forsaken_B/anim/forsaken.sprite.combat.png
heroes/forsaken/forsaken_B/anim/forsaken.sprite.defend.png
heroes/forsaken/forsaken_B/anim/forsaken.sprite.heroic.png
heroes/forsaken/forsaken_B/anim/forsaken.sprite.idle.png
heroes/forsaken/forsaken_B/anim/forsaken.sprite.investigate.png
heroes/forsaken/forsaken_B/anim/forsaken.sprite.riposte_att.png
heroes/forsaken/forsaken_B/anim/forsaken.sprite.walk.png
heroes/forsaken/forsaken_C/anim/forsaken.sprite.afflicted.png
heroes/forsaken/forsaken_C/anim/forsaken.sprite.attack_banner.png
heroes/forsaken/forsaken_C/anim/forsaken.sprite.attack_cons.png
heroes/forsaken/forsaken_C/anim/forsaken.sprite.attack_heart.png
heroes/forsaken/forsaken_C/anim/forsaken.sprite.attack_low.png
heroes/forsaken/forsaken_C/anim/forsaken.sprite.attack_plague.png
heroes/forsaken/forsaken_C/anim/forsaken.sprite.attack_ripo.png
heroes/forsaken/forsaken_C/anim/forsaken.sprite.camp.png
heroes/forsaken/forsaken_C/anim/forsaken.sprite.combat.png
heroes/forsaken/forsaken_C/anim/forsaken.sprite.defend.png
heroes/forsaken/forsaken_C/anim/forsaken.sprite.heroic.png
heroes/forsaken/forsaken_C/anim/forsaken.sprite.idle.png
heroes/forsaken/forsaken_C/anim/forsaken.sprite.investigate.png
heroes/forsaken/forsaken_C/anim/forsaken.sprite.riposte_att.png
heroes/forsaken/forsaken_C/anim/forsaken.sprite.walk.png
heroes/forsaken/forsaken_D/anim/forsaken.sprite.afflicted.png
heroes/forsaken/forsaken_D/anim/forsaken.sprite.attack_banner.png
heroes/forsaken/forsaken_D/anim/forsaken.sprite.attack_cons.png
heroes/forsaken/forsaken_D/anim/forsaken.sprite.attack_heart.png
heroes/forsaken/forsaken_D/anim/forsaken.sprite.attack_low.png
heroes/forsaken/forsaken_D/anim/forsaken.sprite.attack_plague.png
heroes/forsaken/forsaken_D/anim/forsaken.sprite.attack_ripo.png
heroes/forsaken/forsaken_D/anim/forsaken.sprite.camp.png
heroes/forsaken/forsaken_D/anim/forsaken.sprite.combat.png
heroes/forsaken/forsaken_D/anim/forsaken.sprite.defend.png
heroes/forsaken/forsaken_D/anim/forsaken.sprite.heroic.png
heroes/forsaken/forsaken_D/anim/forsaken.sprite.idle.png
heroes/forsaken/forsaken_D/anim/forsaken.sprite.investigate.png
heroes/forsaken/forsaken_D/anim/forsaken.sprite.riposte_att.png
heroes/forsaken/forsaken_D/anim/forsaken.sprite.walk.png
heroes/forsaken/forsaken_E/anim/forsaken.sprite.afflicted.png
heroes/forsaken/forsaken_E/anim/forsaken.sprite.attack_banner.png
heroes/forsaken/forsaken_E/anim/forsaken.sprite.attack_cons.png
heroes/forsaken/forsaken_E/anim/forsaken.sprite.attack_heart.png
heroes/forsaken/forsaken_E/anim/forsaken.sprite.attack_low.png
heroes/forsaken/forsaken_E/anim/forsaken.sprite.attack_plague.png
heroes/forsaken/forsaken_E/anim/forsaken.sprite.attack_ripo.png
heroes/forsaken/forsaken_E/anim/forsaken.sprite.camp.png
heroes/forsaken/forsaken_E/anim/forsaken.sprite.combat.png
heroes/forsaken/forsaken_E/anim/forsaken.sprite.defend.png
heroes/forsaken/forsaken_E/anim/forsaken.sprite.heroic.png
heroes/forsaken/forsaken_E/anim/forsaken.sprite.idle.png
heroes/forsaken/forsaken_E/anim/forsaken.sprite.investigate.png
heroes/forsaken/forsaken_E/anim/forsaken.sprite.riposte_att.png
heroes/forsaken/forsaken_E/anim/forsaken.sprite.walk.png
campaign/town/town_event/town_event.image_bonus_recruit_forsaken.png
heroes/forsaken/anim/forsaken.sprite.afflicted.atlas
heroes/forsaken/anim/forsaken.sprite.afflicted.skel
heroes/forsaken/anim/forsaken.sprite.attack_banner.atlas
heroes/forsaken/anim/forsaken.sprite.attack_banner.skel
heroes/forsaken/anim/forsaken.sprite.attack_cons.atlas
heroes/forsaken/anim/forsaken.sprite.attack_cons.skel
heroes/forsaken/anim/forsaken.sprite.attack_heart.atlas
heroes/forsaken/anim/forsaken.sprite.attack_heart.skel
heroes/forsaken/anim/forsaken.sprite.attack_low.atlas
heroes/forsaken/anim/forsaken.sprite.attack_low.skel
heroes/forsaken/anim/forsaken.sprite.attack_plague.atlas
heroes/forsaken/anim/forsaken.sprite.attack_plague.skel
heroes/forsaken/anim/forsaken.sprite.attack_ripo.atlas
heroes/forsaken/anim/forsaken.sprite.attack_ripo.skel
heroes/forsaken/anim/forsaken.sprite.camp.atlas
heroes/forsaken/anim/forsaken.sprite.camp.skel
heroes/forsaken/anim/forsaken.sprite.combat.atlas
heroes/forsaken/anim/forsaken.sprite.combat.skel
heroes/forsaken/anim/forsaken.sprite.defend.atlas
heroes/forsaken/anim/forsaken.sprite.defend.skel
heroes/forsaken/anim/forsaken.sprite.heroic.atlas
heroes/forsaken/anim/forsaken.sprite.heroic.skel
heroes/forsaken/anim/forsaken.sprite.idle.atlas
heroes/forsaken/anim/forsaken.sprite.idle.skel
heroes/forsaken/anim/forsaken.sprite.investigate.atlas
heroes/forsaken/anim/forsaken.sprite.investigate.skel
heroes/forsaken/anim/forsaken.sprite.riposte_att.atlas
heroes/forsaken/anim/forsaken.sprite.riposte_att.skel
heroes/forsaken/anim/forsaken.sprite.walk.atlas
heroes/forsaken/anim/forsaken.sprite.walk.skel
heroes/forsaken/forsaken_A/forsaken_portrait_roster.png
heroes/forsaken/forsaken_B/forsaken_portrait_roster.png
heroes/forsaken/forsaken_C/forsaken_portrait_roster.png
heroes/forsaken/forsaken_D/forsaken_portrait_roster.png
heroes/forsaken/forsaken_E/forsaken_portrait_roster.png
heroes/forsaken/fx/forsaken.sprite.Deathgrip.atlas
heroes/forsaken/fx/forsaken.sprite.Deathgrip.png
heroes/forsaken/fx/forsaken.sprite.Deathgrip.skel
heroes/forsaken/fx/forsaken.sprite.Deathgrip_target.atlas
heroes/forsaken/fx/forsaken.sprite.Deathgrip_target.png
