
-------------------------------------------------------------------------------
Parsing project file - C:\Program Files (x86)\Steam\steamapps\workshop\content\262060\Bloodclot Beta\project.xml
Mod Data Directory = c:/Program Files (x86)/Steam/steamapps/workshop/content/262060/Bloodclot Beta/

-------------------------------------------------------------------------------
Processing Map Files files...

-------------------------------------------------------------------------------
Running Localization...
Parsing localization/bloodclot.string_table.xml
Parsing localization/bloodclot_tooltip.string_table.xml
Parsing localization/miscellaneous_bloodclot.string_table.xml
Parsing localization/trinkets__bloodclot.string_table.xml

Building Languages
Exporting .loc files

-------------------------------------------------------------------------------
Searching for preview icon file c:/Program Files (x86)/Steam/steamapps/workshop/content/262060/Bloodclot Beta/preview_icon.png...FOUND!
<UploadMode> - Set to direct_upload


-------------------------------------------------------------------------------
Detected 2 unchanged files
The following files are unchanged and will be uploaded...
c:/Program Files (x86)/Steam/steamapps/workshop/content/262060/Bloodclot Beta/overlays/poptext_hp_heal_dot.png
c:/Program Files (x86)/Steam/steamapps/workshop/content/262060/Bloodclot Beta/overlays/tray_dot_hp_heal.png

-------------------------------------------------------------------------------
Modded files...

heroes/bloodclot/bloodclot_A/anim/bloodclot.sprite.afflicted.png
heroes/bloodclot/bloodclot_A/anim/bloodclot.sprite.attack_barf.png
heroes/bloodclot/bloodclot_A/anim/bloodclot.sprite.attack_chain.png
heroes/bloodclot/bloodclot_A/anim/bloodclot.sprite.attack_chop.png
heroes/bloodclot/bloodclot_A/anim/bloodclot.sprite.attack_kneel.png
heroes/bloodclot/bloodclot_A/anim/bloodclot.sprite.camp.png
heroes/bloodclot/bloodclot_A/anim/bloodclot.sprite.combat.png
heroes/bloodclot/bloodclot_A/anim/bloodclot.sprite.defend.png
heroes/bloodclot/bloodclot_A/anim/bloodclot.sprite.heroic.png
heroes/bloodclot/bloodclot_A/anim/bloodclot.sprite.idle.png
heroes/bloodclot/bloodclot_A/anim/bloodclot.sprite.investigate.png
heroes/bloodclot/bloodclot_A/anim/bloodclot.sprite.walk.png
campaign/town/town_event/town_event.image_bonus_recruit_bloodclot.png
campaign/town/town_event/town_event.image_first_bloodclot.png
campaign/town/town_event/town_event.image_idle_resolve_level__bloodclot.png
heroes/bloodclot/anim/bloodclot.sprite.afflicted.atlas
heroes/bloodclot/anim/bloodclot.sprite.afflicted.skel
heroes/bloodclot/anim/bloodclot.sprite.attack_barf.atlas
heroes/bloodclot/anim/bloodclot.sprite.attack_barf.skel
heroes/bloodclot/anim/bloodclot.sprite.attack_chain.atlas
heroes/bloodclot/anim/bloodclot.sprite.attack_chain.skel
heroes/bloodclot/anim/bloodclot.sprite.attack_chop.atlas
heroes/bloodclot/anim/bloodclot.sprite.attack_chop.skel
heroes/bloodclot/anim/bloodclot.sprite.attack_kneel.atlas
heroes/bloodclot/anim/bloodclot.sprite.attack_kneel.skel
heroes/bloodclot/anim/bloodclot.sprite.camp.atlas
heroes/bloodclot/anim/bloodclot.sprite.camp.skel
heroes/bloodclot/anim/bloodclot.sprite.combat.atlas
heroes/bloodclot/anim/bloodclot.sprite.combat.skel
heroes/bloodclot/anim/bloodclot.sprite.defend.atlas
heroes/bloodclot/anim/bloodclot.sprite.defend.skel
heroes/bloodclot/anim/bloodclot.sprite.heroic.atlas
heroes/bloodclot/anim/bloodclot.sprite.heroic.skel
heroes/bloodclot/anim/bloodclot.sprite.idle.atlas
heroes/bloodclot/anim/bloodclot.sprite.idle.skel
heroes/bloodclot/anim/bloodclot.sprite.investigate.atlas
heroes/bloodclot/anim/bloodclot.sprite.investigate.skel
heroes/bloodclot/anim/bloodclot.sprite.walk.atlas
heroes/bloodclot/anim/bloodclot.sprite.walk.skel
heroes/bloodclot/bloodclot_A/bloodclot_portrait_roster.png
heroes/bloodclot/fx/bloodclot.sprite.battle_heal.atlas
heroes/bloodclot/fx/bloodclot.sprite.battle_heal.png
heroes/bloodclot/fx/bloodclot.sprite.battle_heal.skel
heroes/bloodclot/fx/bloodclot.sprite.battle_heal_target.atlas
heroes/bloodclot/fx/bloodclot.sprite.battle_heal_target.png
heroes/bloodclot/fx/bloodclot.sprite.battle_heal_target.skel
heroes/bloodclot/fx/bloodclot.sprite.bulwark_of_faith.atlas
heroes/bloodclot/fx/bloodclot.sprite.bulwark_of_faith.png
heroes/bloodclot/fx/bloodclot.sprite.bulwark_of_faith.skel
heroes/bloodclot/fx/bloodclot.sprite.holy_lance.atlas
heroes/bloodclot/fx/bloodclot.sprite.holy_lance.png
heroes/bloodclot/fx/bloodclot.sprite.holy_lance.skel
heroes/bloodclot/fx/bloodclot.sprite.inspiring_cry.atlas
heroes/bloodclot/fx/bloodclot.sprite.inspiring_cry.png
heroes/bloodclot/fx/bloodclot.sprite.inspiring_cry.skel
heroes/bloodclot/fx/bloodclot.sprite.smite.atlas
heroes/bloodclot/fx/bloodclot.sprite.smite.png
heroes/bloodclot/fx/bloodclot.sprite.smite.skel
heroes/bloodclot/fx/bloodclot.sprite.stunning_blow.atlas
heroes/bloodclot/fx/bloodclot.sprite.stunning_blow.png
heroes/bloodclot/fx/bloodclot.sprite.stunning_blow.skel
heroes/bloodclot/fx/bloodclot.sprite.stunning_blow_target.atlas
heroes/bloodclot/fx/bloodclot.sprite.stunning_blow_target.png
heroes/bloodclot/fx/bloodclot.sprite.stunning_blow_target.skel
heroes/bloodclot/fx/bloodclot.sprite.zealous_accusation.atlas
heroes/bloodclot/fx/bloodclot.sprite.zealous_accusation.png
heroes/bloodclot/fx/bloodclot.sprite.zealous_accusation.skel
heroes/bloodclot/icons_equip/BC_armour_0.png
heroes/bloodclot/icons_equip/BC_armour_1.png
heroes/bloodclot/icons_equip/BC_armour_2.png
heroes/bloodclot/icons_equip/BC_armour_3.png
heroes/bloodclot/icons_equip/BC_armour_4.png
heroes/bloodclot/icons_equip/BC_weapon_0.png
heroes/bloodclot/icons_equip/BC_weapon_1.png
heroes/bloodclot/icons_equip/BC_weapon_2.png
heroes/bloodclot/icons_equip/BC_weapon_3.png
heroes/bloodclot/icons_equip/BC_weapon_4.png
panels/icons_equip/trinket/inv_trinket+bloodclot_Crystal_Cicada.png
panels/icons_equip/trinket/inv_trinket+bloodclot_Gangrene_Lump.png
panels/icons_equip/trinket/inv_trinket+bloodclot_Maggot_Teeth.png
panels/icons_equip/trinket/inv_trinket+bloodclot_Manservant_Collar.png
panels/icons_equip/trinket/inv_trinket+bloodclot_Mosquito_Wing.png
panels/icons_equip/trinket/inv_trinket+bloodclot_Shed_Leech_Skin.png
panels/icons_equip/trinket/inv_trinket+bloodclot_Silver_Spoon.png
panels/icons_equip/trinket/inv_trinket+bloodclot_Wine_Glass.png
panels/icons_equip/trinket/rarity_comet.png
panels/icons_equip/trinket/rarity_crimson_court.png
raid/camping/skill_icons/camp_skill_embrace_bloodthirst.png
raid/camping/skill_icons/camp_skill_overpower_instincts.png
raid/camping/skill_icons/camp_skill_purify_self.png
raid/camping/skill_icons/camp_skill_shed_self.png
campaign/provision/bloodclot.provision.json
campaign/roster/bloodclot.roster.additional_variables.json
campaign/town_events/bloodclot.town_events.events.json
heroes/bloodclot/bloodclot.ability.five.png
heroes/bloodclot/bloodclot.ability.four.png
heroes/bloodclot/bloodclot.ability.one.png
heroes/bloodclot/bloodclot.ability.seven.png
heroes/bloodclot/bloodclot.ability.six.png
heroes/bloodclot/bloodclot.ability.three.png
heroes/bloodclot/bloodclot.ability.two.png
heroes/bloodclot/bloodclot.art.darkest
heroes/bloodclot/bloodclot.info.darkest
heroes/bloodclot/bloodclot_guild_header.png
raid/camping/bloodclot.camping_skills.json
scripts/layout/bloodclot.popup_text.layout.darkest
shared/buffs/bloodclot.buffs.json
shared/buffs/bloodclot_tooltip.buffs.json
shared/buffs/bloodclot_trinkets.buffs.json
shared/party_name/wallbuster.party_name_library.json
upgrades/heroes/bloodclot.upgrades.json
audio/GUIDs.txt
audio/bloodclot.campaign.guid_overrides.json
audio/bloodclot.campaign.load_order.json
effects/bloodclot.effects.darkest
inventory/bloodclot.inventory.extra_stack_limits.darkest
inventory/bloodclot.supply.inventory.items.darkest
localization/2060478391_brazilian.loc
localization/2060478391_czech.loc
localization/2060478391_english.loc
localization/2060478391_french.loc
localization/2060478391_german.loc
localization/2060478391_italian.loc
localization/2060478391_polish.loc
localization/2060478391_russian.loc
localization/2060478391_schinese.loc
localization/2060478391_spanish.loc
