
-------------------------------------------------------------------------------
Parsing project file - E:\ProjectAndStuff\Darkest Dungeon Mods\Mods\Darkest Soul Variety Project\DarkestSoulVarietyProject.xml
Mod Data Directory = E:/ProjectAndStuff/Darkest Dungeon Mods/Mods/Darkest Soul Variety Project/

-------------------------------------------------------------------------------
Processing Map Files files...

-------------------------------------------------------------------------------
Running Localization...
Parsing localization/sels_solaire.string_table.xml

Building Languages
Exporting .loc files

-------------------------------------------------------------------------------
Searching for preview icon file E:/ProjectAndStuff/Darkest Dungeon Mods/Mods/Darkest Soul Variety Project/preview_icon.png...FOUND!
<UploadMode> - Set to direct_upload


-------------------------------------------------------------------------------
Modded files...

monsters/invader_solaire/anim/invader_solaire.sprite.attack_mace.atlas
monsters/invader_solaire/anim/invader_solaire.sprite.attack_mace.png
monsters/invader_solaire/anim/invader_solaire.sprite.attack_mace.skel
monsters/invader_solaire/anim/invader_solaire.sprite.attack_ranged.atlas
monsters/invader_solaire/anim/invader_solaire.sprite.attack_ranged.png
monsters/invader_solaire/anim/invader_solaire.sprite.attack_ranged.skel
monsters/invader_solaire/anim/invader_solaire.sprite.attack_shield.atlas
monsters/invader_solaire/anim/invader_solaire.sprite.attack_shield.png
monsters/invader_solaire/anim/invader_solaire.sprite.attack_shield.skel
monsters/invader_solaire/anim/invader_solaire.sprite.attack_shout.atlas
monsters/invader_solaire/anim/invader_solaire.sprite.attack_shout.png
monsters/invader_solaire/anim/invader_solaire.sprite.attack_shout.skel
monsters/invader_solaire/anim/invader_solaire.sprite.combat.atlas
monsters/invader_solaire/anim/invader_solaire.sprite.combat.png
monsters/invader_solaire/anim/invader_solaire.sprite.combat.skel
monsters/invader_solaire/anim/invader_solaire.sprite.defend.atlas
monsters/invader_solaire/anim/invader_solaire.sprite.defend.png
monsters/invader_solaire/anim/invader_solaire.sprite.defend.skel
monsters/invader_solaire/anim/invader_solaire.sprite.investigate.atlas
monsters/invader_solaire/anim/invader_solaire.sprite.investigate.png
monsters/invader_solaire/anim/invader_solaire.sprite.investigate.skel
monsters/invader_solaire/fx/invader_solaire.sprite.absolution.atlas
monsters/invader_solaire/fx/invader_solaire.sprite.absolution.png
monsters/invader_solaire/fx/invader_solaire.sprite.absolution.skel
monsters/invader_solaire/fx/invader_solaire.sprite.command.atlas
monsters/invader_solaire/fx/invader_solaire.sprite.command.png
monsters/invader_solaire/fx/invader_solaire.sprite.command.skel
monsters/invader_solaire/fx/invader_solaire.sprite.crush.atlas
monsters/invader_solaire/fx/invader_solaire.sprite.crush.png
monsters/invader_solaire/fx/invader_solaire.sprite.crush.skel
monsters/invader_solaire/fx/invader_solaire.sprite.defender.atlas
monsters/invader_solaire/fx/invader_solaire.sprite.defender.png
monsters/invader_solaire/fx/invader_solaire.sprite.defender.skel
monsters/invader_solaire/fx/invader_solaire.sprite.judgement_target.atlas
monsters/invader_solaire/fx/invader_solaire.sprite.judgement_target.png
monsters/invader_solaire/fx/invader_solaire.sprite.judgement_target.skel
monsters/invader_solaire/fx/invader_solaire.sprite.rampart.atlas
monsters/invader_solaire/fx/invader_solaire.sprite.rampart.png
monsters/invader_solaire/fx/invader_solaire.sprite.rampart.skel
monsters/invader_solaire/fx/invader_solaire.sprite.rampart_defender.atlas
monsters/invader_solaire/fx/invader_solaire.sprite.rampart_defender.png
monsters/invader_solaire/fx/invader_solaire.sprite.rampart_defender.skel
monsters/invader_solaire/fx/invader_solaire.sprite.riposte.atlas
monsters/invader_solaire/fx/invader_solaire.sprite.riposte.png
monsters/invader_solaire/fx/invader_solaire.sprite.riposte.skel
monsters/invader_solaire/fx/invader_solaire.sprite.shadow_fade.atlas
monsters/invader_solaire/fx/invader_solaire.sprite.shadow_fade.png
monsters/invader_solaire/fx/invader_solaire.sprite.shadow_fade.skel
monsters/invader_solaire/fx/invader_solaire.sprite.sting_target.atlas
monsters/invader_solaire/fx/invader_solaire.sprite.sting_target.png
monsters/invader_solaire/fx/invader_solaire.sprite.sting_target.skel
monsters/invader_solaire/invader_solaire_A/invader_solaire_A.art.darkest
monsters/invader_solaire/invader_solaire_A/invader_solaire_A.info.darkest
monsters/invader_solaire/invader_solaire_B/invader_solaire_B.art.darkest
monsters/invader_solaire/invader_solaire_B/invader_solaire_B.info.darkest
monsters/invader_solaire/invader_solaire_C/invader_solaire_C.art.darkest
monsters/invader_solaire/invader_solaire_C/invader_solaire_C.info.darkest
monsters/undead_axe/anim/undead_axe.sprite.attack_mace.atlas
monsters/undead_axe/anim/undead_axe.sprite.attack_mace.png
monsters/undead_axe/anim/undead_axe.sprite.attack_mace.skel
monsters/undead_axe/anim/undead_axe.sprite.attack_shield.atlas
monsters/undead_axe/anim/undead_axe.sprite.attack_shield.png
monsters/undead_axe/anim/undead_axe.sprite.attack_shield.skel
monsters/undead_axe/anim/undead_axe.sprite.combat.atlas
monsters/undead_axe/anim/undead_axe.sprite.combat.png
monsters/undead_axe/anim/undead_axe.sprite.combat.skel
monsters/undead_axe/anim/undead_axe.sprite.dead.atlas
monsters/undead_axe/anim/undead_axe.sprite.dead.png
monsters/undead_axe/anim/undead_axe.sprite.dead.skel
monsters/undead_axe/anim/undead_axe.sprite.defend.atlas
monsters/undead_axe/anim/undead_axe.sprite.defend.png
monsters/undead_axe/anim/undead_axe.sprite.defend.skel
monsters/undead_axe/fx/undead_axe.sprite.crush.atlas
monsters/undead_axe/fx/undead_axe.sprite.crush.png
monsters/undead_axe/fx/undead_axe.sprite.crush.skel
monsters/undead_axe/fx/undead_axe.sprite.rampart.atlas
monsters/undead_axe/fx/undead_axe.sprite.rampart.png
monsters/undead_axe/fx/undead_axe.sprite.rampart.skel
monsters/undead_axe/undead_axe_A/undead_axe_A.art.darkest
monsters/undead_axe/undead_axe_A/undead_axe_A.info.darkest
monsters/undead_axe/undead_axe_B/undead_axe_B.art.darkest
monsters/undead_axe/undead_axe_B/undead_axe_B.info.darkest
monsters/undead_axe/undead_axe_C/undead_axe_C.art.darkest
monsters/undead_axe/undead_axe_C/undead_axe_C.info.darkest
monsters/undead_crossbow/anim/undead_crossbow.sprite.attack_bayonet.atlas
monsters/undead_crossbow/anim/undead_crossbow.sprite.attack_bayonet.png
monsters/undead_crossbow/anim/undead_crossbow.sprite.attack_bayonet.skel
monsters/undead_crossbow/anim/undead_crossbow.sprite.attack_crossbow.atlas
monsters/undead_crossbow/anim/undead_crossbow.sprite.attack_crossbow.png
monsters/undead_crossbow/anim/undead_crossbow.sprite.attack_crossbow.skel
monsters/undead_crossbow/anim/undead_crossbow.sprite.combat.atlas
monsters/undead_crossbow/anim/undead_crossbow.sprite.combat.png
monsters/undead_crossbow/anim/undead_crossbow.sprite.combat.skel
monsters/undead_crossbow/anim/undead_crossbow.sprite.dead.atlas
monsters/undead_crossbow/anim/undead_crossbow.sprite.dead.png
monsters/undead_crossbow/anim/undead_crossbow.sprite.dead.skel
monsters/undead_crossbow/anim/undead_crossbow.sprite.defend.atlas
monsters/undead_crossbow/anim/undead_crossbow.sprite.defend.png
monsters/undead_crossbow/anim/undead_crossbow.sprite.defend.skel
monsters/undead_crossbow/fx/undead_crossbow.sprite.bayonet_jab.atlas
monsters/undead_crossbow/fx/undead_crossbow.sprite.bayonet_jab.png
monsters/undead_crossbow/fx/undead_crossbow.sprite.bayonet_jab.skel
monsters/undead_crossbow/fx/undead_crossbow.sprite.crossbow_shot.atlas
monsters/undead_crossbow/fx/undead_crossbow.sprite.crossbow_shot.png
monsters/undead_crossbow/fx/undead_crossbow.sprite.crossbow_shot.skel
monsters/undead_crossbow/fx/undead_crossbow.sprite.crossbow_shot_target.atlas
monsters/undead_crossbow/fx/undead_crossbow.sprite.crossbow_shot_target.png
monsters/undead_crossbow/fx/undead_crossbow.sprite.crossbow_shot_target.skel
monsters/undead_crossbow/fx/undead_crossbow.sprite.suppressing_fire.atlas
monsters/undead_crossbow/fx/undead_crossbow.sprite.suppressing_fire.png
monsters/undead_crossbow/fx/undead_crossbow.sprite.suppressing_fire.skel
monsters/undead_crossbow/fx/undead_crossbow.sprite.suppressing_fire_target.atlas
monsters/undead_crossbow/fx/undead_crossbow.sprite.suppressing_fire_target.png
monsters/undead_crossbow/fx/undead_crossbow.sprite.suppressing_fire_target.skel
monsters/undead_crossbow/undead_crossbow_A/undead_crossbow_A.art.darkest
monsters/undead_crossbow/undead_crossbow_A/undead_crossbow_A.info.darkest
monsters/undead_crossbow/undead_crossbow_B/undead_crossbow_B.art.darkest
monsters/undead_crossbow/undead_crossbow_B/undead_crossbow_B.info.darkest
monsters/undead_crossbow/undead_crossbow_C/undead_crossbow_C.art.darkest
monsters/undead_crossbow/undead_crossbow_C/undead_crossbow_C.info.darkest
monsters/undead_firebomb/anim/undead_firebomb.sprite.attack_melee.atlas
monsters/undead_firebomb/anim/undead_firebomb.sprite.attack_melee.png
monsters/undead_firebomb/anim/undead_firebomb.sprite.attack_melee.skel
monsters/undead_firebomb/anim/undead_firebomb.sprite.combat.atlas
monsters/undead_firebomb/anim/undead_firebomb.sprite.combat.png
monsters/undead_firebomb/anim/undead_firebomb.sprite.combat.skel
monsters/undead_firebomb/anim/undead_firebomb.sprite.dead.atlas
monsters/undead_firebomb/anim/undead_firebomb.sprite.dead.png
monsters/undead_firebomb/anim/undead_firebomb.sprite.dead.skel
monsters/undead_firebomb/anim/undead_firebomb.sprite.defend.atlas
monsters/undead_firebomb/anim/undead_firebomb.sprite.defend.png
monsters/undead_firebomb/anim/undead_firebomb.sprite.defend.skel
monsters/undead_firebomb/fx/undead_firebomb.sprite.cudgel.atlas
monsters/undead_firebomb/fx/undead_firebomb.sprite.cudgel.png
monsters/undead_firebomb/fx/undead_firebomb.sprite.cudgel.skel
monsters/undead_firebomb/fx/undead_firebomb.sprite.flashbang.atlas
monsters/undead_firebomb/fx/undead_firebomb.sprite.flashbang.png
monsters/undead_firebomb/fx/undead_firebomb.sprite.flashbang.skel
monsters/undead_firebomb/fx/undead_firebomb.sprite.flashbang_target.atlas
monsters/undead_firebomb/fx/undead_firebomb.sprite.flashbang_target.png
monsters/undead_firebomb/fx/undead_firebomb.sprite.flashbang_target.skel
monsters/undead_firebomb/undead_firebomb_A/undead_firebomb_A.art.darkest
monsters/undead_firebomb/undead_firebomb_A/undead_firebomb_A.info.darkest
monsters/undead_firebomb/undead_firebomb_B/undead_firebomb_B.art.darkest
monsters/undead_firebomb/undead_firebomb_B/undead_firebomb_B.info.darkest
monsters/undead_firebomb/undead_firebomb_C/undead_firebomb_C.art.darkest
monsters/undead_firebomb/undead_firebomb_C/undead_firebomb_C.info.darkest
monsters/undead_lantern/anim/undead_lantern.sprite.attack_melee.atlas
monsters/undead_lantern/anim/undead_lantern.sprite.attack_melee.png
monsters/undead_lantern/anim/undead_lantern.sprite.attack_melee.skel
monsters/undead_lantern/anim/undead_lantern.sprite.attack_ranged.atlas
monsters/undead_lantern/anim/undead_lantern.sprite.attack_ranged.png
monsters/undead_lantern/anim/undead_lantern.sprite.attack_ranged.skel
monsters/undead_lantern/anim/undead_lantern.sprite.combat.atlas
monsters/undead_lantern/anim/undead_lantern.sprite.combat.png
monsters/undead_lantern/anim/undead_lantern.sprite.combat.skel
monsters/undead_lantern/anim/undead_lantern.sprite.dead.atlas
monsters/undead_lantern/anim/undead_lantern.sprite.dead.png
monsters/undead_lantern/anim/undead_lantern.sprite.dead.skel
monsters/undead_lantern/anim/undead_lantern.sprite.defend.atlas
monsters/undead_lantern/anim/undead_lantern.sprite.defend.png
monsters/undead_lantern/anim/undead_lantern.sprite.defend.skel
monsters/undead_lantern/fx/undead_lantern.sprite.dagger_jab.atlas
monsters/undead_lantern/fx/undead_lantern.sprite.dagger_jab.png
monsters/undead_lantern/fx/undead_lantern.sprite.dagger_jab.skel
monsters/undead_lantern/undead_lantern_A/undead_lantern_A.art.darkest
monsters/undead_lantern/undead_lantern_A/undead_lantern_A.info.darkest
monsters/undead_lantern/undead_lantern_B/undead_lantern_B.art.darkest
monsters/undead_lantern/undead_lantern_B/undead_lantern_B.info.darkest
monsters/undead_lantern/undead_lantern_C/undead_lantern_C.art.darkest
monsters/undead_lantern/undead_lantern_C/undead_lantern_C.info.darkest
monsters/undead_spear/anim/undead_spear.sprite.attack_spear.atlas
monsters/undead_spear/anim/undead_spear.sprite.attack_spear.png
monsters/undead_spear/anim/undead_spear.sprite.attack_spear.skel
monsters/undead_spear/anim/undead_spear.sprite.combat.atlas
monsters/undead_spear/anim/undead_spear.sprite.combat.png
monsters/undead_spear/anim/undead_spear.sprite.combat.skel
monsters/undead_spear/anim/undead_spear.sprite.dead.atlas
monsters/undead_spear/anim/undead_spear.sprite.dead.png
monsters/undead_spear/anim/undead_spear.sprite.dead.skel
monsters/undead_spear/anim/undead_spear.sprite.defend.atlas
monsters/undead_spear/anim/undead_spear.sprite.defend.png
monsters/undead_spear/anim/undead_spear.sprite.defend.skel
monsters/undead_spear/fx/undead_spear.sprite.spear_thrust.atlas
monsters/undead_spear/fx/undead_spear.sprite.spear_thrust.png
monsters/undead_spear/fx/undead_spear.sprite.spear_thrust.skel
monsters/undead_spear/undead_spear_A/undead_spear_A.art.darkest
monsters/undead_spear/undead_spear_A/undead_spear_A.info.darkest
monsters/undead_spear/undead_spear_B/undead_spear_B.art.darkest
monsters/undead_spear/undead_spear_B/undead_spear_B.info.darkest
monsters/undead_spear/undead_spear_C/undead_spear_C.art.darkest
monsters/undead_spear/undead_spear_C/undead_spear_C.info.darkest
monsters/undead_sword/anim/undead_sword.sprite.attack_melee.atlas
monsters/undead_sword/anim/undead_sword.sprite.attack_melee.png
monsters/undead_sword/anim/undead_sword.sprite.attack_melee.skel
monsters/undead_sword/anim/undead_sword.sprite.combat.atlas
monsters/undead_sword/anim/undead_sword.sprite.combat.png
monsters/undead_sword/anim/undead_sword.sprite.combat.skel
monsters/undead_sword/anim/undead_sword.sprite.dead.atlas
monsters/undead_sword/anim/undead_sword.sprite.dead.png
monsters/undead_sword/anim/undead_sword.sprite.dead.skel
monsters/undead_sword/anim/undead_sword.sprite.defend.atlas
monsters/undead_sword/anim/undead_sword.sprite.defend.png
monsters/undead_sword/anim/undead_sword.sprite.defend.skel
monsters/undead_sword/fx/undead_sword.sprite.sword_strike.atlas
monsters/undead_sword/fx/undead_sword.sprite.sword_strike.png
monsters/undead_sword/fx/undead_sword.sprite.sword_strike.skel
monsters/undead_sword/undead_sword_A/undead_sword_A.art.darkest
monsters/undead_sword/undead_sword_A/undead_sword_A.info.darkest
monsters/undead_sword/undead_sword_B/undead_sword_B.art.darkest
monsters/undead_sword/undead_sword_B/undead_sword_B.info.darkest
monsters/undead_sword/undead_sword_C/undead_sword_C.art.darkest
monsters/undead_sword/undead_sword_C/undead_sword_C.info.darkest
monsters/undead_torch/anim/undead_torch.sprite.attack_melee.atlas
monsters/undead_torch/anim/undead_torch.sprite.attack_melee.png
monsters/undead_torch/anim/undead_torch.sprite.attack_melee.skel
monsters/undead_torch/anim/undead_torch.sprite.combat.atlas
monsters/undead_torch/anim/undead_torch.sprite.combat.png
monsters/undead_torch/anim/undead_torch.sprite.combat.skel
monsters/undead_torch/anim/undead_torch.sprite.dead.atlas
monsters/undead_torch/anim/undead_torch.sprite.dead.png
monsters/undead_torch/anim/undead_torch.sprite.dead.skel
monsters/undead_torch/anim/undead_torch.sprite.defend.atlas
monsters/undead_torch/anim/undead_torch.sprite.defend.png
monsters/undead_torch/anim/undead_torch.sprite.defend.skel
monsters/undead_torch/fx/undead_torch.sprite.fetid_censer_target.atlas
monsters/undead_torch/fx/undead_torch.sprite.fetid_censer_target.png
monsters/undead_torch/fx/undead_torch.sprite.fetid_censer_target.skel
monsters/undead_torch/fx/undead_torch.sprite.sword_strike.atlas
monsters/undead_torch/fx/undead_torch.sprite.sword_strike.png
monsters/undead_torch/fx/undead_torch.sprite.sword_strike.skel
monsters/undead_torch/undead_torch_A/undead_torch_A.art.darkest
monsters/undead_torch/undead_torch_A/undead_torch_A.info.darkest
monsters/undead_torch/undead_torch_B/undead_torch_B.art.darkest
