
-------------------------------------------------------------------------------
Parsing project file - C:\Users\Jacki\Desktop\Thrall Mod Base\thrall.xml
Mod Data Directory = C:/Users/Jacki/Desktop/Thrall Mod Base/

-------------------------------------------------------------------------------
Processing Map Files files...

-------------------------------------------------------------------------------
Running Localization...
Parsing localization/msjournals.string_table.xml
Parsing localization/thrall.string_table.xml

Building Languages
Exporting .loc files

-------------------------------------------------------------------------------
Searching for preview icon file C:/Users/Jacki/Desktop/Thrall Mod Base/preview_icon.png...FOUND!
<UploadMode> - Set to direct_upload


-------------------------------------------------------------------------------
Modded files...

heroes/thrall/thrall_A/anim/thrall.sprite.afflicted.png
heroes/thrall/thrall_A/anim/thrall.sprite.attack_flex.png
heroes/thrall/thrall_A/anim/thrall.sprite.attack_gore.png
heroes/thrall/thrall_A/anim/thrall.sprite.attack_punch_left.png
heroes/thrall/thrall_A/anim/thrall.sprite.attack_punch_right.png
heroes/thrall/thrall_A/anim/thrall.sprite.attack_stomp.png
heroes/thrall/thrall_A/anim/thrall.sprite.attack_trample.png
heroes/thrall/thrall_A/anim/thrall.sprite.camp.png
heroes/thrall/thrall_A/anim/thrall.sprite.combat.png
heroes/thrall/thrall_A/anim/thrall.sprite.defend.png
heroes/thrall/thrall_A/anim/thrall.sprite.heroic.png
heroes/thrall/thrall_A/anim/thrall.sprite.idle.png
heroes/thrall/thrall_A/anim/thrall.sprite.investigate.png
heroes/thrall/thrall_A/anim/thrall.sprite.walk.png
heroes/thrall/thrall_B/anim/thrall.sprite.afflicted.png
heroes/thrall/thrall_B/anim/thrall.sprite.attack_flex.png
heroes/thrall/thrall_B/anim/thrall.sprite.attack_gore.png
heroes/thrall/thrall_B/anim/thrall.sprite.attack_punch_left.png
heroes/thrall/thrall_B/anim/thrall.sprite.attack_punch_right.png
heroes/thrall/thrall_B/anim/thrall.sprite.attack_stomp.png
heroes/thrall/thrall_B/anim/thrall.sprite.attack_trample.png
heroes/thrall/thrall_B/anim/thrall.sprite.camp.png
heroes/thrall/thrall_B/anim/thrall.sprite.combat.png
heroes/thrall/thrall_B/anim/thrall.sprite.defend.png
heroes/thrall/thrall_B/anim/thrall.sprite.heroic.png
heroes/thrall/thrall_B/anim/thrall.sprite.idle.png
heroes/thrall/thrall_B/anim/thrall.sprite.investigate.png
heroes/thrall/thrall_B/anim/thrall.sprite.walk.png
heroes/thrall/thrall_C/anim/thrall.sprite.afflicted.png
heroes/thrall/thrall_C/anim/thrall.sprite.attack_flex.png
heroes/thrall/thrall_C/anim/thrall.sprite.attack_gore.png
heroes/thrall/thrall_C/anim/thrall.sprite.attack_punch_left.png
heroes/thrall/thrall_C/anim/thrall.sprite.attack_punch_right.png
heroes/thrall/thrall_C/anim/thrall.sprite.attack_stomp.png
heroes/thrall/thrall_C/anim/thrall.sprite.attack_trample.png
heroes/thrall/thrall_C/anim/thrall.sprite.camp.png
heroes/thrall/thrall_C/anim/thrall.sprite.combat.png
heroes/thrall/thrall_C/anim/thrall.sprite.defend.png
heroes/thrall/thrall_C/anim/thrall.sprite.heroic.png
heroes/thrall/thrall_C/anim/thrall.sprite.idle.png
heroes/thrall/thrall_C/anim/thrall.sprite.investigate.png
heroes/thrall/thrall_C/anim/thrall.sprite.walk.png
heroes/thrall/thrall_D/anim/thrall.sprite.afflicted.png
heroes/thrall/thrall_D/anim/thrall.sprite.attack_flex.png
heroes/thrall/thrall_D/anim/thrall.sprite.attack_gore.png
heroes/thrall/thrall_D/anim/thrall.sprite.attack_punch_left.png
heroes/thrall/thrall_D/anim/thrall.sprite.attack_punch_right.png
heroes/thrall/thrall_D/anim/thrall.sprite.attack_stomp.png
heroes/thrall/thrall_D/anim/thrall.sprite.attack_trample.png
heroes/thrall/thrall_D/anim/thrall.sprite.camp.png
heroes/thrall/thrall_D/anim/thrall.sprite.combat.png
heroes/thrall/thrall_D/anim/thrall.sprite.defend.png
heroes/thrall/thrall_D/anim/thrall.sprite.heroic.png
heroes/thrall/thrall_D/anim/thrall.sprite.idle.png
heroes/thrall/thrall_D/anim/thrall.sprite.investigate.png
heroes/thrall/thrall_D/anim/thrall.sprite.walk.png
modes/bloodmoon/upgrades/heroes/thrall.upgrades.json
modes/new_game_plus/upgrades/heroes/thrall.upgrades.json
modes/radiant/upgrades/heroes/thrall.upgrades.json
campaign/town/town_event/town_event.image_bonus_recruit_thrall.png
heroes/thrall/anim/thrall.sprite.afflicted.atlas
heroes/thrall/anim/thrall.sprite.afflicted.skel
heroes/thrall/anim/thrall.sprite.attack_flex.atlas
heroes/thrall/anim/thrall.sprite.attack_flex.skel
heroes/thrall/anim/thrall.sprite.attack_gore.atlas
heroes/thrall/anim/thrall.sprite.attack_gore.skel
heroes/thrall/anim/thrall.sprite.attack_punch_left.atlas
heroes/thrall/anim/thrall.sprite.attack_punch_left.skel
heroes/thrall/anim/thrall.sprite.attack_punch_right.atlas
heroes/thrall/anim/thrall.sprite.attack_punch_right.skel
heroes/thrall/anim/thrall.sprite.attack_stomp.atlas
heroes/thrall/anim/thrall.sprite.attack_stomp.skel
heroes/thrall/anim/thrall.sprite.attack_trample.atlas
heroes/thrall/anim/thrall.sprite.attack_trample.skel
heroes/thrall/anim/thrall.sprite.camp.atlas
heroes/thrall/anim/thrall.sprite.camp.skel
heroes/thrall/anim/thrall.sprite.combat.atlas
heroes/thrall/anim/thrall.sprite.combat.skel
heroes/thrall/anim/thrall.sprite.defend.atlas
heroes/thrall/anim/thrall.sprite.defend.skel
heroes/thrall/anim/thrall.sprite.heroic.atlas
heroes/thrall/anim/thrall.sprite.heroic.skel
heroes/thrall/anim/thrall.sprite.idle.atlas
heroes/thrall/anim/thrall.sprite.idle.skel
heroes/thrall/anim/thrall.sprite.investigate.atlas
heroes/thrall/anim/thrall.sprite.investigate.skel
heroes/thrall/anim/thrall.sprite.walk.atlas
heroes/thrall/anim/thrall.sprite.walk.skel
heroes/thrall/fx/leper.sprite.solemnity.png
heroes/thrall/fx/thrall.sprite.gore.atlas
heroes/thrall/fx/thrall.sprite.gore.png
heroes/thrall/fx/thrall.sprite.gore.skel
heroes/thrall/fx/thrall.sprite.indomitable.atlas
heroes/thrall/fx/thrall.sprite.indomitable.png
heroes/thrall/fx/thrall.sprite.indomitable.skel
heroes/thrall/fx/thrall.sprite.maim.atlas
heroes/thrall/fx/thrall.sprite.maim.png
heroes/thrall/fx/thrall.sprite.maim.skel
heroes/thrall/fx/thrall.sprite.savagery.atlas
heroes/thrall/fx/thrall.sprite.savagery.png
heroes/thrall/fx/thrall.sprite.savagery.skel
heroes/thrall/fx/thrall.sprite.solemnity.atlas
heroes/thrall/fx/thrall.sprite.solemnity.skel
heroes/thrall/fx/thrall.sprite.torment.atlas
heroes/thrall/fx/thrall.sprite.torment.png
heroes/thrall/fx/thrall.sprite.torment.skel
heroes/thrall/fx/thrall.sprite.trample.atlas
heroes/thrall/fx/thrall.sprite.trample.png
heroes/thrall/fx/thrall.sprite.trample.skel
heroes/thrall/fx/thrall.sprite.tremors.atlas
heroes/thrall/fx/thrall.sprite.tremors.png
heroes/thrall/fx/thrall.sprite.tremors.skel
heroes/thrall/fx/thrall.sprite.tremors_target.atlas
heroes/thrall/fx/thrall.sprite.tremors_target.png
heroes/thrall/fx/thrall.sprite.tremors_target.skel
heroes/thrall/icons_equip/eqp_armour_0.png
heroes/thrall/icons_equip/eqp_armour_1.png
heroes/thrall/icons_equip/eqp_armour_2.png
heroes/thrall/icons_equip/eqp_armour_3.png
heroes/thrall/icons_equip/eqp_armour_4.png
heroes/thrall/icons_equip/eqp_weapon_0.png
heroes/thrall/icons_equip/eqp_weapon_1.png
heroes/thrall/icons_equip/eqp_weapon_2.png
heroes/thrall/icons_equip/eqp_weapon_3.png
heroes/thrall/icons_equip/eqp_weapon_4.png
heroes/thrall/thrall_A/thrall_portrait_roster.png
heroes/thrall/thrall_B/thrall_portrait_roster.png
heroes/thrall/thrall_C/thrall_portrait_roster.png
heroes/thrall/thrall_D/thrall_portrait_roster.png
panels/icons_equip/trinket/inv_trinket+thrall_impaling_pauldron.png
panels/icons_equip/trinket/inv_trinket+thrall_mazekeepers_girdle.png
panels/icons_equip/trinket/inv_trinket+thrall_splintered_trident.png
panels/icons_equip/trinket/inv_trinket+thrall_stampeding_girdle.png
panels/icons_equip/trinket/inv_trinket+thrall_sturdy_faceplate.png
raid/camping/skill_icons/camp_skill_dominus.png
raid/camping/skill_icons/camp_skill_isolate.png
raid/camping/skill_icons/camp_skill_punching_bag.png
raid/camping/skill_icons/camp_skill_unbreakable_body.png
audio/secondary_banks/hero_thrall.bank
campaign/town_events/thrall.town_events.events.json
heroes/thrall/thrall.ability.five.png
