
-------------------------------------------------------------------------------
Parsing project file - C:\DD_modsP\onnabushi HANA\data\project.xml
Mod Data Directory = C:/DD_modsP/onnabushi HANA/data/

-------------------------------------------------------------------------------
Processing Map Files files...

-------------------------------------------------------------------------------
Running Localization...
Parsing localization/onnabushi.string_table.xml

Building Languages
Exporting .loc files

-------------------------------------------------------------------------------
Searching for preview icon file C:/DD_modsP/onnabushi HANA/data/preview_icon.png...FOUND!
<UploadMode> - Set to direct_upload


-------------------------------------------------------------------------------
Modded files...

heroes/onnabushi/onnabushi_A/anim/onnabushi.sprite.afflicted.png
heroes/onnabushi/onnabushi_A/anim/onnabushi.sprite.attack_chain.png
heroes/onnabushi/onnabushi_A/anim/onnabushi.sprite.attack_charge.png
heroes/onnabushi/onnabushi_A/anim/onnabushi.sprite.attack_high.png
heroes/onnabushi/onnabushi_A/anim/onnabushi.sprite.attack_mace.png
heroes/onnabushi/onnabushi_A/anim/onnabushi.sprite.attack_pierce.png
heroes/onnabushi/onnabushi_A/anim/onnabushi.sprite.attack_pistol.png
heroes/onnabushi/onnabushi_A/anim/onnabushi.sprite.attack_sword.png
heroes/onnabushi/onnabushi_A/anim/onnabushi.sprite.camp.png
heroes/onnabushi/onnabushi_A/anim/onnabushi.sprite.combat.png
heroes/onnabushi/onnabushi_A/anim/onnabushi.sprite.defend.png
heroes/onnabushi/onnabushi_A/anim/onnabushi.sprite.heroic.png
heroes/onnabushi/onnabushi_A/anim/onnabushi.sprite.idle.png
heroes/onnabushi/onnabushi_A/anim/onnabushi.sprite.investigate.png
heroes/onnabushi/onnabushi_A/anim/onnabushi.sprite.walk.png
heroes/onnabushi/onnabushi_B/anim/onnabushi.sprite.afflicted.png
heroes/onnabushi/onnabushi_B/anim/onnabushi.sprite.attack_chain.png
heroes/onnabushi/onnabushi_B/anim/onnabushi.sprite.attack_charge.png
heroes/onnabushi/onnabushi_B/anim/onnabushi.sprite.attack_high.png
heroes/onnabushi/onnabushi_B/anim/onnabushi.sprite.attack_mace.png
heroes/onnabushi/onnabushi_B/anim/onnabushi.sprite.attack_pierce.png
heroes/onnabushi/onnabushi_B/anim/onnabushi.sprite.attack_pistol.png
heroes/onnabushi/onnabushi_B/anim/onnabushi.sprite.attack_sword.png
heroes/onnabushi/onnabushi_B/anim/onnabushi.sprite.camp.png
heroes/onnabushi/onnabushi_B/anim/onnabushi.sprite.combat.png
heroes/onnabushi/onnabushi_B/anim/onnabushi.sprite.defend.png
heroes/onnabushi/onnabushi_B/anim/onnabushi.sprite.heroic.png
heroes/onnabushi/onnabushi_B/anim/onnabushi.sprite.idle.png
heroes/onnabushi/onnabushi_B/anim/onnabushi.sprite.investigate.png
heroes/onnabushi/onnabushi_B/anim/onnabushi.sprite.walk.png
heroes/onnabushi/onnabushi_C/anim/onnabushi.sprite.afflicted.png
heroes/onnabushi/onnabushi_C/anim/onnabushi.sprite.attack_chain.png
heroes/onnabushi/onnabushi_C/anim/onnabushi.sprite.attack_charge.png
heroes/onnabushi/onnabushi_C/anim/onnabushi.sprite.attack_high.png
heroes/onnabushi/onnabushi_C/anim/onnabushi.sprite.attack_mace.png
heroes/onnabushi/onnabushi_C/anim/onnabushi.sprite.attack_pierce.png
heroes/onnabushi/onnabushi_C/anim/onnabushi.sprite.attack_pistol.png
heroes/onnabushi/onnabushi_C/anim/onnabushi.sprite.attack_sword.png
heroes/onnabushi/onnabushi_C/anim/onnabushi.sprite.camp.png
heroes/onnabushi/onnabushi_C/anim/onnabushi.sprite.combat.png
heroes/onnabushi/onnabushi_C/anim/onnabushi.sprite.defend.png
heroes/onnabushi/onnabushi_C/anim/onnabushi.sprite.heroic.png
heroes/onnabushi/onnabushi_C/anim/onnabushi.sprite.idle.png
heroes/onnabushi/onnabushi_C/anim/onnabushi.sprite.investigate.png
heroes/onnabushi/onnabushi_C/anim/onnabushi.sprite.walk.png
heroes/onnabushi/anim/onnabushi.sprite.afflicted.atlas
heroes/onnabushi/anim/onnabushi.sprite.afflicted.skel
heroes/onnabushi/anim/onnabushi.sprite.attack_chain.atlas
heroes/onnabushi/anim/onnabushi.sprite.attack_chain.skel
heroes/onnabushi/anim/onnabushi.sprite.attack_charge.atlas
heroes/onnabushi/anim/onnabushi.sprite.attack_charge.skel
heroes/onnabushi/anim/onnabushi.sprite.attack_high.atlas
heroes/onnabushi/anim/onnabushi.sprite.attack_high.skel
heroes/onnabushi/anim/onnabushi.sprite.attack_mace.atlas
heroes/onnabushi/anim/onnabushi.sprite.attack_mace.skel
heroes/onnabushi/anim/onnabushi.sprite.attack_pierce.atlas
heroes/onnabushi/anim/onnabushi.sprite.attack_pierce.skel
heroes/onnabushi/anim/onnabushi.sprite.attack_pistol.atlas
heroes/onnabushi/anim/onnabushi.sprite.attack_pistol.skel
heroes/onnabushi/anim/onnabushi.sprite.attack_sword.atlas
heroes/onnabushi/anim/onnabushi.sprite.attack_sword.skel
heroes/onnabushi/anim/onnabushi.sprite.camp.atlas
heroes/onnabushi/anim/onnabushi.sprite.camp.skel
heroes/onnabushi/anim/onnabushi.sprite.combat.atlas
heroes/onnabushi/anim/onnabushi.sprite.combat.skel
heroes/onnabushi/anim/onnabushi.sprite.defend.atlas
heroes/onnabushi/anim/onnabushi.sprite.defend.skel
heroes/onnabushi/anim/onnabushi.sprite.heroic.atlas
heroes/onnabushi/anim/onnabushi.sprite.heroic.skel
heroes/onnabushi/anim/onnabushi.sprite.idle.atlas
heroes/onnabushi/anim/onnabushi.sprite.idle.skel
heroes/onnabushi/anim/onnabushi.sprite.investigate.atlas
heroes/onnabushi/anim/onnabushi.sprite.investigate.skel
heroes/onnabushi/anim/onnabushi.sprite.walk.atlas
heroes/onnabushi/anim/onnabushi.sprite.walk.skel
heroes/onnabushi/fx/onnabushi.sprite.blinding_gas_target.atlas
heroes/onnabushi/fx/onnabushi.sprite.blinding_gas_target.png
heroes/onnabushi/fx/onnabushi.sprite.blinding_gas_target.skel
heroes/onnabushi/fx/onnabushi.sprite.breakthru.atlas
heroes/onnabushi/fx/onnabushi.sprite.breakthru.png
heroes/onnabushi/fx/onnabushi.sprite.breakthru.skel
heroes/onnabushi/fx/onnabushi.sprite.crushing_blow.atlas
heroes/onnabushi/fx/onnabushi.sprite.crushing_blow.png
heroes/onnabushi/fx/onnabushi.sprite.crushing_blow.skel
heroes/onnabushi/fx/onnabushi.sprite.pierce.atlas
heroes/onnabushi/fx/onnabushi.sprite.pierce.png
heroes/onnabushi/fx/onnabushi.sprite.pierce.skel
heroes/onnabushi/fx/onnabushi.sprite.rage.atlas
heroes/onnabushi/fx/onnabushi.sprite.rage.png
heroes/onnabushi/fx/onnabushi.sprite.rage.skel
heroes/onnabushi/fx/onnabushi.sprite.skewering_repartee.atlas
heroes/onnabushi/fx/onnabushi.sprite.skewering_repartee.png
heroes/onnabushi/fx/onnabushi.sprite.skewering_repartee.skel
heroes/onnabushi/fx/onnabushi.sprite.sniper_shot_target.atlas
heroes/onnabushi/fx/onnabushi.sprite.sniper_shot_target.png
heroes/onnabushi/fx/onnabushi.sprite.sniper_shot_target.skel
heroes/onnabushi/fx/onnabushi.sprite.spearing_target.atlas
heroes/onnabushi/fx/onnabushi.sprite.spearing_target.png
heroes/onnabushi/fx/onnabushi.sprite.spearing_target.skel
heroes/onnabushi/fx/onnabushi.sprite.stunning_blow_target.atlas
heroes/onnabushi/fx/onnabushi.sprite.stunning_blow_target.png
heroes/onnabushi/fx/onnabushi.sprite.stunning_blow_target.skel
heroes/onnabushi/fx/onnabushi.sprite.tracking_shot.atlas
heroes/onnabushi/fx/onnabushi.sprite.tracking_shot.png
heroes/onnabushi/fx/onnabushi.sprite.tracking_shot.skel
heroes/onnabushi/fx/onnabushi.sprite.trot_retreat.atlas
heroes/onnabushi/fx/onnabushi.sprite.trot_retreat.png
heroes/onnabushi/fx/onnabushi.sprite.trot_retreat.skel
heroes/onnabushi/fx/onnabushi.sprite.vomit_target.atlas
heroes/onnabushi/fx/onnabushi.sprite.vomit_target.png
heroes/onnabushi/fx/onnabushi.sprite.vomit_target.skel
heroes/onnabushi/fx/onnabushi.sprite.wicked_hack.atlas
heroes/onnabushi/fx/onnabushi.sprite.wicked_hack.png
heroes/onnabushi/fx/onnabushi.sprite.wicked_hack.skel
heroes/onnabushi/icons_equip/eqp_armour_0.png
heroes/onnabushi/icons_equip/eqp_armour_1.png
heroes/onnabushi/icons_equip/eqp_armour_2.png
heroes/onnabushi/icons_equip/eqp_armour_3.png
heroes/onnabushi/icons_equip/eqp_armour_4.png
heroes/onnabushi/icons_equip/eqp_weapon_0.png
heroes/onnabushi/icons_equip/eqp_weapon_1.png
heroes/onnabushi/icons_equip/eqp_weapon_2.png
heroes/onnabushi/icons_equip/eqp_weapon_3.png
heroes/onnabushi/icons_equip/eqp_weapon_4.png
heroes/onnabushi/onnabushi_A/onnabushi_portrait_roster.png
heroes/onnabushi/onnabushi_B/onnabushi_portrait_roster.png
