
-------------------------------------------------------------------------------
Parsing project file - C:\Users\Jacki\Desktop\Lamia Mod Base\lamia.xml
Mod Data Directory = C:/Users/Jacki/Desktop/Lamia Mod Base/

-------------------------------------------------------------------------------
Processing Map Files files...

-------------------------------------------------------------------------------
Running Localization...
Parsing localization/lamia.string_table.xml
Parsing localization/msjournals.string_table.xml
Parsing localization/mstooltips.string_table.xml

Building Languages
Exporting .loc files

-------------------------------------------------------------------------------
Searching for preview icon file C:/Users/Jacki/Desktop/Lamia Mod Base/preview_icon.png...FOUND!
<UploadMode> - Set to direct_upload


-------------------------------------------------------------------------------
Modded files...

heroes/lamia/lamia_A/anim/lamia.sprite.afflicted.png
heroes/lamia/lamia_A/anim/lamia.sprite.attack_allure.png
heroes/lamia/lamia_A/anim/lamia.sprite.attack_claw.png
heroes/lamia/lamia_A/anim/lamia.sprite.attack_heal.png
heroes/lamia/lamia_A/anim/lamia.sprite.attack_sing.png
heroes/lamia/lamia_A/anim/lamia.sprite.attack_spit.png
heroes/lamia/lamia_A/anim/lamia.sprite.attack_transform.png
heroes/lamia/lamia_A/anim/lamia.sprite.camp.png
heroes/lamia/lamia_A/anim/lamia.sprite.combat.png
heroes/lamia/lamia_A/anim/lamia.sprite.defend.png
heroes/lamia/lamia_A/anim/lamia.sprite.heroic.png
heroes/lamia/lamia_A/anim/lamia.sprite.idle.png
heroes/lamia/lamia_A/anim/lamia.sprite.investigate.png
heroes/lamia/lamia_A/anim/lamia.sprite.walk.png
heroes/lamia/lamia_B/anim/lamia.sprite.afflicted.png
heroes/lamia/lamia_B/anim/lamia.sprite.attack_allure.png
heroes/lamia/lamia_B/anim/lamia.sprite.attack_claw.png
heroes/lamia/lamia_B/anim/lamia.sprite.attack_heal.png
heroes/lamia/lamia_B/anim/lamia.sprite.attack_sing.png
heroes/lamia/lamia_B/anim/lamia.sprite.attack_spit.png
heroes/lamia/lamia_B/anim/lamia.sprite.attack_transform.png
heroes/lamia/lamia_B/anim/lamia.sprite.camp.png
heroes/lamia/lamia_B/anim/lamia.sprite.combat.png
heroes/lamia/lamia_B/anim/lamia.sprite.defend.png
heroes/lamia/lamia_B/anim/lamia.sprite.heroic.png
heroes/lamia/lamia_B/anim/lamia.sprite.idle.png
heroes/lamia/lamia_B/anim/lamia.sprite.investigate.png
heroes/lamia/lamia_B/anim/lamia.sprite.walk.png
heroes/lamia/lamia_C/anim/lamia.sprite.afflicted.png
heroes/lamia/lamia_C/anim/lamia.sprite.attack_allure.png
heroes/lamia/lamia_C/anim/lamia.sprite.attack_claw.png
heroes/lamia/lamia_C/anim/lamia.sprite.attack_heal.png
heroes/lamia/lamia_C/anim/lamia.sprite.attack_sing.png
heroes/lamia/lamia_C/anim/lamia.sprite.attack_spit.png
heroes/lamia/lamia_C/anim/lamia.sprite.attack_transform.png
heroes/lamia/lamia_C/anim/lamia.sprite.camp.png
heroes/lamia/lamia_C/anim/lamia.sprite.combat.png
heroes/lamia/lamia_C/anim/lamia.sprite.defend.png
heroes/lamia/lamia_C/anim/lamia.sprite.heroic.png
heroes/lamia/lamia_C/anim/lamia.sprite.idle.png
heroes/lamia/lamia_C/anim/lamia.sprite.investigate.png
heroes/lamia/lamia_C/anim/lamia.sprite.walk.png
heroes/lamia/lamia_D/anim/lamia.sprite.afflicted.png
heroes/lamia/lamia_D/anim/lamia.sprite.attack_allure.png
heroes/lamia/lamia_D/anim/lamia.sprite.attack_claw.png
heroes/lamia/lamia_D/anim/lamia.sprite.attack_heal.png
heroes/lamia/lamia_D/anim/lamia.sprite.attack_sing.png
heroes/lamia/lamia_D/anim/lamia.sprite.attack_spit.png
heroes/lamia/lamia_D/anim/lamia.sprite.attack_transform.png
heroes/lamia/lamia_D/anim/lamia.sprite.camp.png
heroes/lamia/lamia_D/anim/lamia.sprite.combat.png
heroes/lamia/lamia_D/anim/lamia.sprite.defend.png
heroes/lamia/lamia_D/anim/lamia.sprite.heroic.png
heroes/lamia/lamia_D/anim/lamia.sprite.idle.png
heroes/lamia/lamia_D/anim/lamia.sprite.investigate.png
heroes/lamia/lamia_D/anim/lamia.sprite.walk.png
modes/bloodmoon/upgrades/heroes/lamia.upgrades.json
modes/new_game_plus/upgrades/heroes/lamia.upgrades.json
modes/radiant/upgrades/heroes/lamia.upgrades.json
campaign/town/town_event/town_event.image_idle_resolve_level_lamia.png
heroes/lamia/anim/lamia.sprite.afflicted.atlas
heroes/lamia/anim/lamia.sprite.afflicted.skel
heroes/lamia/anim/lamia.sprite.attack_allure.atlas
heroes/lamia/anim/lamia.sprite.attack_allure.skel
heroes/lamia/anim/lamia.sprite.attack_claw.atlas
heroes/lamia/anim/lamia.sprite.attack_claw.skel
heroes/lamia/anim/lamia.sprite.attack_heal.atlas
heroes/lamia/anim/lamia.sprite.attack_heal.skel
heroes/lamia/anim/lamia.sprite.attack_sing.atlas
heroes/lamia/anim/lamia.sprite.attack_sing.skel
heroes/lamia/anim/lamia.sprite.attack_spit.atlas
heroes/lamia/anim/lamia.sprite.attack_spit.skel
heroes/lamia/anim/lamia.sprite.attack_transform.atlas
heroes/lamia/anim/lamia.sprite.attack_transform.skel
heroes/lamia/anim/lamia.sprite.camp.atlas
heroes/lamia/anim/lamia.sprite.camp.skel
heroes/lamia/anim/lamia.sprite.combat.atlas
heroes/lamia/anim/lamia.sprite.combat.skel
heroes/lamia/anim/lamia.sprite.defend.atlas
heroes/lamia/anim/lamia.sprite.defend.skel
heroes/lamia/anim/lamia.sprite.heroic.atlas
heroes/lamia/anim/lamia.sprite.heroic.skel
heroes/lamia/anim/lamia.sprite.idle.atlas
heroes/lamia/anim/lamia.sprite.idle.skel
heroes/lamia/anim/lamia.sprite.investigate.atlas
heroes/lamia/anim/lamia.sprite.investigate.skel
heroes/lamia/anim/lamia.sprite.walk.atlas
heroes/lamia/anim/lamia.sprite.walk.skel
heroes/lamia/fx/abomination.sprite.transform.png
heroes/lamia/fx/fishman_shaman.sprite.heal_target.png
heroes/lamia/fx/lamia.sprite.arietta.atlas
heroes/lamia/fx/lamia.sprite.arietta.png
heroes/lamia/fx/lamia.sprite.arietta.skel
heroes/lamia/fx/lamia.sprite.captivate.atlas
heroes/lamia/fx/lamia.sprite.captivate.png
heroes/lamia/fx/lamia.sprite.captivate.skel
heroes/lamia/fx/lamia.sprite.cleanse.atlas
heroes/lamia/fx/lamia.sprite.cleanse.png
heroes/lamia/fx/lamia.sprite.cleanse.skel
heroes/lamia/fx/lamia.sprite.heal_target.atlas
heroes/lamia/fx/lamia.sprite.heal_target.skel
heroes/lamia/fx/lamia.sprite.hiss.atlas
heroes/lamia/fx/lamia.sprite.hiss.png
heroes/lamia/fx/lamia.sprite.hiss.skel
heroes/lamia/fx/lamia.sprite.petrifying_gaze.atlas
heroes/lamia/fx/lamia.sprite.petrifying_gaze.png
heroes/lamia/fx/lamia.sprite.petrifying_gaze.skel
heroes/lamia/fx/lamia.sprite.slither.atlas
heroes/lamia/fx/lamia.sprite.slither.png
heroes/lamia/fx/lamia.sprite.slither.skel
heroes/lamia/fx/lamia.sprite.spit_target.atlas
heroes/lamia/fx/lamia.sprite.spit_target.skel
heroes/lamia/fx/lamia.sprite.transform.atlas
heroes/lamia/fx/lamia.sprite.transform.skel
heroes/lamia/fx/plague_doctor.sprite.battlefield_medicine_target.png
heroes/lamia/fx/spider_spitter.sprite.spit_target.png
heroes/lamia/icons_equip/eqp_armour_0.png
heroes/lamia/icons_equip/eqp_armour_1.png
heroes/lamia/icons_equip/eqp_armour_2.png
heroes/lamia/icons_equip/eqp_armour_3.png
heroes/lamia/icons_equip/eqp_armour_4.png
heroes/lamia/icons_equip/eqp_weapon_0.png
heroes/lamia/icons_equip/eqp_weapon_1.png
heroes/lamia/icons_equip/eqp_weapon_2.png
heroes/lamia/icons_equip/eqp_weapon_3.png
heroes/lamia/icons_equip/eqp_weapon_4.png
heroes/lamia/lamia_A/lamia_portrait_roster.png
heroes/lamia/lamia_B/lamia_portrait_roster.png
heroes/lamia/lamia_C/lamia_portrait_roster.png
heroes/lamia/lamia_D/lamia_portrait_roster.png
panels/icons_equip/trinket/inv_trinket+temptress_caregivers_ring.png
panels/icons_equip/trinket/inv_trinket+temptress_deceivers_tiara.png
panels/icons_equip/trinket/inv_trinket+temptress_fleeting_earrings.png
panels/icons_equip/trinket/inv_trinket+temptress_lovely_necklet.png
panels/icons_equip/trinket/inv_trinket+temptress_vengeful_bracelet.png
raid/camping/skill_icons/camp_skill_immodest_vanity.png
raid/camping/skill_icons/camp_skill_serpents_kiss.png
raid/camping/skill_icons/camp_skill_soothing_presence.png
raid/camping/skill_icons/camp_skill_stalk_prey.png
audio/secondary_banks/hero_lamia.bank
campaign/town/town_bg_lamia_resolve.png
campaign/town/town_render_data.json
campaign/town_events/lamia.town_events.events.json
heroes/lamia/lamia.ability.five.png
heroes/lamia/lamia.ability.four.png
heroes/lamia/lamia.ability.one.png
heroes/lamia/lamia.ability.seven.png
