
-------------------------------------------------------------------------------
Parsing project file - C:\Program Files (x86)\Steam\steamapps\common\DarkestDungeon\mods\Apostate\apostate.xml
Mod Data Directory = C:/Program Files (x86)/Steam/steamapps/common/DarkestDungeon/mods/Apostate/

-------------------------------------------------------------------------------
Processing Map Files files...

-------------------------------------------------------------------------------
Running Localization...
Parsing localization/apostate_brazilian.string_table.xml
Parsing localization/apostate_czech.string_table.xml
Parsing localization/apostate_english.string_table.xml
Parsing localization/apostate_french.string_table.xml
Parsing localization/apostate_german.string_table.xml
Parsing localization/apostate_italian.string_table.xml
Parsing localization/apostate_japanese.string_table.xml
Parsing localization/apostate_koreana.string_table.xml
Parsing localization/apostate_koreanb.string_table.xml
Parsing localization/apostate_polish.string_table.xml
Parsing localization/apostate_russian.string_table.xml
Parsing localization/apostate_schinese.string_table.xml
Parsing localization/apostate_spanish.string_table.xml
Parsing localization/apostate_tchinese.string_table.xml

Building Languages
Exporting .loc files

-------------------------------------------------------------------------------
Searching for preview icon file C:/Program Files (x86)/Steam/steamapps/common/DarkestDungeon/mods/Apostate/preview_icon.png...FOUND!
<UploadMode> - Set to direct_upload


-------------------------------------------------------------------------------
Modded files...

heroes/apostate/apostate_A/anim/apostate.sprite.afflicted.png
heroes/apostate/apostate_A/anim/apostate.sprite.attack_heal.png
heroes/apostate/apostate_A/anim/apostate.sprite.attack_lectionary.png
heroes/apostate/apostate_A/anim/apostate.sprite.attack_mace.png
heroes/apostate/apostate_A/anim/apostate.sprite.attack_miracle.png
heroes/apostate/apostate_A/anim/apostate.sprite.camp.png
heroes/apostate/apostate_A/anim/apostate.sprite.combat.png
heroes/apostate/apostate_A/anim/apostate.sprite.defend.png
heroes/apostate/apostate_A/anim/apostate.sprite.heroic.png
heroes/apostate/apostate_A/anim/apostate.sprite.idle.png
heroes/apostate/apostate_A/anim/apostate.sprite.investigate.png
heroes/apostate/apostate_A/anim/apostate.sprite.walk.png
heroes/apostate/apostate_B/anim/apostate.sprite.afflicted.png
heroes/apostate/apostate_B/anim/apostate.sprite.attack_heal.png
heroes/apostate/apostate_B/anim/apostate.sprite.attack_lectionary.png
heroes/apostate/apostate_B/anim/apostate.sprite.attack_mace.png
heroes/apostate/apostate_B/anim/apostate.sprite.attack_miracle.png
heroes/apostate/apostate_B/anim/apostate.sprite.camp.png
heroes/apostate/apostate_B/anim/apostate.sprite.combat.png
heroes/apostate/apostate_B/anim/apostate.sprite.defend.png
heroes/apostate/apostate_B/anim/apostate.sprite.heroic.png
heroes/apostate/apostate_B/anim/apostate.sprite.idle.png
heroes/apostate/apostate_B/anim/apostate.sprite.investigate.png
heroes/apostate/apostate_B/anim/apostate.sprite.walk.png
heroes/apostate/apostate_C/anim/apostate.sprite.afflicted.png
heroes/apostate/apostate_C/anim/apostate.sprite.attack_heal.png
heroes/apostate/apostate_C/anim/apostate.sprite.attack_lectionary.png
heroes/apostate/apostate_C/anim/apostate.sprite.attack_mace.png
heroes/apostate/apostate_C/anim/apostate.sprite.attack_miracle.png
heroes/apostate/apostate_C/anim/apostate.sprite.camp.png
heroes/apostate/apostate_C/anim/apostate.sprite.combat.png
heroes/apostate/apostate_C/anim/apostate.sprite.defend.png
heroes/apostate/apostate_C/anim/apostate.sprite.heroic.png
heroes/apostate/apostate_C/anim/apostate.sprite.idle.png
heroes/apostate/apostate_C/anim/apostate.sprite.investigate.png
heroes/apostate/apostate_C/anim/apostate.sprite.walk.png
heroes/apostate/apostate_D/anim/apostate.sprite.afflicted.png
heroes/apostate/apostate_D/anim/apostate.sprite.attack_heal.png
heroes/apostate/apostate_D/anim/apostate.sprite.attack_lectionary.png
heroes/apostate/apostate_D/anim/apostate.sprite.attack_mace.png
heroes/apostate/apostate_D/anim/apostate.sprite.attack_miracle.png
heroes/apostate/apostate_D/anim/apostate.sprite.camp.png
heroes/apostate/apostate_D/anim/apostate.sprite.combat.png
heroes/apostate/apostate_D/anim/apostate.sprite.defend.png
heroes/apostate/apostate_D/anim/apostate.sprite.heroic.png
heroes/apostate/apostate_D/anim/apostate.sprite.idle.png
heroes/apostate/apostate_D/anim/apostate.sprite.investigate.png
heroes/apostate/apostate_D/anim/apostate.sprite.walk.png
heroes/apostate/apostate_E/anim/apostate.sprite.afflicted.png
heroes/apostate/apostate_E/anim/apostate.sprite.attack_heal.png
heroes/apostate/apostate_E/anim/apostate.sprite.attack_lectionary.png
heroes/apostate/apostate_E/anim/apostate.sprite.attack_mace.png
heroes/apostate/apostate_E/anim/apostate.sprite.attack_miracle.png
heroes/apostate/apostate_E/anim/apostate.sprite.camp.png
heroes/apostate/apostate_E/anim/apostate.sprite.combat.png
heroes/apostate/apostate_E/anim/apostate.sprite.defend.png
heroes/apostate/apostate_E/anim/apostate.sprite.heroic.png
heroes/apostate/apostate_E/anim/apostate.sprite.idle.png
heroes/apostate/apostate_E/anim/apostate.sprite.investigate.png
heroes/apostate/apostate_E/anim/apostate.sprite.walk.png
heroes/apostate/apostate_F/anim/apostate.sprite.afflicted.png
heroes/apostate/apostate_F/anim/apostate.sprite.attack_heal.png
heroes/apostate/apostate_F/anim/apostate.sprite.attack_lectionary.png
heroes/apostate/apostate_F/anim/apostate.sprite.attack_mace.png
heroes/apostate/apostate_F/anim/apostate.sprite.attack_miracle.png
heroes/apostate/apostate_F/anim/apostate.sprite.camp.png
heroes/apostate/apostate_F/anim/apostate.sprite.combat.png
heroes/apostate/apostate_F/anim/apostate.sprite.defend.png
heroes/apostate/apostate_F/anim/apostate.sprite.heroic.png
heroes/apostate/apostate_F/anim/apostate.sprite.idle.png
heroes/apostate/apostate_F/anim/apostate.sprite.investigate.png
heroes/apostate/apostate_F/anim/apostate.sprite.walk.png
modes/bloodmoon/upgrades/heroes/apostate.upgrades.json
modes/new_game_plus/upgrades/heroes/apostate.upgrades.json
modes/radiant/upgrades/heroes/apostate.upgrades.json
campaign/town/town_event/town_event.image_bonus_recruit_apostate_necromancer_dead.png
campaign/town/town_event/town_event.image_embark_party_buff_apostates.png
heroes/apostate/anim/apostate.sprite.afflicted.atlas
heroes/apostate/anim/apostate.sprite.afflicted.skel
heroes/apostate/anim/apostate.sprite.attack_heal.atlas
heroes/apostate/anim/apostate.sprite.attack_heal.skel
heroes/apostate/anim/apostate.sprite.attack_lectionary.atlas
heroes/apostate/anim/apostate.sprite.attack_lectionary.skel
heroes/apostate/anim/apostate.sprite.attack_mace.atlas
heroes/apostate/anim/apostate.sprite.attack_mace.skel
heroes/apostate/anim/apostate.sprite.attack_miracle.atlas
heroes/apostate/anim/apostate.sprite.attack_miracle.skel
heroes/apostate/anim/apostate.sprite.camp.atlas
heroes/apostate/anim/apostate.sprite.camp.skel
heroes/apostate/anim/apostate.sprite.combat.atlas
heroes/apostate/anim/apostate.sprite.combat.skel
heroes/apostate/anim/apostate.sprite.defend.atlas
heroes/apostate/anim/apostate.sprite.defend.skel
heroes/apostate/anim/apostate.sprite.heroic.atlas
heroes/apostate/anim/apostate.sprite.heroic.skel
heroes/apostate/anim/apostate.sprite.idle.atlas
heroes/apostate/anim/apostate.sprite.idle.skel
heroes/apostate/anim/apostate.sprite.investigate.atlas
heroes/apostate/anim/apostate.sprite.investigate.skel
heroes/apostate/anim/apostate.sprite.walk.atlas
heroes/apostate/anim/apostate.sprite.walk.skel
heroes/apostate/apostate_A/apostate_portrait_roster.png
heroes/apostate/apostate_B/apostate_portrait_roster.png
heroes/apostate/apostate_C/apostate_portrait_roster.png
heroes/apostate/apostate_D/apostate_portrait_roster.png
heroes/apostate/apostate_E/apostate_portrait_roster.png
heroes/apostate/apostate_F/apostate_portrait_roster.png
heroes/apostate/fx/apostate.sprite.dazzling_light.atlas
heroes/apostate/fx/apostate.sprite.dazzling_light.png
heroes/apostate/fx/apostate.sprite.dazzling_light.skel
