
-------------------------------------------------------------------------------
Parsing project file - C:\Users\cadaro1\Desktop\tactician Mod\project.xml
Mod Data Directory = c:/Users/cadaro1/Desktop/tactician Mod/

-------------------------------------------------------------------------------
Processing Map Files files...

-------------------------------------------------------------------------------
Running Localization...
Parsing localization/tactician.string_table.xml

Building Languages
Exporting .loc files

-------------------------------------------------------------------------------
Searching for preview icon file c:/Users/cadaro1/Desktop/tactician Mod/preview_icon.png...FOUND!
<UploadMode> - Set to direct_upload


-------------------------------------------------------------------------------
Modded files...

heroes/tactician/tactician_A/anim/tactician.sprite.afflicted.png
heroes/tactician/tactician_A/anim/tactician.sprite.attack_intimidate.png
heroes/tactician/tactician_A/anim/tactician.sprite.attack_lunge.png
heroes/tactician/tactician_A/anim/tactician.sprite.attack_pistol.png
heroes/tactician/tactician_A/anim/tactician.sprite.attack_ranged.png
heroes/tactician/tactician_A/anim/tactician.sprite.attack_slice.png
heroes/tactician/tactician_A/anim/tactician.sprite.camp.png
heroes/tactician/tactician_A/anim/tactician.sprite.combat.png
heroes/tactician/tactician_A/anim/tactician.sprite.defend.png
heroes/tactician/tactician_A/anim/tactician.sprite.heroic.png
heroes/tactician/tactician_A/anim/tactician.sprite.idle.png
heroes/tactician/tactician_A/anim/tactician.sprite.investigate.png
heroes/tactician/tactician_A/anim/tactician.sprite.walk.png
heroes/tactician/tactician_B/anim/tactician.sprite.afflicted.png
heroes/tactician/tactician_B/anim/tactician.sprite.attack_intimidate.png
heroes/tactician/tactician_B/anim/tactician.sprite.attack_lunge.png
heroes/tactician/tactician_B/anim/tactician.sprite.attack_pistol.png
heroes/tactician/tactician_B/anim/tactician.sprite.attack_ranged.png
heroes/tactician/tactician_B/anim/tactician.sprite.attack_slice.png
heroes/tactician/tactician_B/anim/tactician.sprite.camp.png
heroes/tactician/tactician_B/anim/tactician.sprite.combat.png
heroes/tactician/tactician_B/anim/tactician.sprite.defend.png
heroes/tactician/tactician_B/anim/tactician.sprite.heroic.png
heroes/tactician/tactician_B/anim/tactician.sprite.idle.png
heroes/tactician/tactician_B/anim/tactician.sprite.investigate.png
heroes/tactician/tactician_B/anim/tactician.sprite.walk.png
heroes/tactician/tactician_C/anim/tactician.sprite.afflicted.png
heroes/tactician/tactician_C/anim/tactician.sprite.attack_intimidate.png
heroes/tactician/tactician_C/anim/tactician.sprite.attack_lunge.png
heroes/tactician/tactician_C/anim/tactician.sprite.attack_pistol.png
heroes/tactician/tactician_C/anim/tactician.sprite.attack_ranged.png
heroes/tactician/tactician_C/anim/tactician.sprite.attack_slice.png
heroes/tactician/tactician_C/anim/tactician.sprite.camp.png
heroes/tactician/tactician_C/anim/tactician.sprite.combat.png
heroes/tactician/tactician_C/anim/tactician.sprite.defend.png
heroes/tactician/tactician_C/anim/tactician.sprite.heroic.png
heroes/tactician/tactician_C/anim/tactician.sprite.idle.png
heroes/tactician/tactician_C/anim/tactician.sprite.investigate.png
heroes/tactician/tactician_C/anim/tactician.sprite.walk.png
heroes/tactician/tactician_D/anim/tactician.sprite.afflicted.png
heroes/tactician/tactician_D/anim/tactician.sprite.attack_intimidate.png
heroes/tactician/tactician_D/anim/tactician.sprite.attack_lunge.png
heroes/tactician/tactician_D/anim/tactician.sprite.attack_pistol.png
heroes/tactician/tactician_D/anim/tactician.sprite.attack_ranged.png
heroes/tactician/tactician_D/anim/tactician.sprite.attack_slice.png
heroes/tactician/tactician_D/anim/tactician.sprite.camp.png
heroes/tactician/tactician_D/anim/tactician.sprite.combat.png
heroes/tactician/tactician_D/anim/tactician.sprite.defend.png
heroes/tactician/tactician_D/anim/tactician.sprite.heroic.png
heroes/tactician/tactician_D/anim/tactician.sprite.idle.png
heroes/tactician/tactician_D/anim/tactician.sprite.investigate.png
heroes/tactician/tactician_D/anim/tactician.sprite.walk.png
heroes/tactician/anim/tactician.sprite.afflicted.atlas
heroes/tactician/anim/tactician.sprite.afflicted.skel
heroes/tactician/anim/tactician.sprite.attack_intimidate.atlas
heroes/tactician/anim/tactician.sprite.attack_intimidate.skel
heroes/tactician/anim/tactician.sprite.attack_lunge.atlas
heroes/tactician/anim/tactician.sprite.attack_lunge.skel
heroes/tactician/anim/tactician.sprite.attack_pistol.atlas
heroes/tactician/anim/tactician.sprite.attack_pistol.skel
heroes/tactician/anim/tactician.sprite.attack_ranged.atlas
heroes/tactician/anim/tactician.sprite.attack_ranged.skel
heroes/tactician/anim/tactician.sprite.attack_slice.atlas
heroes/tactician/anim/tactician.sprite.attack_slice.skel
heroes/tactician/anim/tactician.sprite.camp.atlas
heroes/tactician/anim/tactician.sprite.camp.skel
heroes/tactician/anim/tactician.sprite.combat.atlas
heroes/tactician/anim/tactician.sprite.combat.skel
heroes/tactician/anim/tactician.sprite.defend.atlas
heroes/tactician/anim/tactician.sprite.defend.skel
heroes/tactician/anim/tactician.sprite.heroic.atlas
heroes/tactician/anim/tactician.sprite.heroic.skel
heroes/tactician/anim/tactician.sprite.idle.atlas
heroes/tactician/anim/tactician.sprite.idle.skel
heroes/tactician/anim/tactician.sprite.investigate.atlas
heroes/tactician/anim/tactician.sprite.investigate.skel
heroes/tactician/anim/tactician.sprite.walk.atlas
heroes/tactician/anim/tactician.sprite.walk.skel
heroes/tactician/fx/tactician.sprite.gods_hand_target.atlas
heroes/tactician/fx/tactician.sprite.gods_hand_target.png
heroes/tactician/fx/tactician.sprite.gods_hand_target.skel
heroes/tactician/fx/tactician.sprite.hounds_harry.atlas
heroes/tactician/fx/tactician.sprite.hounds_harry.png
heroes/tactician/fx/tactician.sprite.hounds_harry.skel
heroes/tactician/fx/tactician.sprite.opened_vein.atlas
heroes/tactician/fx/tactician.sprite.opened_vein.png
heroes/tactician/fx/tactician.sprite.opened_vein.skel
heroes/tactician/fx/tactician.sprite.protect_me.atlas
heroes/tactician/fx/tactician.sprite.protect_me.png
heroes/tactician/fx/tactician.sprite.protect_me.skel
heroes/tactician/fx/tactician.sprite.shadow_fade.atlas
heroes/tactician/fx/tactician.sprite.shadow_fade.png
heroes/tactician/fx/tactician.sprite.shadow_fade.skel
heroes/tactician/fx/tactician.sprite.wicked_slice.atlas
heroes/tactician/fx/tactician.sprite.wicked_slice.png
heroes/tactician/fx/tactician.sprite.wicked_slice.skel
heroes/tactician/icons_equip/eqp_armour_0.png
heroes/tactician/icons_equip/eqp_armour_1.png
heroes/tactician/icons_equip/eqp_armour_2.png
heroes/tactician/icons_equip/eqp_armour_3.png
heroes/tactician/icons_equip/eqp_armour_4.png
heroes/tactician/icons_equip/eqp_weapon_0.png
heroes/tactician/icons_equip/eqp_weapon_1.png
heroes/tactician/icons_equip/eqp_weapon_2.png
heroes/tactician/icons_equip/eqp_weapon_3.png
heroes/tactician/icons_equip/eqp_weapon_4.png
heroes/tactician/tactician_A/tactician_portrait_roster.png
heroes/tactician/tactician_B/tactician_portrait_roster.png
heroes/tactician/tactician_C/tactician_portrait_roster.png
heroes/tactician/tactician_D/tactician_portrait_roster.png
raid/camping/skill_icons/camp_skill_eldritch_prayer.png
raid/camping/skill_icons/camp_skill_tactical_takedown.png
raid/camping/skill_icons/camp_skill_tireless_study.png
audio/secondary_banks/hero_tactician.bank
heroes/tactician/tactician.ability.eight.png
heroes/tactician/tactician.ability.five.png
heroes/tactician/tactician.ability.four.png
heroes/tactician/tactician.ability.one.png
heroes/tactician/tactician.ability.seven.png
heroes/tactician/tactician.ability.six.png
heroes/tactician/tactician.ability.three.png
heroes/tactician/tactician.ability.two.png
heroes/tactician/tactician.art.darkest
heroes/tactician/tactician.info.darkest
heroes/tactician/tactician_guild_header.png
raid/camping/tactician.camping_skills.json
shared/buffs/tactician.buffs.json
upgrades/heroes/tactician.upgrades.json
audio/tactician.campaign.guid_overrides.json
