
-------------------------------------------------------------------------------
Parsing project file - C:\Users\Alonso\Desktop\DD Mod Stuff\The Exorcist\Exorcist Final\exorcistupload.xml
Mod Data Directory = C:/Users/Alonso/Desktop/DD Mod Stuff/The Exorcist/Exorcist Final/

-------------------------------------------------------------------------------
Processing Map Files files...

-------------------------------------------------------------------------------
Running Localization...
Parsing localization/exorcist.string_table.xml

Building Languages
Exporting .loc files

-------------------------------------------------------------------------------
Searching for preview icon file C:/Users/Alonso/Desktop/DD Mod Stuff/The Exorcist/Exorcist Final/preview_icon.png...FOUND!
<UploadMode> - Set to direct_upload


-------------------------------------------------------------------------------
Modded files...

heroes/exorcist/exorcist_A/anim/exorcist.sprite.afflicted.png
heroes/exorcist/exorcist_A/anim/exorcist.sprite.attack_ashes.png
heroes/exorcist/exorcist_A/anim/exorcist.sprite.attack_benediction.png
heroes/exorcist/exorcist_A/anim/exorcist.sprite.attack_chastise.png
heroes/exorcist/exorcist_A/anim/exorcist.sprite.attack_proselytize.png
heroes/exorcist/exorcist_A/anim/exorcist.sprite.attack_vaderetro.png
heroes/exorcist/exorcist_A/anim/exorcist.sprite.attack_wop.png
heroes/exorcist/exorcist_A/anim/exorcist.sprite.camp.png
heroes/exorcist/exorcist_A/anim/exorcist.sprite.combat.png
heroes/exorcist/exorcist_A/anim/exorcist.sprite.defend.png
heroes/exorcist/exorcist_A/anim/exorcist.sprite.heroic.png
heroes/exorcist/exorcist_A/anim/exorcist.sprite.idle.png
heroes/exorcist/exorcist_A/anim/exorcist.sprite.investigate.png
heroes/exorcist/exorcist_A/anim/exorcist.sprite.walk.png
heroes/exorcist/exorcist_E/anim/exorcist.sprite.afflicted.png
heroes/exorcist/exorcist_E/anim/exorcist.sprite.attack_ashes.png
heroes/exorcist/exorcist_E/anim/exorcist.sprite.attack_benediction.png
heroes/exorcist/exorcist_E/anim/exorcist.sprite.attack_chastise.png
heroes/exorcist/exorcist_E/anim/exorcist.sprite.attack_proselytize.png
heroes/exorcist/exorcist_E/anim/exorcist.sprite.attack_vaderetro.png
heroes/exorcist/exorcist_E/anim/exorcist.sprite.attack_wop.png
heroes/exorcist/exorcist_E/anim/exorcist.sprite.camp.png
heroes/exorcist/exorcist_E/anim/exorcist.sprite.combat.png
heroes/exorcist/exorcist_E/anim/exorcist.sprite.defend.png
heroes/exorcist/exorcist_E/anim/exorcist.sprite.heroic.png
heroes/exorcist/exorcist_E/anim/exorcist.sprite.idle.png
heroes/exorcist/exorcist_E/anim/exorcist.sprite.investigate.png
heroes/exorcist/exorcist_E/anim/exorcist.sprite.walk.png
heroes/exorcist/exorcist_F/anim/exorcist.sprite.afflicted.png
heroes/exorcist/exorcist_F/anim/exorcist.sprite.attack_ashes.png
heroes/exorcist/exorcist_F/anim/exorcist.sprite.attack_benediction.png
heroes/exorcist/exorcist_F/anim/exorcist.sprite.attack_chastise.png
heroes/exorcist/exorcist_F/anim/exorcist.sprite.attack_proselytize.png
heroes/exorcist/exorcist_F/anim/exorcist.sprite.attack_vaderetro.png
heroes/exorcist/exorcist_F/anim/exorcist.sprite.attack_wop.png
heroes/exorcist/exorcist_F/anim/exorcist.sprite.camp.png
heroes/exorcist/exorcist_F/anim/exorcist.sprite.combat.png
heroes/exorcist/exorcist_F/anim/exorcist.sprite.defend.png
heroes/exorcist/exorcist_F/anim/exorcist.sprite.heroic.png
heroes/exorcist/exorcist_F/anim/exorcist.sprite.idle.png
heroes/exorcist/exorcist_F/anim/exorcist.sprite.investigate.png
heroes/exorcist/exorcist_F/anim/exorcist.sprite.walk.png
heroes/exorcist/exorcist_G/anim/exorcist.sprite.afflicted.png
heroes/exorcist/exorcist_G/anim/exorcist.sprite.attack_ashes.png
heroes/exorcist/exorcist_G/anim/exorcist.sprite.attack_benediction.png
heroes/exorcist/exorcist_G/anim/exorcist.sprite.attack_chastise.png
heroes/exorcist/exorcist_G/anim/exorcist.sprite.attack_proselytize.png
heroes/exorcist/exorcist_G/anim/exorcist.sprite.attack_vaderetro.png
heroes/exorcist/exorcist_G/anim/exorcist.sprite.attack_wop.png
heroes/exorcist/exorcist_G/anim/exorcist.sprite.camp.png
heroes/exorcist/exorcist_G/anim/exorcist.sprite.combat.png
heroes/exorcist/exorcist_G/anim/exorcist.sprite.defend.png
heroes/exorcist/exorcist_G/anim/exorcist.sprite.heroic.png
heroes/exorcist/exorcist_G/anim/exorcist.sprite.idle.png
heroes/exorcist/exorcist_G/anim/exorcist.sprite.investigate.png
heroes/exorcist/exorcist_G/anim/exorcist.sprite.walk.png
modes/bloodmoon/upgrades/heroes/exorcist.upgrades.json
modes/new_game_plus/upgrades/heroes/exorcist.upgrades.json
modes/radiant/upgrades/heroes/exorcist.upgrades.json
campaign/town/town_event/town_event.image_bonus_recruit_exorcist.png
campaign/town/town_event/town_event.image_first_exorcist.png
campaign/town/town_event/town_event.image_idle_resolve_level_exorcist.png
heroes/exorcist/anim/exorcist.sprite.afflicted.atlas
heroes/exorcist/anim/exorcist.sprite.afflicted.skel
heroes/exorcist/anim/exorcist.sprite.attack_ashes.atlas
heroes/exorcist/anim/exorcist.sprite.attack_ashes.skel
heroes/exorcist/anim/exorcist.sprite.attack_benediction.atlas
heroes/exorcist/anim/exorcist.sprite.attack_benediction.skel
heroes/exorcist/anim/exorcist.sprite.attack_chastise.atlas
heroes/exorcist/anim/exorcist.sprite.attack_chastise.skel
heroes/exorcist/anim/exorcist.sprite.attack_proselytize.atlas
heroes/exorcist/anim/exorcist.sprite.attack_proselytize.skel
heroes/exorcist/anim/exorcist.sprite.attack_vaderetro.atlas
heroes/exorcist/anim/exorcist.sprite.attack_vaderetro.skel
heroes/exorcist/anim/exorcist.sprite.attack_wop.atlas
heroes/exorcist/anim/exorcist.sprite.attack_wop.skel
heroes/exorcist/anim/exorcist.sprite.camp
heroes/exorcist/anim/exorcist.sprite.camp.atlas
heroes/exorcist/anim/exorcist.sprite.camp.skel
heroes/exorcist/anim/exorcist.sprite.combat.atlas
heroes/exorcist/anim/exorcist.sprite.combat.skel
heroes/exorcist/anim/exorcist.sprite.defend.atlas
heroes/exorcist/anim/exorcist.sprite.defend.skel
heroes/exorcist/anim/exorcist.sprite.heroic.atlas
heroes/exorcist/anim/exorcist.sprite.heroic.skel
heroes/exorcist/anim/exorcist.sprite.idle.atlas
heroes/exorcist/anim/exorcist.sprite.idle.skel
heroes/exorcist/anim/exorcist.sprite.investigate.atlas
heroes/exorcist/anim/exorcist.sprite.investigate.skel
heroes/exorcist/anim/exorcist.sprite.walk.atlas
heroes/exorcist/anim/exorcist.sprite.walk.skel
heroes/exorcist/exorcist_A/exorcist_portrait_roster.png
heroes/exorcist/exorcist_E/exorcist_portrait_roster.png
heroes/exorcist/exorcist_F/exorcist_portrait_roster.png
heroes/exorcist/exorcist_G/exorcist_portrait_roster.png
heroes/exorcist/fx/exorcist.sprite.bash.atlas
heroes/exorcist/fx/exorcist.sprite.bash.png
heroes/exorcist/fx/exorcist.sprite.bash.skel
heroes/exorcist/fx/exorcist.sprite.battlefield_bandage_target.atlas
heroes/exorcist/fx/exorcist.sprite.battlefield_bandage_target.png
heroes/exorcist/fx/exorcist.sprite.battlefield_bandage_target.skel
heroes/exorcist/fx/exorcist.sprite.bloodrain.atlas
heroes/exorcist/fx/exorcist.sprite.bloodrain.png
heroes/exorcist/fx/exorcist.sprite.bloodrain.skel
heroes/exorcist/fx/exorcist.sprite.booklight.atlas
heroes/exorcist/fx/exorcist.sprite.booklight.png
heroes/exorcist/fx/exorcist.sprite.booklight.skel
heroes/exorcist/fx/exorcist.sprite.firebrand.atlas
heroes/exorcist/fx/exorcist.sprite.firebrand.png
heroes/exorcist/fx/exorcist.sprite.firebrand.skel
heroes/exorcist/fx/exorcist.sprite.godpower.atlas
heroes/exorcist/fx/exorcist.sprite.godpower.png
heroes/exorcist/fx/exorcist.sprite.godpower.skel
heroes/exorcist/fx/exorcist.sprite.lightbeam.atlas
heroes/exorcist/fx/exorcist.sprite.lightbeam.png
heroes/exorcist/fx/exorcist.sprite.lightbeam.skel
heroes/exorcist/fx/exorcist.sprite.prosel.atlas
heroes/exorcist/fx/exorcist.sprite.prosel.png
heroes/exorcist/fx/exorcist.sprite.prosel.skel
heroes/exorcist/fx/exorcist.sprite.protect_me.atlas
heroes/exorcist/fx/exorcist.sprite.protect_me.png
heroes/exorcist/fx/exorcist.sprite.protect_me.skel
heroes/exorcist/fx/exorcist.sprite.trot_retreat.atlas
heroes/exorcist/fx/exorcist.sprite.trot_retreat.png
heroes/exorcist/fx/exorcist.sprite.trot_retreat.skel
heroes/exorcist/icons_equip/eqp_armour_0.png
