
-------------------------------------------------------------------------------
Parsing project file - C:\Users\Toshiba\Desktop\Upload Files\Riftwatcher Mod Upload\project.xml
Mod Data Directory = C:/Users/Toshiba/Desktop/Upload Files/Riftwatcher Mod Upload/

-------------------------------------------------------------------------------
Processing Map Files files...

-------------------------------------------------------------------------------
Running Localization...
Parsing localization/miscellaneous_watcher.string_table.xml
Parsing localization/trinkets__watcher.string_table.xml
Parsing localization/watcher_brazilian.string_table.xml
Parsing localization/watcher_czech.string_table.xml
Parsing localization/watcher_english.string_table.xml
Parsing localization/watcher_french.string_table.xml
Parsing localization/watcher_german.string_table.xml
Parsing localization/watcher_italian.string_table.xml
Parsing localization/watcher_polish.string_table.xml
Parsing localization/watcher_russian.string_table.xml
Parsing localization/watcher_schinese.string_table.xml
Parsing localization/watcher_spanish.string_table.xml
Parsing localization/watcher_tooltip.string_table.xml

Building Languages
Exporting .loc files

-------------------------------------------------------------------------------
Searching for preview icon file C:/Users/Toshiba/Desktop/Upload Files/Riftwatcher Mod Upload/preview_icon.png...FOUND!
<UploadMode> - Set to direct_upload


-------------------------------------------------------------------------------
Modded files...

dlc/580100_crimson_court/features/crimson_court/campaign/town/provision/crimson_court.provision.layout.darkest
heroes/watcher/watcher_A/anim/watcher.sprite.afflicted.png
heroes/watcher/watcher_A/anim/watcher.sprite.attack_dagger.png
heroes/watcher/watcher_A/anim/watcher.sprite.attack_fade.png
heroes/watcher/watcher_A/anim/watcher.sprite.attack_melee.png
heroes/watcher/watcher_A/anim/watcher.sprite.attack_pick.png
heroes/watcher/watcher_A/anim/watcher.sprite.attack_potion.png
heroes/watcher/watcher_A/anim/watcher.sprite.attack_throw.png
heroes/watcher/watcher_A/anim/watcher.sprite.camp.png
heroes/watcher/watcher_A/anim/watcher.sprite.combat.png
heroes/watcher/watcher_A/anim/watcher.sprite.defend.png
heroes/watcher/watcher_A/anim/watcher.sprite.heroic.png
heroes/watcher/watcher_A/anim/watcher.sprite.idle.png
heroes/watcher/watcher_A/anim/watcher.sprite.investigate.png
heroes/watcher/watcher_A/anim/watcher.sprite.walk.png
heroes/watcher/watcher_B/anim/watcher.sprite.afflicted.png
heroes/watcher/watcher_B/anim/watcher.sprite.attack_dagger.png
heroes/watcher/watcher_B/anim/watcher.sprite.attack_fade.png
heroes/watcher/watcher_B/anim/watcher.sprite.attack_melee.png
heroes/watcher/watcher_B/anim/watcher.sprite.attack_pick.png
heroes/watcher/watcher_B/anim/watcher.sprite.attack_potion.png
heroes/watcher/watcher_B/anim/watcher.sprite.attack_throw.png
heroes/watcher/watcher_B/anim/watcher.sprite.camp.png
heroes/watcher/watcher_B/anim/watcher.sprite.combat.png
heroes/watcher/watcher_B/anim/watcher.sprite.defend.png
heroes/watcher/watcher_B/anim/watcher.sprite.heroic.png
heroes/watcher/watcher_B/anim/watcher.sprite.idle.png
heroes/watcher/watcher_B/anim/watcher.sprite.investigate.png
heroes/watcher/watcher_B/anim/watcher.sprite.walk.png
heroes/watcher/watcher_C/anim/watcher.sprite.afflicted.png
heroes/watcher/watcher_C/anim/watcher.sprite.attack_dagger.png
heroes/watcher/watcher_C/anim/watcher.sprite.attack_fade.png
heroes/watcher/watcher_C/anim/watcher.sprite.attack_fire.png
heroes/watcher/watcher_C/anim/watcher.sprite.attack_melee.png
heroes/watcher/watcher_C/anim/watcher.sprite.attack_pick.png
heroes/watcher/watcher_C/anim/watcher.sprite.attack_potion.png
heroes/watcher/watcher_C/anim/watcher.sprite.attack_throw.png
heroes/watcher/watcher_C/anim/watcher.sprite.camp.png
heroes/watcher/watcher_C/anim/watcher.sprite.combat.png
heroes/watcher/watcher_C/anim/watcher.sprite.defend.png
heroes/watcher/watcher_C/anim/watcher.sprite.heroic.png
heroes/watcher/watcher_C/anim/watcher.sprite.idle.png
heroes/watcher/watcher_C/anim/watcher.sprite.investigate.png
heroes/watcher/watcher_C/anim/watcher.sprite.walk.png
heroes/watcher/watcher_D/anim/watcher.sprite.afflicted.png
heroes/watcher/watcher_D/anim/watcher.sprite.attack_dagger.png
heroes/watcher/watcher_D/anim/watcher.sprite.attack_fade.png
heroes/watcher/watcher_D/anim/watcher.sprite.attack_melee.png
heroes/watcher/watcher_D/anim/watcher.sprite.attack_pick.png
heroes/watcher/watcher_D/anim/watcher.sprite.attack_potion.png
heroes/watcher/watcher_D/anim/watcher.sprite.attack_throw.png
heroes/watcher/watcher_D/anim/watcher.sprite.camp.png
heroes/watcher/watcher_D/anim/watcher.sprite.combat.png
heroes/watcher/watcher_D/anim/watcher.sprite.defend.png
heroes/watcher/watcher_D/anim/watcher.sprite.heroic.png
heroes/watcher/watcher_D/anim/watcher.sprite.idle.png
heroes/watcher/watcher_D/anim/watcher.sprite.investigate.png
heroes/watcher/watcher_D/anim/watcher.sprite.walk.png
campaign/town/embark_party/embark_party.background.png
campaign/town/infestation/infestation_banner.png
campaign/town/town_event/town_event.image_bonus_recruit_watcher.png
campaign/town/town_event/town_event.image_first_watcher.png
campaign/town/town_event/town_event.image_idle_resolve_level_watcher.png
heroes/watcher/anim/watcher.sprite.afflicted.atlas
heroes/watcher/anim/watcher.sprite.afflicted.skel
heroes/watcher/anim/watcher.sprite.attack_dagger.atlas
heroes/watcher/anim/watcher.sprite.attack_dagger.skel
heroes/watcher/anim/watcher.sprite.attack_fade.atlas
heroes/watcher/anim/watcher.sprite.attack_fade.skel
heroes/watcher/anim/watcher.sprite.attack_melee.atlas
heroes/watcher/anim/watcher.sprite.attack_melee.skel
heroes/watcher/anim/watcher.sprite.attack_pick.atlas
heroes/watcher/anim/watcher.sprite.attack_pick.skel
heroes/watcher/anim/watcher.sprite.attack_potion.atlas
heroes/watcher/anim/watcher.sprite.attack_potion.skel
heroes/watcher/anim/watcher.sprite.attack_throw.atlas
heroes/watcher/anim/watcher.sprite.attack_throw.skel
heroes/watcher/anim/watcher.sprite.camp.atlas
heroes/watcher/anim/watcher.sprite.camp.skel
heroes/watcher/anim/watcher.sprite.combat.atlas
heroes/watcher/anim/watcher.sprite.combat.skel
heroes/watcher/anim/watcher.sprite.defend.atlas
heroes/watcher/anim/watcher.sprite.defend.skel
heroes/watcher/anim/watcher.sprite.heroic.atlas
heroes/watcher/anim/watcher.sprite.heroic.skel
heroes/watcher/anim/watcher.sprite.idle.atlas
heroes/watcher/anim/watcher.sprite.idle.skel
heroes/watcher/anim/watcher.sprite.investigate.atlas
heroes/watcher/anim/watcher.sprite.investigate.skel
heroes/watcher/anim/watcher.sprite.walk.atlas
heroes/watcher/anim/watcher.sprite.walk.skel
heroes/watcher/fx/watcher.sprite.expose_target.atlas
heroes/watcher/fx/watcher.sprite.expose_target.png
heroes/watcher/fx/watcher.sprite.expose_target.skel
heroes/watcher/fx/watcher.sprite.fire.atlas
heroes/watcher/fx/watcher.sprite.fire.png
heroes/watcher/fx/watcher.sprite.fire.skel
heroes/watcher/fx/watcher.sprite.flashing_daggers_target.atlas
heroes/watcher/fx/watcher.sprite.flashing_daggers_target.png
heroes/watcher/fx/watcher.sprite.flashing_daggers_target.skel
heroes/watcher/fx/watcher.sprite.lunge.atlas
heroes/watcher/fx/watcher.sprite.lunge.png
heroes/watcher/fx/watcher.sprite.lunge.skel
heroes/watcher/fx/watcher.sprite.pick.atlas
heroes/watcher/fx/watcher.sprite.pick.png
heroes/watcher/fx/watcher.sprite.pick.skel
heroes/watcher/fx/watcher.sprite.poison_dart.atlas
heroes/watcher/fx/watcher.sprite.poison_dart.png
heroes/watcher/fx/watcher.sprite.poison_dart.skel
heroes/watcher/fx/watcher.sprite.poison_dart_target.atlas
heroes/watcher/fx/watcher.sprite.poison_dart_target.png
heroes/watcher/fx/watcher.sprite.poison_dart_target.skel
heroes/watcher/fx/watcher.sprite.shadow_fade.atlas
heroes/watcher/fx/watcher.sprite.shadow_fade.png
heroes/watcher/fx/watcher.sprite.shadow_fade.skel
heroes/watcher/fx/watcher.sprite.stress.atlas
heroes/watcher/fx/watcher.sprite.stress.png
heroes/watcher/fx/watcher.sprite.stress.skel
heroes/watcher/fx/watcher.sprite.thrown_dagger_target.atlas
heroes/watcher/fx/watcher.sprite.thrown_dagger_target.png
