
-------------------------------------------------------------------------------
Parsing project file - D:\Sources2\Mods\The Soothsayer Class\project.xml
Mod Data Directory = D:/Sources2/Mods/The Soothsayer Class/

-------------------------------------------------------------------------------
Processing Map Files files...

-------------------------------------------------------------------------------
Running Localization...
Parsing localization/soothsayer.string_table.xml

Building Languages
Exporting .loc files

-------------------------------------------------------------------------------
Searching for preview icon file D:/Sources2/Mods/The Soothsayer Class/preview_icon.png...FOUND!
<UploadMode> - Set to direct_upload


-------------------------------------------------------------------------------
Modded files...

heroes/soothsayer/soothsayer_A/anim/soothsayer.sprite.afflicted.png
heroes/soothsayer/soothsayer_A/anim/soothsayer.sprite.attack_censer.png
heroes/soothsayer/soothsayer_A/anim/soothsayer.sprite.attack_guard.png
heroes/soothsayer/soothsayer_A/anim/soothsayer.sprite.attack_heal.png
heroes/soothsayer/soothsayer_A/anim/soothsayer.sprite.attack_melee.png
heroes/soothsayer/soothsayer_A/anim/soothsayer.sprite.attack_ranged.png
heroes/soothsayer/soothsayer_A/anim/soothsayer.sprite.camp.png
heroes/soothsayer/soothsayer_A/anim/soothsayer.sprite.combat.png
heroes/soothsayer/soothsayer_A/anim/soothsayer.sprite.defend.png
heroes/soothsayer/soothsayer_A/anim/soothsayer.sprite.heroic.png
heroes/soothsayer/soothsayer_A/anim/soothsayer.sprite.idle.png
heroes/soothsayer/soothsayer_A/anim/soothsayer.sprite.investigate.png
heroes/soothsayer/soothsayer_A/anim/soothsayer.sprite.walk.png
heroes/soothsayer/soothsayer_B/anim/soothsayer.sprite.afflicted.png
heroes/soothsayer/soothsayer_B/anim/soothsayer.sprite.attack_censer.png
heroes/soothsayer/soothsayer_B/anim/soothsayer.sprite.attack_guard.png
heroes/soothsayer/soothsayer_B/anim/soothsayer.sprite.attack_heal.png
heroes/soothsayer/soothsayer_B/anim/soothsayer.sprite.attack_melee.png
heroes/soothsayer/soothsayer_B/anim/soothsayer.sprite.attack_ranged.png
heroes/soothsayer/soothsayer_B/anim/soothsayer.sprite.camp.png
heroes/soothsayer/soothsayer_B/anim/soothsayer.sprite.combat.png
heroes/soothsayer/soothsayer_B/anim/soothsayer.sprite.defend.png
heroes/soothsayer/soothsayer_B/anim/soothsayer.sprite.heroic.png
heroes/soothsayer/soothsayer_B/anim/soothsayer.sprite.idle.png
heroes/soothsayer/soothsayer_B/anim/soothsayer.sprite.investigate.png
heroes/soothsayer/soothsayer_B/anim/soothsayer.sprite.walk.png
heroes/soothsayer/soothsayer_C/anim/soothsayer.sprite.afflicted.png
heroes/soothsayer/soothsayer_C/anim/soothsayer.sprite.attack_censer.png
heroes/soothsayer/soothsayer_C/anim/soothsayer.sprite.attack_guard.png
heroes/soothsayer/soothsayer_C/anim/soothsayer.sprite.attack_heal.png
heroes/soothsayer/soothsayer_C/anim/soothsayer.sprite.attack_melee.png
heroes/soothsayer/soothsayer_C/anim/soothsayer.sprite.attack_ranged.png
heroes/soothsayer/soothsayer_C/anim/soothsayer.sprite.camp.png
heroes/soothsayer/soothsayer_C/anim/soothsayer.sprite.combat.png
heroes/soothsayer/soothsayer_C/anim/soothsayer.sprite.defend.png
heroes/soothsayer/soothsayer_C/anim/soothsayer.sprite.heroic.png
heroes/soothsayer/soothsayer_C/anim/soothsayer.sprite.idle.png
heroes/soothsayer/soothsayer_C/anim/soothsayer.sprite.investigate.png
heroes/soothsayer/soothsayer_C/anim/soothsayer.sprite.walk.png
heroes/soothsayer/soothsayer_D/anim/soothsayer.sprite.afflicted.png
heroes/soothsayer/soothsayer_D/anim/soothsayer.sprite.attack_censer.png
heroes/soothsayer/soothsayer_D/anim/soothsayer.sprite.attack_guard.png
heroes/soothsayer/soothsayer_D/anim/soothsayer.sprite.attack_heal.png
heroes/soothsayer/soothsayer_D/anim/soothsayer.sprite.attack_melee.png
heroes/soothsayer/soothsayer_D/anim/soothsayer.sprite.attack_ranged.png
heroes/soothsayer/soothsayer_D/anim/soothsayer.sprite.camp.png
heroes/soothsayer/soothsayer_D/anim/soothsayer.sprite.combat.png
heroes/soothsayer/soothsayer_D/anim/soothsayer.sprite.defend.png
heroes/soothsayer/soothsayer_D/anim/soothsayer.sprite.heroic.png
heroes/soothsayer/soothsayer_D/anim/soothsayer.sprite.idle.png
heroes/soothsayer/soothsayer_D/anim/soothsayer.sprite.investigate.png
heroes/soothsayer/soothsayer_D/anim/soothsayer.sprite.walk.png
campaign/town/town_event/town_event.image_bonus_recruit_soothsayer.png
campaign/town/town_event/town_event.image_first_soothsayer.png
heroes/soothsayer/anim/soothsayer.sprite.afflicted.atlas
heroes/soothsayer/anim/soothsayer.sprite.afflicted.skel
heroes/soothsayer/anim/soothsayer.sprite.attack_censer.atlas
heroes/soothsayer/anim/soothsayer.sprite.attack_censer.skel
heroes/soothsayer/anim/soothsayer.sprite.attack_guard.atlas
heroes/soothsayer/anim/soothsayer.sprite.attack_guard.skel
heroes/soothsayer/anim/soothsayer.sprite.attack_heal.atlas
heroes/soothsayer/anim/soothsayer.sprite.attack_heal.skel
heroes/soothsayer/anim/soothsayer.sprite.attack_melee.atlas
heroes/soothsayer/anim/soothsayer.sprite.attack_melee.skel
heroes/soothsayer/anim/soothsayer.sprite.attack_ranged.atlas
heroes/soothsayer/anim/soothsayer.sprite.attack_ranged.skel
heroes/soothsayer/anim/soothsayer.sprite.camp.atlas
heroes/soothsayer/anim/soothsayer.sprite.camp.skel
heroes/soothsayer/anim/soothsayer.sprite.combat.atlas
heroes/soothsayer/anim/soothsayer.sprite.combat.skel
heroes/soothsayer/anim/soothsayer.sprite.defend.atlas
heroes/soothsayer/anim/soothsayer.sprite.defend.skel
heroes/soothsayer/anim/soothsayer.sprite.heroic.atlas
heroes/soothsayer/anim/soothsayer.sprite.heroic.skel
heroes/soothsayer/anim/soothsayer.sprite.idle.atlas
heroes/soothsayer/anim/soothsayer.sprite.idle.skel
heroes/soothsayer/anim/soothsayer.sprite.investigate.atlas
heroes/soothsayer/anim/soothsayer.sprite.investigate.skel
heroes/soothsayer/anim/soothsayer.sprite.walk.atlas
heroes/soothsayer/anim/soothsayer.sprite.walk.skel
heroes/soothsayer/fx/DDColourFixer.py
heroes/soothsayer/fx/soothsayer.sprite.cower.atlas
heroes/soothsayer/fx/soothsayer.sprite.cower.png
heroes/soothsayer/fx/soothsayer.sprite.cower.skel
heroes/soothsayer/fx/soothsayer.sprite.festering_vapours.atlas
heroes/soothsayer/fx/soothsayer.sprite.festering_vapours.png
heroes/soothsayer/fx/soothsayer.sprite.festering_vapours.skel
heroes/soothsayer/fx/soothsayer.sprite.festering_vapours_target.atlas
heroes/soothsayer/fx/soothsayer.sprite.festering_vapours_target.png
heroes/soothsayer/fx/soothsayer.sprite.festering_vapours_target.skel
heroes/soothsayer/fx/soothsayer.sprite.flashpowder.atlas
heroes/soothsayer/fx/soothsayer.sprite.flashpowder.png
heroes/soothsayer/fx/soothsayer.sprite.flashpowder.skel
heroes/soothsayer/fx/soothsayer.sprite.flashpowder_target.atlas
heroes/soothsayer/fx/soothsayer.sprite.flashpowder_target.png
heroes/soothsayer/fx/soothsayer.sprite.flashpowder_target.skel
heroes/soothsayer/fx/soothsayer.sprite.fortifying_vapours.atlas
heroes/soothsayer/fx/soothsayer.sprite.fortifying_vapours.png
heroes/soothsayer/fx/soothsayer.sprite.fortifying_vapours.skel
heroes/soothsayer/fx/soothsayer.sprite.fortifying_vapours_target.atlas
heroes/soothsayer/fx/soothsayer.sprite.fortifying_vapours_target.png
heroes/soothsayer/fx/soothsayer.sprite.fortifying_vapours_target.skel
heroes/soothsayer/fx/soothsayer.sprite.invigorating_vapours.atlas
heroes/soothsayer/fx/soothsayer.sprite.invigorating_vapours.png
heroes/soothsayer/fx/soothsayer.sprite.invigorating_vapours.skel
heroes/soothsayer/fx/soothsayer.sprite.invigorating_vapours_target.atlas
heroes/soothsayer/fx/soothsayer.sprite.invigorating_vapours_target.png
heroes/soothsayer/fx/soothsayer.sprite.invigorating_vapours_target.skel
heroes/soothsayer/fx/soothsayer.sprite.kris_stab.atlas
heroes/soothsayer/fx/soothsayer.sprite.kris_stab.png
heroes/soothsayer/fx/soothsayer.sprite.kris_stab.skel
heroes/soothsayer/fx/soothsayer.sprite.protect_me.atlas
heroes/soothsayer/fx/soothsayer.sprite.protect_me.png
heroes/soothsayer/fx/soothsayer.sprite.protect_me.skel
heroes/soothsayer/fx/soothsayer.sprite.shuffle.atlas
heroes/soothsayer/fx/soothsayer.sprite.shuffle.png
heroes/soothsayer/fx/soothsayer.sprite.shuffle.skel
