
-------------------------------------------------------------------------------
Parsing project file - C:\Users\T\Desktop\Darkest_Dungeon_Modding\000_X_harlot\project.xml
Mod Data Directory = C:/Users/T/Desktop/Darkest_Dungeon_Modding/000_X_harlot/

-------------------------------------------------------------------------------
Processing Map Files files...

-------------------------------------------------------------------------------
Running Localization...
Parsing localization/harlot.brazilian.string_table.xml
Parsing localization/harlot.czech.string_table.xml
Parsing localization/harlot.english.string_table.xml
Parsing localization/harlot.french.string_table.xml
Parsing localization/harlot.german.string_table.xml
Parsing localization/harlot.italian.string_table.xml
Parsing localization/harlot.japanese.string_table.xml
Parsing localization/harlot.koreana.string_table.xml
Parsing localization/harlot.koreanb.string_table.xml
Parsing localization/harlot.polish.string_table.xml
Parsing localization/harlot.russian.string_table.xml
Parsing localization/harlot.schinese.string_table.xml
Parsing localization/harlot.spanish.string_table.xml
Parsing localization/harlot.tchinese.string_table.xml

Building Languages
Exporting .loc files

-------------------------------------------------------------------------------
Searching for preview icon file C:/Users/T/Desktop/Darkest_Dungeon_Modding/000_X_harlot/preview_icon.png...FOUND!
<UploadMode> - Set to direct_upload


-------------------------------------------------------------------------------
Modded files...

heroes/harlot/harlot_A/anim/harlot.sprite.afflicted.png
heroes/harlot/harlot_A/anim/harlot.sprite.attack_deathkiss.png
heroes/harlot/harlot_A/anim/harlot.sprite.attack_flashinthegoods.png
heroes/harlot/harlot_A/anim/harlot.sprite.attack_handsoff.png
heroes/harlot/harlot_A/anim/harlot.sprite.attack_heartofgold.png
heroes/harlot/harlot_A/anim/harlot.sprite.attack_holdmeclose.png
heroes/harlot/harlot_A/anim/harlot.sprite.attack_ontheprowl.png
heroes/harlot/harlot_A/anim/harlot.sprite.attack_riposte.png
heroes/harlot/harlot_A/anim/harlot.sprite.attack_silkhidingsteel.png
heroes/harlot/harlot_A/anim/harlot.sprite.camp.png
heroes/harlot/harlot_A/anim/harlot.sprite.combat.png
heroes/harlot/harlot_A/anim/harlot.sprite.defend.png
heroes/harlot/harlot_A/anim/harlot.sprite.heroic.png
heroes/harlot/harlot_A/anim/harlot.sprite.idle.png
heroes/harlot/harlot_A/anim/harlot.sprite.investigate.png
heroes/harlot/harlot_A/anim/harlot.sprite.shield_target.png
heroes/harlot/harlot_A/anim/harlot.sprite.walk.png
heroes/harlot/harlot_B/anim/harlot.sprite.afflicted.png
heroes/harlot/harlot_B/anim/harlot.sprite.attack_deathkiss.png
heroes/harlot/harlot_B/anim/harlot.sprite.attack_flashinthegoods.png
heroes/harlot/harlot_B/anim/harlot.sprite.attack_handsoff.png
heroes/harlot/harlot_B/anim/harlot.sprite.attack_heartofgold.png
heroes/harlot/harlot_B/anim/harlot.sprite.attack_holdmeclose.png
heroes/harlot/harlot_B/anim/harlot.sprite.attack_ontheprowl.png
heroes/harlot/harlot_B/anim/harlot.sprite.attack_riposte.png
heroes/harlot/harlot_B/anim/harlot.sprite.attack_silkhidingsteel.png
heroes/harlot/harlot_B/anim/harlot.sprite.camp.png
heroes/harlot/harlot_B/anim/harlot.sprite.combat.png
heroes/harlot/harlot_B/anim/harlot.sprite.defend.png
heroes/harlot/harlot_B/anim/harlot.sprite.heroic.png
heroes/harlot/harlot_B/anim/harlot.sprite.idle.png
heroes/harlot/harlot_B/anim/harlot.sprite.investigate.png
heroes/harlot/harlot_B/anim/harlot.sprite.walk.png
heroes/harlot/harlot_C/anim/harlot.sprite.afflicted.png
heroes/harlot/harlot_C/anim/harlot.sprite.attack_deathkiss.png
heroes/harlot/harlot_C/anim/harlot.sprite.attack_flashinthegoods.png
heroes/harlot/harlot_C/anim/harlot.sprite.attack_handsoff.png
heroes/harlot/harlot_C/anim/harlot.sprite.attack_heartofgold.png
heroes/harlot/harlot_C/anim/harlot.sprite.attack_holdmeclose.png
heroes/harlot/harlot_C/anim/harlot.sprite.attack_ontheprowl.png
heroes/harlot/harlot_C/anim/harlot.sprite.attack_riposte.png
heroes/harlot/harlot_C/anim/harlot.sprite.attack_silkhidingsteel.png
heroes/harlot/harlot_C/anim/harlot.sprite.camp.png
heroes/harlot/harlot_C/anim/harlot.sprite.combat.png
heroes/harlot/harlot_C/anim/harlot.sprite.defend.png
heroes/harlot/harlot_C/anim/harlot.sprite.heroic.png
heroes/harlot/harlot_C/anim/harlot.sprite.idle.png
heroes/harlot/harlot_C/anim/harlot.sprite.investigate.png
heroes/harlot/harlot_C/anim/harlot.sprite.walk.png
campaign/town/town_event/town_event.image_first_harlot.png
heroes/harlot/anim/harlot.sprite.afflicted.atlas
heroes/harlot/anim/harlot.sprite.afflicted.skel
heroes/harlot/anim/harlot.sprite.attack_deathkiss.atlas
heroes/harlot/anim/harlot.sprite.attack_deathkiss.skel
heroes/harlot/anim/harlot.sprite.attack_flashinthegoods.atlas
heroes/harlot/anim/harlot.sprite.attack_flashinthegoods.skel
heroes/harlot/anim/harlot.sprite.attack_handsoff.atlas
heroes/harlot/anim/harlot.sprite.attack_handsoff.skel
heroes/harlot/anim/harlot.sprite.attack_heartofgold.atlas
heroes/harlot/anim/harlot.sprite.attack_heartofgold.skel
heroes/harlot/anim/harlot.sprite.attack_holdmeclose.atlas
heroes/harlot/anim/harlot.sprite.attack_holdmeclose.skel
heroes/harlot/anim/harlot.sprite.attack_ontheprowl.atlas
heroes/harlot/anim/harlot.sprite.attack_ontheprowl.skel
heroes/harlot/anim/harlot.sprite.attack_riposte.atlas
heroes/harlot/anim/harlot.sprite.attack_riposte.skel
heroes/harlot/anim/harlot.sprite.attack_silkhidingsteel.atlas
heroes/harlot/anim/harlot.sprite.attack_silkhidingsteel.skel
heroes/harlot/anim/harlot.sprite.camp.atlas
heroes/harlot/anim/harlot.sprite.camp.skel
heroes/harlot/anim/harlot.sprite.combat.atlas
heroes/harlot/anim/harlot.sprite.combat.png
heroes/harlot/anim/harlot.sprite.combat.skel
heroes/harlot/anim/harlot.sprite.defend.atlas
heroes/harlot/anim/harlot.sprite.defend.skel
heroes/harlot/anim/harlot.sprite.heroic.atlas
heroes/harlot/anim/harlot.sprite.heroic.skel
heroes/harlot/anim/harlot.sprite.idle.atlas
heroes/harlot/anim/harlot.sprite.idle.png
heroes/harlot/anim/harlot.sprite.idle.skel
heroes/harlot/anim/harlot.sprite.investigate.atlas
heroes/harlot/anim/harlot.sprite.investigate.skel
heroes/harlot/anim/harlot.sprite.walk.atlas
heroes/harlot/anim/harlot.sprite.walk.png
heroes/harlot/anim/harlot.sprite.walk.skel
heroes/harlot/fx/harlot.sprite.arrowheart_target.atlas
heroes/harlot/fx/harlot.sprite.arrowheart_target.png
heroes/harlot/fx/harlot.sprite.arrowheart_target.skel
heroes/harlot/fx/harlot.sprite.bloodfx_target.atlas
heroes/harlot/fx/harlot.sprite.bloodfx_target.png
heroes/harlot/fx/harlot.sprite.bloodfx_target.skel
heroes/harlot/fx/harlot.sprite.dazzling_light_target.atlas
heroes/harlot/fx/harlot.sprite.dazzling_light_target.png
heroes/harlot/fx/harlot.sprite.dazzling_light_target.skel
heroes/harlot/fx/harlot.sprite.deathkiss_target.atlas
heroes/harlot/fx/harlot.sprite.deathkiss_target.png
heroes/harlot/fx/harlot.sprite.deathkiss_target.skel
heroes/harlot/fx/harlot.sprite.fanprojectile_target.atlas
heroes/harlot/fx/harlot.sprite.fanprojectile_target.png
heroes/harlot/fx/harlot.sprite.fanprojectile_target.skel
heroes/harlot/fx/harlot.sprite.fortifying_vapours_target.atlas
heroes/harlot/fx/harlot.sprite.fortifying_vapours_target.png
heroes/harlot/fx/harlot.sprite.fortifying_vapours_target.skel
heroes/harlot/fx/harlot.sprite.shadow_fade.atlas
heroes/harlot/fx/harlot.sprite.shadow_fade.png
heroes/harlot/fx/harlot.sprite.shadow_fade.skel
heroes/harlot/fx/harlot.sprite.shield_target.atlas
heroes/harlot/fx/harlot.sprite.shield_target.png
heroes/harlot/fx/harlot.sprite.shield_target.skel
heroes/harlot/fx/harlot.sprite.stunning_blow_target.atlas
heroes/harlot/fx/harlot.sprite.stunning_blow_target.png
heroes/harlot/fx/harlot.sprite.stunning_blow_target.skel
heroes/harlot/harlot_A/harlot_portrait_roster.png
heroes/harlot/harlot_B/harlot_portrait_roster.png
heroes/harlot/harlot_C/harlot_portrait_roster.png
heroes/harlot/icons_equip/eqp_armour_0.png
heroes/harlot/icons_equip/eqp_armour_1.png
heroes/harlot/icons_equip/eqp_armour_2.png
heroes/harlot/icons_equip/eqp_armour_3.png
heroes/harlot/icons_equip/eqp_armour_4.png
heroes/harlot/icons_equip/eqp_weapon_0.png
