
-------------------------------------------------------------------------------
Parsing project file - D:\Hoang\Mod Steam\Guts class mod final\project.xml
Mod Data Directory = D:/Hoang/Mod Steam/Guts class mod final/

-------------------------------------------------------------------------------
Processing Map Files files...

-------------------------------------------------------------------------------
Running Localization...
Parsing localization/blackswordman.string_table.xml

Building Languages
Exporting .loc files

-------------------------------------------------------------------------------
Searching for preview icon file D:/Hoang/Mod Steam/Guts class mod final/preview_icon.png...FOUND!
<UploadMode> - Set to direct_upload


-------------------------------------------------------------------------------
Detected 4 unchanged files
The following files are unchanged and will be uploaded...
D:/Hoang/Mod Steam/Guts class mod final/campaign/town/town_event/town_event.image_blackswordman.png
D:/Hoang/Mod Steam/Guts class mod final/credit/blackswordman-Credit.txt
D:/Hoang/Mod Steam/Guts class mod final/overlays/poptext_hp_heal_dot.png
D:/Hoang/Mod Steam/Guts class mod final/overlays/tray_dot_hp_heal.png

-------------------------------------------------------------------------------
Modded files...

heroes/blackswordman/blackswordman_A/anim/blackswordman.sprite.afflicted.png
heroes/blackswordman/blackswordman_A/anim/blackswordman.sprite.attack_buff.png
heroes/blackswordman/blackswordman_A/anim/blackswordman.sprite.attack_chop.png
heroes/blackswordman/blackswordman_A/anim/blackswordman.sprite.attack_hew.png
heroes/blackswordman/blackswordman_A/anim/blackswordman.sprite.attack_lectionary.png
heroes/blackswordman/blackswordman_A/anim/blackswordman.sprite.attack_ranged.png
heroes/blackswordman/blackswordman_A/anim/blackswordman.sprite.camp.png
heroes/blackswordman/blackswordman_A/anim/blackswordman.sprite.combat.png
heroes/blackswordman/blackswordman_A/anim/blackswordman.sprite.defend.png
heroes/blackswordman/blackswordman_A/anim/blackswordman.sprite.heroic.png
heroes/blackswordman/blackswordman_A/anim/blackswordman.sprite.idle.png
heroes/blackswordman/blackswordman_A/anim/blackswordman.sprite.investigate.png
heroes/blackswordman/blackswordman_A/anim/blackswordman.sprite.walk.png
heroes/blackswordman/anim/blackswordman.sprite.afflicted.atlas
heroes/blackswordman/anim/blackswordman.sprite.afflicted.skel
heroes/blackswordman/anim/blackswordman.sprite.attack_buff.atlas
heroes/blackswordman/anim/blackswordman.sprite.attack_buff.skel
heroes/blackswordman/anim/blackswordman.sprite.attack_chop.atlas
heroes/blackswordman/anim/blackswordman.sprite.attack_chop.skel
heroes/blackswordman/anim/blackswordman.sprite.attack_hew.atlas
heroes/blackswordman/anim/blackswordman.sprite.attack_hew.skel
heroes/blackswordman/anim/blackswordman.sprite.attack_intimidate.atlas
heroes/blackswordman/anim/blackswordman.sprite.attack_intimidate.skel
heroes/blackswordman/anim/blackswordman.sprite.attack_lectionary.atlas
heroes/blackswordman/anim/blackswordman.sprite.attack_lectionary.skel
heroes/blackswordman/anim/blackswordman.sprite.attack_ranged.atlas
heroes/blackswordman/anim/blackswordman.sprite.attack_ranged.skel
heroes/blackswordman/anim/blackswordman.sprite.camp.atlas
heroes/blackswordman/anim/blackswordman.sprite.camp.skel
heroes/blackswordman/anim/blackswordman.sprite.combat.atlas
heroes/blackswordman/anim/blackswordman.sprite.combat.skel
heroes/blackswordman/anim/blackswordman.sprite.defend.atlas
heroes/blackswordman/anim/blackswordman.sprite.defend.skel
heroes/blackswordman/anim/blackswordman.sprite.heroic.atlas
heroes/blackswordman/anim/blackswordman.sprite.heroic.skel
heroes/blackswordman/anim/blackswordman.sprite.idle.atlas
heroes/blackswordman/anim/blackswordman.sprite.idle.skel
heroes/blackswordman/anim/blackswordman.sprite.investigate.atlas
heroes/blackswordman/anim/blackswordman.sprite.investigate.skel
heroes/blackswordman/anim/blackswordman.sprite.walk.atlas
heroes/blackswordman/anim/blackswordman.sprite.walk.skel
heroes/blackswordman/blackswordman_A/blackswordman_portrait_roster.png
heroes/blackswordman/fx/blackswordman.sprite.boom.atlas
heroes/blackswordman/fx/blackswordman.sprite.boom.png
heroes/blackswordman/fx/blackswordman.sprite.boom.skel
heroes/blackswordman/fx/blackswordman.sprite.chop.atlas
heroes/blackswordman/fx/blackswordman.sprite.chop.png
heroes/blackswordman/fx/blackswordman.sprite.chop.skel
heroes/blackswordman/fx/blackswordman.sprite.focus.atlas
heroes/blackswordman/fx/blackswordman.sprite.focus.png
heroes/blackswordman/fx/blackswordman.sprite.focus.skel
heroes/blackswordman/fx/blackswordman.sprite.hew.atlas
heroes/blackswordman/fx/blackswordman.sprite.hew.png
heroes/blackswordman/fx/blackswordman.sprite.hew.skel
heroes/blackswordman/fx/blackswordman.sprite.intimidate.atlas
heroes/blackswordman/fx/blackswordman.sprite.intimidate.png
heroes/blackswordman/fx/blackswordman.sprite.intimidate.skel
heroes/blackswordman/fx/blackswordman.sprite.plague_grenade_target.atlas
heroes/blackswordman/fx/blackswordman.sprite.plague_grenade_target.png
heroes/blackswordman/fx/blackswordman.sprite.plague_grenade_target.skel
heroes/blackswordman/fx/blackswordman.sprite.purge.atlas
heroes/blackswordman/fx/blackswordman.sprite.purge.png
heroes/blackswordman/fx/blackswordman.sprite.purge.skel
heroes/blackswordman/fx/blackswordman.sprite.purge_target.atlas
heroes/blackswordman/fx/blackswordman.sprite.purge_target.png
heroes/blackswordman/fx/blackswordman.sprite.purge_target.skel
heroes/blackswordman/fx/blackswordman.sprite.sniper_shot.atlas
heroes/blackswordman/fx/blackswordman.sprite.sniper_shot.png
heroes/blackswordman/fx/blackswordman.sprite.sniper_shot.skel
heroes/blackswordman/fx/blackswordman.sprite.sniper_shot_target.atlas
heroes/blackswordman/fx/blackswordman.sprite.sniper_shot_target.png
heroes/blackswordman/fx/blackswordman.sprite.sniper_shot_target.skel
heroes/blackswordman/fx/blackswordman.sprite.solemnity.atlas
heroes/blackswordman/fx/blackswordman.sprite.solemnity.png
heroes/blackswordman/fx/blackswordman.sprite.solemnity.skel
heroes/blackswordman/fx/blackswordman.sprite.volley_fire_target.atlas
heroes/blackswordman/fx/blackswordman.sprite.volley_fire_target.png
heroes/blackswordman/fx/blackswordman.sprite.volley_fire_target.skel
heroes/blackswordman/fx/blackswordman.sprite.withstand.atlas
heroes/blackswordman/fx/blackswordman.sprite.withstand.png
heroes/blackswordman/fx/blackswordman.sprite.withstand.skel
heroes/blackswordman/icons_equip/eqp_armour_0.png
heroes/blackswordman/icons_equip/eqp_armour_1.png
heroes/blackswordman/icons_equip/eqp_armour_2.png
heroes/blackswordman/icons_equip/eqp_armour_3.png
heroes/blackswordman/icons_equip/eqp_armour_4.png
heroes/blackswordman/icons_equip/eqp_weapon_0.png
heroes/blackswordman/icons_equip/eqp_weapon_1.png
heroes/blackswordman/icons_equip/eqp_weapon_2.png
heroes/blackswordman/icons_equip/eqp_weapon_3.png
heroes/blackswordman/icons_equip/eqp_weapon_4.png
panels/icons_equip/trinket/inv_trinket+blackswordman_badge_falcon.png
panels/icons_equip/trinket/inv_trinket+blackswordman_behelit.png
panels/icons_equip/trinket/inv_trinket+blackswordman_berserker_armor.png
panels/icons_equip/trinket/inv_trinket+blackswordman_miniature_bomb.png
panels/icons_equip/trinket/inv_trinket+blackswordman_puck.png
panels/icons_equip/trinket/inv_trinket+blackswordman_throwing_knife.png
panels/icons_equip/trinket/inv_trinket+com_blackswordman_vengeful_spirit.png
panels/icons_equip/trinket/rarity_crimson_court.png
panels/icons_equip/trinket/rarity_purpose.png
raid/camping/skill_icons/camp_skill_branded.png
raid/camping/skill_icons/camp_skill_maintain_sword.png
raid/camping/skill_icons/camp_skill_mercenary_sense.png
raid/camping/skill_icons/camp_skill_restless_night.png
campaign/town_events/blackswordman.town_events.events.json
heroes/blackswordman/blackswordman.ability.five.png
heroes/blackswordman/blackswordman.ability.four.png
heroes/blackswordman/blackswordman.ability.one.png
heroes/blackswordman/blackswordman.ability.seven.png
heroes/blackswordman/blackswordman.ability.six.png
