
-------------------------------------------------------------------------------
Parsing project file - C:\Users\Jacki\Desktop\Sisters Mod Base\sisters.xml
Mod Data Directory = C:/Users/Jacki/Desktop/Sisters Mod Base/

-------------------------------------------------------------------------------
Processing Map Files files...

-------------------------------------------------------------------------------
Running Localization...
Parsing localization/bansheejournals.string_table.xml
Parsing localization/msjournals.string_table.xml
Parsing localization/mstooltips.string_table.xml
Parsing localization/sisters.string_table.xml
Parsing localization/sistersjournals.string_table.xml

Building Languages

+++++++++++++++++++++++++++++++++++++++++
Error schinese - sisters+str_afflicted_sistersdiscordant
----------
Error colour_start/colour_end mismatch - too many {colour_start|X} in {colour_start|bleed}你夺走了我的生命！你会为此付出代价！colour_end}

----------
Exporting .loc files

-------------------------------------------------------------------------------
Searching for preview icon file C:/Users/Jacki/Desktop/Sisters Mod Base/preview_icon.png...FOUND!
<UploadMode> - Set to direct_upload


-------------------------------------------------------------------------------
Modded files...

heroes/sisters/sisters_A/anim/sisters.sprite.afflicted.png
heroes/sisters/sisters_A/anim/sisters.sprite.attack_charge.png
heroes/sisters/sisters_A/anim/sisters.sprite.attack_dance.png
heroes/sisters/sisters_A/anim/sisters.sprite.attack_flower.png
heroes/sisters/sisters_A/anim/sisters.sprite.attack_possession.png
heroes/sisters/sisters_A/anim/sisters.sprite.attack_riposte.png
heroes/sisters/sisters_A/anim/sisters.sprite.attack_scroll.png
heroes/sisters/sisters_A/anim/sisters.sprite.attack_shroud.png
heroes/sisters/sisters_A/anim/sisters.sprite.attack_thorn.png
heroes/sisters/sisters_A/anim/sisters.sprite.camp.png
heroes/sisters/sisters_A/anim/sisters.sprite.combat.png
heroes/sisters/sisters_A/anim/sisters.sprite.defend.png
heroes/sisters/sisters_A/anim/sisters.sprite.heroic.png
heroes/sisters/sisters_A/anim/sisters.sprite.idle.png
heroes/sisters/sisters_A/anim/sisters.sprite.investigate.png
heroes/sisters/sisters_A/anim/sisters.sprite.walk.png
heroes/sisters/sisters_B/anim/sisters.sprite.afflicted.png
heroes/sisters/sisters_B/anim/sisters.sprite.attack_charge.png
heroes/sisters/sisters_B/anim/sisters.sprite.attack_dance.png
heroes/sisters/sisters_B/anim/sisters.sprite.attack_flower.png
heroes/sisters/sisters_B/anim/sisters.sprite.attack_possession.png
heroes/sisters/sisters_B/anim/sisters.sprite.attack_riposte.png
heroes/sisters/sisters_B/anim/sisters.sprite.attack_scroll.png
heroes/sisters/sisters_B/anim/sisters.sprite.attack_shroud.png
heroes/sisters/sisters_B/anim/sisters.sprite.attack_thorn.png
heroes/sisters/sisters_B/anim/sisters.sprite.camp.png
heroes/sisters/sisters_B/anim/sisters.sprite.combat.png
heroes/sisters/sisters_B/anim/sisters.sprite.defend.png
heroes/sisters/sisters_B/anim/sisters.sprite.heroic.png
heroes/sisters/sisters_B/anim/sisters.sprite.idle.png
heroes/sisters/sisters_B/anim/sisters.sprite.investigate.png
heroes/sisters/sisters_B/anim/sisters.sprite.walk.png
heroes/sisters/sisters_C/anim/sisters.sprite.afflicted.png
heroes/sisters/sisters_C/anim/sisters.sprite.attack_charge.png
heroes/sisters/sisters_C/anim/sisters.sprite.attack_dance.png
heroes/sisters/sisters_C/anim/sisters.sprite.attack_flower.png
heroes/sisters/sisters_C/anim/sisters.sprite.attack_possession.png
heroes/sisters/sisters_C/anim/sisters.sprite.attack_riposte.png
heroes/sisters/sisters_C/anim/sisters.sprite.attack_scroll.png
heroes/sisters/sisters_C/anim/sisters.sprite.attack_shroud.png
heroes/sisters/sisters_C/anim/sisters.sprite.attack_thorn.png
heroes/sisters/sisters_C/anim/sisters.sprite.camp.png
heroes/sisters/sisters_C/anim/sisters.sprite.combat.png
heroes/sisters/sisters_C/anim/sisters.sprite.defend.png
heroes/sisters/sisters_C/anim/sisters.sprite.heroic.png
heroes/sisters/sisters_C/anim/sisters.sprite.idle.png
heroes/sisters/sisters_C/anim/sisters.sprite.investigate.png
heroes/sisters/sisters_C/anim/sisters.sprite.walk.png
heroes/sisters/sisters_D/anim/sisters.sprite.afflicted.png
heroes/sisters/sisters_D/anim/sisters.sprite.attack_charge.png
heroes/sisters/sisters_D/anim/sisters.sprite.attack_dance.png
heroes/sisters/sisters_D/anim/sisters.sprite.attack_flower.png
heroes/sisters/sisters_D/anim/sisters.sprite.attack_possession.png
heroes/sisters/sisters_D/anim/sisters.sprite.attack_riposte.png
heroes/sisters/sisters_D/anim/sisters.sprite.attack_scroll.png
heroes/sisters/sisters_D/anim/sisters.sprite.attack_shroud.png
heroes/sisters/sisters_D/anim/sisters.sprite.attack_thorn.png
heroes/sisters/sisters_D/anim/sisters.sprite.camp.png
heroes/sisters/sisters_D/anim/sisters.sprite.combat.png
heroes/sisters/sisters_D/anim/sisters.sprite.defend.png
heroes/sisters/sisters_D/anim/sisters.sprite.heroic.png
heroes/sisters/sisters_D/anim/sisters.sprite.idle.png
heroes/sisters/sisters_D/anim/sisters.sprite.investigate.png
heroes/sisters/sisters_D/anim/sisters.sprite.walk.png
modes/bloodmoon/upgrades/heroes/sisters.upgrades.json
modes/new_game_plus/upgrades/heroes/sisters.upgrades.json
modes/radiant/upgrades/heroes/sisters.upgrades.json
campaign/town/town_event/town_event.image_idle_resolve_level_sisters.png
heroes/sisters/anim/sisters.sprite.afflicted.atlas
heroes/sisters/anim/sisters.sprite.afflicted.skel
heroes/sisters/anim/sisters.sprite.attack_charge.atlas
heroes/sisters/anim/sisters.sprite.attack_charge.skel
heroes/sisters/anim/sisters.sprite.attack_dance.atlas
heroes/sisters/anim/sisters.sprite.attack_dance.skel
heroes/sisters/anim/sisters.sprite.attack_flower.atlas
heroes/sisters/anim/sisters.sprite.attack_flower.skel
heroes/sisters/anim/sisters.sprite.attack_possession.atlas
heroes/sisters/anim/sisters.sprite.attack_possession.skel
heroes/sisters/anim/sisters.sprite.attack_riposte.atlas
heroes/sisters/anim/sisters.sprite.attack_riposte.skel
heroes/sisters/anim/sisters.sprite.attack_scroll.atlas
heroes/sisters/anim/sisters.sprite.attack_scroll.skel
heroes/sisters/anim/sisters.sprite.attack_shroud.atlas
heroes/sisters/anim/sisters.sprite.attack_shroud.skel
heroes/sisters/anim/sisters.sprite.attack_thorn.atlas
heroes/sisters/anim/sisters.sprite.attack_thorn.skel
heroes/sisters/anim/sisters.sprite.camp.atlas
heroes/sisters/anim/sisters.sprite.camp.skel
heroes/sisters/anim/sisters.sprite.combat.atlas
heroes/sisters/anim/sisters.sprite.combat.skel
heroes/sisters/anim/sisters.sprite.defend.atlas
heroes/sisters/anim/sisters.sprite.defend.skel
heroes/sisters/anim/sisters.sprite.heroic.atlas
heroes/sisters/anim/sisters.sprite.heroic.skel
heroes/sisters/anim/sisters.sprite.idle.atlas
heroes/sisters/anim/sisters.sprite.idle.skel
heroes/sisters/anim/sisters.sprite.investigate.atlas
heroes/sisters/anim/sisters.sprite.investigate.skel
heroes/sisters/anim/sisters.sprite.walk.atlas
heroes/sisters/anim/sisters.sprite.walk.skel
heroes/sisters/fx/grave_robber.sprite.shadow_fade.png
heroes/sisters/fx/sisters.sprite.blossom.atlas
heroes/sisters/fx/sisters.sprite.blossom.png
heroes/sisters/fx/sisters.sprite.blossom.skel
heroes/sisters/fx/sisters.sprite.blossom_target.atlas
heroes/sisters/fx/sisters.sprite.blossom_target.png
heroes/sisters/fx/sisters.sprite.blossom_target.skel
heroes/sisters/fx/sisters.sprite.crimson_dance.atlas
heroes/sisters/fx/sisters.sprite.crimson_dance.png
heroes/sisters/fx/sisters.sprite.crimson_dance.skel
heroes/sisters/fx/sisters.sprite.crimson_dance_target.atlas
heroes/sisters/fx/sisters.sprite.crimson_dance_target.png
heroes/sisters/fx/sisters.sprite.crimson_dance_target.skel
heroes/sisters/fx/sisters.sprite.possession.atlas
heroes/sisters/fx/sisters.sprite.possession.png
heroes/sisters/fx/sisters.sprite.possession.skel
heroes/sisters/fx/sisters.sprite.riposte.atlas
heroes/sisters/fx/sisters.sprite.riposte.png
heroes/sisters/fx/sisters.sprite.riposte.skel
heroes/sisters/fx/sisters.sprite.rose_thorns.atlas
heroes/sisters/fx/sisters.sprite.rose_thorns.png
heroes/sisters/fx/sisters.sprite.rose_thorns.skel
