
-------------------------------------------------------------------------------
Parsing project file - C:\Users\Vivian (Juni)\Desktop\Darkest Dungeon Mods\MAMBO\project.xml
Mod Data Directory = C:/Users/Vivian (Juni)/Desktop/Darkest Dungeon Mods/MAMBO/

-------------------------------------------------------------------------------
Processing Map Files files...

-------------------------------------------------------------------------------
Running Localization...
Parsing localization/mambo.string_table.xml

Building Languages
Exporting .loc files

-------------------------------------------------------------------------------
Searching for preview icon file C:/Users/Vivian (Juni)/Desktop/Darkest Dungeon Mods/MAMBO/preview_icon.png...FOUND!
<UploadMode> - Set to direct_upload


-------------------------------------------------------------------------------
Modded files...

heroes/mambo/mambo_A/anim/mambo.sprite.afflicted.png
heroes/mambo/mambo_A/anim/mambo.sprite.attack_friendly.png
heroes/mambo/mambo_A/anim/mambo.sprite.baron.png
heroes/mambo/mambo_A/anim/mambo.sprite.baron_tobacco.png
heroes/mambo/mambo_A/anim/mambo.sprite.bloodlet.png
heroes/mambo/mambo_A/anim/mambo.sprite.camp.png
heroes/mambo/mambo_A/anim/mambo.sprite.combat.png
heroes/mambo/mambo_A/anim/mambo.sprite.defend.png
heroes/mambo/mambo_A/anim/mambo.sprite.ghede_blessing.png
heroes/mambo/mambo_A/anim/mambo.sprite.heroic.png
heroes/mambo/mambo_A/anim/mambo.sprite.husband.png
heroes/mambo/mambo_A/anim/mambo.sprite.idle.png
heroes/mambo/mambo_A/anim/mambo.sprite.investigate.png
heroes/mambo/mambo_A/anim/mambo.sprite.papa_legba.png
heroes/mambo/mambo_A/anim/mambo.sprite.riposte.png
heroes/mambo/mambo_A/anim/mambo.sprite.walk.png
heroes/mambo/mambo_A/anim/mambo.sprite.you_dare.png
heroes/mambo/mambo_B/anim/mambo.sprite.afflicted.png
heroes/mambo/mambo_B/anim/mambo.sprite.attack_friendly.png
heroes/mambo/mambo_B/anim/mambo.sprite.baron.png
heroes/mambo/mambo_B/anim/mambo.sprite.baron_tobacco.png
heroes/mambo/mambo_B/anim/mambo.sprite.bloodlet.png
heroes/mambo/mambo_B/anim/mambo.sprite.camp.png
heroes/mambo/mambo_B/anim/mambo.sprite.combat.png
heroes/mambo/mambo_B/anim/mambo.sprite.defend.png
heroes/mambo/mambo_B/anim/mambo.sprite.ghede_blessing.png
heroes/mambo/mambo_B/anim/mambo.sprite.heroic.png
heroes/mambo/mambo_B/anim/mambo.sprite.husband.png
heroes/mambo/mambo_B/anim/mambo.sprite.idle.png
heroes/mambo/mambo_B/anim/mambo.sprite.investigate.png
heroes/mambo/mambo_B/anim/mambo.sprite.papa_legba.png
heroes/mambo/mambo_B/anim/mambo.sprite.riposte.png
heroes/mambo/mambo_B/anim/mambo.sprite.walk.png
heroes/mambo/mambo_B/anim/mambo.sprite.you_dare.png
heroes/mambo/mambo_C/anim/mambo.sprite.afflicted.png
heroes/mambo/mambo_C/anim/mambo.sprite.attack_friendly.png
heroes/mambo/mambo_C/anim/mambo.sprite.baron.png
heroes/mambo/mambo_C/anim/mambo.sprite.baron_tobacco.png
heroes/mambo/mambo_C/anim/mambo.sprite.bloodlet.png
heroes/mambo/mambo_C/anim/mambo.sprite.camp.png
heroes/mambo/mambo_C/anim/mambo.sprite.combat.png
heroes/mambo/mambo_C/anim/mambo.sprite.defend.png
heroes/mambo/mambo_C/anim/mambo.sprite.ghede_blessing.png
heroes/mambo/mambo_C/anim/mambo.sprite.heroic.png
heroes/mambo/mambo_C/anim/mambo.sprite.husband.png
heroes/mambo/mambo_C/anim/mambo.sprite.idle.png
heroes/mambo/mambo_C/anim/mambo.sprite.investigate.png
heroes/mambo/mambo_C/anim/mambo.sprite.papa_legba.png
heroes/mambo/mambo_C/anim/mambo.sprite.riposte.png
heroes/mambo/mambo_C/anim/mambo.sprite.walk.png
heroes/mambo/mambo_C/anim/mambo.sprite.you_dare.png
modes/bloodmoon/upgrades/heroes/mambo.upgrades.json
modes/new_game_plus/upgrades/heroes/mambo.upgrades.json
modes/radiant/upgrades/heroes/mambo.upgrades.json
campaign/town/town_event/town_event.image_first_mambo.png
heroes/mambo/anim/mambo.sprite.afflicted.atlas
heroes/mambo/anim/mambo.sprite.afflicted.skel
heroes/mambo/anim/mambo.sprite.attack_friendly.atlas
heroes/mambo/anim/mambo.sprite.attack_friendly.skel
heroes/mambo/anim/mambo.sprite.baron.atlas
heroes/mambo/anim/mambo.sprite.baron.skel
heroes/mambo/anim/mambo.sprite.baron_tobacco.atlas
heroes/mambo/anim/mambo.sprite.baron_tobacco.skel
heroes/mambo/anim/mambo.sprite.bloodlet.atlas
heroes/mambo/anim/mambo.sprite.bloodlet.skel
heroes/mambo/anim/mambo.sprite.camp.atlas
heroes/mambo/anim/mambo.sprite.camp.skel
heroes/mambo/anim/mambo.sprite.combat.atlas
heroes/mambo/anim/mambo.sprite.combat.skel
heroes/mambo/anim/mambo.sprite.defend.atlas
heroes/mambo/anim/mambo.sprite.defend.skel
heroes/mambo/anim/mambo.sprite.ghede_blessing.atlas
heroes/mambo/anim/mambo.sprite.ghede_blessing.skel
heroes/mambo/anim/mambo.sprite.heroic.atlas
heroes/mambo/anim/mambo.sprite.heroic.skel
heroes/mambo/anim/mambo.sprite.husband.atlas
heroes/mambo/anim/mambo.sprite.husband.skel
heroes/mambo/anim/mambo.sprite.idle.atlas
heroes/mambo/anim/mambo.sprite.idle.skel
heroes/mambo/anim/mambo.sprite.investigate.atlas
heroes/mambo/anim/mambo.sprite.investigate.skel
heroes/mambo/anim/mambo.sprite.papa_legba.atlas
heroes/mambo/anim/mambo.sprite.papa_legba.skel
heroes/mambo/anim/mambo.sprite.walk.atlas
heroes/mambo/anim/mambo.sprite.walk.skel
heroes/mambo/anim/mambo.sprite.you_dare.atlas
heroes/mambo/anim/mambo.sprite.you_dare.skel
heroes/mambo/fx/mambo.sprite.baron_tobacco_fx.atlas
heroes/mambo/fx/mambo.sprite.baron_tobacco_fx.png
heroes/mambo/fx/mambo.sprite.baron_tobacco_fx.skel
heroes/mambo/fx/mambo.sprite.baron_tobacco_target.atlas
heroes/mambo/fx/mambo.sprite.baron_tobacco_target.png
heroes/mambo/fx/mambo.sprite.baron_tobacco_target.skel
heroes/mambo/fx/mambo.sprite.defend_papa_fx.atlas
heroes/mambo/fx/mambo.sprite.defend_papa_fx.png
heroes/mambo/fx/mambo.sprite.defend_papa_fx.skel
heroes/mambo/fx/mambo.sprite.ghede_blessing_fx.atlas
heroes/mambo/fx/mambo.sprite.ghede_blessing_fx.png
heroes/mambo/fx/mambo.sprite.ghede_blessing_fx.skel
heroes/mambo/fx/mambo.sprite.husband_fx.atlas
heroes/mambo/fx/mambo.sprite.husband_fx.png
heroes/mambo/fx/mambo.sprite.husband_fx.skel
heroes/mambo/fx/mambo.sprite.papa_legba.atlas
heroes/mambo/fx/mambo.sprite.papa_legba.png
heroes/mambo/fx/mambo.sprite.papa_legba.skel
heroes/mambo/fx/mambo.sprite.papa_legba_fx.atlas
heroes/mambo/fx/mambo.sprite.papa_legba_fx.png
heroes/mambo/fx/mambo.sprite.papa_legba_fx.skel
heroes/mambo/fx/mambo.sprite.papa_legba_target.atlas
heroes/mambo/fx/mambo.sprite.papa_legba_target.png
heroes/mambo/fx/mambo.sprite.papa_legba_target.skel
heroes/mambo/fx/mambo.sprite.papa_start.atlas
heroes/mambo/fx/mambo.sprite.papa_start.png
heroes/mambo/fx/mambo.sprite.papa_start.skel
heroes/mambo/fx/mambo.sprite.riposte_fx.atlas
heroes/mambo/fx/mambo.sprite.riposte_fx.png
heroes/mambo/fx/mambo.sprite.riposte_fx.skel
heroes/mambo/fx/mambo.sprite.you_dare_fx.atlas
heroes/mambo/fx/mambo.sprite.you_dare_fx.png
heroes/mambo/fx/mambo.sprite.you_dare_fx.skel
heroes/mambo/icons_equip/eqp_armour_0.png
heroes/mambo/icons_equip/eqp_armour_1.png
heroes/mambo/icons_equip/eqp_armour_2.png
heroes/mambo/icons_equip/eqp_armour_3.png
heroes/mambo/icons_equip/eqp_armour_4.png
heroes/mambo/icons_equip/eqp_weapon_0.png
heroes/mambo/icons_equip/eqp_weapon_1.png
heroes/mambo/icons_equip/eqp_weapon_2.png
heroes/mambo/icons_equip/eqp_weapon_3.png
heroes/mambo/icons_equip/eqp_weapon_4.png
heroes/mambo/mambo_A/mambo_portrait_roster.png
heroes/mambo/mambo_B/mambo_portrait_roster.png
heroes/mambo/mambo_C/mambo_portrait_roster.png
panels/icons_equip/trinket/inv_trinket+mambo_beaded_gourd.png
panels/icons_equip/trinket/inv_trinket+mambo_crystalized_pepper_rum.png
panels/icons_equip/trinket/inv_trinket+mambo_freedom_papers.png
panels/icons_equip/trinket/inv_trinket+mambo_grigri_talisman.png
panels/icons_equip/trinket/inv_trinket+mambo_kagura.png
panels/icons_equip/trinket/inv_trinket+mambo_locket_of_christophe.png
panels/icons_equip/trinket/inv_trinket+mambo_my_good_headscarf.png
panels/icons_equip/trinket/inv_trinket+mambo_stillborns_blanket.png
panels/icons_equip/trinket/inv_trinket+mambo_sugar_dusted_beignet.png
panels/icons_equip/trinket/inv_trinket+mambo_vial_of_teeth.png
raid/camping/skill_icons/camp_skill_gumbo_zabe.png
raid/camping/skill_icons/camp_skill_lemme_do_yo_hair.png
