
-------------------------------------------------------------------------------
Parsing project file - D:\Steam\steamapps\common\DarkestDungeon\mods\Acolyte_Class\project.xml
Mod Data Directory = D:/Steam/steamapps/common/DarkestDungeon/mods/Acolyte_Class/

-------------------------------------------------------------------------------
Processing Map Files files...

-------------------------------------------------------------------------------
Running Localization...
Parsing localization/acolyte_brazilian.string_table.xml
Parsing localization/acolyte_czech.string_table.xml
Parsing localization/acolyte_english.string_table.xml
Parsing localization/acolyte_french.string_table.xml
Parsing localization/acolyte_german.string_table.xml
Parsing localization/acolyte_italian.string_table.xml
Parsing localization/acolyte_japanese.string_table.xml
Parsing localization/acolyte_koreana.string_table.xml
Parsing localization/acolyte_koreanb.string_table.xml
Parsing localization/acolyte_polish.string_table.xml
Parsing localization/acolyte_russian.string_table.xml
Parsing localization/acolyte_schinese.string_table.xml
Parsing localization/acolyte_spanish.string_table.xml
Parsing localization/miscellaneous_acolyte.string_table.xml
Parsing localization/trinkets_acolyte.string_table.xml

Building Languages

+++++++++++++++++++++++++++++++++++++++++
Error koreana - acolyte+str_bark_stress_camp_selfish
----------
Malformed input (%! 이미 말한 사항이다!)
----------
Exporting .loc files

-------------------------------------------------------------------------------
Searching for preview icon file D:/Steam/steamapps/common/DarkestDungeon/mods/Acolyte_Class/preview_icon.png...FOUND!
<UploadMode> - Set to direct_upload


-------------------------------------------------------------------------------
Modded files...

heroes/acolyte/acolyte_A/anim/acolyte.sprite.afflicted.png
heroes/acolyte/acolyte_A/anim/acolyte.sprite.attack_heal.png
heroes/acolyte/acolyte_A/anim/acolyte.sprite.attack_melee.png
heroes/acolyte/acolyte_A/anim/acolyte.sprite.attack_ranged.png
heroes/acolyte/acolyte_A/anim/acolyte.sprite.attack_skull.png
heroes/acolyte/acolyte_A/anim/acolyte.sprite.camp.png
heroes/acolyte/acolyte_A/anim/acolyte.sprite.combat.png
heroes/acolyte/acolyte_A/anim/acolyte.sprite.defend.png
heroes/acolyte/acolyte_A/anim/acolyte.sprite.heroic.png
heroes/acolyte/acolyte_A/anim/acolyte.sprite.investigate.png
heroes/acolyte/acolyte_A/anim/acolyte.sprite.walk.png
heroes/acolyte/acolyte_B/anim/acolyte.sprite.afflicted.png
heroes/acolyte/acolyte_B/anim/acolyte.sprite.attack_heal.png
heroes/acolyte/acolyte_B/anim/acolyte.sprite.attack_melee.png
heroes/acolyte/acolyte_B/anim/acolyte.sprite.attack_ranged.png
heroes/acolyte/acolyte_B/anim/acolyte.sprite.attack_skull.png
heroes/acolyte/acolyte_B/anim/acolyte.sprite.camp.png
heroes/acolyte/acolyte_B/anim/acolyte.sprite.combat.png
heroes/acolyte/acolyte_B/anim/acolyte.sprite.defend.png
heroes/acolyte/acolyte_B/anim/acolyte.sprite.heroic.png
heroes/acolyte/acolyte_B/anim/acolyte.sprite.investigate.png
heroes/acolyte/acolyte_B/anim/acolyte.sprite.walk.png
heroes/acolyte/acolyte_C/anim/acolyte.sprite.afflicted.png
heroes/acolyte/acolyte_C/anim/acolyte.sprite.attack_heal.png
heroes/acolyte/acolyte_C/anim/acolyte.sprite.attack_melee.png
heroes/acolyte/acolyte_C/anim/acolyte.sprite.attack_ranged.png
heroes/acolyte/acolyte_C/anim/acolyte.sprite.attack_skull.png
heroes/acolyte/acolyte_C/anim/acolyte.sprite.camp.png
heroes/acolyte/acolyte_C/anim/acolyte.sprite.combat.png
heroes/acolyte/acolyte_C/anim/acolyte.sprite.defend.png
heroes/acolyte/acolyte_C/anim/acolyte.sprite.heroic.png
heroes/acolyte/acolyte_C/anim/acolyte.sprite.investigate.png
heroes/acolyte/acolyte_C/anim/acolyte.sprite.walk.png
heroes/acolyte/acolyte_D/anim/acolyte.sprite.afflicted.png
heroes/acolyte/acolyte_D/anim/acolyte.sprite.attack_heal.png
heroes/acolyte/acolyte_D/anim/acolyte.sprite.attack_melee.png
heroes/acolyte/acolyte_D/anim/acolyte.sprite.attack_ranged.png
heroes/acolyte/acolyte_D/anim/acolyte.sprite.attack_skull.png
heroes/acolyte/acolyte_D/anim/acolyte.sprite.camp.png
heroes/acolyte/acolyte_D/anim/acolyte.sprite.combat.png
heroes/acolyte/acolyte_D/anim/acolyte.sprite.defend.png
heroes/acolyte/acolyte_D/anim/acolyte.sprite.heroic.png
heroes/acolyte/acolyte_D/anim/acolyte.sprite.investigate.png
heroes/acolyte/acolyte_D/anim/acolyte.sprite.walk.png
campaign/town/town_event/town_event.image_acolyte_quirk_recruit.png
heroes/acolyte/acolyte_A/acolyte_portrait_roster.png
heroes/acolyte/acolyte_B/acolyte_portrait_roster.png
heroes/acolyte/acolyte_C/acolyte_portrait_roster.png
heroes/acolyte/acolyte_D/acolyte_portrait_roster.png
heroes/acolyte/anim/acolyte.sprite.afflicted.atlas
heroes/acolyte/anim/acolyte.sprite.afflicted.skel
heroes/acolyte/anim/acolyte.sprite.attack_heal.atlas
heroes/acolyte/anim/acolyte.sprite.attack_heal.skel
heroes/acolyte/anim/acolyte.sprite.attack_melee.atlas
heroes/acolyte/anim/acolyte.sprite.attack_melee.skel
heroes/acolyte/anim/acolyte.sprite.attack_ranged.atlas
heroes/acolyte/anim/acolyte.sprite.attack_ranged.skel
heroes/acolyte/anim/acolyte.sprite.attack_skull.atlas
heroes/acolyte/anim/acolyte.sprite.attack_skull.skel
heroes/acolyte/anim/acolyte.sprite.camp.atlas
heroes/acolyte/anim/acolyte.sprite.camp.skel
heroes/acolyte/anim/acolyte.sprite.combat.atlas
heroes/acolyte/anim/acolyte.sprite.combat.skel
heroes/acolyte/anim/acolyte.sprite.defend.atlas
heroes/acolyte/anim/acolyte.sprite.defend.skel
heroes/acolyte/anim/acolyte.sprite.heroic.atlas
heroes/acolyte/anim/acolyte.sprite.heroic.skel
heroes/acolyte/anim/acolyte.sprite.idle.atlas
heroes/acolyte/anim/acolyte.sprite.idle.skel
heroes/acolyte/anim/acolyte.sprite.investigate.atlas
heroes/acolyte/anim/acolyte.sprite.investigate.skel
heroes/acolyte/anim/acolyte.sprite.walk.atlas
heroes/acolyte/anim/acolyte.sprite.walk.skel
heroes/acolyte/fx/acolyte.sprite.absolution.atlas
heroes/acolyte/fx/acolyte.sprite.absolution.png
heroes/acolyte/fx/acolyte.sprite.absolution.skel
heroes/acolyte/fx/acolyte.sprite.abyssal_artillery.atlas
heroes/acolyte/fx/acolyte.sprite.abyssal_artillery.png
heroes/acolyte/fx/acolyte.sprite.abyssal_artillery.skel
heroes/acolyte/fx/acolyte.sprite.battle_heal.atlas
heroes/acolyte/fx/acolyte.sprite.battle_heal.png
heroes/acolyte/fx/acolyte.sprite.battle_heal.skel
heroes/acolyte/fx/acolyte.sprite.battle_heal_target.atlas
heroes/acolyte/fx/acolyte.sprite.battle_heal_target.png
heroes/acolyte/fx/acolyte.sprite.battle_heal_target.skel
heroes/acolyte/fx/acolyte.sprite.bloodlet.atlas
heroes/acolyte/fx/acolyte.sprite.bloodlet.png
heroes/acolyte/fx/acolyte.sprite.bloodlet.skel
heroes/acolyte/fx/acolyte.sprite.disruptive_curse_target.atlas
heroes/acolyte/fx/acolyte.sprite.disruptive_curse_target.png
heroes/acolyte/fx/acolyte.sprite.disruptive_curse_target.skel
heroes/acolyte/fx/acolyte.sprite.gods_comfort_target.atlas
heroes/acolyte/fx/acolyte.sprite.gods_comfort_target.png
heroes/acolyte/fx/acolyte.sprite.gods_comfort_target.skel
heroes/acolyte/fx/acolyte.sprite.poisoned.atlas
heroes/acolyte/fx/acolyte.sprite.poisoned.png
heroes/acolyte/fx/acolyte.sprite.poisoned.skel
heroes/acolyte/fx/acolyte.sprite.poisoning_target.atlas
heroes/acolyte/fx/acolyte.sprite.poisoning_target.png
heroes/acolyte/fx/acolyte.sprite.poisoning_target.skel
heroes/acolyte/fx/acolyte.sprite.sniper_shot_target.atlas
heroes/acolyte/fx/acolyte.sprite.sniper_shot_target.png
heroes/acolyte/fx/acolyte.sprite.sniper_shot_target.skel
heroes/acolyte/fx/acolyte.sprite.weakening_curse.atlas
heroes/acolyte/fx/acolyte.sprite.weakening_curse.png
heroes/acolyte/fx/acolyte.sprite.weakening_curse.skel
heroes/acolyte/fx/acolyte.sprite.weakening_purge.atlas
heroes/acolyte/fx/acolyte.sprite.weakening_purge.png
heroes/acolyte/fx/acolyte.sprite.weakening_purge.skel
heroes/acolyte/fx/acolyte.sprite.wyrd_reconstruction.atlas
heroes/acolyte/fx/acolyte.sprite.wyrd_reconstruction.png
heroes/acolyte/fx/acolyte.sprite.wyrd_reconstruction.skel
heroes/acolyte/icons_equip/eqp_armour_0.png
heroes/acolyte/icons_equip/eqp_armour_1.png
heroes/acolyte/icons_equip/eqp_armour_2.png
heroes/acolyte/icons_equip/eqp_armour_3.png
