
-------------------------------------------------------------------------------
Parsing project file - C:\my_mods\barbarian\data\BarbarianAG_project.xml
Mod Data Directory = c:/my_mods/barbarian/data/

-------------------------------------------------------------------------------
Processing Map Files files...

-------------------------------------------------------------------------------
Running Localization...
Parsing localization/barbarianAG.string_table.xml

Building Languages
Exporting .loc files

-------------------------------------------------------------------------------
Searching for preview icon file c:/my_mods/barbarian/data/preview_icon.png...FOUND!
<UploadMode> - Set to direct_upload


-------------------------------------------------------------------------------
Modded files...

heroes/barbarianAG/barbarianAG_A/anim/barbarianAG.sprite.afflicted.png
heroes/barbarianAG/barbarianAG_A/anim/barbarianAG.sprite.attack_axe.png
heroes/barbarianAG/barbarianAG_A/anim/barbarianAG.sprite.attack_buff.png
heroes/barbarianAG/barbarianAG_A/anim/barbarianAG.sprite.attack_chop.png
heroes/barbarianAG/barbarianAG_A/anim/barbarianAG.sprite.attack_hew.png
heroes/barbarianAG/barbarianAG_A/anim/barbarianAG.sprite.attack_horns.png
heroes/barbarianAG/barbarianAG_A/anim/barbarianAG.sprite.attack_intimidate.png
heroes/barbarianAG/barbarianAG_A/anim/barbarianAG.sprite.camp.png
heroes/barbarianAG/barbarianAG_A/anim/barbarianAG.sprite.combat.png
heroes/barbarianAG/barbarianAG_A/anim/barbarianAG.sprite.defend.png
heroes/barbarianAG/barbarianAG_A/anim/barbarianAG.sprite.heroic.png
heroes/barbarianAG/barbarianAG_A/anim/barbarianAG.sprite.idle.png
heroes/barbarianAG/barbarianAG_A/anim/barbarianAG.sprite.investigate.png
heroes/barbarianAG/barbarianAG_A/anim/barbarianAG.sprite.walk.png
heroes/barbarianAG/barbarianAG_B/anim/barbarianAG.sprite.afflicted.png
heroes/barbarianAG/barbarianAG_B/anim/barbarianAG.sprite.attack_axe.png
heroes/barbarianAG/barbarianAG_B/anim/barbarianAG.sprite.attack_buff.png
heroes/barbarianAG/barbarianAG_B/anim/barbarianAG.sprite.attack_chop.png
heroes/barbarianAG/barbarianAG_B/anim/barbarianAG.sprite.attack_hew.png
heroes/barbarianAG/barbarianAG_B/anim/barbarianAG.sprite.attack_horns.png
heroes/barbarianAG/barbarianAG_B/anim/barbarianAG.sprite.attack_intimidate.png
heroes/barbarianAG/barbarianAG_B/anim/barbarianAG.sprite.camp.png
heroes/barbarianAG/barbarianAG_B/anim/barbarianAG.sprite.combat.png
heroes/barbarianAG/barbarianAG_B/anim/barbarianAG.sprite.defend.png
heroes/barbarianAG/barbarianAG_B/anim/barbarianAG.sprite.heroic.png
heroes/barbarianAG/barbarianAG_B/anim/barbarianAG.sprite.idle.png
heroes/barbarianAG/barbarianAG_B/anim/barbarianAG.sprite.investigate.png
heroes/barbarianAG/barbarianAG_B/anim/barbarianAG.sprite.walk.png
heroes/barbarianAG/barbarianAG_C/anim/barbarianAG.sprite.afflicted.png
heroes/barbarianAG/barbarianAG_C/anim/barbarianAG.sprite.attack_axe.png
heroes/barbarianAG/barbarianAG_C/anim/barbarianAG.sprite.attack_buff.png
heroes/barbarianAG/barbarianAG_C/anim/barbarianAG.sprite.attack_chop.png
heroes/barbarianAG/barbarianAG_C/anim/barbarianAG.sprite.attack_hew.png
heroes/barbarianAG/barbarianAG_C/anim/barbarianAG.sprite.attack_horns.png
heroes/barbarianAG/barbarianAG_C/anim/barbarianAG.sprite.attack_intimidate.png
heroes/barbarianAG/barbarianAG_C/anim/barbarianAG.sprite.camp.png
heroes/barbarianAG/barbarianAG_C/anim/barbarianAG.sprite.combat.png
heroes/barbarianAG/barbarianAG_C/anim/barbarianAG.sprite.defend.png
heroes/barbarianAG/barbarianAG_C/anim/barbarianAG.sprite.heroic.png
heroes/barbarianAG/barbarianAG_C/anim/barbarianAG.sprite.idle.png
heroes/barbarianAG/barbarianAG_C/anim/barbarianAG.sprite.investigate.png
heroes/barbarianAG/barbarianAG_C/anim/barbarianAG.sprite.walk.png
heroes/barbarianAG/barbarianAG_D/anim/barbarianAG.sprite.afflicted.png
heroes/barbarianAG/barbarianAG_D/anim/barbarianAG.sprite.attack_axe.png
heroes/barbarianAG/barbarianAG_D/anim/barbarianAG.sprite.attack_buff.png
heroes/barbarianAG/barbarianAG_D/anim/barbarianAG.sprite.attack_chop.png
heroes/barbarianAG/barbarianAG_D/anim/barbarianAG.sprite.attack_hew.png
heroes/barbarianAG/barbarianAG_D/anim/barbarianAG.sprite.attack_horns.png
heroes/barbarianAG/barbarianAG_D/anim/barbarianAG.sprite.attack_intimidate.png
heroes/barbarianAG/barbarianAG_D/anim/barbarianAG.sprite.camp.png
heroes/barbarianAG/barbarianAG_D/anim/barbarianAG.sprite.combat.png
heroes/barbarianAG/barbarianAG_D/anim/barbarianAG.sprite.defend.png
heroes/barbarianAG/barbarianAG_D/anim/barbarianAG.sprite.heroic.png
heroes/barbarianAG/barbarianAG_D/anim/barbarianAG.sprite.idle.png
heroes/barbarianAG/barbarianAG_D/anim/barbarianAG.sprite.investigate.png
heroes/barbarianAG/barbarianAG_D/anim/barbarianAG.sprite.walk.png
heroes/barbarianAG/barbarianAG_E/anim/barbarianAG.sprite.afflicted.png
heroes/barbarianAG/barbarianAG_E/anim/barbarianAG.sprite.attack_axe.png
heroes/barbarianAG/barbarianAG_E/anim/barbarianAG.sprite.attack_buff.png
heroes/barbarianAG/barbarianAG_E/anim/barbarianAG.sprite.attack_chop.png
heroes/barbarianAG/barbarianAG_E/anim/barbarianAG.sprite.attack_hew.png
heroes/barbarianAG/barbarianAG_E/anim/barbarianAG.sprite.attack_horns.png
heroes/barbarianAG/barbarianAG_E/anim/barbarianAG.sprite.attack_intimidate.png
heroes/barbarianAG/barbarianAG_E/anim/barbarianAG.sprite.camp.png
heroes/barbarianAG/barbarianAG_E/anim/barbarianAG.sprite.combat.png
heroes/barbarianAG/barbarianAG_E/anim/barbarianAG.sprite.defend.png
heroes/barbarianAG/barbarianAG_E/anim/barbarianAG.sprite.heroic.png
heroes/barbarianAG/barbarianAG_E/anim/barbarianAG.sprite.idle.png
heroes/barbarianAG/barbarianAG_E/anim/barbarianAG.sprite.investigate.png
heroes/barbarianAG/barbarianAG_E/anim/barbarianAG.sprite.walk.png
heroes/barbarianAG/barbarianAG_F/anim/barbarianAG.sprite.afflicted.png
heroes/barbarianAG/barbarianAG_F/anim/barbarianAG.sprite.attack_axe.png
heroes/barbarianAG/barbarianAG_F/anim/barbarianAG.sprite.attack_buff.png
heroes/barbarianAG/barbarianAG_F/anim/barbarianAG.sprite.attack_chop.png
heroes/barbarianAG/barbarianAG_F/anim/barbarianAG.sprite.attack_hew.png
heroes/barbarianAG/barbarianAG_F/anim/barbarianAG.sprite.attack_horns.png
heroes/barbarianAG/barbarianAG_F/anim/barbarianAG.sprite.attack_intimidate.png
heroes/barbarianAG/barbarianAG_F/anim/barbarianAG.sprite.camp.png
heroes/barbarianAG/barbarianAG_F/anim/barbarianAG.sprite.combat.png
heroes/barbarianAG/barbarianAG_F/anim/barbarianAG.sprite.defend.png
heroes/barbarianAG/barbarianAG_F/anim/barbarianAG.sprite.heroic.png
heroes/barbarianAG/barbarianAG_F/anim/barbarianAG.sprite.idle.png
heroes/barbarianAG/barbarianAG_F/anim/barbarianAG.sprite.investigate.png
heroes/barbarianAG/barbarianAG_F/anim/barbarianAG.sprite.walk.png
campaign/town/town_event/town_event.image_first_barbarianAG.png
heroes/barbarianAG/anim/barbarianAG.sprite.afflicted.atlas
heroes/barbarianAG/anim/barbarianAG.sprite.afflicted.skel
heroes/barbarianAG/anim/barbarianAG.sprite.attack_axe.atlas
heroes/barbarianAG/anim/barbarianAG.sprite.attack_axe.skel
heroes/barbarianAG/anim/barbarianAG.sprite.attack_buff.atlas
heroes/barbarianAG/anim/barbarianAG.sprite.attack_buff.skel
heroes/barbarianAG/anim/barbarianAG.sprite.attack_chop.atlas
heroes/barbarianAG/anim/barbarianAG.sprite.attack_chop.skel
heroes/barbarianAG/anim/barbarianAG.sprite.attack_hew.atlas
heroes/barbarianAG/anim/barbarianAG.sprite.attack_hew.skel
heroes/barbarianAG/anim/barbarianAG.sprite.attack_horns.atlas
heroes/barbarianAG/anim/barbarianAG.sprite.attack_horns.skel
heroes/barbarianAG/anim/barbarianAG.sprite.attack_intimidate.atlas
heroes/barbarianAG/anim/barbarianAG.sprite.attack_intimidate.skel
heroes/barbarianAG/anim/barbarianAG.sprite.camp.atlas
heroes/barbarianAG/anim/barbarianAG.sprite.camp.skel
heroes/barbarianAG/anim/barbarianAG.sprite.combat.atlas
heroes/barbarianAG/anim/barbarianAG.sprite.combat.skel
heroes/barbarianAG/anim/barbarianAG.sprite.defend.atlas
heroes/barbarianAG/anim/barbarianAG.sprite.defend.skel
heroes/barbarianAG/anim/barbarianAG.sprite.heroic.atlas
heroes/barbarianAG/anim/barbarianAG.sprite.heroic.skel
heroes/barbarianAG/anim/barbarianAG.sprite.idle.atlas
