
-------------------------------------------------------------------------------
Parsing project file - C:\Users\Sean\Desktop\Darkest Dungeon Mods\Warden of the North\wardenofthenorth.xml
Mod Data Directory = C:/Users/Sean/Desktop/Darkest Dungeon Mods/Warden of the North/

-------------------------------------------------------------------------------
Processing Map Files files...

-------------------------------------------------------------------------------
Running Localization...
Parsing localization/wotn.string_table.xml

Building Languages
Exporting .loc files

-------------------------------------------------------------------------------
Searching for preview icon file C:/Users/Sean/Desktop/Darkest Dungeon Mods/Warden of the North/preview_icon.png...FOUND!
<UploadMode> - Set to direct_upload


-------------------------------------------------------------------------------
Detected 2 unchanged files
The following files are unchanged and will be uploaded...
C:/Users/Sean/Desktop/Darkest Dungeon Mods/Warden of the North/overlays/poptext_hp_heal_dot.png
C:/Users/Sean/Desktop/Darkest Dungeon Mods/Warden of the North/overlays/tray_dot_hp_heal.png

-------------------------------------------------------------------------------
Modded files...

heroes/wotn/wotn_A/anim/wotn.sprite.afflicted.png
heroes/wotn/wotn_A/anim/wotn.sprite.attack_banner.png
heroes/wotn/wotn_A/anim/wotn.sprite.attack_chop.png
heroes/wotn/wotn_A/anim/wotn.sprite.attack_hew.png
heroes/wotn/wotn_A/anim/wotn.sprite.attack_intimidate.png
heroes/wotn/wotn_A/anim/wotn.sprite.attack_kneel.png
heroes/wotn/wotn_A/anim/wotn.sprite.attack_rush.png
heroes/wotn/wotn_A/anim/wotn.sprite.camp.png
heroes/wotn/wotn_A/anim/wotn.sprite.combat.png
heroes/wotn/wotn_A/anim/wotn.sprite.defend.png
heroes/wotn/wotn_A/anim/wotn.sprite.heroic.png
heroes/wotn/wotn_A/anim/wotn.sprite.idle.png
heroes/wotn/wotn_A/anim/wotn.sprite.investigate.png
heroes/wotn/wotn_A/anim/wotn.sprite.walk.png
heroes/wotn/wotn_B/anim/wotn.sprite.afflicted.png
heroes/wotn/wotn_B/anim/wotn.sprite.attack_banner.png
heroes/wotn/wotn_B/anim/wotn.sprite.attack_chop.png
heroes/wotn/wotn_B/anim/wotn.sprite.attack_hew.png
heroes/wotn/wotn_B/anim/wotn.sprite.attack_intimidate.png
heroes/wotn/wotn_B/anim/wotn.sprite.attack_kneel.png
heroes/wotn/wotn_B/anim/wotn.sprite.attack_rush.png
heroes/wotn/wotn_B/anim/wotn.sprite.camp.png
heroes/wotn/wotn_B/anim/wotn.sprite.combat.png
heroes/wotn/wotn_B/anim/wotn.sprite.defend.png
heroes/wotn/wotn_B/anim/wotn.sprite.heroic.png
heroes/wotn/wotn_B/anim/wotn.sprite.idle.png
heroes/wotn/wotn_B/anim/wotn.sprite.investigate.png
heroes/wotn/wotn_B/anim/wotn.sprite.walk.png
heroes/wotn/wotn_C/anim/wotn.sprite.afflicted.png
heroes/wotn/wotn_C/anim/wotn.sprite.attack_banner.png
heroes/wotn/wotn_C/anim/wotn.sprite.attack_chop.png
heroes/wotn/wotn_C/anim/wotn.sprite.attack_hew.png
heroes/wotn/wotn_C/anim/wotn.sprite.attack_intimidate.png
heroes/wotn/wotn_C/anim/wotn.sprite.attack_kneel.png
heroes/wotn/wotn_C/anim/wotn.sprite.attack_rush.png
heroes/wotn/wotn_C/anim/wotn.sprite.camp.png
heroes/wotn/wotn_C/anim/wotn.sprite.combat.png
heroes/wotn/wotn_C/anim/wotn.sprite.defend.png
heroes/wotn/wotn_C/anim/wotn.sprite.heroic.png
heroes/wotn/wotn_C/anim/wotn.sprite.idle.png
heroes/wotn/wotn_C/anim/wotn.sprite.investigate.png
heroes/wotn/wotn_C/anim/wotn.sprite.walk.png
heroes/wotn/wotn_D/anim/wotn.sprite.afflicted.png
heroes/wotn/wotn_D/anim/wotn.sprite.attack_banner.png
heroes/wotn/wotn_D/anim/wotn.sprite.attack_chop.png
heroes/wotn/wotn_D/anim/wotn.sprite.attack_hew.png
heroes/wotn/wotn_D/anim/wotn.sprite.attack_intimidate.png
heroes/wotn/wotn_D/anim/wotn.sprite.attack_kneel.png
heroes/wotn/wotn_D/anim/wotn.sprite.attack_rush.png
heroes/wotn/wotn_D/anim/wotn.sprite.camp.png
heroes/wotn/wotn_D/anim/wotn.sprite.combat.png
heroes/wotn/wotn_D/anim/wotn.sprite.defend.png
heroes/wotn/wotn_D/anim/wotn.sprite.heroic.png
heroes/wotn/wotn_D/anim/wotn.sprite.idle.png
heroes/wotn/wotn_D/anim/wotn.sprite.investigate.png
heroes/wotn/wotn_D/anim/wotn.sprite.walk.png
heroes/wotn/anim/wotn.sprite.afflicted.atlas
heroes/wotn/anim/wotn.sprite.afflicted.skel
heroes/wotn/anim/wotn.sprite.attack_banner.atlas
heroes/wotn/anim/wotn.sprite.attack_banner.skel
heroes/wotn/anim/wotn.sprite.attack_chop.atlas
heroes/wotn/anim/wotn.sprite.attack_chop.skel
heroes/wotn/anim/wotn.sprite.attack_hew.atlas
heroes/wotn/anim/wotn.sprite.attack_hew.skel
heroes/wotn/anim/wotn.sprite.attack_intimidate.atlas
heroes/wotn/anim/wotn.sprite.attack_intimidate.skel
heroes/wotn/anim/wotn.sprite.attack_kneel.atlas
heroes/wotn/anim/wotn.sprite.attack_kneel.skel
heroes/wotn/anim/wotn.sprite.attack_rush.atlas
heroes/wotn/anim/wotn.sprite.attack_rush.skel
heroes/wotn/anim/wotn.sprite.camp.atlas
heroes/wotn/anim/wotn.sprite.camp.skel
heroes/wotn/anim/wotn.sprite.combat.atlas
heroes/wotn/anim/wotn.sprite.combat.skel
heroes/wotn/anim/wotn.sprite.defend.atlas
heroes/wotn/anim/wotn.sprite.defend.skel
heroes/wotn/anim/wotn.sprite.heroic.atlas
heroes/wotn/anim/wotn.sprite.heroic.skel
heroes/wotn/anim/wotn.sprite.idle.atlas
heroes/wotn/anim/wotn.sprite.idle.skel
heroes/wotn/anim/wotn.sprite.investigate.atlas
heroes/wotn/anim/wotn.sprite.investigate.skel
heroes/wotn/anim/wotn.sprite.walk.atlas
heroes/wotn/anim/wotn.sprite.walk.skel
heroes/wotn/fx/wotn.sprite.absolution.atlas
heroes/wotn/fx/wotn.sprite.absolution.png
heroes/wotn/fx/wotn.sprite.absolution.skel
heroes/wotn/fx/wotn.sprite.battle_ballad_target.atlas
heroes/wotn/fx/wotn.sprite.battle_ballad_target.png
heroes/wotn/fx/wotn.sprite.battle_ballad_target.skel
heroes/wotn/fx/wotn.sprite.battle_heal.atlas
heroes/wotn/fx/wotn.sprite.battle_heal.png
heroes/wotn/fx/wotn.sprite.battle_heal.skel
heroes/wotn/fx/wotn.sprite.chop.atlas
heroes/wotn/fx/wotn.sprite.chop.png
heroes/wotn/fx/wotn.sprite.chop.skel
heroes/wotn/fx/wotn.sprite.hew.atlas
heroes/wotn/fx/wotn.sprite.hew.png
heroes/wotn/fx/wotn.sprite.hew.skel
heroes/wotn/fx/wotn.sprite.hounds_harry.atlas
heroes/wotn/fx/wotn.sprite.hounds_harry.png
heroes/wotn/fx/wotn.sprite.hounds_harry.skel
heroes/wotn/fx/wotn.sprite.withstand.atlas
heroes/wotn/fx/wotn.sprite.withstand.png
heroes/wotn/fx/wotn.sprite.withstand.skel
heroes/wotn/icons_equip/eqp_armour_0.png
heroes/wotn/icons_equip/eqp_armour_1.png
heroes/wotn/icons_equip/eqp_armour_2.png
heroes/wotn/icons_equip/eqp_armour_3.png
heroes/wotn/icons_equip/eqp_armour_4.png
heroes/wotn/icons_equip/eqp_weapon_0.png
heroes/wotn/icons_equip/eqp_weapon_1.png
heroes/wotn/icons_equip/eqp_weapon_2.png
heroes/wotn/icons_equip/eqp_weapon_3.png
heroes/wotn/icons_equip/eqp_weapon_4.png
heroes/wotn/wotn_A/wotn_portrait_roster.png
heroes/wotn/wotn_B/wotn_portrait_roster.png
heroes/wotn/wotn_C/wotn_portrait_roster.png
heroes/wotn/wotn_D/wotn_portrait_roster.png
panels/icons_equip/trinket/inv_trinket+dawn.png
panels/icons_equip/trinket/inv_trinket+direwolf.png
panels/icons_equip/trinket/inv_trinket+hand_of_the_king.png
panels/icons_equip/trinket/inv_trinket+ice.png
panels/icons_equip/trinket/inv_trinket+king_seal.png
panels/icons_equip/trinket/inv_trinket+ned_head.png
panels/icons_equip/trinket/inv_trinket+northern_armor.png
panels/icons_equip/trinket/inv_trinket+walking_stick.png
panels/icons_equip/trinket/inv_trinket+warden_seal.png
panels/icons_equip/trinket/inv_trinket+weathered_sigil.png
panels/icons_equip/trinket/inv_trinket+weirwood.png
raid/camping/skill_icons/camp_skill_experienced_commander.png
raid/camping/skill_icons/camp_skill_pointy_end.png
raid/camping/skill_icons/camp_skill_war_stories.png
raid/camping/skill_icons/camp_skill_winter_is_coming.png
audio/secondary_banks/hero_wotn.bank
heroes/wotn/wotn.ability.five.png
heroes/wotn/wotn.ability.four.png
heroes/wotn/wotn.ability.one.png
heroes/wotn/wotn.ability.seven.png
heroes/wotn/wotn.ability.six.png
heroes/wotn/wotn.ability.three.png
heroes/wotn/wotn.ability.two.png
heroes/wotn/wotn.art.darkest
heroes/wotn/wotn.info.darkest
heroes/wotn/wotn_guild_header.png
raid/camping/wotn.camping_skills.json
scripts/layout/wotn.popup_text.layout.darkest
shared/buffs/wotn_overrides.buffs.json
upgrades/heroes/wotn.upgrades.json
audio/wotn.campaign.guid_overrides.json
