
-------------------------------------------------------------------------------
Parsing project file - C:\Users\Sean\Desktop\Darkest Dungeon Mods\Arcanist\launch.xml
Mod Data Directory = C:/Users/Sean/Desktop/Darkest Dungeon Mods/Arcanist/

-------------------------------------------------------------------------------
Processing Map Files files...

-------------------------------------------------------------------------------
Running Localization...
Parsing localization/arcanist.string_table.xml

Building Languages
Exporting .loc files

-------------------------------------------------------------------------------
Searching for preview icon file C:/Users/Sean/Desktop/Darkest Dungeon Mods/Arcanist/preview_icon.png...FOUND!
<UploadMode> - Set to direct_upload


-------------------------------------------------------------------------------
Detected 2 unchanged files
The following files are unchanged and will be uploaded...
C:/Users/Sean/Desktop/Darkest Dungeon Mods/Arcanist/overlays/poptext_hp_heal_dot.png
C:/Users/Sean/Desktop/Darkest Dungeon Mods/Arcanist/overlays/tray_dot_hp_heal.png

-------------------------------------------------------------------------------
Modded files...

heroes/arcanist/arcanist_A/anim/arcanist.sprite.afflicted.png
heroes/arcanist/arcanist_A/anim/arcanist.sprite.attack_banner.png
heroes/arcanist/arcanist_A/anim/arcanist.sprite.attack_bow.png
heroes/arcanist/arcanist_A/anim/arcanist.sprite.attack_claw.png
heroes/arcanist/arcanist_A/anim/arcanist.sprite.attack_fade - Copy.png
heroes/arcanist/arcanist_A/anim/arcanist.sprite.attack_fade.png
heroes/arcanist/arcanist_A/anim/arcanist.sprite.attack_hook.png
heroes/arcanist/arcanist_A/anim/arcanist.sprite.attack_low.png
heroes/arcanist/arcanist_A/anim/arcanist.sprite.attack_skull.png
heroes/arcanist/arcanist_A/anim/arcanist.sprite.camp.png
heroes/arcanist/arcanist_A/anim/arcanist.sprite.combat.png
heroes/arcanist/arcanist_A/anim/arcanist.sprite.defend.png
heroes/arcanist/arcanist_A/anim/arcanist.sprite.heroic.png
heroes/arcanist/arcanist_A/anim/arcanist.sprite.idle.png
heroes/arcanist/arcanist_A/anim/arcanist.sprite.investigate.png
heroes/arcanist/arcanist_A/anim/arcanist.sprite.time_pose.png
heroes/arcanist/arcanist_A/anim/arcanist.sprite.walk.png
heroes/arcanist/arcanist_A/anim/vestal.sprite.attack_miracle.xcf
heroes/arcanist/arcanist_B/anim/arcanist.sprite.afflicted.png
heroes/arcanist/arcanist_B/anim/arcanist.sprite.attack_banner.png
heroes/arcanist/arcanist_B/anim/arcanist.sprite.attack_bow.png
heroes/arcanist/arcanist_B/anim/arcanist.sprite.attack_claw.png
heroes/arcanist/arcanist_B/anim/arcanist.sprite.attack_fade - Copy.png
heroes/arcanist/arcanist_B/anim/arcanist.sprite.attack_fade.png
heroes/arcanist/arcanist_B/anim/arcanist.sprite.attack_hook.png
heroes/arcanist/arcanist_B/anim/arcanist.sprite.attack_low.png
heroes/arcanist/arcanist_B/anim/arcanist.sprite.attack_skull.png
heroes/arcanist/arcanist_B/anim/arcanist.sprite.camp.png
heroes/arcanist/arcanist_B/anim/arcanist.sprite.combat.png
heroes/arcanist/arcanist_B/anim/arcanist.sprite.defend.png
heroes/arcanist/arcanist_B/anim/arcanist.sprite.heroic.png
heroes/arcanist/arcanist_B/anim/arcanist.sprite.idle.png
heroes/arcanist/arcanist_B/anim/arcanist.sprite.investigate.png
heroes/arcanist/arcanist_B/anim/arcanist.sprite.time_pose.png
heroes/arcanist/arcanist_B/anim/arcanist.sprite.walk.png
heroes/arcanist/arcanist_B/anim/vestal.sprite.attack_miracle.xcf
heroes/arcanist/arcanist_C/anim/arcanist.sprite.afflicted.png
heroes/arcanist/arcanist_C/anim/arcanist.sprite.attack_banner.png
heroes/arcanist/arcanist_C/anim/arcanist.sprite.attack_bow.png
heroes/arcanist/arcanist_C/anim/arcanist.sprite.attack_claw.png
heroes/arcanist/arcanist_C/anim/arcanist.sprite.attack_fade - Copy.png
heroes/arcanist/arcanist_C/anim/arcanist.sprite.attack_fade.png
heroes/arcanist/arcanist_C/anim/arcanist.sprite.attack_hook.png
heroes/arcanist/arcanist_C/anim/arcanist.sprite.attack_low.png
heroes/arcanist/arcanist_C/anim/arcanist.sprite.attack_skull.png
heroes/arcanist/arcanist_C/anim/arcanist.sprite.camp.png
heroes/arcanist/arcanist_C/anim/arcanist.sprite.combat.png
heroes/arcanist/arcanist_C/anim/arcanist.sprite.defend.png
heroes/arcanist/arcanist_C/anim/arcanist.sprite.heroic.png
heroes/arcanist/arcanist_C/anim/arcanist.sprite.idle.png
heroes/arcanist/arcanist_C/anim/arcanist.sprite.investigate.png
heroes/arcanist/arcanist_C/anim/arcanist.sprite.time_pose.png
heroes/arcanist/arcanist_C/anim/arcanist.sprite.walk.png
heroes/arcanist/arcanist_C/anim/vestal.sprite.attack_miracle.xcf
heroes/arcanist/arcanist_D/anim/arcanist.sprite.afflicted.png
heroes/arcanist/arcanist_D/anim/arcanist.sprite.attack_banner.png
heroes/arcanist/arcanist_D/anim/arcanist.sprite.attack_bow.png
heroes/arcanist/arcanist_D/anim/arcanist.sprite.attack_claw.png
heroes/arcanist/arcanist_D/anim/arcanist.sprite.attack_fade - Copy.png
heroes/arcanist/arcanist_D/anim/arcanist.sprite.attack_fade.png
heroes/arcanist/arcanist_D/anim/arcanist.sprite.attack_hook.png
heroes/arcanist/arcanist_D/anim/arcanist.sprite.attack_low.png
heroes/arcanist/arcanist_D/anim/arcanist.sprite.attack_skull.png
heroes/arcanist/arcanist_D/anim/arcanist.sprite.camp.png
heroes/arcanist/arcanist_D/anim/arcanist.sprite.combat.png
heroes/arcanist/arcanist_D/anim/arcanist.sprite.defend.png
heroes/arcanist/arcanist_D/anim/arcanist.sprite.heroic.png
heroes/arcanist/arcanist_D/anim/arcanist.sprite.idle.png
heroes/arcanist/arcanist_D/anim/arcanist.sprite.investigate.png
heroes/arcanist/arcanist_D/anim/arcanist.sprite.time_pose.png
heroes/arcanist/arcanist_D/anim/arcanist.sprite.walk.png
heroes/arcanist/arcanist_D/anim/vestal.sprite.attack_miracle.xcf
heroes/arcanist/anim/arcanist.sprite.afflicted.atlas
heroes/arcanist/anim/arcanist.sprite.afflicted.skel
heroes/arcanist/anim/arcanist.sprite.attack_banner.atlas
heroes/arcanist/anim/arcanist.sprite.attack_banner.skel
heroes/arcanist/anim/arcanist.sprite.attack_bow.atlas
heroes/arcanist/anim/arcanist.sprite.attack_bow.skel
heroes/arcanist/anim/arcanist.sprite.attack_claw.atlas
heroes/arcanist/anim/arcanist.sprite.attack_claw.skel
heroes/arcanist/anim/arcanist.sprite.attack_dagger.atlas
heroes/arcanist/anim/arcanist.sprite.attack_dagger.skel
heroes/arcanist/anim/arcanist.sprite.attack_fade.atlas
heroes/arcanist/anim/arcanist.sprite.attack_fade.skel
heroes/arcanist/anim/arcanist.sprite.attack_hook.atlas
heroes/arcanist/anim/arcanist.sprite.attack_hook.skel
heroes/arcanist/anim/arcanist.sprite.attack_lectionary.atlas
heroes/arcanist/anim/arcanist.sprite.attack_lectionary.skel
heroes/arcanist/anim/arcanist.sprite.attack_low.atlas
heroes/arcanist/anim/arcanist.sprite.attack_low.skel
heroes/arcanist/anim/arcanist.sprite.attack_miracle.atlas
heroes/arcanist/anim/arcanist.sprite.attack_miracle.skel
heroes/arcanist/anim/arcanist.sprite.attack_skull.atlas
heroes/arcanist/anim/arcanist.sprite.attack_skull.skel
heroes/arcanist/anim/arcanist.sprite.attack_slice.atlas
heroes/arcanist/anim/arcanist.sprite.attack_slice.skel
heroes/arcanist/anim/arcanist.sprite.camp.atlas
heroes/arcanist/anim/arcanist.sprite.camp.skel
heroes/arcanist/anim/arcanist.sprite.combat.atlas
heroes/arcanist/anim/arcanist.sprite.combat.skel
heroes/arcanist/anim/arcanist.sprite.defend.atlas
heroes/arcanist/anim/arcanist.sprite.defend.skel
heroes/arcanist/anim/arcanist.sprite.heroic.atlas
heroes/arcanist/anim/arcanist.sprite.heroic.skel
heroes/arcanist/anim/arcanist.sprite.idle.atlas
heroes/arcanist/anim/arcanist.sprite.idle.skel
heroes/arcanist/anim/arcanist.sprite.investigate.atlas
heroes/arcanist/anim/arcanist.sprite.investigate.skel
heroes/arcanist/anim/arcanist.sprite.time_pose.atlas
heroes/arcanist/anim/arcanist.sprite.time_pose.skel
heroes/arcanist/anim/arcanist.sprite.walk.atlas
heroes/arcanist/anim/arcanist.sprite.walk.skel
heroes/arcanist/arcanist_A/arcanist_portrait_roster.png
heroes/arcanist/arcanist_B/arcanist_portrait_roster.png
heroes/arcanist/arcanist_C/arcanist_portrait_roster.png
heroes/arcanist/arcanist_D/arcanist_portrait_roster.png
heroes/arcanist/fx/arcanist.sprite.battle_heal_target.atlas
heroes/arcanist/fx/arcanist.sprite.battle_heal_target.png
