
-------------------------------------------------------------------------------
Parsing project file - C:\MOD\Butcher bird\project.xml
Mod Data Directory = C:/MOD/Butcher bird/

-------------------------------------------------------------------------------
Processing Map Files files...

-------------------------------------------------------------------------------
Running Localization...
Parsing localization/butcher_bird.string_table.xml
Parsing localization/butcher_birdjournals.string_table.xml

Building Languages
Exporting .loc files

-------------------------------------------------------------------------------
Searching for preview icon file C:/MOD/Butcher bird/preview_icon.png...FOUND!
<UploadMode> - Set to direct_upload


-------------------------------------------------------------------------------
Modded files...

heroes/butcher_bird/butcher_bird_A/anim/butcher_bird.sprite.afflicted.png
heroes/butcher_bird/butcher_bird_A/anim/butcher_bird.sprite.attack_basting.png
heroes/butcher_bird/butcher_bird_A/anim/butcher_bird.sprite.attack_devotion.png
heroes/butcher_bird/butcher_bird_A/anim/butcher_bird.sprite.attack_overcasting.png
heroes/butcher_bird/butcher_bird_A/anim/butcher_bird.sprite.attack_rectify.png
heroes/butcher_bird/butcher_bird_A/anim/butcher_bird.sprite.attack_scold.png
heroes/butcher_bird/butcher_bird_A/anim/butcher_bird.sprite.attack_skewer.png
heroes/butcher_bird/butcher_bird_A/anim/butcher_bird.sprite.attack_swoop.png
heroes/butcher_bird/butcher_bird_A/anim/butcher_bird.sprite.camp.png
heroes/butcher_bird/butcher_bird_A/anim/butcher_bird.sprite.combat.png
heroes/butcher_bird/butcher_bird_A/anim/butcher_bird.sprite.defend.png
heroes/butcher_bird/butcher_bird_A/anim/butcher_bird.sprite.heroic.png
heroes/butcher_bird/butcher_bird_A/anim/butcher_bird.sprite.idle.png
heroes/butcher_bird/butcher_bird_A/anim/butcher_bird.sprite.investigate.png
heroes/butcher_bird/butcher_bird_A/anim/butcher_bird.sprite.walk.png
campaign/town/town_event/town_event.image_first_butcher_bird.png
campaign/town/town_event/town_event.image_idle_resolve_level_butcher_bird.png
heroes/butcher_bird/anim/butcher_bird.sprite.afflicted.atlas
heroes/butcher_bird/anim/butcher_bird.sprite.afflicted.skel
heroes/butcher_bird/anim/butcher_bird.sprite.attack_basting.atlas
heroes/butcher_bird/anim/butcher_bird.sprite.attack_basting.skel
heroes/butcher_bird/anim/butcher_bird.sprite.attack_devotion.atlas
heroes/butcher_bird/anim/butcher_bird.sprite.attack_devotion.skel
heroes/butcher_bird/anim/butcher_bird.sprite.attack_overcasting.atlas
heroes/butcher_bird/anim/butcher_bird.sprite.attack_overcasting.skel
heroes/butcher_bird/anim/butcher_bird.sprite.attack_rectify.atlas
heroes/butcher_bird/anim/butcher_bird.sprite.attack_rectify.skel
heroes/butcher_bird/anim/butcher_bird.sprite.attack_scold.atlas
heroes/butcher_bird/anim/butcher_bird.sprite.attack_scold.skel
heroes/butcher_bird/anim/butcher_bird.sprite.attack_skewer.atlas
heroes/butcher_bird/anim/butcher_bird.sprite.attack_skewer.skel
heroes/butcher_bird/anim/butcher_bird.sprite.attack_swoop.atlas
heroes/butcher_bird/anim/butcher_bird.sprite.attack_swoop.skel
heroes/butcher_bird/anim/butcher_bird.sprite.camp.atlas
heroes/butcher_bird/anim/butcher_bird.sprite.camp.skel
heroes/butcher_bird/anim/butcher_bird.sprite.combat.atlas
heroes/butcher_bird/anim/butcher_bird.sprite.combat.skel
heroes/butcher_bird/anim/butcher_bird.sprite.defend.atlas
heroes/butcher_bird/anim/butcher_bird.sprite.defend.skel
heroes/butcher_bird/anim/butcher_bird.sprite.heroic.atlas
heroes/butcher_bird/anim/butcher_bird.sprite.heroic.skel
heroes/butcher_bird/anim/butcher_bird.sprite.idle.atlas
heroes/butcher_bird/anim/butcher_bird.sprite.idle.skel
heroes/butcher_bird/anim/butcher_bird.sprite.investigate.atlas
heroes/butcher_bird/anim/butcher_bird.sprite.investigate.skel
heroes/butcher_bird/anim/butcher_bird.sprite.walk.atlas
heroes/butcher_bird/anim/butcher_bird.sprite.walk.skel
heroes/butcher_bird/butcher_bird_A/butcher_bird_portrait_roster.png
heroes/butcher_bird/butcher_bird_A/photothumb.db
heroes/butcher_bird/fx/butcher_bird.sprite.basting.atlas
heroes/butcher_bird/fx/butcher_bird.sprite.basting.png
heroes/butcher_bird/fx/butcher_bird.sprite.basting.skel
heroes/butcher_bird/fx/butcher_bird.sprite.devotion.atlas
heroes/butcher_bird/fx/butcher_bird.sprite.devotion.png
heroes/butcher_bird/fx/butcher_bird.sprite.devotion.skel
heroes/butcher_bird/fx/butcher_bird.sprite.overcasting.atlas
heroes/butcher_bird/fx/butcher_bird.sprite.overcasting.png
heroes/butcher_bird/fx/butcher_bird.sprite.overcasting.skel
heroes/butcher_bird/fx/butcher_bird.sprite.rectify.atlas
heroes/butcher_bird/fx/butcher_bird.sprite.rectify.png
heroes/butcher_bird/fx/butcher_bird.sprite.rectify.skel
heroes/butcher_bird/fx/butcher_bird.sprite.scold.atlas
heroes/butcher_bird/fx/butcher_bird.sprite.scold.png
heroes/butcher_bird/fx/butcher_bird.sprite.scold.skel
heroes/butcher_bird/fx/butcher_bird.sprite.skewer.atlas
heroes/butcher_bird/fx/butcher_bird.sprite.skewer.png
heroes/butcher_bird/fx/butcher_bird.sprite.skewer.skel
heroes/butcher_bird/fx/butcher_bird.sprite.swoop.atlas
heroes/butcher_bird/fx/butcher_bird.sprite.swoop.png
heroes/butcher_bird/fx/butcher_bird.sprite.swoop.skel
heroes/butcher_bird/icons_equip/eqp_armour_0.png
heroes/butcher_bird/icons_equip/eqp_armour_1.png
heroes/butcher_bird/icons_equip/eqp_armour_2.png
heroes/butcher_bird/icons_equip/eqp_armour_3.png
heroes/butcher_bird/icons_equip/eqp_armour_4.png
heroes/butcher_bird/icons_equip/eqp_weapon_0.png
heroes/butcher_bird/icons_equip/eqp_weapon_1.png
heroes/butcher_bird/icons_equip/eqp_weapon_2.png
heroes/butcher_bird/icons_equip/eqp_weapon_3.png
heroes/butcher_bird/icons_equip/eqp_weapon_4.png
panels/icons_equip/trinket/inv_trinket+butcher_bird_bamboo.png
panels/icons_equip/trinket/inv_trinket+butcher_bird_charmcandy.png
panels/icons_equip/trinket/inv_trinket+butcher_bird_eyeglass.png
panels/icons_equip/trinket/inv_trinket+butcher_bird_handkerchief.png
panels/icons_equip/trinket/inv_trinket+butcher_bird_sewingbox.png
panels/icons_equip/trinket/inv_trinket+butcher_bird_silkskirt.png
panels/icons_equip/trinket/inv_trinket+butcher_bird_tigerclaw.png
raid/camping/skill_icons/camp_skill_mend_clothes.png
raid/camping/skill_icons/camp_skill_once_upon_a_time.png
raid/camping/skill_icons/camp_skill_protecting_nest.png
raid/camping/skill_icons/camp_skill_sharpen_beak.png
audio/secondary_banks/hero_butcher_bird.bank
campaign/town_events/butcher_bird.town_events.events.json
fx/town_event_slice_of_the_life/town_event_slice_of_the_life.sprite.atlas
fx/town_event_slice_of_the_life/town_event_slice_of_the_life.sprite.png
fx/town_event_slice_of_the_life/town_event_slice_of_the_life.sprite.skel
heroes/butcher_bird/butcher_bird.ability.five.png
heroes/butcher_bird/butcher_bird.ability.four.png
heroes/butcher_bird/butcher_bird.ability.one.png
heroes/butcher_bird/butcher_bird.ability.seven.png
heroes/butcher_bird/butcher_bird.ability.six.png
heroes/butcher_bird/butcher_bird.ability.three.png
heroes/butcher_bird/butcher_bird.ability.two.png
heroes/butcher_bird/butcher_bird.art.darkest
heroes/butcher_bird/butcher_bird.info.darkest
heroes/butcher_bird/butcher_bird_guild_header.png
heroes/butcher_bird/photothumb.db
raid/camping/butcher_bird.camping_skills.json
shared/buffs/butcher_bird.buffs.json
shared/trait/trait_library.json
upgrades/heroes/butcher_bird.upgrades.json
audio/butcher_bird.campaign.guid_overrides.json
audio/butcher_bird.campaign.load_order.json
effects/butcher_bird.effects.darkest
heroes/photothumb.db
localization/1447972888_brazilian.loc
localization/1447972888_czech.loc
localization/1447972888_english.loc
localization/1447972888_french.loc
localization/1447972888_german.loc
localization/1447972888_italian.loc
localization/1447972888_japanese.loc
localization/1447972888_koreana.loc
localization/1447972888_koreanb.loc
localization/1447972888_polish.loc
localization/1447972888_russian.loc
localization/1447972888_schinese.loc
localization/1447972888_spanish.loc
localization/1447972888_tchinese.loc
localization/butcher_bird.string_table.xml
localization/butcher_birdjournals.string_table.xml
loot/butcherbird.loot.json
