
-------------------------------------------------------------------------------
Parsing project file - C:\Users\Sean\Desktop\Darkest Dungeon Mods\Lord's Blade\Lord's Blade.xml
Mod Data Directory = C:/Users/Sean/Desktop/Darkest Dungeon Mods/Lord's Blade/

-------------------------------------------------------------------------------
Processing Map Files files...

-------------------------------------------------------------------------------
Running Localization...
Parsing localization/lordblade.string_table.xml

Building Languages
Exporting .loc files

-------------------------------------------------------------------------------
Searching for preview icon file C:/Users/Sean/Desktop/Darkest Dungeon Mods/Lord's Blade/preview_icon.png...FOUND!
<UploadMode> - Set to direct_upload


-------------------------------------------------------------------------------
Detected 2 unchanged files
The following files are unchanged and will be uploaded...
C:/Users/Sean/Desktop/Darkest Dungeon Mods/Lord's Blade/overlays/poptext_hp_heal_dot.png
C:/Users/Sean/Desktop/Darkest Dungeon Mods/Lord's Blade/overlays/tray_dot_hp_heal.png

-------------------------------------------------------------------------------
Modded files...

heroes/lordblade/lordblade_A/anim/lordblade.sprite.afflicted.png
heroes/lordblade/lordblade_A/anim/lordblade.sprite.attack_dagger.png
heroes/lordblade/lordblade_A/anim/lordblade.sprite.attack_fade.png
heroes/lordblade/lordblade_A/anim/lordblade.sprite.attack_melee.png
heroes/lordblade/lordblade_A/anim/lordblade.sprite.attack_pick.png
heroes/lordblade/lordblade_A/anim/lordblade.sprite.attack_potion.png
heroes/lordblade/lordblade_A/anim/lordblade.sprite.attack_throw.png
heroes/lordblade/lordblade_A/anim/lordblade.sprite.camp.png
heroes/lordblade/lordblade_A/anim/lordblade.sprite.combat.png
heroes/lordblade/lordblade_A/anim/lordblade.sprite.defend.png
heroes/lordblade/lordblade_A/anim/lordblade.sprite.heroic.png
heroes/lordblade/lordblade_A/anim/lordblade.sprite.idle.png
heroes/lordblade/lordblade_A/anim/lordblade.sprite.investigate.png
heroes/lordblade/lordblade_A/anim/lordblade.sprite.walk.png
heroes/lordblade/lordblade_B/anim/lordblade.sprite.afflicted.png
heroes/lordblade/lordblade_B/anim/lordblade.sprite.attack_dagger.png
heroes/lordblade/lordblade_B/anim/lordblade.sprite.attack_fade.png
heroes/lordblade/lordblade_B/anim/lordblade.sprite.attack_melee.png
heroes/lordblade/lordblade_B/anim/lordblade.sprite.attack_pick.png
heroes/lordblade/lordblade_B/anim/lordblade.sprite.attack_potion.png
heroes/lordblade/lordblade_B/anim/lordblade.sprite.attack_throw.png
heroes/lordblade/lordblade_B/anim/lordblade.sprite.camp.png
heroes/lordblade/lordblade_B/anim/lordblade.sprite.combat.png
heroes/lordblade/lordblade_B/anim/lordblade.sprite.defend.png
heroes/lordblade/lordblade_B/anim/lordblade.sprite.heroic.png
heroes/lordblade/lordblade_B/anim/lordblade.sprite.idle.png
heroes/lordblade/lordblade_B/anim/lordblade.sprite.investigate.png
heroes/lordblade/lordblade_B/anim/lordblade.sprite.walk.png
heroes/lordblade/lordblade_C/anim/lordblade.sprite.afflicted.png
heroes/lordblade/lordblade_C/anim/lordblade.sprite.attack_dagger.png
heroes/lordblade/lordblade_C/anim/lordblade.sprite.attack_fade.png
heroes/lordblade/lordblade_C/anim/lordblade.sprite.attack_melee.png
heroes/lordblade/lordblade_C/anim/lordblade.sprite.attack_pick.png
heroes/lordblade/lordblade_C/anim/lordblade.sprite.attack_potion.png
heroes/lordblade/lordblade_C/anim/lordblade.sprite.attack_throw.png
heroes/lordblade/lordblade_C/anim/lordblade.sprite.camp.png
heroes/lordblade/lordblade_C/anim/lordblade.sprite.combat.png
heroes/lordblade/lordblade_C/anim/lordblade.sprite.defend.png
heroes/lordblade/lordblade_C/anim/lordblade.sprite.heroic.png
heroes/lordblade/lordblade_C/anim/lordblade.sprite.idle.png
heroes/lordblade/lordblade_C/anim/lordblade.sprite.investigate.png
heroes/lordblade/lordblade_C/anim/lordblade.sprite.walk.png
heroes/lordblade/lordblade_D/anim/lordblade.sprite.afflicted.png
heroes/lordblade/lordblade_D/anim/lordblade.sprite.attack_dagger.png
heroes/lordblade/lordblade_D/anim/lordblade.sprite.attack_fade.png
heroes/lordblade/lordblade_D/anim/lordblade.sprite.attack_melee.png
heroes/lordblade/lordblade_D/anim/lordblade.sprite.attack_pick.png
heroes/lordblade/lordblade_D/anim/lordblade.sprite.attack_potion.png
heroes/lordblade/lordblade_D/anim/lordblade.sprite.attack_throw.png
heroes/lordblade/lordblade_D/anim/lordblade.sprite.camp.png
heroes/lordblade/lordblade_D/anim/lordblade.sprite.combat.png
heroes/lordblade/lordblade_D/anim/lordblade.sprite.defend.png
heroes/lordblade/lordblade_D/anim/lordblade.sprite.heroic.png
heroes/lordblade/lordblade_D/anim/lordblade.sprite.idle.png
heroes/lordblade/lordblade_D/anim/lordblade.sprite.investigate.png
heroes/lordblade/lordblade_D/anim/lordblade.sprite.walk.png
heroes/lordblade/anim/lordblade.sprite.afflicted.atlas
heroes/lordblade/anim/lordblade.sprite.afflicted.skel
heroes/lordblade/anim/lordblade.sprite.attack_dagger.atlas
heroes/lordblade/anim/lordblade.sprite.attack_dagger.skel
heroes/lordblade/anim/lordblade.sprite.attack_fade.atlas
heroes/lordblade/anim/lordblade.sprite.attack_fade.skel
heroes/lordblade/anim/lordblade.sprite.attack_melee.atlas
heroes/lordblade/anim/lordblade.sprite.attack_melee.skel
heroes/lordblade/anim/lordblade.sprite.attack_pick.atlas
heroes/lordblade/anim/lordblade.sprite.attack_pick.skel
heroes/lordblade/anim/lordblade.sprite.attack_potion.atlas
heroes/lordblade/anim/lordblade.sprite.attack_potion.skel
heroes/lordblade/anim/lordblade.sprite.attack_throw.atlas
heroes/lordblade/anim/lordblade.sprite.attack_throw.skel
heroes/lordblade/anim/lordblade.sprite.camp.atlas
heroes/lordblade/anim/lordblade.sprite.camp.skel
heroes/lordblade/anim/lordblade.sprite.combat.atlas
heroes/lordblade/anim/lordblade.sprite.combat.skel
heroes/lordblade/anim/lordblade.sprite.defend.atlas
heroes/lordblade/anim/lordblade.sprite.defend.skel
heroes/lordblade/anim/lordblade.sprite.heroic.atlas
heroes/lordblade/anim/lordblade.sprite.heroic.skel
heroes/lordblade/anim/lordblade.sprite.idle.atlas
heroes/lordblade/anim/lordblade.sprite.idle.skel
heroes/lordblade/anim/lordblade.sprite.investigate.atlas
heroes/lordblade/anim/lordblade.sprite.investigate.skel
heroes/lordblade/anim/lordblade.sprite.walk.atlas
heroes/lordblade/anim/lordblade.sprite.walk.skel
heroes/lordblade/fx/lordblade.sprite.flashing_daggers_target.atlas
heroes/lordblade/fx/lordblade.sprite.flashing_daggers_target.png
heroes/lordblade/fx/lordblade.sprite.flashing_daggers_target.skel
heroes/lordblade/fx/lordblade.sprite.lunge.atlas
heroes/lordblade/fx/lordblade.sprite.lunge.png
heroes/lordblade/fx/lordblade.sprite.lunge.skel
heroes/lordblade/fx/lordblade.sprite.pick.atlas
heroes/lordblade/fx/lordblade.sprite.pick.png
heroes/lordblade/fx/lordblade.sprite.pick.skel
heroes/lordblade/fx/lordblade.sprite.poison_dart.atlas
heroes/lordblade/fx/lordblade.sprite.poison_dart.png
heroes/lordblade/fx/lordblade.sprite.poison_dart.skel
heroes/lordblade/fx/lordblade.sprite.poison_dart_target.atlas
heroes/lordblade/fx/lordblade.sprite.poison_dart_target.png
heroes/lordblade/fx/lordblade.sprite.poison_dart_target.skel
heroes/lordblade/fx/lordblade.sprite.shadow_fade.atlas
heroes/lordblade/fx/lordblade.sprite.shadow_fade.png
heroes/lordblade/fx/lordblade.sprite.shadow_fade.skel
heroes/lordblade/fx/lordblade.sprite.thrown_dagger_target.atlas
heroes/lordblade/fx/lordblade.sprite.thrown_dagger_target.png
heroes/lordblade/fx/lordblade.sprite.thrown_dagger_target.skel
heroes/lordblade/fx/lordblade.sprite.toxin_trickery.atlas
heroes/lordblade/fx/lordblade.sprite.toxin_trickery.png
heroes/lordblade/fx/lordblade.sprite.toxin_trickery.skel
heroes/lordblade/icons_equip/eqp_armour_0.png
heroes/lordblade/icons_equip/eqp_armour_1.png
heroes/lordblade/icons_equip/eqp_armour_2.png
heroes/lordblade/icons_equip/eqp_armour_3.png
heroes/lordblade/icons_equip/eqp_armour_4.png
heroes/lordblade/icons_equip/eqp_weapon_0.png
heroes/lordblade/icons_equip/eqp_weapon_1.png
heroes/lordblade/icons_equip/eqp_weapon_2.png
heroes/lordblade/icons_equip/eqp_weapon_3.png
heroes/lordblade/icons_equip/eqp_weapon_4.png
