
-------------------------------------------------------------------------------
Parsing project file - C:\Users\Sean\Desktop\Darkest Dungeon Mods\Wolf Knight\wolfknight.xml
Mod Data Directory = C:/Users/Sean/Desktop/Darkest Dungeon Mods/Wolf Knight/

-------------------------------------------------------------------------------
Processing Map Files files...

-------------------------------------------------------------------------------
Running Localization...
Parsing localization/wolfknight.string_table.xml

Building Languages
Exporting .loc files

-------------------------------------------------------------------------------
Searching for preview icon file C:/Users/Sean/Desktop/Darkest Dungeon Mods/Wolf Knight/preview_icon.png...FOUND!
<UploadMode> - Set to direct_upload


-------------------------------------------------------------------------------
Detected 2 unchanged files
The following files are unchanged and will be uploaded...
C:/Users/Sean/Desktop/Darkest Dungeon Mods/Wolf Knight/overlays/poptext_hp_heal_dot.png
C:/Users/Sean/Desktop/Darkest Dungeon Mods/Wolf Knight/overlays/tray_dot_hp_heal.png

-------------------------------------------------------------------------------
Modded files...

heroes/wolfknight/wolfknight_A/anim/wolfknight.sprite.afflicted.png
heroes/wolfknight/wolfknight_A/anim/wolfknight.sprite.attack_banner.png
heroes/wolfknight/wolfknight_A/anim/wolfknight.sprite.attack_charge.png
heroes/wolfknight/wolfknight_A/anim/wolfknight.sprite.attack_chop.png
heroes/wolfknight/wolfknight_A/anim/wolfknight.sprite.attack_dagger.png
heroes/wolfknight/wolfknight_A/anim/wolfknight.sprite.attack_heal.png
heroes/wolfknight/wolfknight_A/anim/wolfknight.sprite.attack_intimidate.png
heroes/wolfknight/wolfknight_A/anim/wolfknight.sprite.attack_leap.png
heroes/wolfknight/wolfknight_A/anim/wolfknight.sprite.attack_low.png
heroes/wolfknight/wolfknight_A/anim/wolfknight.sprite.attack_scroll.png
heroes/wolfknight/wolfknight_A/anim/wolfknight.sprite.attack_stun.png
heroes/wolfknight/wolfknight_A/anim/wolfknight.sprite.attack_sword.png
heroes/wolfknight/wolfknight_A/anim/wolfknight.sprite.camp.png
heroes/wolfknight/wolfknight_A/anim/wolfknight.sprite.combat.png
heroes/wolfknight/wolfknight_A/anim/wolfknight.sprite.defend.png
heroes/wolfknight/wolfknight_A/anim/wolfknight.sprite.heroic.png
heroes/wolfknight/wolfknight_A/anim/wolfknight.sprite.idle.png
heroes/wolfknight/wolfknight_A/anim/wolfknight.sprite.investigate.png
heroes/wolfknight/wolfknight_A/anim/wolfknight.sprite.walk.png
heroes/wolfknight/wolfknight_B/anim/abysswalker.sprite.gliding_slash.png
heroes/wolfknight/wolfknight_B/anim/abysswalker.sprite.hurricane_slash.png
heroes/wolfknight/wolfknight_B/anim/abysswalker.sprite.savage_leap.png
heroes/wolfknight/wolfknight_B/anim/abysswalker.sprite.slashing_dodge.png
heroes/wolfknight/wolfknight_B/anim/abysswalker.sprite.stabbing_charge.png
heroes/wolfknight/wolfknight_B/anim/wolfknight.sprite.afflicted.png
heroes/wolfknight/wolfknight_B/anim/wolfknight.sprite.attack_banner.png
heroes/wolfknight/wolfknight_B/anim/wolfknight.sprite.attack_charge.png
heroes/wolfknight/wolfknight_B/anim/wolfknight.sprite.attack_chop.png
heroes/wolfknight/wolfknight_B/anim/wolfknight.sprite.attack_dagger.png
heroes/wolfknight/wolfknight_B/anim/wolfknight.sprite.attack_heal.png
heroes/wolfknight/wolfknight_B/anim/wolfknight.sprite.attack_intimidate.png
heroes/wolfknight/wolfknight_B/anim/wolfknight.sprite.attack_leap.png
heroes/wolfknight/wolfknight_B/anim/wolfknight.sprite.attack_low.png
heroes/wolfknight/wolfknight_B/anim/wolfknight.sprite.attack_potion.png
heroes/wolfknight/wolfknight_B/anim/wolfknight.sprite.attack_scroll.png
heroes/wolfknight/wolfknight_B/anim/wolfknight.sprite.attack_stun.png
heroes/wolfknight/wolfknight_B/anim/wolfknight.sprite.attack_sword.png
heroes/wolfknight/wolfknight_B/anim/wolfknight.sprite.camp.png
heroes/wolfknight/wolfknight_B/anim/wolfknight.sprite.combat.png
heroes/wolfknight/wolfknight_B/anim/wolfknight.sprite.defend.png
heroes/wolfknight/wolfknight_B/anim/wolfknight.sprite.heroic.png
heroes/wolfknight/wolfknight_B/anim/wolfknight.sprite.idle.png
heroes/wolfknight/wolfknight_B/anim/wolfknight.sprite.investigate.png
heroes/wolfknight/wolfknight_B/anim/wolfknight.sprite.walk.png
heroes/wolfknight/wolfknight_C/anim/abysswalker.sprite.gliding_slash.png
heroes/wolfknight/wolfknight_C/anim/abysswalker.sprite.hurricane_slash.png
heroes/wolfknight/wolfknight_C/anim/abysswalker.sprite.savage_leap.png
heroes/wolfknight/wolfknight_C/anim/abysswalker.sprite.slashing_dodge.png
heroes/wolfknight/wolfknight_C/anim/abysswalker.sprite.stabbing_charge.png
heroes/wolfknight/wolfknight_C/anim/wolfknight.sprite.afflicted.png
heroes/wolfknight/wolfknight_C/anim/wolfknight.sprite.attack_banner.png
heroes/wolfknight/wolfknight_C/anim/wolfknight.sprite.attack_charge.png
heroes/wolfknight/wolfknight_C/anim/wolfknight.sprite.attack_chop.png
heroes/wolfknight/wolfknight_C/anim/wolfknight.sprite.attack_dagger.png
heroes/wolfknight/wolfknight_C/anim/wolfknight.sprite.attack_heal.png
heroes/wolfknight/wolfknight_C/anim/wolfknight.sprite.attack_intimidate.png
heroes/wolfknight/wolfknight_C/anim/wolfknight.sprite.attack_leap.png
heroes/wolfknight/wolfknight_C/anim/wolfknight.sprite.attack_low.png
heroes/wolfknight/wolfknight_C/anim/wolfknight.sprite.attack_scroll.png
heroes/wolfknight/wolfknight_C/anim/wolfknight.sprite.attack_stun.png
heroes/wolfknight/wolfknight_C/anim/wolfknight.sprite.attack_sword.png
heroes/wolfknight/wolfknight_C/anim/wolfknight.sprite.camp.png
heroes/wolfknight/wolfknight_C/anim/wolfknight.sprite.combat.png
heroes/wolfknight/wolfknight_C/anim/wolfknight.sprite.defend.png
heroes/wolfknight/wolfknight_C/anim/wolfknight.sprite.heroic.png
heroes/wolfknight/wolfknight_C/anim/wolfknight.sprite.idle.png
heroes/wolfknight/wolfknight_C/anim/wolfknight.sprite.investigate.png
heroes/wolfknight/wolfknight_C/anim/wolfknight.sprite.walk.png
heroes/wolfknight/wolfknight_D/anim/abysswalker.sprite.gliding_slash.png
heroes/wolfknight/wolfknight_D/anim/abysswalker.sprite.hurricane_slash.png
heroes/wolfknight/wolfknight_D/anim/abysswalker.sprite.savage_leap.png
heroes/wolfknight/wolfknight_D/anim/abysswalker.sprite.slashing_dodge.png
heroes/wolfknight/wolfknight_D/anim/abysswalker.sprite.stabbing_charge.png
heroes/wolfknight/wolfknight_D/anim/wolfknight.sprite.afflicted.png
heroes/wolfknight/wolfknight_D/anim/wolfknight.sprite.attack_banner.png
heroes/wolfknight/wolfknight_D/anim/wolfknight.sprite.attack_charge.png
heroes/wolfknight/wolfknight_D/anim/wolfknight.sprite.attack_chop.png
heroes/wolfknight/wolfknight_D/anim/wolfknight.sprite.attack_dagger.png
heroes/wolfknight/wolfknight_D/anim/wolfknight.sprite.attack_heal.png
heroes/wolfknight/wolfknight_D/anim/wolfknight.sprite.attack_intimidate.png
heroes/wolfknight/wolfknight_D/anim/wolfknight.sprite.attack_leap.png
heroes/wolfknight/wolfknight_D/anim/wolfknight.sprite.attack_low.png
heroes/wolfknight/wolfknight_D/anim/wolfknight.sprite.attack_scroll.png
heroes/wolfknight/wolfknight_D/anim/wolfknight.sprite.attack_stun.png
heroes/wolfknight/wolfknight_D/anim/wolfknight.sprite.attack_sword.png
heroes/wolfknight/wolfknight_D/anim/wolfknight.sprite.camp.png
heroes/wolfknight/wolfknight_D/anim/wolfknight.sprite.combat.png
heroes/wolfknight/wolfknight_D/anim/wolfknight.sprite.defend.png
heroes/wolfknight/wolfknight_D/anim/wolfknight.sprite.heroic.png
heroes/wolfknight/wolfknight_D/anim/wolfknight.sprite.idle.png
heroes/wolfknight/wolfknight_D/anim/wolfknight.sprite.investigate.png
heroes/wolfknight/wolfknight_D/anim/wolfknight.sprite.walk.png
heroes/wolfknight/anim/wolfknight.sprite.afflicted.atlas
heroes/wolfknight/anim/wolfknight.sprite.afflicted.skel
heroes/wolfknight/anim/wolfknight.sprite.attack_banner.atlas
heroes/wolfknight/anim/wolfknight.sprite.attack_banner.skel
heroes/wolfknight/anim/wolfknight.sprite.attack_charge.atlas
heroes/wolfknight/anim/wolfknight.sprite.attack_charge.skel
heroes/wolfknight/anim/wolfknight.sprite.attack_chop.atlas
heroes/wolfknight/anim/wolfknight.sprite.attack_chop.skel
heroes/wolfknight/anim/wolfknight.sprite.attack_dagger.atlas
