
-------------------------------------------------------------------------------
Parsing project file - C:\Users\Jacki\Desktop\Seraph Mod Base\seraph.xml
Mod Data Directory = C:/Users/Jacki/Desktop/Seraph Mod Base/

-------------------------------------------------------------------------------
Processing Map Files files...

-------------------------------------------------------------------------------
Running Localization...
Parsing localization/msjournals.string_table.xml
Parsing localization/mstooltips.string_table.xml
Parsing localization/seraph.string_table.xml

Building Languages
Exporting .loc files

-------------------------------------------------------------------------------
Searching for preview icon file C:/Users/Jacki/Desktop/Seraph Mod Base/preview_icon.png...FOUND!
<UploadMode> - Set to direct_upload


-------------------------------------------------------------------------------
Modded files...

heroes/seraph/seraph_A/anim/seraph.sprite.afflicted.png
heroes/seraph/seraph_A/anim/seraph.sprite.attack_brand.png
heroes/seraph/seraph_A/anim/seraph.sprite.attack_cauterize.png
heroes/seraph/seraph_A/anim/seraph.sprite.attack_shield.png
heroes/seraph/seraph_A/anim/seraph.sprite.attack_sword.png
heroes/seraph/seraph_A/anim/seraph.sprite.attack_vengeance.png
heroes/seraph/seraph_A/anim/seraph.sprite.attack_visage.png
heroes/seraph/seraph_A/anim/seraph.sprite.attack_wrath.png
heroes/seraph/seraph_A/anim/seraph.sprite.camp.png
heroes/seraph/seraph_A/anim/seraph.sprite.combat.png
heroes/seraph/seraph_A/anim/seraph.sprite.defend.png
heroes/seraph/seraph_A/anim/seraph.sprite.heroic.png
heroes/seraph/seraph_A/anim/seraph.sprite.idle.png
heroes/seraph/seraph_A/anim/seraph.sprite.investigate.png
heroes/seraph/seraph_A/anim/seraph.sprite.walk.png
heroes/seraph/seraph_B/anim/seraph.sprite.afflicted.png
heroes/seraph/seraph_B/anim/seraph.sprite.attack_brand.png
heroes/seraph/seraph_B/anim/seraph.sprite.attack_cauterize.png
heroes/seraph/seraph_B/anim/seraph.sprite.attack_shield.png
heroes/seraph/seraph_B/anim/seraph.sprite.attack_sword.png
heroes/seraph/seraph_B/anim/seraph.sprite.attack_vengeance.png
heroes/seraph/seraph_B/anim/seraph.sprite.attack_visage.png
heroes/seraph/seraph_B/anim/seraph.sprite.attack_wrath.png
heroes/seraph/seraph_B/anim/seraph.sprite.camp.png
heroes/seraph/seraph_B/anim/seraph.sprite.combat.png
heroes/seraph/seraph_B/anim/seraph.sprite.defend.png
heroes/seraph/seraph_B/anim/seraph.sprite.heroic.png
heroes/seraph/seraph_B/anim/seraph.sprite.idle.png
heroes/seraph/seraph_B/anim/seraph.sprite.investigate.png
heroes/seraph/seraph_B/anim/seraph.sprite.walk.png
heroes/seraph/seraph_C/anim/seraph.sprite.afflicted.png
heroes/seraph/seraph_C/anim/seraph.sprite.attack_brand.png
heroes/seraph/seraph_C/anim/seraph.sprite.attack_cauterize.png
heroes/seraph/seraph_C/anim/seraph.sprite.attack_shield.png
heroes/seraph/seraph_C/anim/seraph.sprite.attack_sword.png
heroes/seraph/seraph_C/anim/seraph.sprite.attack_vengeance.png
heroes/seraph/seraph_C/anim/seraph.sprite.attack_visage.png
heroes/seraph/seraph_C/anim/seraph.sprite.attack_wrath.png
heroes/seraph/seraph_C/anim/seraph.sprite.camp.png
heroes/seraph/seraph_C/anim/seraph.sprite.combat.png
heroes/seraph/seraph_C/anim/seraph.sprite.defend.png
heroes/seraph/seraph_C/anim/seraph.sprite.heroic.png
heroes/seraph/seraph_C/anim/seraph.sprite.idle.png
heroes/seraph/seraph_C/anim/seraph.sprite.investigate.png
heroes/seraph/seraph_C/anim/seraph.sprite.walk.png
heroes/seraph/seraph_D/anim/seraph.sprite.afflicted.png
heroes/seraph/seraph_D/anim/seraph.sprite.attack_brand.png
heroes/seraph/seraph_D/anim/seraph.sprite.attack_cauterize.png
heroes/seraph/seraph_D/anim/seraph.sprite.attack_shield.png
heroes/seraph/seraph_D/anim/seraph.sprite.attack_sword.png
heroes/seraph/seraph_D/anim/seraph.sprite.attack_vengeance.png
heroes/seraph/seraph_D/anim/seraph.sprite.attack_visage.png
heroes/seraph/seraph_D/anim/seraph.sprite.attack_wrath.png
heroes/seraph/seraph_D/anim/seraph.sprite.camp.png
heroes/seraph/seraph_D/anim/seraph.sprite.combat.png
heroes/seraph/seraph_D/anim/seraph.sprite.defend.png
heroes/seraph/seraph_D/anim/seraph.sprite.heroic.png
heroes/seraph/seraph_D/anim/seraph.sprite.idle.png
heroes/seraph/seraph_D/anim/seraph.sprite.investigate.png
heroes/seraph/seraph_D/anim/seraph.sprite.walk.png
modes/bloodmoon/upgrades/heroes/seraph.upgrades.json
modes/new_game_plus/upgrades/heroes/seraph.upgrades.json
modes/radiant/upgrades/heroes/seraph.upgrades.json
campaign/town/town_event/town_event.image_idle_resolve_level_seraph.png
heroes/seraph/anim/seraph.sprite.afflicted.atlas
heroes/seraph/anim/seraph.sprite.afflicted.skel
heroes/seraph/anim/seraph.sprite.attack_brand.atlas
heroes/seraph/anim/seraph.sprite.attack_brand.skel
heroes/seraph/anim/seraph.sprite.attack_cauterize.atlas
heroes/seraph/anim/seraph.sprite.attack_cauterize.skel
heroes/seraph/anim/seraph.sprite.attack_shield.atlas
heroes/seraph/anim/seraph.sprite.attack_shield.skel
heroes/seraph/anim/seraph.sprite.attack_sword.atlas
heroes/seraph/anim/seraph.sprite.attack_sword.skel
heroes/seraph/anim/seraph.sprite.attack_vengeance.atlas
heroes/seraph/anim/seraph.sprite.attack_vengeance.skel
heroes/seraph/anim/seraph.sprite.attack_visage.atlas
heroes/seraph/anim/seraph.sprite.attack_visage.skel
heroes/seraph/anim/seraph.sprite.attack_wrath.atlas
heroes/seraph/anim/seraph.sprite.attack_wrath.skel
heroes/seraph/anim/seraph.sprite.camp.atlas
heroes/seraph/anim/seraph.sprite.camp.skel
heroes/seraph/anim/seraph.sprite.combat.atlas
heroes/seraph/anim/seraph.sprite.combat.skel
heroes/seraph/anim/seraph.sprite.defend.atlas
heroes/seraph/anim/seraph.sprite.defend.skel
heroes/seraph/anim/seraph.sprite.heroic.atlas
heroes/seraph/anim/seraph.sprite.heroic.skel
heroes/seraph/anim/seraph.sprite.idle.atlas
heroes/seraph/anim/seraph.sprite.idle.skel
heroes/seraph/anim/seraph.sprite.investigate.atlas
heroes/seraph/anim/seraph.sprite.investigate.skel
heroes/seraph/anim/seraph.sprite.walk.atlas
heroes/seraph/anim/seraph.sprite.walk.skel
heroes/seraph/fx/antiquarian.sprite.fortifying_vapours_target.png
heroes/seraph/fx/seraph.sprite.brand.atlas
heroes/seraph/fx/seraph.sprite.brand.png
heroes/seraph/fx/seraph.sprite.brand.skel
heroes/seraph/fx/seraph.sprite.brand_target.atlas
heroes/seraph/fx/seraph.sprite.brand_target.png
heroes/seraph/fx/seraph.sprite.brand_target.skel
heroes/seraph/fx/seraph.sprite.cauterize.atlas
heroes/seraph/fx/seraph.sprite.cauterize.png
heroes/seraph/fx/seraph.sprite.cauterize.skel
heroes/seraph/fx/seraph.sprite.fortifying_vapours_target.atlas
heroes/seraph/fx/seraph.sprite.fortifying_vapours_target.skel
heroes/seraph/fx/seraph.sprite.intervention.atlas
heroes/seraph/fx/seraph.sprite.intervention.png
heroes/seraph/fx/seraph.sprite.intervention.skel
heroes/seraph/fx/seraph.sprite.intervention_target.atlas
heroes/seraph/fx/seraph.sprite.intervention_target.png
heroes/seraph/fx/seraph.sprite.intervention_target.skel
heroes/seraph/fx/seraph.sprite.vengeance.atlas
heroes/seraph/fx/seraph.sprite.vengeance.png
heroes/seraph/fx/seraph.sprite.vengeance.skel
heroes/seraph/fx/seraph.sprite.vindicate.atlas
heroes/seraph/fx/seraph.sprite.vindicate.png
heroes/seraph/fx/seraph.sprite.vindicate.skel
heroes/seraph/fx/seraph.sprite.visage.atlas
heroes/seraph/fx/seraph.sprite.visage.png
heroes/seraph/fx/seraph.sprite.visage.skel
heroes/seraph/fx/seraph.sprite.wrath.atlas
heroes/seraph/fx/seraph.sprite.wrath.png
heroes/seraph/fx/seraph.sprite.wrath.skel
heroes/seraph/fx/seraph.sprite.wrath_target.atlas
heroes/seraph/fx/seraph.sprite.wrath_target.png
heroes/seraph/fx/seraph.sprite.wrath_target.skel
heroes/seraph/icons_equip/eqp_armour_0.png
heroes/seraph/icons_equip/eqp_armour_1.png
heroes/seraph/icons_equip/eqp_armour_2.png
heroes/seraph/icons_equip/eqp_armour_3.png
heroes/seraph/icons_equip/eqp_armour_4.png
heroes/seraph/icons_equip/eqp_weapon_0.png
heroes/seraph/icons_equip/eqp_weapon_1.png
heroes/seraph/icons_equip/eqp_weapon_2.png
heroes/seraph/icons_equip/eqp_weapon_3.png
heroes/seraph/icons_equip/eqp_weapon_4.png
heroes/seraph/seraph_A/seraph_portrait_roster.png
heroes/seraph/seraph_B/seraph_portrait_roster.png
