
-------------------------------------------------------------------------------
Parsing project file - C:\Users\Sean\Desktop\Darkest Dungeon Mods\Dragonslayer\Dragonslayer.xml
Mod Data Directory = C:/Users/Sean/Desktop/Darkest Dungeon Mods/Dragonslayer/

-------------------------------------------------------------------------------
Processing Map Files files...

-------------------------------------------------------------------------------
Running Localization...
Parsing localization/dragonslayer.string_table.xml

Building Languages
Exporting .loc files

-------------------------------------------------------------------------------
Searching for preview icon file C:/Users/Sean/Desktop/Darkest Dungeon Mods/Dragonslayer/preview_icon.png...FOUND!
<UploadMode> - Set to direct_upload


-------------------------------------------------------------------------------
Detected 2 unchanged files
The following files are unchanged and will be uploaded...
C:/Users/Sean/Desktop/Darkest Dungeon Mods/Dragonslayer/overlays/poptext_hp_heal_dot.png
C:/Users/Sean/Desktop/Darkest Dungeon Mods/Dragonslayer/overlays/tray_dot_hp_heal.png

-------------------------------------------------------------------------------
Modded files...

heroes/dragonslayer/dragonslayer_O/anim/dragonslayer.sprite.afflicted.png
heroes/dragonslayer/dragonslayer_O/anim/dragonslayer.sprite.attack_buff.png
heroes/dragonslayer/dragonslayer_O/anim/dragonslayer.sprite.attack_charge.png
heroes/dragonslayer/dragonslayer_O/anim/dragonslayer.sprite.attack_high.png
heroes/dragonslayer/dragonslayer_O/anim/dragonslayer.sprite.attack_leap.png
heroes/dragonslayer/dragonslayer_O/anim/dragonslayer.sprite.attack_low.png
heroes/dragonslayer/dragonslayer_O/anim/dragonslayer.sprite.attack_ranged.png
heroes/dragonslayer/dragonslayer_O/anim/dragonslayer.sprite.camp.png
heroes/dragonslayer/dragonslayer_O/anim/dragonslayer.sprite.combat.png
heroes/dragonslayer/dragonslayer_O/anim/dragonslayer.sprite.defend.png
heroes/dragonslayer/dragonslayer_O/anim/dragonslayer.sprite.heroic.png
heroes/dragonslayer/dragonslayer_O/anim/dragonslayer.sprite.idle.png
heroes/dragonslayer/dragonslayer_O/anim/dragonslayer.sprite.investigate.png
heroes/dragonslayer/dragonslayer_O/anim/dragonslayer.sprite.walk.png
heroes/dragonslayer/dragonslayer_P/anim/dragonslayer.sprite.afflicted.png
heroes/dragonslayer/dragonslayer_P/anim/dragonslayer.sprite.attack_buff.png
heroes/dragonslayer/dragonslayer_P/anim/dragonslayer.sprite.attack_charge.png
heroes/dragonslayer/dragonslayer_P/anim/dragonslayer.sprite.attack_high.png
heroes/dragonslayer/dragonslayer_P/anim/dragonslayer.sprite.attack_leap.png
heroes/dragonslayer/dragonslayer_P/anim/dragonslayer.sprite.attack_low.png
heroes/dragonslayer/dragonslayer_P/anim/dragonslayer.sprite.attack_ranged.png
heroes/dragonslayer/dragonslayer_P/anim/dragonslayer.sprite.camp.png
heroes/dragonslayer/dragonslayer_P/anim/dragonslayer.sprite.combat.png
heroes/dragonslayer/dragonslayer_P/anim/dragonslayer.sprite.defend.png
heroes/dragonslayer/dragonslayer_P/anim/dragonslayer.sprite.heroic.png
heroes/dragonslayer/dragonslayer_P/anim/dragonslayer.sprite.idle.png
heroes/dragonslayer/dragonslayer_P/anim/dragonslayer.sprite.investigate.png
heroes/dragonslayer/dragonslayer_P/anim/dragonslayer.sprite.walk.png
heroes/dragonslayer/dragonslayer_Q/anim/dragonslayer.sprite.afflicted.png
heroes/dragonslayer/dragonslayer_Q/anim/dragonslayer.sprite.attack_buff.png
heroes/dragonslayer/dragonslayer_Q/anim/dragonslayer.sprite.attack_charge.png
heroes/dragonslayer/dragonslayer_Q/anim/dragonslayer.sprite.attack_high.png
heroes/dragonslayer/dragonslayer_Q/anim/dragonslayer.sprite.attack_leap.png
heroes/dragonslayer/dragonslayer_Q/anim/dragonslayer.sprite.attack_low.png
heroes/dragonslayer/dragonslayer_Q/anim/dragonslayer.sprite.attack_ranged.png
heroes/dragonslayer/dragonslayer_Q/anim/dragonslayer.sprite.camp.png
heroes/dragonslayer/dragonslayer_Q/anim/dragonslayer.sprite.combat.png
heroes/dragonslayer/dragonslayer_Q/anim/dragonslayer.sprite.defend.png
heroes/dragonslayer/dragonslayer_Q/anim/dragonslayer.sprite.heroic.png
heroes/dragonslayer/dragonslayer_Q/anim/dragonslayer.sprite.idle.png
heroes/dragonslayer/dragonslayer_Q/anim/dragonslayer.sprite.investigate.png
heroes/dragonslayer/dragonslayer_Q/anim/dragonslayer.sprite.walk.png
heroes/dragonslayer/dragonslayer_R/anim/dragonslayer.sprite.afflicted.png
heroes/dragonslayer/dragonslayer_R/anim/dragonslayer.sprite.attack_buff.png
heroes/dragonslayer/dragonslayer_R/anim/dragonslayer.sprite.attack_charge.png
heroes/dragonslayer/dragonslayer_R/anim/dragonslayer.sprite.attack_high.png
heroes/dragonslayer/dragonslayer_R/anim/dragonslayer.sprite.attack_leap.png
heroes/dragonslayer/dragonslayer_R/anim/dragonslayer.sprite.attack_low.png
heroes/dragonslayer/dragonslayer_R/anim/dragonslayer.sprite.attack_ranged.png
heroes/dragonslayer/dragonslayer_R/anim/dragonslayer.sprite.camp.png
heroes/dragonslayer/dragonslayer_R/anim/dragonslayer.sprite.combat.png
heroes/dragonslayer/dragonslayer_R/anim/dragonslayer.sprite.defend.png
heroes/dragonslayer/dragonslayer_R/anim/dragonslayer.sprite.heroic.png
heroes/dragonslayer/dragonslayer_R/anim/dragonslayer.sprite.idle.png
heroes/dragonslayer/dragonslayer_R/anim/dragonslayer.sprite.investigate.png
heroes/dragonslayer/dragonslayer_R/anim/dragonslayer.sprite.walk.png
heroes/dragonslayer/anim/dragonslayer.sprite.afflicted.atlas
heroes/dragonslayer/anim/dragonslayer.sprite.afflicted.skel
heroes/dragonslayer/anim/dragonslayer.sprite.attack_buff.atlas
heroes/dragonslayer/anim/dragonslayer.sprite.attack_buff.skel
heroes/dragonslayer/anim/dragonslayer.sprite.attack_charge.atlas
heroes/dragonslayer/anim/dragonslayer.sprite.attack_charge.skel
heroes/dragonslayer/anim/dragonslayer.sprite.attack_high.atlas
heroes/dragonslayer/anim/dragonslayer.sprite.attack_high.skel
heroes/dragonslayer/anim/dragonslayer.sprite.attack_leap.atlas
heroes/dragonslayer/anim/dragonslayer.sprite.attack_leap.skel
heroes/dragonslayer/anim/dragonslayer.sprite.attack_low.atlas
heroes/dragonslayer/anim/dragonslayer.sprite.attack_low.skel
heroes/dragonslayer/anim/dragonslayer.sprite.attack_ranged.atlas
heroes/dragonslayer/anim/dragonslayer.sprite.attack_ranged.skel
heroes/dragonslayer/anim/dragonslayer.sprite.camp.atlas
heroes/dragonslayer/anim/dragonslayer.sprite.camp.skel
heroes/dragonslayer/anim/dragonslayer.sprite.combat.atlas
heroes/dragonslayer/anim/dragonslayer.sprite.combat.skel
heroes/dragonslayer/anim/dragonslayer.sprite.defend.atlas
heroes/dragonslayer/anim/dragonslayer.sprite.defend.skel
heroes/dragonslayer/anim/dragonslayer.sprite.heroic.atlas
heroes/dragonslayer/anim/dragonslayer.sprite.heroic.skel
heroes/dragonslayer/anim/dragonslayer.sprite.idle.atlas
heroes/dragonslayer/anim/dragonslayer.sprite.idle.skel
heroes/dragonslayer/anim/dragonslayer.sprite.investigate.atlas
heroes/dragonslayer/anim/dragonslayer.sprite.investigate.skel
heroes/dragonslayer/anim/dragonslayer.sprite.walk.atlas
heroes/dragonslayer/anim/dragonslayer.sprite.walk.skel
heroes/dragonslayer/dragonslayer_O/dragonslayer_portrait_roster.png
heroes/dragonslayer/dragonslayer_P/dragonslayer_portrait_roster.png
heroes/dragonslayer/dragonslayer_Q/dragonslayer_portrait_roster.png
heroes/dragonslayer/dragonslayer_R/dragonslayer_portrait_roster.png
heroes/dragonslayer/fx/dragonslayer.sprite.adrenaline_rush.atlas
heroes/dragonslayer/fx/dragonslayer.sprite.adrenaline_rush.png
heroes/dragonslayer/fx/dragonslayer.sprite.adrenaline_rush.skel
heroes/dragonslayer/fx/dragonslayer.sprite.barbaric_yawp.atlas
heroes/dragonslayer/fx/dragonslayer.sprite.barbaric_yawp.png
heroes/dragonslayer/fx/dragonslayer.sprite.barbaric_yawp.skel
heroes/dragonslayer/fx/dragonslayer.sprite.bleed_out.atlas
heroes/dragonslayer/fx/dragonslayer.sprite.bleed_out.png
heroes/dragonslayer/fx/dragonslayer.sprite.bleed_out.skel
heroes/dragonslayer/fx/dragonslayer.sprite.breakthru.atlas
heroes/dragonslayer/fx/dragonslayer.sprite.breakthru.png
heroes/dragonslayer/fx/dragonslayer.sprite.breakthru.skel
heroes/dragonslayer/fx/dragonslayer.sprite.dazzling_light_target.atlas
heroes/dragonslayer/fx/dragonslayer.sprite.dazzling_light_target.png
