
-------------------------------------------------------------------------------
Parsing project file - C:\DD_modsP\conquistador\data\project.xml
Mod Data Directory = C:/DD_modsP/conquistador/data/

-------------------------------------------------------------------------------
Processing Map Files files...

-------------------------------------------------------------------------------
Running Localization...
Parsing localization/conquistador.string_table.xml

Building Languages
Exporting .loc files

-------------------------------------------------------------------------------
Searching for preview icon file C:/DD_modsP/conquistador/data/preview_icon.png...FOUND!
<UploadMode> - Set to direct_upload


-------------------------------------------------------------------------------
Modded files...

heroes/conquistador/conquistador_A/anim/conquistador.sprite.afflicted.png
heroes/conquistador/conquistador_A/anim/conquistador.sprite.attack_charge.png
heroes/conquistador/conquistador_A/anim/conquistador.sprite.attack_high.png
heroes/conquistador/conquistador_A/anim/conquistador.sprite.attack_leap.png
heroes/conquistador/conquistador_A/anim/conquistador.sprite.attack_low.png
heroes/conquistador/conquistador_A/anim/conquistador.sprite.attack_mace.png
heroes/conquistador/conquistador_A/anim/conquistador.sprite.attack_rifle.png
heroes/conquistador/conquistador_A/anim/conquistador.sprite.attack_shield.png
heroes/conquistador/conquistador_A/anim/conquistador.sprite.camp.png
heroes/conquistador/conquistador_A/anim/conquistador.sprite.combat.png
heroes/conquistador/conquistador_A/anim/conquistador.sprite.defend.png
heroes/conquistador/conquistador_A/anim/conquistador.sprite.heroic.png
heroes/conquistador/conquistador_A/anim/conquistador.sprite.idle.png
heroes/conquistador/conquistador_A/anim/conquistador.sprite.investigate.png
heroes/conquistador/conquistador_A/anim/conquistador.sprite.walk.png
heroes/conquistador/conquistador_B/anim/conquistador.sprite.afflicted.png
heroes/conquistador/conquistador_B/anim/conquistador.sprite.attack_charge.png
heroes/conquistador/conquistador_B/anim/conquistador.sprite.attack_high.png
heroes/conquistador/conquistador_B/anim/conquistador.sprite.attack_leap.png
heroes/conquistador/conquistador_B/anim/conquistador.sprite.attack_low.png
heroes/conquistador/conquistador_B/anim/conquistador.sprite.attack_mace.png
heroes/conquistador/conquistador_B/anim/conquistador.sprite.attack_rifle.png
heroes/conquistador/conquistador_B/anim/conquistador.sprite.attack_shield.png
heroes/conquistador/conquistador_B/anim/conquistador.sprite.camp.png
heroes/conquistador/conquistador_B/anim/conquistador.sprite.combat.png
heroes/conquistador/conquistador_B/anim/conquistador.sprite.defend.png
heroes/conquistador/conquistador_B/anim/conquistador.sprite.heroic.png
heroes/conquistador/conquistador_B/anim/conquistador.sprite.idle.png
heroes/conquistador/conquistador_B/anim/conquistador.sprite.investigate.png
heroes/conquistador/conquistador_B/anim/conquistador.sprite.walk.png
campaign/town/town_event/town_event.image_bonus_recruit_conquistador.png
campaign/town/town_event/town_event.image_idle_resolve_level_conquistador.png
heroes/conquistador/anim/conquistador.sprite.afflicted.atlas
heroes/conquistador/anim/conquistador.sprite.afflicted.skel
heroes/conquistador/anim/conquistador.sprite.attack_charge.atlas
heroes/conquistador/anim/conquistador.sprite.attack_charge.skel
heroes/conquistador/anim/conquistador.sprite.attack_high.atlas
heroes/conquistador/anim/conquistador.sprite.attack_high.skel
heroes/conquistador/anim/conquistador.sprite.attack_leap.atlas
heroes/conquistador/anim/conquistador.sprite.attack_leap.skel
heroes/conquistador/anim/conquistador.sprite.attack_low.atlas
heroes/conquistador/anim/conquistador.sprite.attack_low.skel
heroes/conquistador/anim/conquistador.sprite.attack_mace.atlas
heroes/conquistador/anim/conquistador.sprite.attack_mace.skel
heroes/conquistador/anim/conquistador.sprite.attack_rifle.atlas
heroes/conquistador/anim/conquistador.sprite.attack_rifle.skel
heroes/conquistador/anim/conquistador.sprite.attack_shield.atlas
heroes/conquistador/anim/conquistador.sprite.attack_shield.skel
heroes/conquistador/anim/conquistador.sprite.camp.atlas
heroes/conquistador/anim/conquistador.sprite.camp.skel
heroes/conquistador/anim/conquistador.sprite.combat.atlas
heroes/conquistador/anim/conquistador.sprite.combat.skel
heroes/conquistador/anim/conquistador.sprite.defend.atlas
heroes/conquistador/anim/conquistador.sprite.defend.skel
heroes/conquistador/anim/conquistador.sprite.heroic.atlas
heroes/conquistador/anim/conquistador.sprite.heroic.skel
heroes/conquistador/anim/conquistador.sprite.idle.atlas
heroes/conquistador/anim/conquistador.sprite.idle.skel
heroes/conquistador/anim/conquistador.sprite.investigate.atlas
heroes/conquistador/anim/conquistador.sprite.investigate.skel
heroes/conquistador/anim/conquistador.sprite.walk.atlas
heroes/conquistador/anim/conquistador.sprite.walk.skel
heroes/conquistador/anim/musketeer.sprite.heroic.atlas
heroes/conquistador/anim/musketeer.sprite.heroic.skel
heroes/conquistador/conquistador_A/conquistador_portrait_roster.png
heroes/conquistador/conquistador_B/conquistador_portrait_roster.png
heroes/conquistador/fx/conquistador.sprite.aimed_shot_target.atlas
heroes/conquistador/fx/conquistador.sprite.aimed_shot_target.png
heroes/conquistador/fx/conquistador.sprite.aimed_shot_target.skel
heroes/conquistador/fx/conquistador.sprite.breakthru.atlas
heroes/conquistador/fx/conquistador.sprite.breakthru.png
heroes/conquistador/fx/conquistador.sprite.breakthru.skel
heroes/conquistador/fx/conquistador.sprite.buckshot.atlas
heroes/conquistador/fx/conquistador.sprite.buckshot.png
heroes/conquistador/fx/conquistador.sprite.buckshot.skel
heroes/conquistador/fx/conquistador.sprite.detonate_target.atlas
heroes/conquistador/fx/conquistador.sprite.detonate_target.png
heroes/conquistador/fx/conquistador.sprite.detonate_target.skel
heroes/conquistador/fx/conquistador.sprite.flashbang_target.atlas
heroes/conquistador/fx/conquistador.sprite.flashbang_target.png
heroes/conquistador/fx/conquistador.sprite.flashbang_target.skel
heroes/conquistador/fx/conquistador.sprite.if_it_bleeds.atlas
heroes/conquistador/fx/conquistador.sprite.if_it_bleeds.png
heroes/conquistador/fx/conquistador.sprite.if_it_bleeds.skel
heroes/conquistador/fx/conquistador.sprite.iron_swan.atlas
heroes/conquistador/fx/conquistador.sprite.iron_swan.png
heroes/conquistador/fx/conquistador.sprite.iron_swan.skel
heroes/conquistador/fx/conquistador.sprite.manacles_target.atlas
heroes/conquistador/fx/conquistador.sprite.manacles_target.png
heroes/conquistador/fx/conquistador.sprite.manacles_target.skel
heroes/conquistador/fx/conquistador.sprite.rake.atlas
heroes/conquistador/fx/conquistador.sprite.rake.png
heroes/conquistador/fx/conquistador.sprite.rake.skel
heroes/conquistador/fx/conquistador.sprite.rampart.atlas
heroes/conquistador/fx/conquistador.sprite.rampart.png
heroes/conquistador/fx/conquistador.sprite.rampart.skel
heroes/conquistador/fx/conquistador.sprite.wicked_hack.atlas
heroes/conquistador/fx/conquistador.sprite.wicked_hack.png
heroes/conquistador/fx/conquistador.sprite.wicked_hack.skel
heroes/conquistador/icons_equip/eqp_armour_0.png
heroes/conquistador/icons_equip/eqp_armour_1.png
heroes/conquistador/icons_equip/eqp_armour_2.png
heroes/conquistador/icons_equip/eqp_armour_3.png
heroes/conquistador/icons_equip/eqp_armour_4.png
heroes/conquistador/icons_equip/eqp_weapon_0.png
heroes/conquistador/icons_equip/eqp_weapon_1.png
heroes/conquistador/icons_equip/eqp_weapon_2.png
heroes/conquistador/icons_equip/eqp_weapon_3.png
heroes/conquistador/icons_equip/eqp_weapon_4.png
panels/icons_equip/supply/inv_supply+gunpowder.png
panels/icons_equip/trinket/inv_trinket+conquistador_cursedcoin.png
panels/icons_equip/trinket/inv_trinket+conquistador_musket.png
panels/icons_equip/trinket/inv_trinket+conquistador_papercartridge.png
panels/icons_equip/trinket/inv_trinket+conquistador_shrapnel.png
panels/icons_equip/trinket/inv_trinket+conquistador_spyglass.png
raid/camping/skill_icons/camp_skill_c_prayer.png
raid/camping/skill_icons/camp_skill_mission_fervor.png
