
-------------------------------------------------------------------------------
Parsing project file - C:\Users\Tym `n` Matioza\Desktop\upload\WYKONANE\Succubus\project.xml
Mod Data Directory = C:/Users/Tym `n` Matioza/Desktop/upload/WYKONANE/Succubus/

-------------------------------------------------------------------------------
Processing Map Files files...

-------------------------------------------------------------------------------
Running Localization...
Parsing localization/miscellaneous_succubus.string_table.xml
Parsing localization/succubus_brazilian.string_table.xml
Parsing localization/succubus_czech.string_table.xml
Parsing localization/succubus_english.string_table.xml
Parsing localization/succubus_french.string_table.xml
Parsing localization/succubus_german.string_table.xml
Parsing localization/succubus_italian.string_table.xml
Parsing localization/succubus_polish.string_table.xml
Parsing localization/succubus_russian.string_table.xml
Parsing localization/succubus_schinese.string_table.xml
Parsing localization/succubus_spanish.string_table.xml
Parsing localization/succubus_tooltip.string_table.xml
Parsing localization/trinkets__succubus.string_table.xml

Building Languages
Exporting .loc files

-------------------------------------------------------------------------------
Searching for preview icon file C:/Users/Tym `n` Matioza/Desktop/upload/WYKONANE/Succubus/preview_icon.png...FOUND!
<UploadMode> - Set to direct_upload


-------------------------------------------------------------------------------
Detected 2 unchanged files
The following files are unchanged and will be uploaded...
C:/Users/Tym `n` Matioza/Desktop/upload/WYKONANE/Succubus/overlays/poptext_hp_heal_dot.png
C:/Users/Tym `n` Matioza/Desktop/upload/WYKONANE/Succubus/overlays/tray_dot_hp_heal.png

-------------------------------------------------------------------------------
Modded files...

dlc/580100_crimson_court/features/crimson_court/campaign/town/provision/crimson_court.provision.layout.darkest
heroes/succubus/succubus_A/anim/heroic_sprite_by_1jaz-dcg1yre.png
heroes/succubus/succubus_A/anim/succubus.sprite.afflicted.png
heroes/succubus/succubus_A/anim/succubus.sprite.attack_curse.png
heroes/succubus/succubus_A/anim/succubus.sprite.attack_harvest.png
heroes/succubus/succubus_A/anim/succubus.sprite.attack_horns.png
heroes/succubus/succubus_A/anim/succubus.sprite.attack_leeches.png
heroes/succubus/succubus_A/anim/succubus.sprite.attack_my_hero.png
heroes/succubus/succubus_A/anim/succubus.sprite.attack_protect_your_godess.png
heroes/succubus/succubus_A/anim/succubus.sprite.attack_scythe.png
heroes/succubus/succubus_A/anim/succubus.sprite.attack_scythe_2.png
heroes/succubus/succubus_A/anim/succubus.sprite.attack_transform.png
heroes/succubus/succubus_A/anim/succubus.sprite.camp.png
heroes/succubus/succubus_A/anim/succubus.sprite.combat.png
heroes/succubus/succubus_A/anim/succubus.sprite.defend.png
heroes/succubus/succubus_A/anim/succubus.sprite.heroic.png
heroes/succubus/succubus_A/anim/succubus.sprite.idle.png
heroes/succubus/succubus_A/anim/succubus.sprite.investigate.png
heroes/succubus/succubus_A/anim/succubus.sprite.walk.png
heroes/succubus/succubus_B/anim/succubus.sprite.afflicted.png
heroes/succubus/succubus_B/anim/succubus.sprite.attack_curse.png
heroes/succubus/succubus_B/anim/succubus.sprite.attack_harvest.png
heroes/succubus/succubus_B/anim/succubus.sprite.attack_leeches.png
heroes/succubus/succubus_B/anim/succubus.sprite.attack_my_hero.png
heroes/succubus/succubus_B/anim/succubus.sprite.attack_protect_your_godess.png
heroes/succubus/succubus_B/anim/succubus.sprite.attack_scythe_2.png
heroes/succubus/succubus_B/anim/succubus.sprite.attack_transform.png
heroes/succubus/succubus_B/anim/succubus.sprite.camp.png
heroes/succubus/succubus_B/anim/succubus.sprite.combat.png
heroes/succubus/succubus_B/anim/succubus.sprite.defend.png
heroes/succubus/succubus_B/anim/succubus.sprite.heroic.png
heroes/succubus/succubus_B/anim/succubus.sprite.idle.png
heroes/succubus/succubus_B/anim/succubus.sprite.investigate.png
heroes/succubus/succubus_B/anim/succubus.sprite.walk.png
heroes/succubus/succubus_C/anim/succubus.sprite.afflicted.png
heroes/succubus/succubus_C/anim/succubus.sprite.attack_curse.png
heroes/succubus/succubus_C/anim/succubus.sprite.attack_harvest.png
heroes/succubus/succubus_C/anim/succubus.sprite.attack_leeches.png
heroes/succubus/succubus_C/anim/succubus.sprite.attack_my_hero.png
heroes/succubus/succubus_C/anim/succubus.sprite.attack_protect_your_godess.png
heroes/succubus/succubus_C/anim/succubus.sprite.attack_scythe_2.png
heroes/succubus/succubus_C/anim/succubus.sprite.attack_transform.png
heroes/succubus/succubus_C/anim/succubus.sprite.camp.png
heroes/succubus/succubus_C/anim/succubus.sprite.combat.png
heroes/succubus/succubus_C/anim/succubus.sprite.defend.png
heroes/succubus/succubus_C/anim/succubus.sprite.heroic.png
heroes/succubus/succubus_C/anim/succubus.sprite.idle.png
heroes/succubus/succubus_C/anim/succubus.sprite.investigate.png
heroes/succubus/succubus_C/anim/succubus.sprite.walk.png
heroes/succubus/succubus_D/anim/succubus.sprite.afflicted.png
heroes/succubus/succubus_D/anim/succubus.sprite.attack_curse.png
heroes/succubus/succubus_D/anim/succubus.sprite.attack_harvest.png
heroes/succubus/succubus_D/anim/succubus.sprite.attack_leeches.png
heroes/succubus/succubus_D/anim/succubus.sprite.attack_my_hero.png
heroes/succubus/succubus_D/anim/succubus.sprite.attack_protect_your_godess.png
heroes/succubus/succubus_D/anim/succubus.sprite.attack_scythe_2.png
heroes/succubus/succubus_D/anim/succubus.sprite.attack_transform.png
heroes/succubus/succubus_D/anim/succubus.sprite.camp.png
heroes/succubus/succubus_D/anim/succubus.sprite.combat.png
heroes/succubus/succubus_D/anim/succubus.sprite.defend.png
heroes/succubus/succubus_D/anim/succubus.sprite.heroic.png
heroes/succubus/succubus_D/anim/succubus.sprite.idle.png
heroes/succubus/succubus_D/anim/succubus.sprite.investigate.png
heroes/succubus/succubus_D/anim/succubus.sprite.walk.png
campaign/town/embark_party/embark_party.background.png
campaign/town/infestation/infestation_banner.png
campaign/town/town_event/town_event.image_bonus_recruit_succubus.png
campaign/town/town_event/town_event.image_first_succubus.png
campaign/town/town_event/town_event.image_idle_resolve_level_succubus.png
heroes/succubus/anim/succubus.sprite.afflicted.atlas
heroes/succubus/anim/succubus.sprite.afflicted.skel
heroes/succubus/anim/succubus.sprite.attack_curse.atlas
heroes/succubus/anim/succubus.sprite.attack_curse.skel
heroes/succubus/anim/succubus.sprite.attack_godess.atlas
heroes/succubus/anim/succubus.sprite.attack_godess.skel
heroes/succubus/anim/succubus.sprite.attack_harvest.atlas
heroes/succubus/anim/succubus.sprite.attack_harvest.skel
heroes/succubus/anim/succubus.sprite.attack_leeches.atlas
heroes/succubus/anim/succubus.sprite.attack_leeches.skel
heroes/succubus/anim/succubus.sprite.attack_my_hero.atlas
heroes/succubus/anim/succubus.sprite.attack_my_hero.skel
heroes/succubus/anim/succubus.sprite.attack_protect_your_godess.atlas
heroes/succubus/anim/succubus.sprite.attack_protect_your_godess.skel
heroes/succubus/anim/succubus.sprite.attack_scythe.atlas
heroes/succubus/anim/succubus.sprite.attack_scythe.skel
heroes/succubus/anim/succubus.sprite.attack_scythe_2.atlas
heroes/succubus/anim/succubus.sprite.attack_scythe_2.skel
heroes/succubus/anim/succubus.sprite.attack_transform.atlas
heroes/succubus/anim/succubus.sprite.attack_transform.skel
heroes/succubus/anim/succubus.sprite.camp.atlas
heroes/succubus/anim/succubus.sprite.camp.skel
heroes/succubus/anim/succubus.sprite.combat.atlas
heroes/succubus/anim/succubus.sprite.combat.skel
heroes/succubus/anim/succubus.sprite.defend.atlas
heroes/succubus/anim/succubus.sprite.defend.skel
heroes/succubus/anim/succubus.sprite.heroic.atlas
heroes/succubus/anim/succubus.sprite.heroic.skel
heroes/succubus/anim/succubus.sprite.idle.atlas
heroes/succubus/anim/succubus.sprite.idle.skel
heroes/succubus/anim/succubus.sprite.investigate.atlas
heroes/succubus/anim/succubus.sprite.investigate.skel
heroes/succubus/anim/succubus.sprite.walk.atlas
heroes/succubus/anim/succubus.sprite.walk.skel
heroes/succubus/fx/succubus.sprite.curse_target.atlas
heroes/succubus/fx/succubus.sprite.curse_target.png
heroes/succubus/fx/succubus.sprite.curse_target.skel
heroes/succubus/fx/succubus.sprite.godess_target.atlas
heroes/succubus/fx/succubus.sprite.godess_target.png
heroes/succubus/fx/succubus.sprite.godess_target.skel
heroes/succubus/fx/succubus.sprite.harvest_target.atlas
heroes/succubus/fx/succubus.sprite.harvest_target.png
heroes/succubus/fx/succubus.sprite.harvest_target.skel
heroes/succubus/fx/succubus.sprite.leeches_target.atlas
heroes/succubus/fx/succubus.sprite.leeches_target.png
heroes/succubus/fx/succubus.sprite.leeches_target.skel
heroes/succubus/fx/succubus.sprite.leechess_target.atlas
heroes/succubus/fx/succubus.sprite.leechess_target.png
heroes/succubus/fx/succubus.sprite.leechess_target.skel
heroes/succubus/fx/succubus.sprite.scythe_2_target.atlas
heroes/succubus/fx/succubus.sprite.scythe_2_target.png
heroes/succubus/fx/succubus.sprite.scythe_2_target.skel
heroes/succubus/fx/succubus.sprite.succ_1.atlas
heroes/succubus/fx/succubus.sprite.succ_1.png
heroes/succubus/fx/succubus.sprite.succ_1.skel
heroes/succubus/fx/succubus.sprite.succ_1b.atlas
heroes/succubus/fx/succubus.sprite.succ_1b.png
heroes/succubus/fx/succubus.sprite.succ_1b.skel
heroes/succubus/fx/succubus.sprite.succ_1c.atlas
heroes/succubus/fx/succubus.sprite.succ_1c.png
heroes/succubus/fx/succubus.sprite.succ_1c.skel
heroes/succubus/fx/succubus.sprite.succ_1d.atlas
heroes/succubus/fx/succubus.sprite.succ_1d.png
heroes/succubus/fx/succubus.sprite.succ_1d.skel
heroes/succubus/fx/succubus.sprite.succ_1e.atlas
heroes/succubus/fx/succubus.sprite.succ_1e.png
heroes/succubus/fx/succubus.sprite.succ_1e.skel
heroes/succubus/fx/succubus.sprite.succ_2.atlas
heroes/succubus/fx/succubus.sprite.succ_2.png
heroes/succubus/fx/succubus.sprite.succ_2.skel
heroes/succubus/fx/succubus.sprite.succ_2b.atlas
heroes/succubus/fx/succubus.sprite.succ_2b.png
heroes/succubus/fx/succubus.sprite.succ_2b.skel
heroes/succubus/fx/succubus.sprite.succ_2c.atlas
heroes/succubus/fx/succubus.sprite.succ_2c.png
heroes/succubus/fx/succubus.sprite.succ_2c.skel
heroes/succubus/fx/succubus.sprite.succ_2d.atlas
heroes/succubus/fx/succubus.sprite.succ_2d.png
heroes/succubus/fx/succubus.sprite.succ_2d.skel
heroes/succubus/fx/succubus.sprite.succ_2e.atlas
heroes/succubus/fx/succubus.sprite.succ_2e.png
heroes/succubus/fx/succubus.sprite.succ_2e.skel
heroes/succubus/fx/succubus.sprite.transform.atlas
heroes/succubus/fx/succubus.sprite.transform.png
heroes/succubus/fx/succubus.sprite.transform.skel
heroes/succubus/icons_equip/eqp_armour_0.png
heroes/succubus/icons_equip/eqp_armour_1.png
heroes/succubus/icons_equip/eqp_armour_2.png
heroes/succubus/icons_equip/eqp_armour_3.png
heroes/succubus/icons_equip/eqp_armour_4.png
heroes/succubus/icons_equip/eqp_weapon_0.png
heroes/succubus/icons_equip/eqp_weapon_1.png
heroes/succubus/icons_equip/eqp_weapon_2.png
heroes/succubus/icons_equip/eqp_weapon_3.png
heroes/succubus/icons_equip/eqp_weapon_4.png
heroes/succubus/succubusAlticons/succubus.ability.one.png
heroes/succubus/succubusAlticons/succubus.ability.sixold.png
heroes/succubus/succubusAlticons/succubus.ability.three.png
heroes/succubus/succubus_A/succubus_portrait_roster.png
heroes/succubus/succubus_B/succubus_portrait_roster.png
heroes/succubus/succubus_C/succubus_portrait_roster.png
heroes/succubus/succubus_D/succubus_portrait_roster.png
monsters/cell_white/cell_white_D/cell_white_D.info.darkest
monsters/cluster_crystal/anim/cluster_crystal.sprite.attack_explode.atlas
monsters/cluster_crystal/anim/cluster_crystal.sprite.attack_explode.png
monsters/cluster_crystal/anim/cluster_crystal.sprite.attack_explode.skel
monsters/cluster_crystal/anim/cluster_crystal.sprite.combat.atlas
monsters/cluster_crystal/anim/cluster_crystal.sprite.combat.png
monsters/cluster_crystal/anim/cluster_crystal.sprite.combat.skel
monsters/cluster_crystal/anim/cluster_crystal.sprite.dead.atlas
monsters/cluster_crystal/anim/cluster_crystal.sprite.dead.png
monsters/cluster_crystal/anim/cluster_crystal.sprite.dead.skel
monsters/cluster_crystal/anim/cluster_crystal.sprite.defend.atlas
monsters/cluster_crystal/anim/cluster_crystal.sprite.defend.png
monsters/cluster_crystal/anim/cluster_crystal.sprite.defend.skel
monsters/cluster_crystal/cluster_crystal_A/cluster_crystal_A.art.darkest
monsters/cluster_crystal/cluster_crystal_A/cluster_crystal_A.info.darkest
monsters/cluster_crystal/ui/cluster_crystal.tray_battle_modifier_debuff.png
monsters/drowned_anchor/drowned_anchor_A/drowned_anchor_A.info.darkest
monsters/drowned_anchor/drowned_anchor_B/drowned_anchor_B.info.darkest
monsters/drowned_anchor/drowned_anchor_C/drowned_anchor_C.info.darkest
monsters/gatekeeper/anim/gatekeeper.sprite.attack_teleport.atlas
monsters/gatekeeper/anim/gatekeeper.sprite.attack_teleport.png
monsters/gatekeeper/anim/gatekeeper.sprite.attack_teleport.skel
monsters/gatekeeper/anim/gatekeeper.sprite.combat.atlas
monsters/gatekeeper/anim/gatekeeper.sprite.combat.png
monsters/gatekeeper/anim/gatekeeper.sprite.combat.skel
monsters/gatekeeper/anim/gatekeeper.sprite.defend.atlas
monsters/gatekeeper/anim/gatekeeper.sprite.defend.png
monsters/gatekeeper/anim/gatekeeper.sprite.defend.skel
monsters/gatekeeper/gatekeeper_A/gatekeeper_A.art.darkest
monsters/gatekeeper/gatekeeper_A/gatekeeper_A.info.darkest
monsters/gatekeeper/gatekeeper_A/tint.png
monsters/gatekeeper/gatekeeper_B/gatekeeper_B.art.darkest
monsters/gatekeeper/gatekeeper_B/gatekeeper_B.info.darkest
monsters/gatekeeper/gatekeeper_B/tint.png
monsters/gatekeeper/gatekeeper_C/gatekeeper_C.art.darkest
monsters/gatekeeper/gatekeeper_C/gatekeeper_C.info.darkest
monsters/gatekeeper/gatekeeper_C/tint.png
monsters/siren/siren_A/siren_A.info.darkest
monsters/siren/siren_B/siren_B.info.darkest
monsters/siren/siren_C/siren_C.info.darkest
panels/icons_equip/supply/inv_shard+.png
panels/icons_equip/supply/inv_supply+blix_bad_1.png
panels/icons_equip/supply/inv_supply+blix_bad_10.png
panels/icons_equip/supply/inv_supply+blix_bad_11.png
panels/icons_equip/supply/inv_supply+blix_bad_12.png
panels/icons_equip/supply/inv_supply+blix_bad_2.png
panels/icons_equip/supply/inv_supply+blix_bad_3.png
panels/icons_equip/supply/inv_supply+blix_bad_4.png
panels/icons_equip/supply/inv_supply+blix_bad_5.png
panels/icons_equip/supply/inv_supply+blix_bad_6.png
panels/icons_equip/supply/inv_supply+blix_bad_7.png
panels/icons_equip/supply/inv_supply+blix_bad_8.png
panels/icons_equip/supply/inv_supply+blix_bad_9.png
panels/icons_equip/supply/inv_supply+blix_filedigger.png
panels/icons_equip/supply/inv_supply+blix_good_1.png
panels/icons_equip/supply/inv_supply+blix_good_10.png
panels/icons_equip/supply/inv_supply+blix_good_11.png
panels/icons_equip/supply/inv_supply+blix_good_12.png
panels/icons_equip/supply/inv_supply+blix_good_13.png
panels/icons_equip/supply/inv_supply+blix_good_2.png
panels/icons_equip/supply/inv_supply+blix_good_3.png
panels/icons_equip/supply/inv_supply+blix_good_4.png
panels/icons_equip/supply/inv_supply+blix_good_5.png
panels/icons_equip/supply/inv_supply+blix_good_6.png
panels/icons_equip/supply/inv_supply+blix_good_7.png
panels/icons_equip/supply/inv_supply+blix_good_8.png
panels/icons_equip/supply/inv_supply+blix_good_9.png
panels/icons_equip/supply/inv_supply+rune.png
panels/icons_equip/supply/inv_supply+succ_purple_spice.png
panels/icons_equip/trinket/inv_trinket+succ_contract.png
panels/icons_equip/trinket/inv_trinket+succ_demonring.png
panels/icons_equip/trinket/inv_trinket+succ_devotion.png
panels/icons_equip/trinket/inv_trinket+succ_earring_II.png
panels/icons_equip/trinket/inv_trinket+succ_earring_crow.png
panels/icons_equip/trinket/inv_trinket+succ_grindstone.png
panels/icons_equip/trinket/inv_trinket+succ_head.png
panels/icons_equip/trinket/inv_trinket+succ_memory.png
panels/icons_equip/trinket/inv_trinket+succ_pentagram.png
panels/icons_equip/trinket/inv_trinket+succ_rosary.png
panels/icons_equip/trinket/inv_trinket+succ_scythe.png
panels/icons_equip/trinket/inv_trinket+succ_skullring.png
panels/icons_equip/trinket/rarity_EleFive_rarity.png
