
-------------------------------------------------------------------------------
Parsing project file - C:\Users\Toshiba\Desktop\Upload Files\Voivode Mod Upload\project.xml
Mod Data Directory = C:/Users/Toshiba/Desktop/Upload Files/Voivode Mod Upload/

-------------------------------------------------------------------------------
Processing Map Files files...

-------------------------------------------------------------------------------
Running Localization...
Parsing localization/disease_voivode.string_table.xml
Parsing localization/miscellaneous_voivode.string_table.xml
Parsing localization/party_names_voivode.string_table.xml
Parsing localization/trinkets__voivode.string_table.xml
Parsing localization/voivode_brazilian.string_table.xml
Parsing localization/voivode_czech.string_table.xml
Parsing localization/voivode_english.string_table.xml
Parsing localization/voivode_french.string_table.xml
Parsing localization/voivode_german.string_table.xml
Parsing localization/voivode_italian.string_table.xml
Parsing localization/voivode_koreana.string_table.xml
Parsing localization/voivode_polish.string_table.xml
Parsing localization/voivode_russian.string_table.xml
Parsing localization/voivode_schinese.string_table.xml
Parsing localization/voivode_spanish.string_table.xml
Parsing localization/voivode_tooltip.string_table.xml

Building Languages
Exporting .loc files

-------------------------------------------------------------------------------
Searching for preview icon file C:/Users/Toshiba/Desktop/Upload Files/Voivode Mod Upload/preview_icon.png...FOUND!
<UploadMode> - Set to direct_upload


-------------------------------------------------------------------------------
Detected 7 unchanged files
The following files are unchanged and will be uploaded...
C:/Users/Toshiba/Desktop/Upload Files/Voivode Mod Upload/overlays/poptext_health_damage_block.png
C:/Users/Toshiba/Desktop/Upload Files/Voivode Mod Upload/overlays/poptext_health_damage_block_onset.png
C:/Users/Toshiba/Desktop/Upload Files/Voivode Mod Upload/overlays/poptext_hp_heal_dot.png
C:/Users/Toshiba/Desktop/Upload Files/Voivode Mod Upload/overlays/tray_dot_hp_heal.png
C:/Users/Toshiba/Desktop/Upload Files/Voivode Mod Upload/overlays/tray_health_damage_block.png
C:/Users/Toshiba/Desktop/Upload Files/Voivode Mod Upload/trinkets/com.rarities.trinkets.json
C:/Users/Toshiba/Desktop/Upload Files/Voivode Mod Upload/trinkets/east_town.rarities.trinkets.json

-------------------------------------------------------------------------------
Modded files...

dlc/580100_crimson_court/features/crimson_court/campaign/town/provision/crimson_court.provision.layout.darkest
heroes/voivode/voivode_A/anim/voivode.sprite.afflicted.png
heroes/voivode/voivode_A/anim/voivode.sprite.attack_batform.png
heroes/voivode/voivode_A/anim/voivode.sprite.attack_flockofbats.png
heroes/voivode/voivode_A/anim/voivode.sprite.attack_hypnotism.png
heroes/voivode/voivode_A/anim/voivode.sprite.attack_riposte.png
heroes/voivode/voivode_A/anim/voivode.sprite.attack_shout.png
heroes/voivode/voivode_A/anim/voivode.sprite.attack_soulfeast.png
heroes/voivode/voivode_A/anim/voivode.sprite.attack_transform.png
heroes/voivode/voivode_A/anim/voivode.sprite.camp.png
heroes/voivode/voivode_A/anim/voivode.sprite.combat.png
heroes/voivode/voivode_A/anim/voivode.sprite.defend.png
heroes/voivode/voivode_A/anim/voivode.sprite.echolocation.png
heroes/voivode/voivode_A/anim/voivode.sprite.embracethedarkness.png
heroes/voivode/voivode_A/anim/voivode.sprite.flockofbats_target.png
heroes/voivode/voivode_A/anim/voivode.sprite.heroic.png
heroes/voivode/voivode_A/anim/voivode.sprite.idle.png
heroes/voivode/voivode_A/anim/voivode.sprite.investigate.png
heroes/voivode/voivode_A/anim/voivode.sprite.soulfeast.png
heroes/voivode/voivode_A/anim/voivode.sprite.transform.png
heroes/voivode/voivode_A/anim/voivode.sprite.walk.png
heroes/voivode/voivode_A/anim/voivode.spriteafflicted.png
heroes/voivode/voivode_B/anim/voivode.sprite.afflicted.png
heroes/voivode/voivode_B/anim/voivode.sprite.attack_batform.png
heroes/voivode/voivode_B/anim/voivode.sprite.attack_flockofbats.png
heroes/voivode/voivode_B/anim/voivode.sprite.attack_hypnotism.png
heroes/voivode/voivode_B/anim/voivode.sprite.attack_riposte.png
heroes/voivode/voivode_B/anim/voivode.sprite.attack_shout.png
heroes/voivode/voivode_B/anim/voivode.sprite.attack_soulfeast.png
heroes/voivode/voivode_B/anim/voivode.sprite.attack_transform.png
heroes/voivode/voivode_B/anim/voivode.sprite.camp.png
heroes/voivode/voivode_B/anim/voivode.sprite.combat.png
heroes/voivode/voivode_B/anim/voivode.sprite.defend.png
heroes/voivode/voivode_B/anim/voivode.sprite.echolocation.png
heroes/voivode/voivode_B/anim/voivode.sprite.embracethedarkness.png
heroes/voivode/voivode_B/anim/voivode.sprite.heroic.png
heroes/voivode/voivode_B/anim/voivode.sprite.idle.png
heroes/voivode/voivode_B/anim/voivode.sprite.investigate.png
heroes/voivode/voivode_B/anim/voivode.sprite.walk.png
heroes/voivode/voivode_C/anim/voivode.sprite.afflicted.png
heroes/voivode/voivode_C/anim/voivode.sprite.attack_batform.png
heroes/voivode/voivode_C/anim/voivode.sprite.attack_flockofbats.png
heroes/voivode/voivode_C/anim/voivode.sprite.attack_hypnotism.png
heroes/voivode/voivode_C/anim/voivode.sprite.attack_riposte.png
heroes/voivode/voivode_C/anim/voivode.sprite.attack_soulfeast.png
heroes/voivode/voivode_C/anim/voivode.sprite.attack_transform.png
heroes/voivode/voivode_C/anim/voivode.sprite.camp.png
heroes/voivode/voivode_C/anim/voivode.sprite.combat.png
heroes/voivode/voivode_C/anim/voivode.sprite.defend.png
heroes/voivode/voivode_C/anim/voivode.sprite.echolocation.png
heroes/voivode/voivode_C/anim/voivode.sprite.embracethedarkness.png
heroes/voivode/voivode_C/anim/voivode.sprite.heroic.png
heroes/voivode/voivode_C/anim/voivode.sprite.idle.png
heroes/voivode/voivode_C/anim/voivode.sprite.investigate.png
heroes/voivode/voivode_C/anim/voivode.sprite.walk.png
heroes/voivode/voivode_D/anim/voivode.sprite.afflicted.png
heroes/voivode/voivode_D/anim/voivode.sprite.attack_batform.png
heroes/voivode/voivode_D/anim/voivode.sprite.attack_flockofbats.png
heroes/voivode/voivode_D/anim/voivode.sprite.attack_hypnotism.png
heroes/voivode/voivode_D/anim/voivode.sprite.attack_riposte.png
heroes/voivode/voivode_D/anim/voivode.sprite.attack_soulfeast.png
heroes/voivode/voivode_D/anim/voivode.sprite.attack_transform.png
heroes/voivode/voivode_D/anim/voivode.sprite.camp.png
heroes/voivode/voivode_D/anim/voivode.sprite.combat.png
heroes/voivode/voivode_D/anim/voivode.sprite.defend.png
heroes/voivode/voivode_D/anim/voivode.sprite.echolocation.png
heroes/voivode/voivode_D/anim/voivode.sprite.embracethedarkness.png
heroes/voivode/voivode_D/anim/voivode.sprite.heroic.png
heroes/voivode/voivode_D/anim/voivode.sprite.idle.png
heroes/voivode/voivode_D/anim/voivode.sprite.investigate.png
heroes/voivode/voivode_D/anim/voivode.sprite.walk.png
campaign/shared/buffs/voivode.buffs.json
campaign/shared/buffs/voivode_tooltip.buffs.json
campaign/shared/buffs/voivode_trinkets.buffs.json
campaign/shared/party_name/voivode.party_name_library.json
campaign/shared/quirk/voivode.quirk_library.json
campaign/town/embark_party/embark_party.background.png
campaign/town/infestation/infestation_banner.png
campaign/town/town_event/town_event.custom_frame_darkspawn_event.png
campaign/town/town_event/town_event.custom_frame_darkspawn_event_hero.png
campaign/town/town_event/town_event.image_bonus_Prince_of_Darkness.png
campaign/town/town_event/town_event.image_bonus_recruit_voivode.png
campaign/town/town_event/town_event.image_first_voivode.png
campaign/town/town_event/town_event.image_idle_resolve_level_voivode.png
campaign/town/town_event/town_event.image_lock_brothel_voivode.png
campaign/upgrades/heroes/voivode.upgrades.json
heroes/voivode/anim/voivode.sprite.afflicted.atlas
heroes/voivode/anim/voivode.sprite.afflicted.skel
heroes/voivode/anim/voivode.sprite.attack_batform.atlas
heroes/voivode/anim/voivode.sprite.attack_batform.skel
heroes/voivode/anim/voivode.sprite.attack_flockofbats.atlas
heroes/voivode/anim/voivode.sprite.attack_flockofbats.skel
heroes/voivode/anim/voivode.sprite.attack_hypnotism.atlas
heroes/voivode/anim/voivode.sprite.attack_hypnotism.skel
heroes/voivode/anim/voivode.sprite.attack_riposte.atlas
heroes/voivode/anim/voivode.sprite.attack_riposte.skel
heroes/voivode/anim/voivode.sprite.attack_soulfeast.atlas
heroes/voivode/anim/voivode.sprite.attack_soulfeast.skel
heroes/voivode/anim/voivode.sprite.attack_transform.atlas
heroes/voivode/anim/voivode.sprite.attack_transform.skel
heroes/voivode/anim/voivode.sprite.camp.atlas
heroes/voivode/anim/voivode.sprite.camp.skel
heroes/voivode/anim/voivode.sprite.combat.atlas
heroes/voivode/anim/voivode.sprite.combat.skel
heroes/voivode/anim/voivode.sprite.defend.atlas
heroes/voivode/anim/voivode.sprite.defend.skel
heroes/voivode/anim/voivode.sprite.echolocation.atlas
heroes/voivode/anim/voivode.sprite.echolocation.skel
heroes/voivode/anim/voivode.sprite.embracethedarkness.atlas
heroes/voivode/anim/voivode.sprite.embracethedarkness.skel
heroes/voivode/anim/voivode.sprite.heroic.atlas
heroes/voivode/anim/voivode.sprite.heroic.skel
heroes/voivode/anim/voivode.sprite.idle.atlas
heroes/voivode/anim/voivode.sprite.idle.skel
heroes/voivode/anim/voivode.sprite.investigate.atlas
heroes/voivode/anim/voivode.sprite.investigate.skel
heroes/voivode/anim/voivode.sprite.walk.atlas
heroes/voivode/anim/voivode.sprite.walk.skel
heroes/voivode/fx/voivode.sprite.batform.atlas
heroes/voivode/fx/voivode.sprite.batform.png
heroes/voivode/fx/voivode.sprite.batform.skel
heroes/voivode/fx/voivode.sprite.echolocation_target.atlas
heroes/voivode/fx/voivode.sprite.echolocation_target.png
heroes/voivode/fx/voivode.sprite.echolocation_target.skel
heroes/voivode/fx/voivode.sprite.embracethedarkness_target.atlas
heroes/voivode/fx/voivode.sprite.embracethedarkness_target.png
heroes/voivode/fx/voivode.sprite.embracethedarkness_target.skel
heroes/voivode/fx/voivode.sprite.flockofbats_target.atlas
heroes/voivode/fx/voivode.sprite.flockofbats_target.png
heroes/voivode/fx/voivode.sprite.flockofbats_target.skel
heroes/voivode/fx/voivode.sprite.hypnotism.atlas
heroes/voivode/fx/voivode.sprite.hypnotism.png
heroes/voivode/fx/voivode.sprite.hypnotism.skel
heroes/voivode/fx/voivode.sprite.soulfeast_target.atlas
heroes/voivode/fx/voivode.sprite.soulfeast_target.png
heroes/voivode/fx/voivode.sprite.soulfeast_target.skel
heroes/voivode/icons_equip/eqp_armour_0.png
heroes/voivode/icons_equip/eqp_armour_1.png
heroes/voivode/icons_equip/eqp_armour_2.png
heroes/voivode/icons_equip/eqp_armour_3.png
heroes/voivode/icons_equip/eqp_armour_4.png
heroes/voivode/icons_equip/eqp_weapon_0.png
heroes/voivode/icons_equip/eqp_weapon_1.png
heroes/voivode/icons_equip/eqp_weapon_2.png
heroes/voivode/icons_equip/eqp_weapon_3.png
heroes/voivode/icons_equip/eqp_weapon_4.png
heroes/voivode/voivode_A/voivode_portrait_roster.png
heroes/voivode/voivode_B/voivode_portrait_roster.png
heroes/voivode/voivode_C/voivode_portrait_roster.png
heroes/voivode/voivode_D/voivode_portrait_roster.png
panels/icons_equip/estate/inv_estate+vv_chalice.png
panels/icons_equip/estate/inv_estate+vv_chalice_dummy.png
panels/icons_equip/trinket/inv_trinket+vv_CoM.png
panels/icons_equip/trinket/inv_trinket+vv_CoM_2.png
panels/icons_equip/trinket/inv_trinket+vv_apple.png
panels/icons_equip/trinket/inv_trinket+vv_cc_book.png
panels/icons_equip/trinket/inv_trinket+vv_cc_coffin.png
panels/icons_equip/trinket/inv_trinket+vv_contract.png
panels/icons_equip/trinket/inv_trinket+vv_head.png
panels/icons_equip/trinket/inv_trinket+vv_iron.png
panels/icons_equip/trinket/inv_trinket+vv_jar.png
panels/icons_equip/trinket/inv_trinket+vv_maiden.png
panels/icons_equip/trinket/inv_trinket+vv_orb.png
panels/icons_equip/trinket/inv_trinket+vv_portrait.png
panels/icons_equip/trinket/inv_trinket+vv_ring.png
panels/icons_equip/trinket/inv_trinket+vv_sunward.png
panels/icons_equip/trinket/rarity_cc_com.png
panels/icons_equip/trinket/rarity_comet.png
panels/icons_equip/trinket/rarity_crimson_court.png
panels/icons_equip/trinket/rarity_mildred.png
panels/icons_equip/trinket/rarity_sakura.png
panels/icons_equip/trinket/rarity_thing.png
raid/camping/skill_icons/camp_skill_voivode_camp_1.png
raid/camping/skill_icons/camp_skill_voivode_camp_2.png
raid/camping/skill_icons/camp_skill_voivode_camp_3.png
raid/camping/skill_icons/camp_skill_voivode_camp_4.png
raid/camping/skill_icons/camp_skill_voivode_camp_5.png
audio/secondary_banks/Master.folder
audio/secondary_banks/hero_voivode.bank
audio/secondary_banks/voivode_hero.bank
campaign/roster/voivode.roster.additional_variables.json
campaign/town/Note for Modders.txt
campaign/town/town_bg_darkspawn.png
campaign/town/town_bg_lamia_resolve.png
campaign/town/town_render_data.json
campaign/town_events/voivode.town_events.events.json
fx/VV_quirk_2/VV_quirk_2.sprite.atlas
fx/VV_quirk_2/VV_quirk_2.sprite.png
fx/VV_quirk_2/VV_quirk_2.sprite.skel
fx/VV_quirk_Rage/VV_quirk_Rage.sprite.atlas
fx/VV_quirk_Rage/VV_quirk_Rage.sprite.png
fx/VV_quirk_Rage/VV_quirk_Rage.sprite.skel
fx/town_event_idle_resolve_level_voivode/town_event_idle_resolve_level_voivode.sprite.atlas
fx/town_event_idle_resolve_level_voivode/town_event_idle_resolve_level_voivode.sprite.png
fx/town_event_idle_resolve_level_voivode/town_event_idle_resolve_level_voivode.sprite.skel
fx/town_event_lock_brothel_voivode/town_event_lock_brothel_voivode.sprite.atlas
fx/town_event_lock_brothel_voivode/town_event_lock_brothel_voivode.sprite.png
fx/town_event_lock_brothel_voivode/town_event_lock_brothel_voivode.sprite.skel
fx/vv_chalice/vv_chalice.sprite.atlas
fx/vv_chalice/vv_chalice.sprite.png
fx/vv_chalice/vv_chalice.sprite.skel
fx/vv_chalice_dummy/vv_chalice_dummy.sprite.atlas
fx/vv_chalice_dummy/vv_chalice_dummy.sprite.png
fx/vv_chalice_dummy/vv_chalice_dummy.sprite.skel
fx/vv_quirk_light/vv_quirk_light.sprite.atlas
fx/vv_quirk_light/vv_quirk_light.sprite.png
fx/vv_quirk_light/vv_quirk_light.sprite.skel
heroes/exorcist/exorcist.override.darkest
heroes/paladin/paladin.override.darkest
heroes/seraph/seraph.override.darkest
heroes/vestal/vestal.override.darkest
heroes/voivode/voivode.ability.ecolocation.png
heroes/voivode/voivode.ability.five.png
heroes/voivode/voivode.ability.four.png
heroes/voivode/voivode.ability.one.png
heroes/voivode/voivode.ability.seven.png
heroes/voivode/voivode.ability.six.png
heroes/voivode/voivode.ability.three.png
heroes/voivode/voivode.ability.two.png
heroes/voivode/voivode.art.darkest
heroes/voivode/voivode.info.darkest
heroes/voivode/voivode_guild_header.png
raid/camping/voivode.camping_skills.json
shared/buffs/voivode.buffs.json
shared/buffs/voivode_disease.buffs.json
shared/buffs/voivode_scaling.buffs.json
shared/buffs/voivode_tooltip.buffs.json
shared/buffs/voivode_trinkets.buffs.json
shared/hero/portrait_icon_Quirk_OfDarkness.png
shared/hero/portrait_icon_vampire.png
shared/party_name/voivode.party_name_library.json
shared/quirk/voivode.quirk_act_outs.json
shared/quirk/voivode.quirk_library.json
upgrades/heroes/voivode.upgrades.json
activity_log/quirk_transition_entry_backdrop_VV_quirk_0.png
activity_log/quirk_transition_entry_backdrop_VV_quirk_1.png
activity_log/quirk_transition_entry_backdrop_VV_quirk_2.png
activity_log/quirk_transition_entry_backdrop_VV_quirk_Rage.png
activity_log/quirk_transition_entry_backdrop_VV_quirk_light.png
audio/GUIDs.txt
audio/voivode.campaign.guid_overrides.json
audio/voivode.campaign.load_order.json
audio/voivode.narration.json
colours/voivode.colours.darkest
effects/trinkets_voivode.effects.darkest
effects/voivode.effects.darkest
inventory/crimson_court.estate.inventory.items.darkest
inventory/town_event.custom_frame_darkspawn_event.png
inventory/voivode.estate.inventory.items.darkest
inventory/voivode.inventory.extra_stack_limits.darkest
localization/1533032528_brazilian.loc
localization/1533032528_czech.loc
localization/1533032528_english.loc
localization/1533032528_french.loc
localization/1533032528_german.loc
localization/1533032528_italian.loc
localization/1533032528_koreana.loc
localization/1533032528_polish.loc
localization/1533032528_russian.loc
localization/1533032528_schinese.loc
localization/1533032528_spanish.loc
localization/disease_voivode.string_table.xml
localization/miscellaneous_voivode.string_table.xml
localization/missing_files.txt
