
-------------------------------------------------------------------------------
Parsing project file - D:\Mods\The Fool\The Fool\project.xml
Mod Data Directory = D:/Mods/The Fool/The Fool/

-------------------------------------------------------------------------------
Processing Map Files files...

-------------------------------------------------------------------------------
Running Localization...
Parsing localization/fool.string_table.xml
Parsing localization/fool_additional.string_table.xml

Building Languages
Exporting .loc files

-------------------------------------------------------------------------------
Searching for preview icon file D:/Mods/The Fool/The Fool/preview_icon.png...FOUND!
<UploadMode> - Set to direct_upload


-------------------------------------------------------------------------------
Modded files...

heroes/fool/fool_A/anim/fool.sprite.afflicted.png
heroes/fool/fool_A/anim/fool.sprite.attack_banshee.png
heroes/fool/fool_A/anim/fool.sprite.attack_burrowing.png
heroes/fool/fool_A/anim/fool.sprite.attack_downpour.png
heroes/fool/fool_A/anim/fool.sprite.attack_fifth_circle.png
heroes/fool/fool_A/anim/fool.sprite.attack_first_circle.png
heroes/fool/fool_A/anim/fool.sprite.attack_wail.png
heroes/fool/fool_A/anim/fool.sprite.attack_weeping_song.png
heroes/fool/fool_A/anim/fool.sprite.camp.png
heroes/fool/fool_A/anim/fool.sprite.combat.png
heroes/fool/fool_A/anim/fool.sprite.defend.png
heroes/fool/fool_A/anim/fool.sprite.idle.png
heroes/fool/fool_A/anim/fool.sprite.investigate.png
heroes/fool/fool_A/anim/fool.sprite.walk.png
heroes/fool/fool_B/anim/fool.sprite.afflicted.png
heroes/fool/fool_B/anim/fool.sprite.attack_banshee.png
heroes/fool/fool_B/anim/fool.sprite.attack_burrowing.png
heroes/fool/fool_B/anim/fool.sprite.attack_downpour.png
heroes/fool/fool_B/anim/fool.sprite.attack_fifth_circle.png
heroes/fool/fool_B/anim/fool.sprite.attack_first_circle.png
heroes/fool/fool_B/anim/fool.sprite.attack_wail.png
heroes/fool/fool_B/anim/fool.sprite.attack_weeping_song.png
heroes/fool/fool_B/anim/fool.sprite.camp.png
heroes/fool/fool_B/anim/fool.sprite.combat.png
heroes/fool/fool_B/anim/fool.sprite.defend.png
heroes/fool/fool_B/anim/fool.sprite.idle.png
heroes/fool/fool_B/anim/fool.sprite.investigate.png
heroes/fool/fool_B/anim/fool.sprite.walk.png
campaign/town/town_event/town_event.image_styx_tides.png
heroes/fool/anim/fool.sprite.afflicted.atlas
heroes/fool/anim/fool.sprite.afflicted.skel
heroes/fool/anim/fool.sprite.attack_banshee.atlas
heroes/fool/anim/fool.sprite.attack_banshee.skel
heroes/fool/anim/fool.sprite.attack_burrowing.atlas
heroes/fool/anim/fool.sprite.attack_burrowing.skel
heroes/fool/anim/fool.sprite.attack_downpour.atlas
heroes/fool/anim/fool.sprite.attack_downpour.skel
heroes/fool/anim/fool.sprite.attack_fifth_circle.atlas
heroes/fool/anim/fool.sprite.attack_fifth_circle.skel
heroes/fool/anim/fool.sprite.attack_first_circle.atlas
heroes/fool/anim/fool.sprite.attack_first_circle.skel
heroes/fool/anim/fool.sprite.attack_wail.atlas
heroes/fool/anim/fool.sprite.attack_wail.skel
heroes/fool/anim/fool.sprite.attack_weeping_song.atlas
heroes/fool/anim/fool.sprite.attack_weeping_song.skel
heroes/fool/anim/fool.sprite.camp.atlas
heroes/fool/anim/fool.sprite.camp.skel
heroes/fool/anim/fool.sprite.combat.atlas
heroes/fool/anim/fool.sprite.combat.skel
heroes/fool/anim/fool.sprite.defend.atlas
heroes/fool/anim/fool.sprite.defend.skel
heroes/fool/anim/fool.sprite.idle.atlas
heroes/fool/anim/fool.sprite.idle.skel
heroes/fool/anim/fool.sprite.investigate.atlas
heroes/fool/anim/fool.sprite.investigate.skel
heroes/fool/anim/fool.sprite.walk.atlas
heroes/fool/anim/fool.sprite.walk.skel
heroes/fool/fool_A/fool_portrait_roster.png
heroes/fool/fool_B/fool_portrait_roster.png
heroes/fool/fx/fool.sprite.banshee.atlas
heroes/fool/fx/fool.sprite.banshee.png
heroes/fool/fx/fool.sprite.banshee.skel
heroes/fool/fx/fool.sprite.banshee_target.atlas
heroes/fool/fx/fool.sprite.banshee_target.png
heroes/fool/fx/fool.sprite.banshee_target.skel
heroes/fool/fx/fool.sprite.black_hits_target.atlas
heroes/fool/fx/fool.sprite.black_hits_target.png
heroes/fool/fx/fool.sprite.black_hits_target.skel
heroes/fool/fx/fool.sprite.burrowing.atlas
heroes/fool/fx/fool.sprite.burrowing.png
heroes/fool/fx/fool.sprite.burrowing.skel
heroes/fool/fx/fool.sprite.downpour.atlas
heroes/fool/fx/fool.sprite.downpour.png
heroes/fool/fx/fool.sprite.downpour.skel
heroes/fool/fx/fool.sprite.fifth_circle.atlas
heroes/fool/fx/fool.sprite.fifth_circle.png
heroes/fool/fx/fool.sprite.fifth_circle.skel
heroes/fool/fx/fool.sprite.first_circle.atlas
heroes/fool/fx/fool.sprite.first_circle.png
heroes/fool/fx/fool.sprite.first_circle.skel
heroes/fool/fx/fool.sprite.first_circle_target.atlas
heroes/fool/fx/fool.sprite.first_circle_target.png
heroes/fool/fx/fool.sprite.first_circle_target.skel
heroes/fool/fx/fool.sprite.wail.atlas
heroes/fool/fx/fool.sprite.wail.png
heroes/fool/fx/fool.sprite.wail.skel
heroes/fool/fx/fool.sprite.weeping_song.atlas
heroes/fool/fx/fool.sprite.weeping_song.png
heroes/fool/fx/fool.sprite.weeping_song.skel
heroes/fool/icons_equip/eqp_armour_0.png
heroes/fool/icons_equip/eqp_armour_1.png
heroes/fool/icons_equip/eqp_armour_2.png
heroes/fool/icons_equip/eqp_armour_3.png
heroes/fool/icons_equip/eqp_armour_4.png
heroes/fool/icons_equip/eqp_weapon_0.png
heroes/fool/icons_equip/eqp_weapon_1.png
heroes/fool/icons_equip/eqp_weapon_2.png
heroes/fool/icons_equip/eqp_weapon_3.png
heroes/fool/icons_equip/eqp_weapon_4.png
monsters/haloparidol/anim/haloparidol.sprite.attack_black_door.atlas
monsters/haloparidol/anim/haloparidol.sprite.attack_black_door.png
monsters/haloparidol/anim/haloparidol.sprite.attack_black_door.skel
monsters/haloparidol/anim/haloparidol.sprite.attack_grey_door.atlas
monsters/haloparidol/anim/haloparidol.sprite.attack_grey_door.png
monsters/haloparidol/anim/haloparidol.sprite.attack_grey_door.skel
monsters/haloparidol/anim/haloparidol.sprite.attack_red_door.atlas
monsters/haloparidol/anim/haloparidol.sprite.attack_red_door.png
monsters/haloparidol/anim/haloparidol.sprite.attack_red_door.skel
monsters/haloparidol/anim/haloparidol.sprite.attack_white_door.atlas
monsters/haloparidol/anim/haloparidol.sprite.attack_white_door.png
monsters/haloparidol/anim/haloparidol.sprite.attack_white_door.skel
monsters/haloparidol/anim/haloparidol.sprite.combat.atlas
monsters/haloparidol/anim/haloparidol.sprite.combat.png
monsters/haloparidol/anim/haloparidol.sprite.combat.skel
monsters/haloparidol/anim/haloparidol.sprite.defend.atlas
monsters/haloparidol/anim/haloparidol.sprite.defend.png
monsters/haloparidol/anim/haloparidol.sprite.defend.skel
monsters/haloparidol/fx/haloparidol.sprite.black_door.atlas
monsters/haloparidol/fx/haloparidol.sprite.black_door.png
monsters/haloparidol/fx/haloparidol.sprite.black_door.skel
monsters/haloparidol/fx/haloparidol.sprite.grey_door.atlas
monsters/haloparidol/fx/haloparidol.sprite.grey_door.png
monsters/haloparidol/fx/haloparidol.sprite.grey_door.skel
monsters/haloparidol/fx/haloparidol.sprite.red_door.atlas
monsters/haloparidol/fx/haloparidol.sprite.red_door.png
monsters/haloparidol/fx/haloparidol.sprite.red_door.skel
monsters/haloparidol/fx/haloparidol.sprite.white_door.atlas
monsters/haloparidol/fx/haloparidol.sprite.white_door.png
monsters/haloparidol/fx/haloparidol.sprite.white_door.skel
monsters/haloparidol/fx/haloparidol.sprite.white_door_target.atlas
monsters/haloparidol/fx/haloparidol.sprite.white_door_target.png
monsters/haloparidol/fx/haloparidol.sprite.white_door_target.skel
monsters/haloparidol/haloparidol_A/haloparidol_A.art.darkest
monsters/haloparidol/haloparidol_A/haloparidol_A.info.darkest
monsters/haloparidol/haloparidol_B/haloparidol_B.art.darkest
monsters/haloparidol/haloparidol_B/haloparidol_B.info.darkest
monsters/haloparidol/haloparidol_C/haloparidol_C.art.darkest
monsters/haloparidol/haloparidol_C/haloparidol_C.info.darkest
monsters/haloparidol/haloparidol_D/haloparidol_D.art.darkest
monsters/haloparidol/haloparidol_D/haloparidol_D.info.darkest
monsters/haloparidol/haloparidol_E/haloparidol_E.art.darkest
monsters/haloparidol/haloparidol_E/haloparidol_E.info.darkest
monsters/haloparidol/haloparidol_F/haloparidol_F.art.darkest
monsters/haloparidol/haloparidol_F/haloparidol_F.info.darkest
monsters/haloparidol/haloparidol_G/haloparidol_G.art.darkest
monsters/haloparidol/haloparidol_G/haloparidol_G.info.darkest
panels/icons_equip/trinket/inv_trinket+broken_lyre.png
panels/icons_equip/trinket/inv_trinket+celtic_knot.png
panels/icons_equip/trinket/inv_trinket+cerberus.png
panels/icons_equip/trinket/inv_trinket+dead_mouth.png
panels/icons_equip/trinket/inv_trinket+obolus.png
panels/icons_equip/trinket/inv_trinket+persephone.png
panels/icons_equip/trinket/inv_trinket+peter_pan.png
panels/icons_equip/trinket/rarity_fool.png
raid/camping/skill_icons/camp_skill_baintside.png
audio/secondary_banks/hero_fool.bank
campaign/town_events/fool.town_events.events.json
dungeons/_shared/colour_grade_flashback_fool.png
dungeons/_shared/flashback_fool.png
dungeons/cove/foolflashback.cove.1.mash.darkest
dungeons/cove/foolflashback.cove.3.mash.darkest
dungeons/cove/foolflashback.cove.5.mash.darkest
dungeons/crypts/foolflashback.crypts.1.mash.darkest
dungeons/crypts/foolflashback.crypts.3.mash.darkest
dungeons/crypts/foolflashback.crypts.5.mash.darkest
dungeons/warrens/foolflashback.warrens.1.mash.darkest
dungeons/warrens/foolflashback.warrens.3.mash.darkest
dungeons/warrens/foolflashback.warrens.5.mash.darkest
dungeons/weald/foolflashback.weald.1.mash.darkest
dungeons/weald/foolflashback.weald.3.mash.darkest
dungeons/weald/foolflashback.weald.5.mash.darkest
fx/town_event_styx_tides/town_event_styx_tides.sprite.atlas
fx/town_event_styx_tides/town_event_styx_tides.sprite.png
fx/town_event_styx_tides/town_event_styx_tides.sprite.skel
heroes/fool/fool.ability.five.png
heroes/fool/fool.ability.four.png
heroes/fool/fool.ability.one.png
heroes/fool/fool.ability.seven.png
heroes/fool/fool.ability.six.png
heroes/fool/fool.ability.three.png
heroes/fool/fool.ability.two.png
heroes/fool/fool.art.darkest
heroes/fool/fool.info.darkest
heroes/fool/fool_guild_header.png
raid/ai/fool.monster_brains.json
raid/camping/fool.camping_skills.json
raid/flashback/fool.flashbacks.json
shared/buffs/fool.buffs.json
shared/trait/fool.trait_library.json
upgrades/heroes/fool.upgrades.json
audio/fool.campaign.guid_overrides.json
audio/fool.campaign.load_order.json
audio/fool.narration.json
effects/fool.effects.darkest
localization/1464177353_brazilian.loc
localization/1464177353_czech.loc
localization/1464177353_english.loc
localization/1464177353_french.loc
localization/1464177353_german.loc
localization/1464177353_italian.loc
localization/1464177353_koreana.loc
localization/1464177353_koreanb.loc
localization/1464177353_polish.loc
localization/1464177353_russian.loc
localization/1464177353_schinese.loc
localization/1464177353_spanish.loc
localization/1464177353_tchinese.loc
localization/fool.string_table.xml
localization/fool_additional.string_table.xml
localization/missing_files.txt
loot/fool.loot.json
scripts/raid_visuals.json
trinkets/com.rarities.trinkets.json
trinkets/crimson_court.rarities.trinkets.json
trinkets/fool.entries.trinkets.json
trinkets/fool.rarities.trinkets.json
trinkets/fool.sets.trinkets.json
modfiles.txt
preview_icon.png
project.xml

Submitting.................................................................................Submitted.
Saving project file D:\Mods\The Fool\The Fool\project.xml

