
-------------------------------------------------------------------------------
Parsing project file - C:\Users\Uporabnik\Downloads\UPLOAD\MOD\project.xml
Mod Data Directory = C:/Users/Uporabnik/Downloads/UPLOAD/MOD/

-------------------------------------------------------------------------------
Processing Map Files files...

-------------------------------------------------------------------------------
Running Localization...
Parsing localization/kunoichi.string_table.xml

Building Languages
Exporting .loc files

-------------------------------------------------------------------------------
Searching for preview icon file C:/Users/Uporabnik/Downloads/UPLOAD/MOD/preview_icon.png...FOUND!
<UploadMode> - Set to direct_upload


-------------------------------------------------------------------------------
Modded files...

campaign/town/buildings/nomad_wagon/com.nomad_wagon.building.json
heroes/kunoichi/kunoichi_A/anim/kunoichi.sprite.afflicted.png
heroes/kunoichi/kunoichi_A/anim/kunoichi.sprite.attack_blast.png
heroes/kunoichi/kunoichi_A/anim/kunoichi.sprite.attack_buff.png
heroes/kunoichi/kunoichi_A/anim/kunoichi.sprite.attack_dagger.png
heroes/kunoichi/kunoichi_A/anim/kunoichi.sprite.attack_grenade.png
heroes/kunoichi/kunoichi_A/anim/kunoichi.sprite.attack_heal.png
heroes/kunoichi/kunoichi_A/anim/kunoichi.sprite.attack_stab.png
heroes/kunoichi/kunoichi_A/anim/kunoichi.sprite.camp.png
heroes/kunoichi/kunoichi_A/anim/kunoichi.sprite.combat.png
heroes/kunoichi/kunoichi_A/anim/kunoichi.sprite.defend.png
heroes/kunoichi/kunoichi_A/anim/kunoichi.sprite.heroic.png
heroes/kunoichi/kunoichi_A/anim/kunoichi.sprite.idle.png
heroes/kunoichi/kunoichi_A/anim/kunoichi.sprite.investigate.png
heroes/kunoichi/kunoichi_A/anim/kunoichi.sprite.walk.png
heroes/kunoichi/kunoichi_B/anim/kunoichi.sprite.afflicted.png
heroes/kunoichi/kunoichi_B/anim/kunoichi.sprite.attack_blast.png
heroes/kunoichi/kunoichi_B/anim/kunoichi.sprite.attack_buff.png
heroes/kunoichi/kunoichi_B/anim/kunoichi.sprite.attack_dagger.png
heroes/kunoichi/kunoichi_B/anim/kunoichi.sprite.attack_grenade.png
heroes/kunoichi/kunoichi_B/anim/kunoichi.sprite.attack_heal.png
heroes/kunoichi/kunoichi_B/anim/kunoichi.sprite.attack_stab.png
heroes/kunoichi/kunoichi_B/anim/kunoichi.sprite.camp.png
heroes/kunoichi/kunoichi_B/anim/kunoichi.sprite.combat.png
heroes/kunoichi/kunoichi_B/anim/kunoichi.sprite.defend.png
heroes/kunoichi/kunoichi_B/anim/kunoichi.sprite.heroic.png
heroes/kunoichi/kunoichi_B/anim/kunoichi.sprite.idle.png
heroes/kunoichi/kunoichi_B/anim/kunoichi.sprite.investigate.png
heroes/kunoichi/kunoichi_B/anim/kunoichi.sprite.walk.png
heroes/kunoichi/kunoichi_C/anim/kunoichi.sprite.afflicted.png
heroes/kunoichi/kunoichi_C/anim/kunoichi.sprite.attack_blast.png
heroes/kunoichi/kunoichi_C/anim/kunoichi.sprite.attack_buff.png
heroes/kunoichi/kunoichi_C/anim/kunoichi.sprite.attack_dagger.png
heroes/kunoichi/kunoichi_C/anim/kunoichi.sprite.attack_grenade.png
heroes/kunoichi/kunoichi_C/anim/kunoichi.sprite.attack_heal.png
heroes/kunoichi/kunoichi_C/anim/kunoichi.sprite.attack_stab.png
heroes/kunoichi/kunoichi_C/anim/kunoichi.sprite.camp.png
heroes/kunoichi/kunoichi_C/anim/kunoichi.sprite.combat.png
heroes/kunoichi/kunoichi_C/anim/kunoichi.sprite.defend.png
heroes/kunoichi/kunoichi_C/anim/kunoichi.sprite.heroic.png
heroes/kunoichi/kunoichi_C/anim/kunoichi.sprite.idle.png
heroes/kunoichi/kunoichi_C/anim/kunoichi.sprite.investigate.png
heroes/kunoichi/kunoichi_C/anim/kunoichi.sprite.walk.png
heroes/kunoichi/kunoichi_D/anim/kunoichi.sprite.afflicted.png
heroes/kunoichi/kunoichi_D/anim/kunoichi.sprite.attack_blast.png
heroes/kunoichi/kunoichi_D/anim/kunoichi.sprite.attack_buff.png
heroes/kunoichi/kunoichi_D/anim/kunoichi.sprite.attack_dagger.png
heroes/kunoichi/kunoichi_D/anim/kunoichi.sprite.attack_grenade.png
heroes/kunoichi/kunoichi_D/anim/kunoichi.sprite.attack_heal.png
heroes/kunoichi/kunoichi_D/anim/kunoichi.sprite.attack_stab.png
heroes/kunoichi/kunoichi_D/anim/kunoichi.sprite.camp.png
heroes/kunoichi/kunoichi_D/anim/kunoichi.sprite.combat.png
heroes/kunoichi/kunoichi_D/anim/kunoichi.sprite.defend.png
heroes/kunoichi/kunoichi_D/anim/kunoichi.sprite.heroic.png
heroes/kunoichi/kunoichi_D/anim/kunoichi.sprite.idle.png
heroes/kunoichi/kunoichi_D/anim/kunoichi.sprite.investigate.png
heroes/kunoichi/kunoichi_D/anim/kunoichi.sprite.walk.png
heroes/kunoichi/anim/kunoichi.sprite.afflicted.atlas
heroes/kunoichi/anim/kunoichi.sprite.afflicted.skel
heroes/kunoichi/anim/kunoichi.sprite.attack_blast.atlas
heroes/kunoichi/anim/kunoichi.sprite.attack_blast.skel
heroes/kunoichi/anim/kunoichi.sprite.attack_buff.atlas
heroes/kunoichi/anim/kunoichi.sprite.attack_buff.skel
heroes/kunoichi/anim/kunoichi.sprite.attack_dagger.atlas
heroes/kunoichi/anim/kunoichi.sprite.attack_dagger.skel
heroes/kunoichi/anim/kunoichi.sprite.attack_grenade.atlas
heroes/kunoichi/anim/kunoichi.sprite.attack_grenade.skel
heroes/kunoichi/anim/kunoichi.sprite.attack_heal.atlas
heroes/kunoichi/anim/kunoichi.sprite.attack_heal.skel
heroes/kunoichi/anim/kunoichi.sprite.attack_stab.atlas
heroes/kunoichi/anim/kunoichi.sprite.attack_stab.skel
heroes/kunoichi/anim/kunoichi.sprite.camp.atlas
heroes/kunoichi/anim/kunoichi.sprite.camp.skel
heroes/kunoichi/anim/kunoichi.sprite.combat.atlas
heroes/kunoichi/anim/kunoichi.sprite.combat.skel
heroes/kunoichi/anim/kunoichi.sprite.defend.atlas
heroes/kunoichi/anim/kunoichi.sprite.defend.skel
heroes/kunoichi/anim/kunoichi.sprite.heroic.atlas
heroes/kunoichi/anim/kunoichi.sprite.heroic.skel
heroes/kunoichi/anim/kunoichi.sprite.idle.atlas
heroes/kunoichi/anim/kunoichi.sprite.idle.skel
heroes/kunoichi/anim/kunoichi.sprite.investigate.atlas
heroes/kunoichi/anim/kunoichi.sprite.investigate.skel
heroes/kunoichi/anim/kunoichi.sprite.walk.atlas
heroes/kunoichi/anim/kunoichi.sprite.walk.skel
heroes/kunoichi/fx/kunoichi.sprite.battlefield_medicine.atlas
heroes/kunoichi/fx/kunoichi.sprite.battlefield_medicine.png
heroes/kunoichi/fx/kunoichi.sprite.battlefield_medicine.skel
heroes/kunoichi/fx/kunoichi.sprite.battlefield_medicine_target.atlas
heroes/kunoichi/fx/kunoichi.sprite.battlefield_medicine_target.png
heroes/kunoichi/fx/kunoichi.sprite.battlefield_medicine_target.skel
heroes/kunoichi/fx/kunoichi.sprite.blinding_gas_target.atlas
heroes/kunoichi/fx/kunoichi.sprite.blinding_gas_target.png
heroes/kunoichi/fx/kunoichi.sprite.blinding_gas_target.skel
heroes/kunoichi/fx/kunoichi.sprite.disorienting_blast_target.atlas
heroes/kunoichi/fx/kunoichi.sprite.disorienting_blast_target.png
heroes/kunoichi/fx/kunoichi.sprite.disorienting_blast_target.skel
heroes/kunoichi/fx/kunoichi.sprite.emboldening_vapours.atlas
heroes/kunoichi/fx/kunoichi.sprite.emboldening_vapours.png
heroes/kunoichi/fx/kunoichi.sprite.emboldening_vapours.skel
heroes/kunoichi/fx/kunoichi.sprite.emboldening_vapours_target.atlas
heroes/kunoichi/fx/kunoichi.sprite.emboldening_vapours_target.png
heroes/kunoichi/fx/kunoichi.sprite.emboldening_vapours_target.skel
heroes/kunoichi/fx/kunoichi.sprite.flashing_daggers.atlas
heroes/kunoichi/fx/kunoichi.sprite.flashing_daggers.png
heroes/kunoichi/fx/kunoichi.sprite.flashing_daggers.skel
heroes/kunoichi/fx/kunoichi.sprite.flashing_daggers_target.atlas
heroes/kunoichi/fx/kunoichi.sprite.flashing_daggers_target.png
heroes/kunoichi/fx/kunoichi.sprite.flashing_daggers_target.skel
heroes/kunoichi/fx/kunoichi.sprite.incision.atlas
heroes/kunoichi/fx/kunoichi.sprite.incision.png
heroes/kunoichi/fx/kunoichi.sprite.incision.skel
heroes/kunoichi/fx/kunoichi.sprite.lunge.atlas
heroes/kunoichi/fx/kunoichi.sprite.lunge.png
heroes/kunoichi/fx/kunoichi.sprite.lunge.skel
heroes/kunoichi/fx/kunoichi.sprite.noxious_blast_target.atlas
heroes/kunoichi/fx/kunoichi.sprite.noxious_blast_target.png
heroes/kunoichi/fx/kunoichi.sprite.noxious_blast_target.skel
heroes/kunoichi/fx/kunoichi.sprite.plague_grenade.atlas
heroes/kunoichi/fx/kunoichi.sprite.plague_grenade.png
heroes/kunoichi/fx/kunoichi.sprite.plague_grenade.skel
heroes/kunoichi/fx/kunoichi.sprite.plague_grenade_target.atlas
heroes/kunoichi/fx/kunoichi.sprite.plague_grenade_target.png
heroes/kunoichi/fx/kunoichi.sprite.plague_grenade_target.skel
heroes/kunoichi/fx/kunoichi.sprite.shadow_fade.atlas
heroes/kunoichi/fx/kunoichi.sprite.shadow_fade.png
heroes/kunoichi/fx/kunoichi.sprite.shadow_fade.skel
heroes/kunoichi/icons_equip/eqp_armour_0.png
heroes/kunoichi/icons_equip/eqp_armour_1.png
heroes/kunoichi/icons_equip/eqp_armour_2.png
heroes/kunoichi/icons_equip/eqp_armour_3.png
heroes/kunoichi/icons_equip/eqp_armour_4.png
heroes/kunoichi/icons_equip/eqp_weapon_0.png
heroes/kunoichi/icons_equip/eqp_weapon_1.png
heroes/kunoichi/icons_equip/eqp_weapon_2.png
heroes/kunoichi/icons_equip/eqp_weapon_3.png
heroes/kunoichi/icons_equip/eqp_weapon_4.png
heroes/kunoichi/kunoichi_A/kunoichi_portrait_roster.png
heroes/kunoichi/kunoichi_B/kunoichi_portrait_roster.png
heroes/kunoichi/kunoichi_C/kunoichi_portrait_roster.png
heroes/kunoichi/kunoichi_D/kunoichi_portrait_roster.png
panels/icons_equip/trinket/inv_trinket+kunoichi_blight_dagger.png
panels/icons_equip/trinket/inv_trinket+kunoichi_blight_edged_pendant.png
panels/icons_equip/trinket/inv_trinket+kunoichi_blood_dagger.png
panels/icons_equip/trinket/inv_trinket+kunoichi_collector_chiyome.png
panels/icons_equip/trinket/inv_trinket+kunoichi_collector_hanzo.png
panels/icons_equip/trinket/inv_trinket+kunoichi_com_crystal_dagger.png
panels/icons_equip/trinket/inv_trinket+kunoichi_dark_shadow_cloak.png
panels/icons_equip/trinket/inv_trinket+kunoichi_ninja_scroll.png
panels/icons_equip/trinket/inv_trinket+kunoichi_ninjutsu.png
panels/icons_equip/trinket/inv_trinket+kunoichi_red_shadow_cloak.png
panels/icons_equip/trinket/inv_trinket+kunoichi_red_slayer_ring.png
panels/icons_equip/trinket/inv_trinket+kunoichi_shadow_crystal.png
raid/camping/skill_icons/camp_skill_art_of_death.png
raid/camping/skill_icons/camp_skill_kunoichi_dark_strength.png
raid/camping/skill_icons/camp_skill_uncatchable_kun.png
campaign/provision/kunoichi.provision.json
heroes/kunoichi/kunoichi.ability.five.png
heroes/kunoichi/kunoichi.ability.four.png
heroes/kunoichi/kunoichi.ability.one.png
heroes/kunoichi/kunoichi.ability.seven.png
heroes/kunoichi/kunoichi.ability.six.png
heroes/kunoichi/kunoichi.ability.three.png
heroes/kunoichi/kunoichi.ability.two.png
heroes/kunoichi/kunoichi.art.darkest
heroes/kunoichi/kunoichi.info.darkest
heroes/kunoichi/kunoichi_guild_header.png
raid/camping/kunoichi.camping_skills.json
shared/buffs/kunoichi.buffs.json
upgrades/heroes/kunoichi.upgrades.json
audio/kunoichi.campaign.guid_overrides.json
audio/kunoichi.campaign.load_order.json
effects/kunoichi.effects.darkest
localization/1561254303_english.loc
localization/kunoichi.string_table.xml
trinkets/kunoichi.com.entries.trinkets.json
trinkets/kunoichi.entries.trinkets.json
trinkets/kunoichi.sets.trinkets.json
trinkets/kunoichi_com.entries.trinkets.json
trinkets/kunoichicc.entries.trinkets.json
trinkets/kunoichicc.sets.trinkets.json
modfiles.txt
preview_icon.png
project.xml

Submitting.................................................................................................................................................Submitted.
Saving project file C:\Users\Uporabnik\Downloads\UPLOAD\MOD\project.xml

