
-------------------------------------------------------------------------------
Parsing project file - D:\Steam\steamapps\common\DarkestDungeon\mods\Phantom_Class\project.xml
Mod Data Directory = D:/Steam/steamapps/common/DarkestDungeon/mods/Phantom_Class/

-------------------------------------------------------------------------------
Processing Map Files files...

-------------------------------------------------------------------------------
Running Localization...
Parsing localization/miscellaneous_phantom.string_table.xml
Parsing localization/phantom_brazilian.string_table.xml
Parsing localization/phantom_czech.string_table.xml
Parsing localization/phantom_english.string_table.xml
Parsing localization/phantom_french.string_table.xml
Parsing localization/phantom_german.string_table.xml
Parsing localization/phantom_italian.string_table.xml
Parsing localization/phantom_japanese.string_table.xml
Parsing localization/phantom_korean.string_table.xml
Parsing localization/phantom_polish.string_table.xml
Parsing localization/phantom_russian.string_table.xml
Parsing localization/phantom_schinese.string_table.xml
Parsing localization/phantom_spanish.string_table.xml
Parsing localization/trinkets_phantom.string_table.xml

Building Languages
Exporting .loc files

-------------------------------------------------------------------------------
Searching for preview icon file D:/Steam/steamapps/common/DarkestDungeon/mods/Phantom_Class/preview_icon.png...FOUND!
<UploadMode> - Set to direct_upload


-------------------------------------------------------------------------------
Modded files...

heroes/phantom/phantom_A/anim/phantom.sprite.afflicted.png
heroes/phantom/phantom_A/anim/phantom.sprite.attack_boomerang.png
heroes/phantom/phantom_A/anim/phantom.sprite.attack_dagger.png
heroes/phantom/phantom_A/anim/phantom.sprite.attack_fade.png
heroes/phantom/phantom_A/anim/phantom.sprite.attack_pierce.png
heroes/phantom/phantom_A/anim/phantom.sprite.attack_ranged.png
heroes/phantom/phantom_A/anim/phantom.sprite.attack_shadow_cloak.png
heroes/phantom/phantom_A/anim/phantom.sprite.attack_shady_setup.png
heroes/phantom/phantom_A/anim/phantom.sprite.attack_shout.png
heroes/phantom/phantom_A/anim/phantom.sprite.camp.png
heroes/phantom/phantom_A/anim/phantom.sprite.combat.png
heroes/phantom/phantom_A/anim/phantom.sprite.defend.png
heroes/phantom/phantom_A/anim/phantom.sprite.heroic.png
heroes/phantom/phantom_A/anim/phantom.sprite.idle.png
heroes/phantom/phantom_A/anim/phantom.sprite.investigate.png
heroes/phantom/phantom_A/anim/phantom.sprite.walk.png
heroes/phantom/phantom_B/anim/phantom.sprite.afflicted.png
heroes/phantom/phantom_B/anim/phantom.sprite.attack_boomerang.png
heroes/phantom/phantom_B/anim/phantom.sprite.attack_dagger.png
heroes/phantom/phantom_B/anim/phantom.sprite.attack_fade.png
heroes/phantom/phantom_B/anim/phantom.sprite.attack_pierce.png
heroes/phantom/phantom_B/anim/phantom.sprite.attack_ranged.png
heroes/phantom/phantom_B/anim/phantom.sprite.attack_shadow_cloak.png
heroes/phantom/phantom_B/anim/phantom.sprite.attack_shady_setup.png
heroes/phantom/phantom_B/anim/phantom.sprite.attack_shout.png
heroes/phantom/phantom_B/anim/phantom.sprite.camp.png
heroes/phantom/phantom_B/anim/phantom.sprite.combat.png
heroes/phantom/phantom_B/anim/phantom.sprite.defend.png
heroes/phantom/phantom_B/anim/phantom.sprite.heroic.png
heroes/phantom/phantom_B/anim/phantom.sprite.idle.png
heroes/phantom/phantom_B/anim/phantom.sprite.investigate.png
heroes/phantom/phantom_B/anim/phantom.sprite.walk.png
heroes/phantom/phantom_C/anim/phantom.sprite.afflicted.png
heroes/phantom/phantom_C/anim/phantom.sprite.attack_boomerang.png
heroes/phantom/phantom_C/anim/phantom.sprite.attack_dagger.png
heroes/phantom/phantom_C/anim/phantom.sprite.attack_fade.png
heroes/phantom/phantom_C/anim/phantom.sprite.attack_pierce.png
heroes/phantom/phantom_C/anim/phantom.sprite.attack_ranged.png
heroes/phantom/phantom_C/anim/phantom.sprite.attack_shadow_cloak.png
heroes/phantom/phantom_C/anim/phantom.sprite.attack_shady_setup.png
heroes/phantom/phantom_C/anim/phantom.sprite.attack_shout.png
heroes/phantom/phantom_C/anim/phantom.sprite.camp.png
heroes/phantom/phantom_C/anim/phantom.sprite.combat.png
heroes/phantom/phantom_C/anim/phantom.sprite.defend.png
heroes/phantom/phantom_C/anim/phantom.sprite.heroic.png
heroes/phantom/phantom_C/anim/phantom.sprite.idle.png
heroes/phantom/phantom_C/anim/phantom.sprite.investigate.png
heroes/phantom/phantom_C/anim/phantom.sprite.walk.png
heroes/phantom/phantom_D/anim/phantom.sprite.afflicted.png
heroes/phantom/phantom_D/anim/phantom.sprite.attack_boomerang.png
heroes/phantom/phantom_D/anim/phantom.sprite.attack_dagger.png
heroes/phantom/phantom_D/anim/phantom.sprite.attack_fade.png
heroes/phantom/phantom_D/anim/phantom.sprite.attack_pierce.png
heroes/phantom/phantom_D/anim/phantom.sprite.attack_ranged.png
heroes/phantom/phantom_D/anim/phantom.sprite.attack_shadow_cloak.png
heroes/phantom/phantom_D/anim/phantom.sprite.attack_shady_setup.png
heroes/phantom/phantom_D/anim/phantom.sprite.attack_shout.png
heroes/phantom/phantom_D/anim/phantom.sprite.camp.png
heroes/phantom/phantom_D/anim/phantom.sprite.combat.png
heroes/phantom/phantom_D/anim/phantom.sprite.defend.png
heroes/phantom/phantom_D/anim/phantom.sprite.heroic.png
heroes/phantom/phantom_D/anim/phantom.sprite.idle.png
heroes/phantom/phantom_D/anim/phantom.sprite.investigate.png
heroes/phantom/phantom_D/anim/phantom.sprite.walk.png
heroes/phantom/phantom_E/anim/phantom.sprite.afflicted.png
heroes/phantom/phantom_E/anim/phantom.sprite.attack_boomerang.png
heroes/phantom/phantom_E/anim/phantom.sprite.attack_dagger.png
heroes/phantom/phantom_E/anim/phantom.sprite.attack_fade.png
heroes/phantom/phantom_E/anim/phantom.sprite.attack_pierce.png
heroes/phantom/phantom_E/anim/phantom.sprite.attack_ranged.png
heroes/phantom/phantom_E/anim/phantom.sprite.attack_shadow_cloak.png
heroes/phantom/phantom_E/anim/phantom.sprite.attack_shady_setup.png
heroes/phantom/phantom_E/anim/phantom.sprite.attack_shout.png
heroes/phantom/phantom_E/anim/phantom.sprite.camp.png
heroes/phantom/phantom_E/anim/phantom.sprite.combat.png
heroes/phantom/phantom_E/anim/phantom.sprite.defend.png
heroes/phantom/phantom_E/anim/phantom.sprite.heroic.png
heroes/phantom/phantom_E/anim/phantom.sprite.idle.png
heroes/phantom/phantom_E/anim/phantom.sprite.investigate.png
heroes/phantom/phantom_E/anim/phantom.sprite.walk.png
heroes/phantom/phantom_F/anim/phantom.sprite.afflicted.png
heroes/phantom/phantom_F/anim/phantom.sprite.attack_boomerang.png
heroes/phantom/phantom_F/anim/phantom.sprite.attack_dagger.png
heroes/phantom/phantom_F/anim/phantom.sprite.attack_fade.png
heroes/phantom/phantom_F/anim/phantom.sprite.attack_pierce.png
heroes/phantom/phantom_F/anim/phantom.sprite.attack_ranged.png
heroes/phantom/phantom_F/anim/phantom.sprite.attack_shadow_cloak.png
heroes/phantom/phantom_F/anim/phantom.sprite.attack_shady_setup.png
heroes/phantom/phantom_F/anim/phantom.sprite.attack_shout.png
heroes/phantom/phantom_F/anim/phantom.sprite.camp.png
heroes/phantom/phantom_F/anim/phantom.sprite.combat.png
heroes/phantom/phantom_F/anim/phantom.sprite.defend.png
heroes/phantom/phantom_F/anim/phantom.sprite.heroic.png
heroes/phantom/phantom_F/anim/phantom.sprite.idle.png
heroes/phantom/phantom_F/anim/phantom.sprite.investigate.png
heroes/phantom/phantom_F/anim/phantom.sprite.walk.png
campaign/town/town_event/town_event.image_first_phantom.png
heroes/phantom/anim/phantom.sprite.afflicted.atlas
heroes/phantom/anim/phantom.sprite.afflicted.skel
heroes/phantom/anim/phantom.sprite.attack_boomerang.atlas
heroes/phantom/anim/phantom.sprite.attack_boomerang.skel
heroes/phantom/anim/phantom.sprite.attack_dagger.atlas
heroes/phantom/anim/phantom.sprite.attack_dagger.skel
heroes/phantom/anim/phantom.sprite.attack_fade.atlas
heroes/phantom/anim/phantom.sprite.attack_fade.skel
heroes/phantom/anim/phantom.sprite.attack_pierce.atlas
heroes/phantom/anim/phantom.sprite.attack_pierce.skel
heroes/phantom/anim/phantom.sprite.attack_ranged.atlas
heroes/phantom/anim/phantom.sprite.attack_ranged.skel
heroes/phantom/anim/phantom.sprite.attack_shadow_cloak.atlas
