
-------------------------------------------------------------------------------
Parsing project file - E:\SteamLibrary\steamapps\common\DarkestDungeon\mods\monk\project.xml
Mod Data Directory = E:/SteamLibrary/steamapps/common/DarkestDungeon/mods/monk/

-------------------------------------------------------------------------------
Processing Map Files files...

-------------------------------------------------------------------------------
Running Localization...
Parsing localization/monk.string_table.xml

Building Languages
Exporting .loc files

-------------------------------------------------------------------------------
Searching for preview icon file E:/SteamLibrary/steamapps/common/DarkestDungeon/mods/monk/preview_icon.png...FOUND!
<UploadMode> - Set to direct_upload


-------------------------------------------------------------------------------
Detected 6 unchanged files
The following files are unchanged and will be uploaded...

-------------------------------------------------------------------------------
Modded files...

heroes/monk/monk_A/anim/monk.sprite.afflicted.png
heroes/monk/monk_A/anim/monk.sprite.attack_charge.png
heroes/monk/monk_A/anim/monk.sprite.attack_elbow.png
heroes/monk/monk_A/anim/monk.sprite.attack_fist.png
heroes/monk/monk_A/anim/monk.sprite.attack_high_kick.png
heroes/monk/monk_A/anim/monk.sprite.attack_sweep.png
heroes/monk/monk_A/anim/monk.sprite.camp.png
heroes/monk/monk_A/anim/monk.sprite.cast.png
heroes/monk/monk_A/anim/monk.sprite.combat.png
heroes/monk/monk_A/anim/monk.sprite.courage.png
heroes/monk/monk_A/anim/monk.sprite.defend.png
heroes/monk/monk_A/anim/monk.sprite.heroic.png
heroes/monk/monk_A/anim/monk.sprite.idle.png
heroes/monk/monk_A/anim/monk.sprite.investigate.png
heroes/monk/monk_A/anim/monk.sprite.walk.png
heroes/monk/monk_B/anim/monk.sprite.afflicted.png
heroes/monk/monk_B/anim/monk.sprite.attack_charge.png
heroes/monk/monk_B/anim/monk.sprite.attack_elbow.png
heroes/monk/monk_B/anim/monk.sprite.attack_fist.png
heroes/monk/monk_B/anim/monk.sprite.attack_high_kick.png
heroes/monk/monk_B/anim/monk.sprite.attack_sweep.png
heroes/monk/monk_B/anim/monk.sprite.camp.png
heroes/monk/monk_B/anim/monk.sprite.cast.png
heroes/monk/monk_B/anim/monk.sprite.combat.png
heroes/monk/monk_B/anim/monk.sprite.courage.png
heroes/monk/monk_B/anim/monk.sprite.defend.png
heroes/monk/monk_B/anim/monk.sprite.heroic.png
heroes/monk/monk_B/anim/monk.sprite.idle.png
heroes/monk/monk_B/anim/monk.sprite.investigate.png
heroes/monk/monk_B/anim/monk.sprite.walk.png
heroes/monk/monk_C/anim/monk.sprite.afflicted.png
heroes/monk/monk_C/anim/monk.sprite.attack_charge.png
heroes/monk/monk_C/anim/monk.sprite.attack_elbow.png
heroes/monk/monk_C/anim/monk.sprite.attack_fist.png
heroes/monk/monk_C/anim/monk.sprite.attack_high_kick.png
heroes/monk/monk_C/anim/monk.sprite.attack_sweep.png
heroes/monk/monk_C/anim/monk.sprite.camp.png
heroes/monk/monk_C/anim/monk.sprite.cast.png
heroes/monk/monk_C/anim/monk.sprite.combat.png
heroes/monk/monk_C/anim/monk.sprite.courage.png
heroes/monk/monk_C/anim/monk.sprite.defend.png
heroes/monk/monk_C/anim/monk.sprite.heroic.png
heroes/monk/monk_C/anim/monk.sprite.idle.png
heroes/monk/monk_C/anim/monk.sprite.investigate.png
heroes/monk/monk_C/anim/monk.sprite.walk.png
campaign/town/town_event/town_event.image_bonus_recruit_monk.png
campaign/town/town_event/town_event.image_first_monk.png
heroes/monk/anim/monk.sprite.afflicted.atlas
heroes/monk/anim/monk.sprite.afflicted.skel
heroes/monk/anim/monk.sprite.attack_charge.atlas
heroes/monk/anim/monk.sprite.attack_charge.skel
heroes/monk/anim/monk.sprite.attack_elbow.atlas
heroes/monk/anim/monk.sprite.attack_elbow.skel
heroes/monk/anim/monk.sprite.attack_fist.atlas
heroes/monk/anim/monk.sprite.attack_fist.skel
heroes/monk/anim/monk.sprite.attack_high_kick.atlas
heroes/monk/anim/monk.sprite.attack_high_kick.skel
heroes/monk/anim/monk.sprite.attack_sweep.atlas
heroes/monk/anim/monk.sprite.attack_sweep.skel
heroes/monk/anim/monk.sprite.camp.atlas
heroes/monk/anim/monk.sprite.camp.skel
heroes/monk/anim/monk.sprite.cast.atlas
heroes/monk/anim/monk.sprite.cast.skel
heroes/monk/anim/monk.sprite.combat.atlas
heroes/monk/anim/monk.sprite.combat.skel
heroes/monk/anim/monk.sprite.courage.atlas
heroes/monk/anim/monk.sprite.courage.skel
heroes/monk/anim/monk.sprite.defend.atlas
heroes/monk/anim/monk.sprite.defend.skel
heroes/monk/anim/monk.sprite.heroic.atlas
heroes/monk/anim/monk.sprite.heroic.skel
heroes/monk/anim/monk.sprite.idle.atlas
heroes/monk/anim/monk.sprite.idle.skel
heroes/monk/anim/monk.sprite.investigate.atlas
heroes/monk/anim/monk.sprite.investigate.skel
heroes/monk/anim/monk.sprite.walk.atlas
heroes/monk/anim/monk.sprite.walk.skel
heroes/monk/fx/monk.sprite.dragon_tail.atlas
heroes/monk/fx/monk.sprite.dragon_tail.png
heroes/monk/fx/monk.sprite.dragon_tail.skel
heroes/monk/fx/monk.sprite.howling_fist.atlas
heroes/monk/fx/monk.sprite.howling_fist.png
heroes/monk/fx/monk.sprite.howling_fist.skel
heroes/monk/fx/monk.sprite.inner_fire.atlas
heroes/monk/fx/monk.sprite.inner_fire.png
heroes/monk/fx/monk.sprite.inner_fire.skel
heroes/monk/fx/monk.sprite.iron_mountain.atlas
heroes/monk/fx/monk.sprite.iron_mountain.png
heroes/monk/fx/monk.sprite.iron_mountain.skel
heroes/monk/fx/monk.sprite.mantram.atlas
heroes/monk/fx/monk.sprite.mantram.png
heroes/monk/fx/monk.sprite.mantram.skel
heroes/monk/fx/monk.sprite.mantram_target.atlas
heroes/monk/fx/monk.sprite.mantram_target.png
heroes/monk/fx/monk.sprite.mantram_target.skel
heroes/monk/fx/monk.sprite.riposte.atlas
heroes/monk/fx/monk.sprite.riposte.png
heroes/monk/fx/monk.sprite.riposte.skel
heroes/monk/fx/monk.sprite.sacrifice.atlas
heroes/monk/fx/monk.sprite.sacrifice.png
heroes/monk/fx/monk.sprite.sacrifice.skel
heroes/monk/fx/monk.sprite.sacrifice_target.atlas
heroes/monk/fx/monk.sprite.sacrifice_target.png
heroes/monk/fx/monk.sprite.sacrifice_target.skel
heroes/monk/fx/monk.sprite.sweep_kick.atlas
heroes/monk/fx/monk.sprite.sweep_kick.png
heroes/monk/fx/monk.sprite.sweep_kick.skel
heroes/monk/icons_equip/eqp_armour_0.png
heroes/monk/icons_equip/eqp_armour_1.png
heroes/monk/icons_equip/eqp_armour_2.png
heroes/monk/icons_equip/eqp_armour_3.png
heroes/monk/icons_equip/eqp_armour_4.png
heroes/monk/icons_equip/eqp_weapon_0.png
heroes/monk/icons_equip/eqp_weapon_1.png
heroes/monk/icons_equip/eqp_weapon_2.png
heroes/monk/icons_equip/eqp_weapon_3.png
heroes/monk/icons_equip/eqp_weapon_4.png
heroes/monk/monk_A/monk_portrait_roster.png
heroes/monk/monk_B/monk_portrait_roster.png
heroes/monk/monk_C/monk_portrait_roster.png
panels/icons_equip/trinket/inv_trinket+monk_cc1.png
panels/icons_equip/trinket/inv_trinket+monk_cc2.png
panels/icons_equip/trinket/inv_trinket+monk_com.png
panels/icons_equip/trinket/inv_trinket+monk_common.png
panels/icons_equip/trinket/inv_trinket+monk_rare.png
panels/icons_equip/trinket/inv_trinket+monk_uncommon1.png
panels/icons_equip/trinket/inv_trinket+monk_uncommon2.png
panels/icons_equip/trinket/inv_trinket+monk_very_rare.png
raid/camping/skill_icons/camp_skill_acupressure.png
raid/camping/skill_icons/camp_skill_cleanse_incense.png
raid/camping/skill_icons/camp_skill_conviction_mantra.png
raid/camping/skill_icons/camp_skill_tranquility.png
audio/secondary_banks/hero_monk.bank
campaign/roster/monk.roster.additional_variables.json
campaign/town_events/monk.town_events.events.json
heroes/monk/monk.ability.five.png
heroes/monk/monk.ability.four.png
heroes/monk/monk.ability.one.png
heroes/monk/monk.ability.seven.png
heroes/monk/monk.ability.six.png
heroes/monk/monk.ability.three.png
heroes/monk/monk.ability.two.png
heroes/monk/monk.art.darkest
heroes/monk/monk.info.darkest
heroes/monk/monk_guild_header.png
raid/camping/monk.camping_skills.json
shared/buffs/monk.buffs.json
shared/trait/monk.trait_library.json
upgrades/heroes/monk.upgrades.json
audio/monk.campaign.guid_overrides.json
audio/monk.campaign.load_order.json
effects/monk.effects.darkest
localization/1442225067_brazilian.loc
localization/1442225067_czech.loc
localization/1442225067_english.loc
localization/1442225067_french.loc
localization/1442225067_german.loc
localization/1442225067_italian.loc
localization/1442225067_koreana.loc
