
-------------------------------------------------------------------------------
Parsing project file - C:\Users\rabus\OneDrive\Desktop\DD Mod Stuff\The Keeper\Keeper Final\keeperupload.xml
Mod Data Directory = C:/Users/rabus/OneDrive/Desktop/DD Mod Stuff/The Keeper/Keeper Final/

-------------------------------------------------------------------------------
Processing Map Files files...

-------------------------------------------------------------------------------
Running Localization...
Parsing localization/keeper.brazilian.string_table.xml
Parsing localization/keeper.czech.string_table.xml
Parsing localization/keeper.english.string_table.xml
Parsing localization/keeper.french.string_table.xml
Parsing localization/keeper.german.string_table.xml
Parsing localization/keeper.italian.string_table.xml
Parsing localization/keeper.japanese.string_table.xml
Parsing localization/keeper.koreana.string_table.xml
Parsing localization/keeper.koreanb.string_table.xml
Parsing localization/keeper.polish.string_table.xml
Parsing localization/keeper.russian.string_table.xml
Parsing localization/keeper.schinese.string_table.xml
Parsing localization/keeper.spanish.string_table.xml
Parsing localization/keeper.tchinese.string_table.xml

Building Languages
Exporting .loc files

-------------------------------------------------------------------------------
Searching for preview icon file C:/Users/rabus/OneDrive/Desktop/DD Mod Stuff/The Keeper/Keeper Final/preview_icon.png...FOUND!
<UploadMode> - Set to direct_upload


-------------------------------------------------------------------------------
Modded files...

heroes/keeper/keeper_A/anim/keeper.sprite.afflicted.png
heroes/keeper/keeper_A/anim/keeper.sprite.attack_heal.png
heroes/keeper/keeper_A/anim/keeper.sprite.attack_lectionary.png
heroes/keeper/keeper_A/anim/keeper.sprite.attack_mace.png
heroes/keeper/keeper_A/anim/keeper.sprite.attack_miracle.png
heroes/keeper/keeper_A/anim/keeper.sprite.camp.png
heroes/keeper/keeper_A/anim/keeper.sprite.combat.png
heroes/keeper/keeper_A/anim/keeper.sprite.defend.png
heroes/keeper/keeper_A/anim/keeper.sprite.heroic.png
heroes/keeper/keeper_A/anim/keeper.sprite.idle.png
heroes/keeper/keeper_A/anim/keeper.sprite.investigate.png
heroes/keeper/keeper_A/anim/keeper.sprite.walk.png
heroes/keeper/keeper_B/anim/keeper.sprite.afflicted.png
heroes/keeper/keeper_B/anim/keeper.sprite.attack_heal.png
heroes/keeper/keeper_B/anim/keeper.sprite.attack_lectionary.png
heroes/keeper/keeper_B/anim/keeper.sprite.attack_mace.png
heroes/keeper/keeper_B/anim/keeper.sprite.attack_miracle.png
heroes/keeper/keeper_B/anim/keeper.sprite.camp.png
heroes/keeper/keeper_B/anim/keeper.sprite.combat.png
heroes/keeper/keeper_B/anim/keeper.sprite.defend.png
heroes/keeper/keeper_B/anim/keeper.sprite.heroic.png
heroes/keeper/keeper_B/anim/keeper.sprite.idle.png
heroes/keeper/keeper_B/anim/keeper.sprite.investigate.png
heroes/keeper/keeper_B/anim/keeper.sprite.walk.png
heroes/keeper/keeper_C/anim/keeper.sprite.afflicted.png
heroes/keeper/keeper_C/anim/keeper.sprite.attack_heal.png
heroes/keeper/keeper_C/anim/keeper.sprite.attack_lectionary.png
heroes/keeper/keeper_C/anim/keeper.sprite.attack_mace.png
heroes/keeper/keeper_C/anim/keeper.sprite.attack_miracle.png
heroes/keeper/keeper_C/anim/keeper.sprite.camp.png
heroes/keeper/keeper_C/anim/keeper.sprite.combat.png
heroes/keeper/keeper_C/anim/keeper.sprite.defend.png
heroes/keeper/keeper_C/anim/keeper.sprite.heroic.png
heroes/keeper/keeper_C/anim/keeper.sprite.idle.png
heroes/keeper/keeper_C/anim/keeper.sprite.investigate.png
heroes/keeper/keeper_C/anim/keeper.sprite.walk.png
heroes/keeper/keeper_D/anim/keeper.sprite.afflicted.png
heroes/keeper/keeper_D/anim/keeper.sprite.attack_heal.png
heroes/keeper/keeper_D/anim/keeper.sprite.attack_lectionary.png
heroes/keeper/keeper_D/anim/keeper.sprite.attack_mace.png
heroes/keeper/keeper_D/anim/keeper.sprite.attack_miracle.png
heroes/keeper/keeper_D/anim/keeper.sprite.camp.png
heroes/keeper/keeper_D/anim/keeper.sprite.combat.png
heroes/keeper/keeper_D/anim/keeper.sprite.defend.png
heroes/keeper/keeper_D/anim/keeper.sprite.heroic.png
heroes/keeper/keeper_D/anim/keeper.sprite.idle.png
heroes/keeper/keeper_D/anim/keeper.sprite.investigate.png
heroes/keeper/keeper_D/anim/keeper.sprite.walk.png
campaign/town/town_event/town_event.image_first_keeper.png
heroes/keeper/anim/keeper.sprite.afflicted.atlas
heroes/keeper/anim/keeper.sprite.afflicted.skel
heroes/keeper/anim/keeper.sprite.attack_heal.atlas
heroes/keeper/anim/keeper.sprite.attack_heal.skel
heroes/keeper/anim/keeper.sprite.attack_lectionary.atlas
heroes/keeper/anim/keeper.sprite.attack_lectionary.skel
heroes/keeper/anim/keeper.sprite.attack_mace.atlas
heroes/keeper/anim/keeper.sprite.attack_mace.skel
heroes/keeper/anim/keeper.sprite.attack_miracle.atlas
heroes/keeper/anim/keeper.sprite.attack_miracle.skel
heroes/keeper/anim/keeper.sprite.camp.atlas
heroes/keeper/anim/keeper.sprite.camp.skel
heroes/keeper/anim/keeper.sprite.combat.atlas
heroes/keeper/anim/keeper.sprite.combat.skel
heroes/keeper/anim/keeper.sprite.defend.atlas
heroes/keeper/anim/keeper.sprite.defend.skel
heroes/keeper/anim/keeper.sprite.heroic.atlas
heroes/keeper/anim/keeper.sprite.heroic.skel
heroes/keeper/anim/keeper.sprite.idle.atlas
heroes/keeper/anim/keeper.sprite.idle.skel
heroes/keeper/anim/keeper.sprite.investigate.atlas
heroes/keeper/anim/keeper.sprite.investigate.skel
heroes/keeper/anim/keeper.sprite.walk.atlas
heroes/keeper/anim/keeper.sprite.walk.skel
heroes/keeper/fx/keeper.sprite.atonfx.atlas
heroes/keeper/fx/keeper.sprite.atonfx.png
heroes/keeper/fx/keeper.sprite.atonfx.skel
heroes/keeper/fx/keeper.sprite.battlefield_bandage_target.atlas
heroes/keeper/fx/keeper.sprite.battlefield_bandage_target.png
heroes/keeper/fx/keeper.sprite.battlefield_bandage_target.skel
heroes/keeper/fx/keeper.sprite.cacofx.atlas
heroes/keeper/fx/keeper.sprite.cacofx.png
heroes/keeper/fx/keeper.sprite.cacofx.skel
heroes/keeper/fx/keeper.sprite.convalescence_fx.atlas
heroes/keeper/fx/keeper.sprite.convalescence_fx.png
heroes/keeper/fx/keeper.sprite.convalescence_fx.skel
heroes/keeper/fx/keeper.sprite.daemonfx.atlas
heroes/keeper/fx/keeper.sprite.daemonfx.png
heroes/keeper/fx/keeper.sprite.daemonfx.skel
heroes/keeper/fx/keeper.sprite.daemontargfx.atlas
heroes/keeper/fx/keeper.sprite.daemontargfx.png
heroes/keeper/fx/keeper.sprite.daemontargfx.skel
heroes/keeper/fx/keeper.sprite.mace_bash.atlas
heroes/keeper/fx/keeper.sprite.mace_bash.png
heroes/keeper/fx/keeper.sprite.mace_bash.skel
heroes/keeper/fx/keeper.sprite.phantom_targetfx.atlas
heroes/keeper/fx/keeper.sprite.phantom_targetfx.png
heroes/keeper/fx/keeper.sprite.phantom_targetfx.skel
heroes/keeper/fx/keeper.sprite.phantomfx.atlas
heroes/keeper/fx/keeper.sprite.phantomfx.png
heroes/keeper/fx/keeper.sprite.phantomfx.skel
heroes/keeper/fx/keeper.sprite.redeem_target.atlas
heroes/keeper/fx/keeper.sprite.redeem_target.png
heroes/keeper/fx/keeper.sprite.redeem_target.skel
heroes/keeper/fx/keeper.sprite.riposte_targetfx.atlas
heroes/keeper/fx/keeper.sprite.riposte_targetfx.png
heroes/keeper/fx/keeper.sprite.riposte_targetfx.skel
heroes/keeper/fx/keeper.sprite.ripostefx.atlas
heroes/keeper/fx/keeper.sprite.ripostefx.png
heroes/keeper/fx/keeper.sprite.ripostefx.skel
heroes/keeper/fx/keeper.sprite.sacrfx.atlas
heroes/keeper/fx/keeper.sprite.sacrfx.png
heroes/keeper/fx/keeper.sprite.sacrfx.skel
heroes/keeper/icons_equip/eqp_armour_0.png
heroes/keeper/icons_equip/eqp_armour_1.png
heroes/keeper/icons_equip/eqp_armour_2.png
heroes/keeper/icons_equip/eqp_armour_3.png
heroes/keeper/icons_equip/eqp_armour_4.png
heroes/keeper/icons_equip/eqp_weapon_0.png
heroes/keeper/icons_equip/eqp_weapon_1.png
heroes/keeper/icons_equip/eqp_weapon_2.png
heroes/keeper/icons_equip/eqp_weapon_3.png
heroes/keeper/icons_equip/eqp_weapon_4.png
heroes/keeper/keeper_A/keeper_portrait_roster.png
heroes/keeper/keeper_B/keeper_portrait_roster.png
heroes/keeper/keeper_C/keeper_portrait_roster.png
heroes/keeper/keeper_D/keeper_portrait_roster.png
panels/icons_equip/trinket/inv_trinket+k_brooch.png
panels/icons_equip/trinket/inv_trinket+k_cc_ring.png
panels/icons_equip/trinket/inv_trinket+k_cc_veil.png
