
-------------------------------------------------------------------------------
Parsing project file - D:\Darkest Dungeon Mods\Duchess Release Version\project.xml
Mod Data Directory = D:/Darkest Dungeon Mods/Duchess Release Version/

-------------------------------------------------------------------------------
Processing Map Files files...

-------------------------------------------------------------------------------
Running Localization...
Parsing localization/duchess.string_table.xml

Building Languages
Exporting .loc files

-------------------------------------------------------------------------------
Searching for preview icon file D:/Darkest Dungeon Mods/Duchess Release Version/preview_icon.png...FOUND!
<UploadMode> - Set to direct_upload


-------------------------------------------------------------------------------
Modded files...

heroes/duchess/duchess_A/anim/duchess.sprite.afflicted.png
heroes/duchess/duchess_A/anim/duchess.sprite.attack_castigate.png
heroes/duchess/duchess_A/anim/duchess.sprite.attack_gnaw.png
heroes/duchess/duchess_A/anim/duchess.sprite.attack_iron_maiden.png
heroes/duchess/duchess_A/anim/duchess.sprite.attack_monstrous_affliction.png
heroes/duchess/duchess_A/anim/duchess.sprite.attack_monstrous_bite.png
heroes/duchess/duchess_A/anim/duchess.sprite.attack_noble_obligation.png
heroes/duchess/duchess_A/anim/duchess.sprite.attack_riposte.png
heroes/duchess/duchess_A/anim/duchess.sprite.attack_siphon_strike.png
heroes/duchess/duchess_A/anim/duchess.sprite.attack_thirst_for_power.png
heroes/duchess/duchess_A/anim/duchess.sprite.camp.png
heroes/duchess/duchess_A/anim/duchess.sprite.combat.png
heroes/duchess/duchess_A/anim/duchess.sprite.defend.png
heroes/duchess/duchess_A/anim/duchess.sprite.heroic.png
heroes/duchess/duchess_A/anim/duchess.sprite.idle.png
heroes/duchess/duchess_A/anim/duchess.sprite.investigate.png
heroes/duchess/duchess_A/anim/duchess.sprite.walk.png
campaign/town/town_event/town_event.image_duchess_unlock.png
campaign/town/town_event/town_event.image_first_duchess.png
campaign/town/town_event/town_event.image_idle_resolve_level_duchess.png
heroes/duchess/anim/duchess.sprite.afflicted.atlas
heroes/duchess/anim/duchess.sprite.afflicted.skel
heroes/duchess/anim/duchess.sprite.attack_castigate.atlas
heroes/duchess/anim/duchess.sprite.attack_castigate.skel
heroes/duchess/anim/duchess.sprite.attack_gnaw.atlas
heroes/duchess/anim/duchess.sprite.attack_gnaw.skel
heroes/duchess/anim/duchess.sprite.attack_iron_maiden.atlas
heroes/duchess/anim/duchess.sprite.attack_iron_maiden.skel
heroes/duchess/anim/duchess.sprite.attack_monstrous_affliction.atlas
heroes/duchess/anim/duchess.sprite.attack_monstrous_affliction.skel
heroes/duchess/anim/duchess.sprite.attack_monstrous_bite.atlas
heroes/duchess/anim/duchess.sprite.attack_monstrous_bite.skel
heroes/duchess/anim/duchess.sprite.attack_noble_obligation.atlas
heroes/duchess/anim/duchess.sprite.attack_noble_obligation.skel
heroes/duchess/anim/duchess.sprite.attack_riposte.atlas
heroes/duchess/anim/duchess.sprite.attack_riposte.skel
heroes/duchess/anim/duchess.sprite.attack_siphon_strike.atlas
heroes/duchess/anim/duchess.sprite.attack_siphon_strike.skel
heroes/duchess/anim/duchess.sprite.attack_thirst_for_power.atlas
heroes/duchess/anim/duchess.sprite.attack_thirst_for_power.skel
heroes/duchess/anim/duchess.sprite.camp.atlas
heroes/duchess/anim/duchess.sprite.camp.skel
heroes/duchess/anim/duchess.sprite.combat.atlas
heroes/duchess/anim/duchess.sprite.combat.skel
heroes/duchess/anim/duchess.sprite.defend.atlas
heroes/duchess/anim/duchess.sprite.defend.skel
heroes/duchess/anim/duchess.sprite.heroic.atlas
heroes/duchess/anim/duchess.sprite.heroic.skel
heroes/duchess/anim/duchess.sprite.idle.atlas
heroes/duchess/anim/duchess.sprite.idle.skel
heroes/duchess/anim/duchess.sprite.investigate.atlas
heroes/duchess/anim/duchess.sprite.investigate.skel
heroes/duchess/anim/duchess.sprite.walk.atlas
heroes/duchess/anim/duchess.sprite.walk.skel
heroes/duchess/duchess_A/duchess_portrait_roster.png
heroes/duchess/fx/duchess.sprite.attack_monstrous_bite_fx.atlas
heroes/duchess/fx/duchess.sprite.attack_monstrous_bite_fx.png
heroes/duchess/fx/duchess.sprite.attack_monstrous_bite_fx.skel
heroes/duchess/fx/duchess.sprite.castigate_fx.atlas
heroes/duchess/fx/duchess.sprite.castigate_fx.png
heroes/duchess/fx/duchess.sprite.castigate_fx.skel
heroes/duchess/fx/duchess.sprite.castigate_target.atlas
heroes/duchess/fx/duchess.sprite.castigate_target.png
heroes/duchess/fx/duchess.sprite.castigate_target.skel
heroes/duchess/fx/duchess.sprite.gnaw_target.atlas
heroes/duchess/fx/duchess.sprite.gnaw_target.png
heroes/duchess/fx/duchess.sprite.gnaw_target.skel
heroes/duchess/fx/duchess.sprite.iron_maiden_fx.atlas
heroes/duchess/fx/duchess.sprite.iron_maiden_fx.png
heroes/duchess/fx/duchess.sprite.iron_maiden_fx.skel
heroes/duchess/fx/duchess.sprite.noble_obligation_fx.atlas
heroes/duchess/fx/duchess.sprite.noble_obligation_fx.png
heroes/duchess/fx/duchess.sprite.noble_obligation_fx.skel
heroes/duchess/fx/duchess.sprite.riposte_fx.atlas
heroes/duchess/fx/duchess.sprite.riposte_fx.png
heroes/duchess/fx/duchess.sprite.riposte_fx.skel
heroes/duchess/fx/duchess.sprite.siphon_strike_fx.atlas
heroes/duchess/fx/duchess.sprite.siphon_strike_fx.png
heroes/duchess/fx/duchess.sprite.siphon_strike_fx.skel
heroes/duchess/fx/duchess.sprite.thirst_for_power_fx.atlas
heroes/duchess/fx/duchess.sprite.thirst_for_power_fx.png
heroes/duchess/fx/duchess.sprite.thirst_for_power_fx.skel
heroes/duchess/icons_equip/eqp_armour_0.png
heroes/duchess/icons_equip/eqp_armour_1.png
heroes/duchess/icons_equip/eqp_armour_2.png
heroes/duchess/icons_equip/eqp_armour_3.png
heroes/duchess/icons_equip/eqp_armour_4.png
heroes/duchess/icons_equip/eqp_weapon_0.png
heroes/duchess/icons_equip/eqp_weapon_1.png
heroes/duchess/icons_equip/eqp_weapon_2.png
heroes/duchess/icons_equip/eqp_weapon_3.png
heroes/duchess/icons_equip/eqp_weapon_4.png
panels/icons_equip/trinket/inv_trinket+duchess_basket_of_heads.png
panels/icons_equip/trinket/inv_trinket+duchess_bent_blade.png
panels/icons_equip/trinket/inv_trinket+duchess_cracked_fencing_helm.png
panels/icons_equip/trinket/inv_trinket+duchess_deed_to_the_court.png
panels/icons_equip/trinket/inv_trinket+duchess_letter_of_contrition.png
panels/icons_equip/trinket/inv_trinket+duchess_tainted_vintage.png
panels/icons_equip/trinket/inv_trinket+duchess_what_was_lost.png
panels/icons_equip/trinket/rarity_crimson_court.png
raid/camping/skill_icons/camp_skill_bloodletting.png
raid/camping/skill_icons/camp_skill_calling_card.png
raid/camping/skill_icons/camp_skill_self_care.png
raid/camping/skill_icons/camp_skill_the_fast.png
audio/secondary_banks/hero_duchess.bank
campaign/town_events/duchess.town_events.events.json
heroes/duchess/duchess.ability.five.png
heroes/duchess/duchess.ability.four.png
heroes/duchess/duchess.ability.one.png
heroes/duchess/duchess.ability.seven.png
heroes/duchess/duchess.ability.six.png
heroes/duchess/duchess.ability.three.png
heroes/duchess/duchess.ability.two.png
heroes/duchess/duchess.art.darkest
heroes/duchess/duchess.info.darkest
heroes/duchess/duchess_guild_header.png
raid/camping/duchess.camping_skills.json
shared/buffs/duchess.buffs.json
shared/buffs/duchess_com.buffs.json
shared/buffs/duchess_trinkets.buffs.json
shared/trait/duchess.trait_library.json
shared/tutorial_popup/tutorial_popup.health_damage_block.png
upgrades/heroes/duchess.upgrades.json
audio/duchess.heroes.guid_overrides.json
audio/duchess.heroes.load_order.json
effects/duchess.effects.darkest
localization/1744414212_brazilian.loc
localization/1744414212_czech.loc
localization/1744414212_english.loc
localization/1744414212_french.loc
localization/1744414212_german.loc
localization/1744414212_italian.loc
localization/1744414212_japanese.loc
localization/1744414212_koreana.loc
localization/1744414212_koreanb.loc
localization/1744414212_polish.loc
localization/1744414212_russian.loc
localization/1744414212_schinese.loc
localization/1744414212_spanish.loc
localization/duchess.string_table.xml
loot/duchess.loot.json
trinkets/duchesscc.entries.trinkets.json
trinkets/duchesscc.sets.trinkets.json
