
-------------------------------------------------------------------------------
Parsing project file - D:\Steam\steamapps\common\DarkestDungeon\mods\Werewolf_Class\project.xml
Mod Data Directory = D:/Steam/steamapps/common/DarkestDungeon/mods/Werewolf_Class/

-------------------------------------------------------------------------------
Processing Map Files files...

-------------------------------------------------------------------------------
Running Localization...
Parsing localization/miscellaneous_werewolf.string_table.xml
Parsing localization/trinkets_werewolf.string_table.xml
Parsing localization/werewolf_brazilian.string_table.xml
Parsing localization/werewolf_czech.string_table.xml
Parsing localization/werewolf_english.string_table.xml
Parsing localization/werewolf_french.string_table.xml
Parsing localization/werewolf_german.string_table.xml
Parsing localization/werewolf_italian.string_table.xml
Parsing localization/werewolf_japanese.string_table.xml
Parsing localization/werewolf_koreana.string_table.xml
Parsing localization/werewolf_koreanb.string_table.xml
Parsing localization/werewolf_polish.string_table.xml
Parsing localization/werewolf_russian.string_table.xml
Parsing localization/werewolf_schinese.string_table.xml
Parsing localization/werewolf_spanish.string_table.xml

Building Languages
Exporting .loc files

-------------------------------------------------------------------------------
Searching for preview icon file D:/Steam/steamapps/common/DarkestDungeon/mods/Werewolf_Class/preview_icon.png...FOUND!
<UploadMode> - Set to direct_upload


-------------------------------------------------------------------------------
Modded files...

heroes/werewolf/werewolf_A/anim/werewolf.sprite.afflicted.png
heroes/werewolf/werewolf_A/anim/werewolf.sprite.attack.png
heroes/werewolf/werewolf_A/anim/werewolf.sprite.attack_barf.png
heroes/werewolf/werewolf_A/anim/werewolf.sprite.attack_bomb.png
heroes/werewolf/werewolf_A/anim/werewolf.sprite.attack_feed.png
heroes/werewolf/werewolf_A/anim/werewolf.sprite.attack_horns.png
heroes/werewolf/werewolf_A/anim/werewolf.sprite.attack_shout.png
heroes/werewolf/werewolf_A/anim/werewolf.sprite.attack_taunts.png
heroes/werewolf/werewolf_A/anim/werewolf.sprite.attack_transform.png
heroes/werewolf/werewolf_A/anim/werewolf.sprite.camp.png
heroes/werewolf/werewolf_A/anim/werewolf.sprite.combat.png
heroes/werewolf/werewolf_A/anim/werewolf.sprite.defend.png
heroes/werewolf/werewolf_A/anim/werewolf.sprite.heroic.png
heroes/werewolf/werewolf_A/anim/werewolf.sprite.idle.png
heroes/werewolf/werewolf_A/anim/werewolf.sprite.investigate.png
heroes/werewolf/werewolf_A/anim/werewolf.sprite.walk.png
heroes/werewolf/werewolf_B/anim/werewolf.sprite.afflicted.png
heroes/werewolf/werewolf_B/anim/werewolf.sprite.attack.png
heroes/werewolf/werewolf_B/anim/werewolf.sprite.attack_barf.png
heroes/werewolf/werewolf_B/anim/werewolf.sprite.attack_bomb.png
heroes/werewolf/werewolf_B/anim/werewolf.sprite.attack_feed.png
heroes/werewolf/werewolf_B/anim/werewolf.sprite.attack_horns.png
heroes/werewolf/werewolf_B/anim/werewolf.sprite.attack_shout.png
heroes/werewolf/werewolf_B/anim/werewolf.sprite.attack_taunts.png
heroes/werewolf/werewolf_B/anim/werewolf.sprite.attack_transform.png
heroes/werewolf/werewolf_B/anim/werewolf.sprite.camp.png
heroes/werewolf/werewolf_B/anim/werewolf.sprite.combat.png
heroes/werewolf/werewolf_B/anim/werewolf.sprite.defend.png
heroes/werewolf/werewolf_B/anim/werewolf.sprite.heroic.png
heroes/werewolf/werewolf_B/anim/werewolf.sprite.idle.png
heroes/werewolf/werewolf_B/anim/werewolf.sprite.investigate.png
heroes/werewolf/werewolf_B/anim/werewolf.sprite.walk.png
heroes/werewolf/werewolf_C/anim/werewolf.sprite.afflicted.png
heroes/werewolf/werewolf_C/anim/werewolf.sprite.attack.png
heroes/werewolf/werewolf_C/anim/werewolf.sprite.attack_barf.png
heroes/werewolf/werewolf_C/anim/werewolf.sprite.attack_bomb.png
heroes/werewolf/werewolf_C/anim/werewolf.sprite.attack_feed.png
heroes/werewolf/werewolf_C/anim/werewolf.sprite.attack_horns.png
heroes/werewolf/werewolf_C/anim/werewolf.sprite.attack_shout.png
heroes/werewolf/werewolf_C/anim/werewolf.sprite.attack_taunts.png
heroes/werewolf/werewolf_C/anim/werewolf.sprite.attack_transform.png
heroes/werewolf/werewolf_C/anim/werewolf.sprite.camp.png
heroes/werewolf/werewolf_C/anim/werewolf.sprite.combat.png
heroes/werewolf/werewolf_C/anim/werewolf.sprite.defend.png
heroes/werewolf/werewolf_C/anim/werewolf.sprite.heroic.png
heroes/werewolf/werewolf_C/anim/werewolf.sprite.idle.png
heroes/werewolf/werewolf_C/anim/werewolf.sprite.investigate.png
heroes/werewolf/werewolf_C/anim/werewolf.sprite.walk.png
heroes/werewolf/werewolf_D/anim/werewolf.sprite.afflicted.png
heroes/werewolf/werewolf_D/anim/werewolf.sprite.attack.png
heroes/werewolf/werewolf_D/anim/werewolf.sprite.attack_barf.png
heroes/werewolf/werewolf_D/anim/werewolf.sprite.attack_bomb.png
heroes/werewolf/werewolf_D/anim/werewolf.sprite.attack_feed.png
heroes/werewolf/werewolf_D/anim/werewolf.sprite.attack_horns.png
heroes/werewolf/werewolf_D/anim/werewolf.sprite.attack_shout.png
heroes/werewolf/werewolf_D/anim/werewolf.sprite.attack_taunts.png
heroes/werewolf/werewolf_D/anim/werewolf.sprite.attack_transform.png
heroes/werewolf/werewolf_D/anim/werewolf.sprite.camp.png
heroes/werewolf/werewolf_D/anim/werewolf.sprite.combat.png
heroes/werewolf/werewolf_D/anim/werewolf.sprite.defend.png
heroes/werewolf/werewolf_D/anim/werewolf.sprite.heroic.png
heroes/werewolf/werewolf_D/anim/werewolf.sprite.idle.png
heroes/werewolf/werewolf_D/anim/werewolf.sprite.investigate.png
heroes/werewolf/werewolf_D/anim/werewolf.sprite.walk.png
campaign/town/town_event/town_event.image_first_werewolf.png
heroes/werewolf/anim/werewolf.sprite.afflicted.atlas
heroes/werewolf/anim/werewolf.sprite.afflicted.skel
heroes/werewolf/anim/werewolf.sprite.attack.atlas
heroes/werewolf/anim/werewolf.sprite.attack.skel
heroes/werewolf/anim/werewolf.sprite.attack_barf.atlas
heroes/werewolf/anim/werewolf.sprite.attack_barf.skel
heroes/werewolf/anim/werewolf.sprite.attack_bomb.atlas
heroes/werewolf/anim/werewolf.sprite.attack_bomb.skel
heroes/werewolf/anim/werewolf.sprite.attack_feed.atlas
heroes/werewolf/anim/werewolf.sprite.attack_feed.skel
heroes/werewolf/anim/werewolf.sprite.attack_horns.atlas
heroes/werewolf/anim/werewolf.sprite.attack_horns.skel
heroes/werewolf/anim/werewolf.sprite.attack_shout.atlas
heroes/werewolf/anim/werewolf.sprite.attack_shout.skel
heroes/werewolf/anim/werewolf.sprite.attack_taunts.atlas
heroes/werewolf/anim/werewolf.sprite.attack_taunts.skel
heroes/werewolf/anim/werewolf.sprite.attack_transform.atlas
heroes/werewolf/anim/werewolf.sprite.attack_transform.skel
heroes/werewolf/anim/werewolf.sprite.camp.atlas
heroes/werewolf/anim/werewolf.sprite.camp.skel
heroes/werewolf/anim/werewolf.sprite.combat.atlas
heroes/werewolf/anim/werewolf.sprite.combat.skel
heroes/werewolf/anim/werewolf.sprite.defend.atlas
heroes/werewolf/anim/werewolf.sprite.defend.skel
heroes/werewolf/anim/werewolf.sprite.heroic.atlas
heroes/werewolf/anim/werewolf.sprite.heroic.skel
heroes/werewolf/anim/werewolf.sprite.idle.atlas
heroes/werewolf/anim/werewolf.sprite.idle.skel
heroes/werewolf/anim/werewolf.sprite.investigate.atlas
heroes/werewolf/anim/werewolf.sprite.investigate.skel
heroes/werewolf/anim/werewolf.sprite.walk.atlas
heroes/werewolf/anim/werewolf.sprite.walk.skel
heroes/werewolf/fx/werewolf.sprite.bellow.atlas
heroes/werewolf/fx/werewolf.sprite.bellow.png
heroes/werewolf/fx/werewolf.sprite.bellow.skel
heroes/werewolf/fx/werewolf.sprite.bite_target.atlas
heroes/werewolf/fx/werewolf.sprite.bite_target.png
heroes/werewolf/fx/werewolf.sprite.bite_target.skel
heroes/werewolf/fx/werewolf.sprite.blinding_gas_target.atlas
heroes/werewolf/fx/werewolf.sprite.blinding_gas_target.png
heroes/werewolf/fx/werewolf.sprite.blinding_gas_target.skel
heroes/werewolf/fx/werewolf.sprite.manacles_target.atlas
heroes/werewolf/fx/werewolf.sprite.manacles_target.png
heroes/werewolf/fx/werewolf.sprite.manacles_target.skel
heroes/werewolf/fx/werewolf.sprite.melee.atlas
heroes/werewolf/fx/werewolf.sprite.melee.png
heroes/werewolf/fx/werewolf.sprite.melee.skel
