
-------------------------------------------------------------------------------
Parsing project file - C:\Users\Sean\Desktop\Darkest Dungeon Mods\Royal Aegis\project.xml
Mod Data Directory = C:/Users/Sean/Desktop/Darkest Dungeon Mods/Royal Aegis/

-------------------------------------------------------------------------------
Processing Map Files files...

-------------------------------------------------------------------------------
Running Localization...
Parsing localization/aegis.string_table.xml

Building Languages
Exporting .loc files

-------------------------------------------------------------------------------
Searching for preview icon file C:/Users/Sean/Desktop/Darkest Dungeon Mods/Royal Aegis/preview_icon.png...FOUND!
<UploadMode> - Set to direct_upload


-------------------------------------------------------------------------------
Detected 2 unchanged files
The following files are unchanged and will be uploaded...
C:/Users/Sean/Desktop/Darkest Dungeon Mods/Royal Aegis/overlays/poptext_hp_heal_dot.png
C:/Users/Sean/Desktop/Darkest Dungeon Mods/Royal Aegis/overlays/tray_dot_hp_heal.png

-------------------------------------------------------------------------------
Modded files...

heroes/aegis/aegis_A/anim/aegis.sprite.afflicted.png
heroes/aegis/aegis_A/anim/aegis.sprite.attack_buff.png
heroes/aegis/aegis_A/anim/aegis.sprite.attack_chop.png
heroes/aegis/aegis_A/anim/aegis.sprite.attack_hew.png
heroes/aegis/aegis_A/anim/aegis.sprite.attack_intimidate.png
heroes/aegis/aegis_A/anim/aegis.sprite.camp.png
heroes/aegis/aegis_A/anim/aegis.sprite.combat.png
heroes/aegis/aegis_A/anim/aegis.sprite.defend.png
heroes/aegis/aegis_A/anim/aegis.sprite.heroic.png
heroes/aegis/aegis_A/anim/aegis.sprite.idle.png
heroes/aegis/aegis_A/anim/aegis.sprite.investigate.png
heroes/aegis/aegis_A/anim/aegis.sprite.walk.png
heroes/aegis/aegis_B/anim/aegis.sprite.afflicted.png
heroes/aegis/aegis_B/anim/aegis.sprite.attack_buff.png
heroes/aegis/aegis_B/anim/aegis.sprite.attack_chop.png
heroes/aegis/aegis_B/anim/aegis.sprite.attack_hew.png
heroes/aegis/aegis_B/anim/aegis.sprite.attack_intimidate.png
heroes/aegis/aegis_B/anim/aegis.sprite.camp.png
heroes/aegis/aegis_B/anim/aegis.sprite.combat.png
heroes/aegis/aegis_B/anim/aegis.sprite.defend.png
heroes/aegis/aegis_B/anim/aegis.sprite.heroic.png
heroes/aegis/aegis_B/anim/aegis.sprite.idle.png
heroes/aegis/aegis_B/anim/aegis.sprite.investigate.png
heroes/aegis/aegis_B/anim/aegis.sprite.walk.png
heroes/aegis/aegis_C/anim/aegis.sprite.afflicted.png
heroes/aegis/aegis_C/anim/aegis.sprite.attack_buff.png
heroes/aegis/aegis_C/anim/aegis.sprite.attack_chop.png
heroes/aegis/aegis_C/anim/aegis.sprite.attack_hew.png
heroes/aegis/aegis_C/anim/aegis.sprite.attack_intimidate.png
heroes/aegis/aegis_C/anim/aegis.sprite.camp.png
heroes/aegis/aegis_C/anim/aegis.sprite.combat.png
heroes/aegis/aegis_C/anim/aegis.sprite.defend.png
heroes/aegis/aegis_C/anim/aegis.sprite.heroic.png
heroes/aegis/aegis_C/anim/aegis.sprite.idle.png
heroes/aegis/aegis_C/anim/aegis.sprite.idle2.png
heroes/aegis/aegis_C/anim/aegis.sprite.investigate.png
heroes/aegis/aegis_C/anim/aegis.sprite.walk.png
heroes/aegis/aegis_D/anim/aegis.sprite.afflicted.png
heroes/aegis/aegis_D/anim/aegis.sprite.attack_buff.png
heroes/aegis/aegis_D/anim/aegis.sprite.attack_chop.png
heroes/aegis/aegis_D/anim/aegis.sprite.attack_hew.png
heroes/aegis/aegis_D/anim/aegis.sprite.attack_intimidate.png
heroes/aegis/aegis_D/anim/aegis.sprite.camp.png
heroes/aegis/aegis_D/anim/aegis.sprite.combat.png
heroes/aegis/aegis_D/anim/aegis.sprite.defend.png
heroes/aegis/aegis_D/anim/aegis.sprite.heroic.png
heroes/aegis/aegis_D/anim/aegis.sprite.idle.png
heroes/aegis/aegis_D/anim/aegis.sprite.investigate.png
heroes/aegis/aegis_D/anim/aegis.sprite.walk.png
campaign/town/town_event/town_event.image_first_aegis.png
heroes/aegis/aegis_A/aegis_portrait_roster.png
heroes/aegis/aegis_B/aegis_portrait_roster.png
heroes/aegis/aegis_C/aegis_portrait_roster.png
heroes/aegis/aegis_D/aegis_portrait_roster.png
heroes/aegis/anim/aegis.sprite.afflicted.atlas
heroes/aegis/anim/aegis.sprite.afflicted.skel
heroes/aegis/anim/aegis.sprite.attack_buff.atlas
heroes/aegis/anim/aegis.sprite.attack_buff.skel
heroes/aegis/anim/aegis.sprite.attack_chop.atlas
heroes/aegis/anim/aegis.sprite.attack_chop.skel
heroes/aegis/anim/aegis.sprite.attack_hew.atlas
heroes/aegis/anim/aegis.sprite.attack_hew.skel
heroes/aegis/anim/aegis.sprite.attack_intimidate.atlas
heroes/aegis/anim/aegis.sprite.attack_intimidate.skel
heroes/aegis/anim/aegis.sprite.camp.atlas
heroes/aegis/anim/aegis.sprite.camp.skel
heroes/aegis/anim/aegis.sprite.combat.atlas
heroes/aegis/anim/aegis.sprite.combat.skel
heroes/aegis/anim/aegis.sprite.defend.atlas
heroes/aegis/anim/aegis.sprite.defend.skel
heroes/aegis/anim/aegis.sprite.heroic.atlas
heroes/aegis/anim/aegis.sprite.heroic.skel
heroes/aegis/anim/aegis.sprite.idle.atlas
heroes/aegis/anim/aegis.sprite.idle.skel
heroes/aegis/anim/aegis.sprite.investigate.atlas
heroes/aegis/anim/aegis.sprite.investigate.skel
heroes/aegis/anim/aegis.sprite.walk.atlas
heroes/aegis/anim/aegis.sprite.walk.skel
heroes/aegis/fx/aegis.sprite.chop.atlas
heroes/aegis/fx/aegis.sprite.chop.png
heroes/aegis/fx/aegis.sprite.chop.skel
heroes/aegis/fx/aegis.sprite.hew.atlas
heroes/aegis/fx/aegis.sprite.hew.png
heroes/aegis/fx/aegis.sprite.hew.skel
heroes/aegis/fx/aegis.sprite.intimidate.atlas
heroes/aegis/fx/aegis.sprite.intimidate.png
heroes/aegis/fx/aegis.sprite.intimidate.skel
heroes/aegis/fx/aegis.sprite.purge.atlas
heroes/aegis/fx/aegis.sprite.purge.png
heroes/aegis/fx/aegis.sprite.purge.skel
heroes/aegis/fx/aegis.sprite.purge_target.atlas
heroes/aegis/fx/aegis.sprite.purge_target.png
heroes/aegis/fx/aegis.sprite.purge_target.skel
heroes/aegis/fx/aegis.sprite.revenge.atlas
heroes/aegis/fx/aegis.sprite.revenge.png
heroes/aegis/fx/aegis.sprite.revenge.skel
heroes/aegis/fx/aegis.sprite.sniper_shot_target.atlas
heroes/aegis/fx/aegis.sprite.sniper_shot_target.png
heroes/aegis/fx/aegis.sprite.sniper_shot_target.skel
heroes/aegis/fx/aegis.sprite.solemnity.atlas
heroes/aegis/fx/aegis.sprite.solemnity.png
heroes/aegis/fx/aegis.sprite.solemnity.skel
heroes/aegis/fx/aegis.sprite.solo_target.atlas
heroes/aegis/fx/aegis.sprite.solo_target.png
heroes/aegis/fx/aegis.sprite.solo_target.skel
heroes/aegis/fx/aegis.sprite.withstand.atlas
heroes/aegis/fx/aegis.sprite.withstand.png
heroes/aegis/fx/aegis.sprite.withstand.skel
heroes/aegis/icons_equip/eqp_armour_0.png
heroes/aegis/icons_equip/eqp_armour_1.png
heroes/aegis/icons_equip/eqp_armour_2.png
heroes/aegis/icons_equip/eqp_armour_3.png
heroes/aegis/icons_equip/eqp_armour_4.png
heroes/aegis/icons_equip/eqp_weapon_0.png
heroes/aegis/icons_equip/eqp_weapon_1.png
heroes/aegis/icons_equip/eqp_weapon_2.png
heroes/aegis/icons_equip/eqp_weapon_3.png
heroes/aegis/icons_equip/eqp_weapon_4.png
panels/icons_equip/trinket/inv_trinket+AEGIS_SOUL.png
panels/icons_equip/trinket/inv_trinket+KING_RING.png
panels/icons_equip/trinket/inv_trinket+REBEL_GREATSHIELD.png
panels/icons_equip/trinket/inv_trinket+SOLDIER_RING.png
raid/camping/skill_icons/camp_skill_SavetheKing!.png
raid/camping/skill_icons/camp_skill_burden.png
raid/camping/skill_icons/camp_skill_darkblessing.png
raid/camping/skill_icons/camp_skill_tranquilwalk.png
audio/secondary_banks/hero_aegis.bank
campaign/provision/aegis_overrides.provision.json
campaign/town_events/first_aegis.town_events.events.json
heroes/aegis/aegis.ability.five.png
heroes/aegis/aegis.ability.four.png
heroes/aegis/aegis.ability.one.png
heroes/aegis/aegis.ability.seven.png
heroes/aegis/aegis.ability.six.png
heroes/aegis/aegis.ability.three.png
heroes/aegis/aegis.ability.two.png
heroes/aegis/aegis.art.darkest
heroes/aegis/aegis.info.darkest
heroes/aegis/aegis_guild_header.png
raid/camping/aegis.camping_skills.json
scripts/layout/paladin.popup_text.layout.darkest
shared/buffs/aegis_overrides.buffs.json
upgrades/heroes/aegis.upgrades.json
audio/aegis.campaign.guid_overrides.json
audio/aegis.campaign.load_order.json
colours/aegis.colours.darkest
effects/aegis.effects.darkest
localization/1391514231_czech.loc
localization/1391514231_english.loc
localization/1391514231_french.loc
