
-------------------------------------------------------------------------------
Parsing project file - D:\DD_mods\Snake_Charmer\project.xml
Mod Data Directory = D:/DD_mods/Snake_Charmer/

-------------------------------------------------------------------------------
Processing Map Files files...

-------------------------------------------------------------------------------
Running Localization...
Parsing localization/snake_charmer_brazilian.string_table.xml
Parsing localization/snake_charmer_czech.string_table.xml
Parsing localization/snake_charmer_english.string_table.xml
Parsing localization/snake_charmer_french.string_table.xml
Parsing localization/snake_charmer_german.string_table.xml
Parsing localization/snake_charmer_italian.string_table.xml
Parsing localization/snake_charmer_japanese.string_table.xml
Parsing localization/snake_charmer_koreana.string_table.xml
Parsing localization/snake_charmer_koreanb.string_table.xml
Parsing localization/snake_charmer_polish.string_table.xml
Parsing localization/snake_charmer_russian.string_table.xml
Parsing localization/snake_charmer_schinese.string_table.xml
Parsing localization/snake_charmer_spanish.string_table.xml
Parsing localization/snake_charmer_tchinese.string_table.xml

Building Languages
Exporting .loc files

-------------------------------------------------------------------------------
Searching for preview icon file D:/DD_mods/Snake_Charmer/preview_icon.png...FOUND!
<UploadMode> - Set to direct_upload


-------------------------------------------------------------------------------
Modded files...

heroes/snake_charmer/snake_charmer_A/anim/snake_charmer.sprite.afflicted.png
heroes/snake_charmer/snake_charmer_A/anim/snake_charmer.sprite.camp.png
heroes/snake_charmer/snake_charmer_A/anim/snake_charmer.sprite.combat.png
heroes/snake_charmer/snake_charmer_A/anim/snake_charmer.sprite.constriction.png
heroes/snake_charmer/snake_charmer_A/anim/snake_charmer.sprite.defend.png
heroes/snake_charmer/snake_charmer_A/anim/snake_charmer.sprite.feast.png
heroes/snake_charmer/snake_charmer_A/anim/snake_charmer.sprite.flute_buff.png
heroes/snake_charmer/snake_charmer_A/anim/snake_charmer.sprite.heroic.png
heroes/snake_charmer/snake_charmer_A/anim/snake_charmer.sprite.idle.png
heroes/snake_charmer/snake_charmer_A/anim/snake_charmer.sprite.investigate.png
heroes/snake_charmer/snake_charmer_A/anim/snake_charmer.sprite.mamba_dance.png
heroes/snake_charmer/snake_charmer_A/anim/snake_charmer.sprite.rattling_trap.png
heroes/snake_charmer/snake_charmer_A/anim/snake_charmer.sprite.riposte.png
heroes/snake_charmer/snake_charmer_A/anim/snake_charmer.sprite.venomous_fang .png
heroes/snake_charmer/snake_charmer_A/anim/snake_charmer.sprite.walk.png
heroes/snake_charmer/snake_charmer_B/anim/snake_charmer.sprite.afflicted.png
heroes/snake_charmer/snake_charmer_B/anim/snake_charmer.sprite.camp.png
heroes/snake_charmer/snake_charmer_B/anim/snake_charmer.sprite.combat.png
heroes/snake_charmer/snake_charmer_B/anim/snake_charmer.sprite.constriction.png
heroes/snake_charmer/snake_charmer_B/anim/snake_charmer.sprite.defend.png
heroes/snake_charmer/snake_charmer_B/anim/snake_charmer.sprite.feast.png
heroes/snake_charmer/snake_charmer_B/anim/snake_charmer.sprite.flute_buff.png
heroes/snake_charmer/snake_charmer_B/anim/snake_charmer.sprite.heroic.png
heroes/snake_charmer/snake_charmer_B/anim/snake_charmer.sprite.idle.png
heroes/snake_charmer/snake_charmer_B/anim/snake_charmer.sprite.investigate.png
heroes/snake_charmer/snake_charmer_B/anim/snake_charmer.sprite.mamba_dance.png
heroes/snake_charmer/snake_charmer_B/anim/snake_charmer.sprite.rattling_trap.png
heroes/snake_charmer/snake_charmer_B/anim/snake_charmer.sprite.riposte.png
heroes/snake_charmer/snake_charmer_B/anim/snake_charmer.sprite.venomous_fang .png
heroes/snake_charmer/snake_charmer_B/anim/snake_charmer.sprite.walk.png
heroes/snake_charmer/snake_charmer_C/anim/snake_charmer.sprite.afflicted.png
heroes/snake_charmer/snake_charmer_C/anim/snake_charmer.sprite.camp.png
heroes/snake_charmer/snake_charmer_C/anim/snake_charmer.sprite.combat.png
heroes/snake_charmer/snake_charmer_C/anim/snake_charmer.sprite.constriction.png
heroes/snake_charmer/snake_charmer_C/anim/snake_charmer.sprite.defend.png
heroes/snake_charmer/snake_charmer_C/anim/snake_charmer.sprite.feast.png
heroes/snake_charmer/snake_charmer_C/anim/snake_charmer.sprite.flute_buff.png
heroes/snake_charmer/snake_charmer_C/anim/snake_charmer.sprite.heroic.png
heroes/snake_charmer/snake_charmer_C/anim/snake_charmer.sprite.idle.png
heroes/snake_charmer/snake_charmer_C/anim/snake_charmer.sprite.investigate.png
heroes/snake_charmer/snake_charmer_C/anim/snake_charmer.sprite.mamba_dance.png
heroes/snake_charmer/snake_charmer_C/anim/snake_charmer.sprite.rattling_trap.png
heroes/snake_charmer/snake_charmer_C/anim/snake_charmer.sprite.riposte.png
heroes/snake_charmer/snake_charmer_C/anim/snake_charmer.sprite.venomous_fang .png
heroes/snake_charmer/snake_charmer_C/anim/snake_charmer.sprite.walk.png
heroes/snake_charmer/snake_charmer_D/anim/snake_charmer.sprite.afflicted.png
heroes/snake_charmer/snake_charmer_D/anim/snake_charmer.sprite.camp.png
heroes/snake_charmer/snake_charmer_D/anim/snake_charmer.sprite.combat.png
heroes/snake_charmer/snake_charmer_D/anim/snake_charmer.sprite.constriction.png
heroes/snake_charmer/snake_charmer_D/anim/snake_charmer.sprite.defend.png
heroes/snake_charmer/snake_charmer_D/anim/snake_charmer.sprite.feast.png
heroes/snake_charmer/snake_charmer_D/anim/snake_charmer.sprite.flute_buff.png
heroes/snake_charmer/snake_charmer_D/anim/snake_charmer.sprite.heroic.png
heroes/snake_charmer/snake_charmer_D/anim/snake_charmer.sprite.idle.png
heroes/snake_charmer/snake_charmer_D/anim/snake_charmer.sprite.investigate.png
heroes/snake_charmer/snake_charmer_D/anim/snake_charmer.sprite.mamba_dance.png
heroes/snake_charmer/snake_charmer_D/anim/snake_charmer.sprite.rattling_trap.png
heroes/snake_charmer/snake_charmer_D/anim/snake_charmer.sprite.riposte.png
heroes/snake_charmer/snake_charmer_D/anim/snake_charmer.sprite.venomous_fang .png
heroes/snake_charmer/snake_charmer_D/anim/snake_charmer.sprite.walk.png
campaign/town/town_event/town_event.image_bonus_recruit_snake_charmer.png
campaign/town/town_event/town_event.image_first_snake_charmer.png
campaign/town/town_event/town_event.image_idle_resolve_level_snake_charmer.png
heroes/snake_charmer/anim/snake_charmer.sprite.afflicted.atlas
heroes/snake_charmer/anim/snake_charmer.sprite.afflicted.skel
heroes/snake_charmer/anim/snake_charmer.sprite.camp.atlas
heroes/snake_charmer/anim/snake_charmer.sprite.camp.skel
heroes/snake_charmer/anim/snake_charmer.sprite.combat.atlas
heroes/snake_charmer/anim/snake_charmer.sprite.combat.skel
heroes/snake_charmer/anim/snake_charmer.sprite.constriction.atlas
heroes/snake_charmer/anim/snake_charmer.sprite.constriction.skel
heroes/snake_charmer/anim/snake_charmer.sprite.defend.atlas
heroes/snake_charmer/anim/snake_charmer.sprite.defend.skel
heroes/snake_charmer/anim/snake_charmer.sprite.feast.atlas
heroes/snake_charmer/anim/snake_charmer.sprite.feast.skel
heroes/snake_charmer/anim/snake_charmer.sprite.flute_buff.atlas
heroes/snake_charmer/anim/snake_charmer.sprite.flute_buff.skel
heroes/snake_charmer/anim/snake_charmer.sprite.heroic.atlas
heroes/snake_charmer/anim/snake_charmer.sprite.heroic.skel
heroes/snake_charmer/anim/snake_charmer.sprite.idle.atlas
heroes/snake_charmer/anim/snake_charmer.sprite.idle.skel
heroes/snake_charmer/anim/snake_charmer.sprite.investigate.atlas
heroes/snake_charmer/anim/snake_charmer.sprite.investigate.skel
heroes/snake_charmer/anim/snake_charmer.sprite.mamba_dance.atlas
heroes/snake_charmer/anim/snake_charmer.sprite.mamba_dance.skel
heroes/snake_charmer/anim/snake_charmer.sprite.rattling_trap.atlas
heroes/snake_charmer/anim/snake_charmer.sprite.rattling_trap.skel
heroes/snake_charmer/anim/snake_charmer.sprite.riposte.atlas
heroes/snake_charmer/anim/snake_charmer.sprite.riposte.skel
heroes/snake_charmer/anim/snake_charmer.sprite.venomous_fang .atlas
heroes/snake_charmer/anim/snake_charmer.sprite.venomous_fang .skel
heroes/snake_charmer/anim/snake_charmer.sprite.walk.atlas
