
-------------------------------------------------------------------------------
Parsing project file - C:\Users\T\Desktop\Darkest_Dungeon_Modding\000_X_barbarian\project.xml
Mod Data Directory = C:/Users/T/Desktop/Darkest_Dungeon_Modding/000_X_barbarian/

-------------------------------------------------------------------------------
Processing Map Files files...

-------------------------------------------------------------------------------
Running Localization...
Parsing localization/barbarian.brazilian.string_table.xml
Parsing localization/barbarian.czech.string_table.xml
Parsing localization/barbarian.english.string_table.xml
Parsing localization/barbarian.french.string_table.xml
Parsing localization/barbarian.german.string_table.xml
Parsing localization/barbarian.italian.string_table.xml
Parsing localization/barbarian.japanese.string_table.xml
Parsing localization/barbarian.koreana.string_table.xml
Parsing localization/barbarian.koreanb.string_table.xml
Parsing localization/barbarian.party_names.string_table.xml
Parsing localization/barbarian.polish.string_table.xml
Parsing localization/barbarian.russian.string_table.xml
Parsing localization/barbarian.schinese.string_table.xml
Parsing localization/barbarian.spanish.string_table.xml
Parsing localization/barbarian.tchinese.string_table.xml
Parsing localization/barbarian_tooltip.string_table.xml

Building Languages
Exporting .loc files

-------------------------------------------------------------------------------
Searching for preview icon file C:/Users/T/Desktop/Darkest_Dungeon_Modding/000_X_barbarian/preview_icon.png...FOUND!
<UploadMode> - Set to direct_upload


-------------------------------------------------------------------------------
Modded files...

heroes/barbarian/barbarian_A/anim/barbarian.sprite.afflicted.png
heroes/barbarian/barbarian_A/anim/barbarian.sprite.attack_buff.png
heroes/barbarian/barbarian_A/anim/barbarian.sprite.attack_chop.png
heroes/barbarian/barbarian_A/anim/barbarian.sprite.attack_heal.png
heroes/barbarian/barbarian_A/anim/barbarian.sprite.attack_hew.png
heroes/barbarian/barbarian_A/anim/barbarian.sprite.attack_horns.png
heroes/barbarian/barbarian_A/anim/barbarian.sprite.attack_intimidate.png
heroes/barbarian/barbarian_A/anim/barbarian.sprite.attack_potion.png
heroes/barbarian/barbarian_A/anim/barbarian.sprite.attack_shout.png
heroes/barbarian/barbarian_A/anim/barbarian.sprite.camp.png
heroes/barbarian/barbarian_A/anim/barbarian.sprite.combat.png
heroes/barbarian/barbarian_A/anim/barbarian.sprite.defend.png
heroes/barbarian/barbarian_A/anim/barbarian.sprite.heroic.png
heroes/barbarian/barbarian_A/anim/barbarian.sprite.idle.png
heroes/barbarian/barbarian_A/anim/barbarian.sprite.investigate.png
heroes/barbarian/barbarian_A/anim/barbarian.sprite.walk.png
heroes/barbarian/barbarian_B/anim/barbarian.sprite.afflicted.png
heroes/barbarian/barbarian_B/anim/barbarian.sprite.attack_chop.png
heroes/barbarian/barbarian_B/anim/barbarian.sprite.attack_heal.png
heroes/barbarian/barbarian_B/anim/barbarian.sprite.attack_hew.png
heroes/barbarian/barbarian_B/anim/barbarian.sprite.attack_horns.png
heroes/barbarian/barbarian_B/anim/barbarian.sprite.attack_intimidate.png
heroes/barbarian/barbarian_B/anim/barbarian.sprite.attack_potion.png
heroes/barbarian/barbarian_B/anim/barbarian.sprite.attack_shout.png
heroes/barbarian/barbarian_B/anim/barbarian.sprite.camp.png
heroes/barbarian/barbarian_B/anim/barbarian.sprite.combat.png
heroes/barbarian/barbarian_B/anim/barbarian.sprite.defend.png
heroes/barbarian/barbarian_B/anim/barbarian.sprite.heroic.png
heroes/barbarian/barbarian_B/anim/barbarian.sprite.idle.png
heroes/barbarian/barbarian_B/anim/barbarian.sprite.investigate.png
heroes/barbarian/barbarian_B/anim/barbarian.sprite.walk.png
heroes/barbarian/barbarian_C/anim/barbarian.sprite.afflicted.png
heroes/barbarian/barbarian_C/anim/barbarian.sprite.attack_chop.png
heroes/barbarian/barbarian_C/anim/barbarian.sprite.attack_heal.png
heroes/barbarian/barbarian_C/anim/barbarian.sprite.attack_hew.png
heroes/barbarian/barbarian_C/anim/barbarian.sprite.attack_horns.png
heroes/barbarian/barbarian_C/anim/barbarian.sprite.attack_intimidate.png
heroes/barbarian/barbarian_C/anim/barbarian.sprite.attack_potion.png
heroes/barbarian/barbarian_C/anim/barbarian.sprite.attack_shout.png
heroes/barbarian/barbarian_C/anim/barbarian.sprite.camp.png
heroes/barbarian/barbarian_C/anim/barbarian.sprite.combat.png
heroes/barbarian/barbarian_C/anim/barbarian.sprite.defend.png
heroes/barbarian/barbarian_C/anim/barbarian.sprite.heroic.png
heroes/barbarian/barbarian_C/anim/barbarian.sprite.idle.png
heroes/barbarian/barbarian_C/anim/barbarian.sprite.investigate.png
heroes/barbarian/barbarian_C/anim/barbarian.sprite.walk.png
heroes/barbarian/barbarian_D/anim/barbarian.sprite.afflicted.png
heroes/barbarian/barbarian_D/anim/barbarian.sprite.attack_chop.png
heroes/barbarian/barbarian_D/anim/barbarian.sprite.attack_heal.png
heroes/barbarian/barbarian_D/anim/barbarian.sprite.attack_hew.png
heroes/barbarian/barbarian_D/anim/barbarian.sprite.attack_horns.png
heroes/barbarian/barbarian_D/anim/barbarian.sprite.attack_intimidate.png
heroes/barbarian/barbarian_D/anim/barbarian.sprite.attack_potion.png
heroes/barbarian/barbarian_D/anim/barbarian.sprite.attack_shout.png
heroes/barbarian/barbarian_D/anim/barbarian.sprite.camp.png
heroes/barbarian/barbarian_D/anim/barbarian.sprite.combat.png
heroes/barbarian/barbarian_D/anim/barbarian.sprite.defend.png
heroes/barbarian/barbarian_D/anim/barbarian.sprite.heroic.png
heroes/barbarian/barbarian_D/anim/barbarian.sprite.idle.png
heroes/barbarian/barbarian_D/anim/barbarian.sprite.investigate.png
heroes/barbarian/barbarian_D/anim/barbarian.sprite.walk.png
heroes/barbarian/barbarian_E/anim/barbarian.sprite.afflicted.png
heroes/barbarian/barbarian_E/anim/barbarian.sprite.attack_chop.png
heroes/barbarian/barbarian_E/anim/barbarian.sprite.attack_heal.png
heroes/barbarian/barbarian_E/anim/barbarian.sprite.attack_hew.png
heroes/barbarian/barbarian_E/anim/barbarian.sprite.attack_horns.png
heroes/barbarian/barbarian_E/anim/barbarian.sprite.attack_intimidate.png
heroes/barbarian/barbarian_E/anim/barbarian.sprite.attack_potion.png
heroes/barbarian/barbarian_E/anim/barbarian.sprite.attack_shout.png
heroes/barbarian/barbarian_E/anim/barbarian.sprite.camp.png
heroes/barbarian/barbarian_E/anim/barbarian.sprite.combat.png
heroes/barbarian/barbarian_E/anim/barbarian.sprite.defend.png
heroes/barbarian/barbarian_E/anim/barbarian.sprite.heroic.png
heroes/barbarian/barbarian_E/anim/barbarian.sprite.idle.png
heroes/barbarian/barbarian_E/anim/barbarian.sprite.investigate.png
heroes/barbarian/barbarian_E/anim/barbarian.sprite.walk.png
heroes/barbarian/barbarian_F/anim/barbarian.sprite.afflicted.png
heroes/barbarian/barbarian_F/anim/barbarian.sprite.attack_chop.png
heroes/barbarian/barbarian_F/anim/barbarian.sprite.attack_heal.png
heroes/barbarian/barbarian_F/anim/barbarian.sprite.attack_hew.png
heroes/barbarian/barbarian_F/anim/barbarian.sprite.attack_horns.png
heroes/barbarian/barbarian_F/anim/barbarian.sprite.attack_intimidate.png
heroes/barbarian/barbarian_F/anim/barbarian.sprite.attack_potion.png
heroes/barbarian/barbarian_F/anim/barbarian.sprite.attack_shout.png
heroes/barbarian/barbarian_F/anim/barbarian.sprite.camp.png
heroes/barbarian/barbarian_F/anim/barbarian.sprite.combat.png
heroes/barbarian/barbarian_F/anim/barbarian.sprite.defend.png
heroes/barbarian/barbarian_F/anim/barbarian.sprite.heroic.png
heroes/barbarian/barbarian_F/anim/barbarian.sprite.idle.png
heroes/barbarian/barbarian_F/anim/barbarian.sprite.investigate.png
heroes/barbarian/barbarian_F/anim/barbarian.sprite.walk.png
campaign/town/town_event/town_event.image_bonus_recruit_barbarian.png
campaign/town/town_event/town_event.image_embark_party_barb_party.png
campaign/town/town_event/town_event.image_first_barbarian.png
heroes/barbarian/anim/barbarian.sprite.afflicted.atlas
heroes/barbarian/anim/barbarian.sprite.afflicted.skel
heroes/barbarian/anim/barbarian.sprite.attack_chop.atlas
heroes/barbarian/anim/barbarian.sprite.attack_chop.skel
heroes/barbarian/anim/barbarian.sprite.attack_heal.atlas
heroes/barbarian/anim/barbarian.sprite.attack_heal.skel
heroes/barbarian/anim/barbarian.sprite.attack_hew.atlas
heroes/barbarian/anim/barbarian.sprite.attack_hew.skel
heroes/barbarian/anim/barbarian.sprite.attack_horns.atlas
heroes/barbarian/anim/barbarian.sprite.attack_horns.skel
heroes/barbarian/anim/barbarian.sprite.attack_intimidate.atlas
heroes/barbarian/anim/barbarian.sprite.attack_intimidate.skel
heroes/barbarian/anim/barbarian.sprite.attack_potion.atlas
heroes/barbarian/anim/barbarian.sprite.attack_potion.skel
heroes/barbarian/anim/barbarian.sprite.attack_shout.atlas
heroes/barbarian/anim/barbarian.sprite.attack_shout.skel
heroes/barbarian/anim/barbarian.sprite.camp.atlas
heroes/barbarian/anim/barbarian.sprite.camp.skel
heroes/barbarian/anim/barbarian.sprite.combat.atlas
heroes/barbarian/anim/barbarian.sprite.combat.skel
heroes/barbarian/anim/barbarian.sprite.defend.atlas
heroes/barbarian/anim/barbarian.sprite.defend.skel
heroes/barbarian/anim/barbarian.sprite.heroic.atlas
heroes/barbarian/anim/barbarian.sprite.heroic.skel
heroes/barbarian/anim/barbarian.sprite.idle.atlas
heroes/barbarian/anim/barbarian.sprite.idle.skel
heroes/barbarian/anim/barbarian.sprite.investigate.atlas
heroes/barbarian/anim/barbarian.sprite.investigate.skel
heroes/barbarian/anim/barbarian.sprite.walk.atlas
heroes/barbarian/anim/barbarian.sprite.walk.skel
heroes/barbarian/barbarian_A/barbarian_portrait_roster.png
heroes/barbarian/barbarian_B/barbarian_portrait_roster.png
heroes/barbarian/barbarian_C/barbarian_portrait_roster.png
heroes/barbarian/barbarian_D/barbarian_portrait_roster.png
heroes/barbarian/barbarian_E/barbarian_portrait_roster.png
heroes/barbarian/barbarian_F/barbarian_portrait_roster.png
heroes/barbarian/fx/barbarian.sprite.chop.atlas
heroes/barbarian/fx/barbarian.sprite.chop.png
heroes/barbarian/fx/barbarian.sprite.chop.skel
heroes/barbarian/fx/barbarian.sprite.disruptive_curse_target.atlas
heroes/barbarian/fx/barbarian.sprite.disruptive_curse_target.png
heroes/barbarian/fx/barbarian.sprite.disruptive_curse_target.skel
heroes/barbarian/fx/barbarian.sprite.gods_illumination_target.atlas
heroes/barbarian/fx/barbarian.sprite.gods_illumination_target.png
heroes/barbarian/fx/barbarian.sprite.gods_illumination_target.skel
heroes/barbarian/fx/barbarian.sprite.hew.atlas
heroes/barbarian/fx/barbarian.sprite.hew.png
heroes/barbarian/fx/barbarian.sprite.hew.skel
heroes/barbarian/fx/barbarian.sprite.intimidate.atlas
heroes/barbarian/fx/barbarian.sprite.intimidate.png
heroes/barbarian/fx/barbarian.sprite.intimidate.skel
heroes/barbarian/fx/barbarian.sprite.lick_wounds.atlas
heroes/barbarian/fx/barbarian.sprite.lick_wounds.png
heroes/barbarian/fx/barbarian.sprite.lick_wounds.skel
heroes/barbarian/fx/barbarian.sprite.purge.atlas
heroes/barbarian/fx/barbarian.sprite.purge.png
heroes/barbarian/fx/barbarian.sprite.purge.skel
heroes/barbarian/fx/barbarian.sprite.purge_target.atlas
heroes/barbarian/fx/barbarian.sprite.purge_target.png
heroes/barbarian/fx/barbarian.sprite.purge_target.skel
heroes/barbarian/fx/barbarian.sprite.sniper_shot.atlas
heroes/barbarian/fx/barbarian.sprite.sniper_shot.png
heroes/barbarian/fx/barbarian.sprite.sniper_shot.skel
heroes/barbarian/fx/barbarian.sprite.solemnity.atlas
heroes/barbarian/fx/barbarian.sprite.solemnity.png
heroes/barbarian/fx/barbarian.sprite.solemnity.skel
heroes/barbarian/fx/barbarian.sprite.stunning_blow_target.atlas
heroes/barbarian/fx/barbarian.sprite.stunning_blow_target.png
heroes/barbarian/fx/barbarian.sprite.stunning_blow_target.skel
heroes/barbarian/fx/barbarian.sprite.withstand.atlas
heroes/barbarian/fx/barbarian.sprite.withstand.png
heroes/barbarian/fx/barbarian.sprite.withstand.skel
heroes/barbarian/icons_equip/eqp_armour_0.png
heroes/barbarian/icons_equip/eqp_armour_1.png
heroes/barbarian/icons_equip/eqp_armour_2.png
heroes/barbarian/icons_equip/eqp_armour_3.png
heroes/barbarian/icons_equip/eqp_armour_4.png
heroes/barbarian/icons_equip/eqp_weapon_0.png
heroes/barbarian/icons_equip/eqp_weapon_1.png
heroes/barbarian/icons_equip/eqp_weapon_2.png
heroes/barbarian/icons_equip/eqp_weapon_3.png
heroes/barbarian/icons_equip/eqp_weapon_4.png
panels/icons_equip/estate/inv_estate+barb_ale_item_1.png
panels/icons_equip/estate/inv_estate+barb_ale_item_2.png
panels/icons_equip/estate/inv_estate+barb_ale_item_3.png
panels/icons_equip/trinket/inv_trinket+barb1.png
panels/icons_equip/trinket/inv_trinket+barb2.png
panels/icons_equip/trinket/inv_trinket+barb3.png
panels/icons_equip/trinket/inv_trinket+barb4.png
panels/icons_equip/trinket/inv_trinket+barb5.png
panels/icons_equip/trinket/inv_trinket+barb6.png
panels/icons_equip/trinket/inv_trinket+barb7.png
panels/icons_equip/trinket/inv_trinket+barb8.png
panels/icons_equip/trinket/inv_trinket+barbset1.png
panels/icons_equip/trinket/inv_trinket+barbset2.png
panels/icons_equip/trinket/inv_trinket+cc_barb_1.png
panels/icons_equip/trinket/inv_trinket+cc_barb_2.png
panels/icons_equip/trinket/inv_trinket+collector_barb.png
panels/icons_equip/trinket/inv_trinket+com_barb_1.png
raid/camping/skill_icons/camp_skill_barb_1.png
raid/camping/skill_icons/camp_skill_barb_2.png
raid/camping/skill_icons/camp_skill_barb_3.png
raid/camping/skill_icons/camp_skill_barb_4.png
audio/secondary_banks/hero_barbarian.bank
campaign/provision/barbarian.provision.json
campaign/roster/barbarian.roster.additional_variables.json
campaign/town_events/barbarian.town_events.events.json
fx/barb_ale_item_1/barb_ale_item_1.sprite.atlas
fx/barb_ale_item_1/barb_ale_item_1.sprite.png
fx/barb_ale_item_1/barb_ale_item_1.sprite.skel
fx/barb_ale_item_2/barb_ale_item_2.sprite.atlas
fx/barb_ale_item_2/barb_ale_item_2.sprite.png
fx/barb_ale_item_2/barb_ale_item_2.sprite.skel
fx/barb_ale_item_3/barb_ale_item_3.sprite.atlas
fx/barb_ale_item_3/barb_ale_item_3.sprite.png
fx/barb_ale_item_3/barb_ale_item_3.sprite.skel
fx/barb_town_event_mardi_gras/barb_town_event_mardi_gras.sprite.atlas
fx/barb_town_event_mardi_gras/barb_town_event_mardi_gras.sprite.png
fx/barb_town_event_mardi_gras/barb_town_event_mardi_gras.sprite.skel
heroes/barbarian/barbarian.ability.five.png
heroes/barbarian/barbarian.ability.four.png
heroes/barbarian/barbarian.ability.one.png
heroes/barbarian/barbarian.ability.seven.png
heroes/barbarian/barbarian.ability.six.png
heroes/barbarian/barbarian.ability.three.png
heroes/barbarian/barbarian.ability.two.png
heroes/barbarian/barbarian.art.darkest
heroes/barbarian/barbarian.info.darkest
heroes/barbarian/barbarian_guild_header.png
raid/camping/barbarian.camping_skills.json
shared/buffs/barbarian.buffs.json
shared/buffs/barbarian_tooltip.buffs.json
shared/party_name/barbarian.party_name_library.json
shared/quirk/barbarian.quirk_library.json
shared/trait/barbarian.trait_library.json
shared/tutorial_popup/tutorial_popup.the_keg.png
upgrades/heroes/barbarian.upgrades.json
audio/barbarian.heroes.guid_overrides.json
audio/barbarian.heroes.load_order.json
audio/barbarian.narration.json
colours/barbarian.colours.darkest
effects/barbarian.effects.darkest
inventory/barbarian.estate.inventory.items.darkest
inventory/barbarian.inventory.extra_stack_limits.darkest
localization/1600449003_brazilian.loc
localization/1600449003_czech.loc
localization/1600449003_english.loc
localization/1600449003_french.loc
localization/1600449003_german.loc
localization/1600449003_italian.loc
localization/1600449003_japanese.loc
localization/1600449003_koreana.loc
localization/1600449003_koreanb.loc
localization/1600449003_polish.loc
localization/1600449003_russian.loc
localization/1600449003_schinese.loc
localization/1600449003_spanish.loc
localization/1600449003_tchinese.loc
localization/barbarian.brazilian.string_table.xml
localization/barbarian.czech.string_table.xml
localization/barbarian.english.string_table.xml
localization/barbarian.french.string_table.xml
localization/barbarian.german.string_table.xml
localization/barbarian.italian.string_table.xml
localization/barbarian.japanese.string_table.xml
localization/barbarian.koreana.string_table.xml
localization/barbarian.koreanb.string_table.xml
localization/barbarian.party_names.string_table.xml
localization/barbarian.polish.string_table.xml
localization/barbarian.russian.string_table.xml
