
-------------------------------------------------------------------------------
Parsing project file - C:\Users\Toshiba\Desktop\Upload Files\Tos Upload\project.xml
Mod Data Directory = C:/Users/Toshiba/Desktop/Upload Files/Tos Upload/

-------------------------------------------------------------------------------
Processing Map Files files...

-------------------------------------------------------------------------------
Running Localization...
Parsing localization/CoM.string_table.xml
Parsing localization/mini_boss_shrew.string_table.xml
Parsing localization/misc_sunlight.string_table.xml
Parsing localization/trinkets_sunlight.string_table.xml
Parsing localization/white_phantom.string_table.xml

Building Languages

+++++++++++++++++++++++++++++++++++++++++
Error english - bonus_currency_name_shard
----------
Couldn't find colour comet in {colour_start|comet}Shards{colour_end}
----------

+++++++++++++++++++++++++++++++++++++++++
Error english - str_quest_select_highscore
----------
Couldn't find colour endless_highscore_killcount in {colour_start|endless_highscore_killcount}%d{colour_end} Foes Reaped!
----------

+++++++++++++++++++++++++++++++++++++++++
Error english - str_allperished_endless_wave_highscore
----------
Couldn't find colour wave_log_kill_count in {colour_start|wave_log_kill_count}%d{colour_end} foes before falling victim to their wounds. They now rest in pieces.
----------

+++++++++++++++++++++++++++++++++++++++++
Error english - str_returned_from_plot_color_of_madness_2_retreat_highscore
----------
Couldn't find colour wave_log_kill_count in {colour_start|wave_log_kill_count}%d{colour_end} foes!  Unprecedented!
----------

+++++++++++++++++++++++++++++++++++++++++
Error english - str_allperished_endless_wave
----------
Couldn't find colour wave_log_kill_count in {colour_start|wave_log_kill_count}%d{colour_end} otherworldly foes they brought low.
----------

+++++++++++++++++++++++++++++++++++++++++
Error english - str_returned_from_plot_color_of_madness_2_retreat
----------
Couldn't find colour wave_log_kill_count in {colour_start|wave_log_kill_count}%d{colour_end} foes they destroyed!
----------

+++++++++++++++++++++++++++++++++++++++++
Error french - bonus_currency_name_shard
----------
Couldn't find colour comet in {colour_start|comet}Éclats{colour_end}
----------

+++++++++++++++++++++++++++++++++++++++++
Error french - str_quest_select_highscore
----------
Couldn't find colour endless_highscore_killcount in {colour_start|endless_highscore_killcount}%d{colour_end} adversaires fauchés !
----------

+++++++++++++++++++++++++++++++++++++++++
Error french - str_allperished_endless_wave_highscore
----------
Couldn't find colour wave_log_kill_count in {colour_start|wave_log_kill_count}%d{colour_end} adversaires avant de succomber à leurs blessures. Ils reposent désormais en pièces.
----------

+++++++++++++++++++++++++++++++++++++++++
Error french - str_returned_from_plot_color_of_madness_2_retreat_highscore
----------
Couldn't find colour wave_log_kill_count in {colour_start|wave_log_kill_count}%d{colour_end} adversaires ! Sans précédent !
----------

+++++++++++++++++++++++++++++++++++++++++
Error french - str_allperished_endless_wave
----------
Couldn't find colour wave_log_kill_count in {colour_start|wave_log_kill_count}%d{colour_end} adversaires d'ailleurs.
----------

+++++++++++++++++++++++++++++++++++++++++
Error french - str_returned_from_plot_color_of_madness_2_retreat
----------
Couldn't find colour wave_log_kill_count in {colour_start|wave_log_kill_count}%d{colour_end} ennemis qu'ils ont anéantis !
----------

+++++++++++++++++++++++++++++++++++++++++
Error german - bonus_currency_name_shard
----------
Couldn't find colour comet in {colour_start|comet}Splitter{colour_end}
----------

+++++++++++++++++++++++++++++++++++++++++
Error german - str_quest_select_highscore
----------
Couldn't find colour endless_highscore_killcount in {colour_start|endless_highscore_killcount}%d{colour_end} Gegner niedergemacht!
----------

+++++++++++++++++++++++++++++++++++++++++
Error german - str_allperished_endless_wave_highscore
----------
Couldn't find colour wave_log_kill_count in {colour_start|wave_log_kill_count}%d{colour_end} Gegner vernichtet, bis sie letztendlich ihren Wunden zum Opfer gefallen sind. Jetzt ruhen sie, wenn auch nicht in Frieden.
----------

+++++++++++++++++++++++++++++++++++++++++
Error german - str_returned_from_plot_color_of_madness_2_retreat_highscore
----------
Couldn't find colour wave_log_kill_count in {colour_start|wave_log_kill_count}%d{colour_end} Gegner besiegt haben! So etwas ist noch nie dagewesen!
----------

+++++++++++++++++++++++++++++++++++++++++
Error german - str_allperished_endless_wave
----------
Couldn't find colour wave_log_kill_count in {colour_start|wave_log_kill_count}%d{colour_end} anderweltlichen Gegnern haben sie den Garaus gemacht.
----------

+++++++++++++++++++++++++++++++++++++++++
Error german - str_returned_from_plot_color_of_madness_2_retreat
----------
Couldn't find colour wave_log_kill_count in {colour_start|wave_log_kill_count}%d{colour_end} getöteten Gegnern erobert haben!
----------

+++++++++++++++++++++++++++++++++++++++++
Error spanish - bonus_currency_name_shard
----------
Couldn't find colour comet in {colour_start|comet}Fragmentos{colour_end}
----------

+++++++++++++++++++++++++++++++++++++++++
Error spanish - str_quest_select_highscore
----------
Couldn't find colour endless_highscore_killcount in {colour_start|endless_highscore_killcount}%d{colour_end} enemigos segados!
----------

+++++++++++++++++++++++++++++++++++++++++
Error spanish - str_allperished_endless_wave_highscore
----------
Couldn't find colour wave_log_kill_count in {colour_start|wave_log_kill_count}%d{colour_end} enemigos antes de caer, víctimas de sus heridas. Ahora descansan en pedazos.
----------

+++++++++++++++++++++++++++++++++++++++++
Error spanish - str_returned_from_plot_color_of_madness_2_retreat_highscore
----------
Couldn't find colour wave_log_kill_count in {colour_start|wave_log_kill_count}%d{colour_end} enemigos! ¡Inaudito!
----------

+++++++++++++++++++++++++++++++++++++++++
Error spanish - str_allperished_endless_wave
----------
Couldn't find colour wave_log_kill_count in {colour_start|wave_log_kill_count}%d{colour_end} enemigos sobrenaturales cayeron ante ellos.
----------

+++++++++++++++++++++++++++++++++++++++++
Error spanish - str_returned_from_plot_color_of_madness_2_retreat
----------
Couldn't find colour wave_log_kill_count in {colour_start|wave_log_kill_count}%d{colour_end} enemigos que han destruido!
----------

+++++++++++++++++++++++++++++++++++++++++
Error brazilian - bonus_currency_name_shard
----------
Couldn't find colour comet in {colour_start|comet}Fragmentos{colour_end}
----------

+++++++++++++++++++++++++++++++++++++++++
Error brazilian - str_quest_select_highscore
----------
Couldn't find colour endless_highscore_killcount in {colour_start|endless_highscore_killcount}%d{colour_end} inimigos derrotados!
----------

+++++++++++++++++++++++++++++++++++++++++
Error brazilian - str_allperished_endless_wave_highscore
----------
Couldn't find colour wave_log_kill_count in {colour_start|wave_log_kill_count}%d{colour_end} adversários, mas acabaram sucumbindo aos ferimentos. Agora eles descansam em pedaços.
----------

+++++++++++++++++++++++++++++++++++++++++
Error brazilian - str_returned_from_plot_color_of_madness_2_retreat_highscore
----------
Couldn't find colour wave_log_kill_count in {colour_start|wave_log_kill_count}%d{colour_end} inimigos!  Excepcional!
----------

+++++++++++++++++++++++++++++++++++++++++
Error brazilian - str_allperished_endless_wave
----------
Couldn't find colour wave_log_kill_count in {colour_start|wave_log_kill_count}%d{colour_end} adversários de outro mundo.
----------

+++++++++++++++++++++++++++++++++++++++++
Error brazilian - str_returned_from_plot_color_of_madness_2_retreat
----------
Couldn't find colour wave_log_kill_count in {colour_start|wave_log_kill_count}%d{colour_end} inimigos derrotados!
----------

+++++++++++++++++++++++++++++++++++++++++
Error russian - bonus_currency_name_shard
----------
Couldn't find colour comet in {colour_start|comet}Осколки{colour_end}
----------

+++++++++++++++++++++++++++++++++++++++++
Error russian - str_quest_select_highscore
----------
Couldn't find colour endless_highscore_killcount in {colour_start|endless_highscore_killcount}%d{colour_end}!
----------

+++++++++++++++++++++++++++++++++++++++++
Error russian - str_allperished_endless_wave_highscore
----------
Couldn't find colour wave_log_kill_count in {colour_start|wave_log_kill_count}%d{colour_end} врагов, прежде чем пали от тяжких ран. Да упокоятся они с миром.
----------

+++++++++++++++++++++++++++++++++++++++++
Error russian - str_returned_from_plot_color_of_madness_2_retreat_highscore
----------
Couldn't find colour wave_log_kill_count in {colour_start|wave_log_kill_count}%d{colour_end} врагов. Небывалое достижение!
----------

+++++++++++++++++++++++++++++++++++++++++
Error russian - str_allperished_endless_wave
----------
Couldn't find colour wave_log_kill_count in {colour_start|wave_log_kill_count}%d{colour_end} врагов из другого мира.
----------

+++++++++++++++++++++++++++++++++++++++++
Error russian - str_returned_from_plot_color_of_madness_2_retreat
----------
Couldn't find colour wave_log_kill_count in {colour_start|wave_log_kill_count}%d{colour_end} поверженных врагов!
----------

+++++++++++++++++++++++++++++++++++++++++
Error polish - bonus_currency_name_shard
----------
Couldn't find colour comet in {colour_start|comet}Odłamki{colour_end}
----------

+++++++++++++++++++++++++++++++++++++++++
Error polish - str_quest_select_highscore
----------
Couldn't find colour endless_highscore_killcount in {colour_start|endless_highscore_killcount}%d{colour_end} skoszonych wrogów!
----------

+++++++++++++++++++++++++++++++++++++++++
Error polish - str_allperished_endless_wave_highscore
----------
Couldn't find colour wave_log_kill_count in {colour_start|wave_log_kill_count}%d{colour_end} wrogów, po czym zmarli od ran. Spoczywają w spokoju, posiekani na kawałki.
----------

+++++++++++++++++++++++++++++++++++++++++
Error polish - str_returned_from_plot_color_of_madness_2_retreat_highscore
----------
Couldn't find colour wave_log_kill_count in {colour_start|wave_log_kill_count}%d{colour_end} wrogów! Niesamowite!
----------

+++++++++++++++++++++++++++++++++++++++++
Error polish - str_allperished_endless_wave
----------
Couldn't find colour wave_log_kill_count in {colour_start|wave_log_kill_count}%d{colour_end} wrogów nie z tego świata.
----------

+++++++++++++++++++++++++++++++++++++++++
Error polish - str_returned_from_plot_color_of_madness_2_retreat
----------
Couldn't find colour wave_log_kill_count in {colour_start|wave_log_kill_count}%d{colour_end} pokonanych wrogach!
----------

+++++++++++++++++++++++++++++++++++++++++
Error czech - bonus_currency_name_shard
----------
Couldn't find colour comet in {colour_start|comet}Střepy{colour_end}
----------

+++++++++++++++++++++++++++++++++++++++++
Error czech - str_quest_select_highscore
----------
Couldn't find colour endless_highscore_killcount in {colour_start|endless_highscore_killcount}%d{colour_end} nepřátel!
----------

+++++++++++++++++++++++++++++++++++++++++
Error czech - str_allperished_endless_wave_highscore
----------
Couldn't find colour wave_log_kill_count in {colour_start|wave_log_kill_count}%d{colour_end} nepřátel, než podlehli svým zraněním. Nyní jejich částečky odpočívají v pokoji.
----------

+++++++++++++++++++++++++++++++++++++++++
Error czech - str_returned_from_plot_color_of_madness_2_retreat_highscore
----------
Couldn't find colour wave_log_kill_count in {colour_start|wave_log_kill_count}%d{colour_end} nepřátel! Neslýchané!
----------

+++++++++++++++++++++++++++++++++++++++++
Error czech - str_allperished_endless_wave
----------
Couldn't find colour wave_log_kill_count in {colour_start|wave_log_kill_count}%d{colour_end} nadpřirozených nepřátel.
----------

+++++++++++++++++++++++++++++++++++++++++
Error czech - str_returned_from_plot_color_of_madness_2_retreat
----------
Couldn't find colour wave_log_kill_count in {colour_start|wave_log_kill_count}%d{colour_end} nepřátel!
----------

+++++++++++++++++++++++++++++++++++++++++
Error italian - bonus_currency_name_shard
----------
Couldn't find colour comet in {colour_start|comet}Frammenti{colour_end}
----------

+++++++++++++++++++++++++++++++++++++++++
Error italian - str_quest_select_highscore
----------
Couldn't find colour endless_highscore_killcount in {colour_start|endless_highscore_killcount}%d{colour_end} nemici mietuti!
----------

+++++++++++++++++++++++++++++++++++++++++
Error italian - str_allperished_endless_wave_highscore
----------
Couldn't find colour wave_log_kill_count in {colour_start|wave_log_kill_count}%d{colour_end} nemici prima di soccombere per le ferite subite. Ora riposano in p... ezzi.
----------

+++++++++++++++++++++++++++++++++++++++++
Error italian - str_returned_from_plot_color_of_madness_2_retreat_highscore
----------
Couldn't find colour wave_log_kill_count in {colour_start|wave_log_kill_count}%d{colour_end} nemici! Straordinario!
----------

+++++++++++++++++++++++++++++++++++++++++
Error italian - str_allperished_endless_wave
----------
Couldn't find colour wave_log_kill_count in {colour_start|wave_log_kill_count}%d{colour_end} nemici ultraterreni.
----------

+++++++++++++++++++++++++++++++++++++++++
Error italian - str_returned_from_plot_color_of_madness_2_retreat
----------
Couldn't find colour wave_log_kill_count in {colour_start|wave_log_kill_count}%d{colour_end} nemici annientati!
----------

+++++++++++++++++++++++++++++++++++++++++
Error schinese - bonus_currency_name_shard
----------
Couldn't find colour comet in {colour_start|comet}碎片{colour_end}
----------

+++++++++++++++++++++++++++++++++++++++++
Error schinese - str_quest_select_highscore
----------
Couldn't find colour endless_highscore_killcount in {colour_start|endless_highscore_killcount}%d{colour_end}名敌人！
----------

+++++++++++++++++++++++++++++++++++++++++
Error schinese - str_allperished_endless_wave_highscore
----------
Couldn't find colour wave_log_kill_count in {colour_start|wave_log_kill_count}%d{colour_end}名敌人。
----------

+++++++++++++++++++++++++++++++++++++++++
Error schinese - str_returned_from_plot_color_of_madness_2_retreat_highscore
----------
Couldn't find colour wave_log_kill_count in {colour_start|wave_log_kill_count}%d{colour_end}名敌人后从农庄归来！
----------

+++++++++++++++++++++++++++++++++++++++++
Error schinese - str_allperished_endless_wave
----------
Couldn't find colour wave_log_kill_count in {colour_start|wave_log_kill_count}%d{colour_end}名异界敌人。
----------

+++++++++++++++++++++++++++++++++++++++++
Error schinese - str_returned_from_plot_color_of_madness_2_retreat
----------
Couldn't find colour wave_log_kill_count in {colour_start|wave_log_kill_count}%d{colour_end}名敌人获得的战利品！
----------

+++++++++++++++++++++++++++++++++++++++++
Error koreanb - bonus_currency_name_shard
----------
Couldn't find colour comet in {colour_start|comet}파편{colour_end}
----------

+++++++++++++++++++++++++++++++++++++++++
Error koreanb - str_quest_select_highscore
----------
Couldn't find colour endless_highscore_killcount in {colour_start|endless_highscore_killcount}%d{colour_end}마리의 적을 수확했습니다!
----------

+++++++++++++++++++++++++++++++++++++++++
Error koreanb - str_allperished_endless_wave_highscore
----------
Couldn't find colour wave_log_kill_count in {colour_start|wave_log_kill_count}%d{colour_end}마리의 적을 처치했습니다. 이제 안식을 취합니다.
----------

+++++++++++++++++++++++++++++++++++++++++
Error koreanb - str_returned_from_plot_color_of_madness_2_retreat_highscore
----------
Couldn't find colour wave_log_kill_count in {colour_start|wave_log_kill_count}%d{colour_end}마리의 적을 처치하고 농장에서 복귀했습니다! 전대미문의 기록입니다!
----------

+++++++++++++++++++++++++++++++++++++++++
Error koreanb - str_allperished_endless_wave
----------
Couldn't find colour wave_log_kill_count in {colour_start|wave_log_kill_count}%d{colour_end}마리 처치했습니다.
----------

+++++++++++++++++++++++++++++++++++++++++
Error koreanb - str_returned_from_plot_color_of_madness_2_retreat
----------
Couldn't find colour wave_log_kill_count in {colour_start|wave_log_kill_count}%d{colour_end}마리의 적을 처치하고 전리품을 수확해 농장에서 돌아왔습니다.
----------

+++++++++++++++++++++++++++++++++++++++++
Error koreana - bonus_currency_name_shard
----------
Couldn't find colour comet in {colour_start|comet}파편{colour_end}
----------

+++++++++++++++++++++++++++++++++++++++++
Error koreana - str_quest_select_highscore
----------
Couldn't find colour endless_highscore_killcount in {colour_start|endless_highscore_killcount}%d{colour_end} 마리의 적 수확!
----------

+++++++++++++++++++++++++++++++++++++++++
Error koreana - str_allperished_endless_wave_highscore
----------
Couldn't find colour wave_log_kill_count in {colour_start|wave_log_kill_count}%d{colour_end}마리의 적을 쓰러뜨렸습니다. 이들은 이제 안식을 취하고 있습니다.
----------

+++++++++++++++++++++++++++++++++++++++++
Error koreana - str_returned_from_plot_color_of_madness_2_retreat_highscore
----------
Couldn't find colour wave_log_kill_count in {colour_start|wave_log_kill_count}%d{colour_end} 마리의 적을 죽이고 돌아왔습니다! 비교할 데 없는 업적입니다!
----------

+++++++++++++++++++++++++++++++++++++++++
Error koreana - str_allperished_endless_wave
----------
Couldn't find colour wave_log_kill_count in {colour_start|wave_log_kill_count}%d{colour_end} 마리가 줄었습니다.
----------

+++++++++++++++++++++++++++++++++++++++++
Error koreana - str_returned_from_plot_color_of_madness_2_retreat
----------
Couldn't find colour wave_log_kill_count in {colour_start|wave_log_kill_count}%d{colour_end} 마리의 적을 물리치고 얻은 전리품을 가지고 돌아왔습니다!
----------
Exporting .loc files

-------------------------------------------------------------------------------
Searching for preview icon file C:/Users/Toshiba/Desktop/Upload Files/Tos Upload/preview_icon.png...FOUND!
<UploadMode> - Set to direct_upload


-------------------------------------------------------------------------------
Modded files...

heroes/hellion/hellion_N/anim/hellion.sprite.afflicted.png
heroes/hellion/hellion_N/anim/hellion.sprite.attack_buff.png
heroes/hellion/hellion_N/anim/hellion.sprite.attack_charge.png
heroes/hellion/hellion_N/anim/hellion.sprite.attack_high.png
heroes/hellion/hellion_N/anim/hellion.sprite.attack_leap.png
heroes/hellion/hellion_N/anim/hellion.sprite.attack_low.png
heroes/hellion/hellion_N/anim/hellion.sprite.attack_ranged.png
heroes/hellion/hellion_N/anim/hellion.sprite.camp - Copy.png
heroes/hellion/hellion_N/anim/hellion.sprite.camp.png
heroes/hellion/hellion_N/anim/hellion.sprite.combat.png
heroes/hellion/hellion_N/anim/hellion.sprite.defend.png
heroes/hellion/hellion_N/anim/hellion.sprite.heroic.png
heroes/hellion/hellion_N/anim/hellion.sprite.idle.png
heroes/hellion/hellion_N/anim/hellion.sprite.investigate.png
heroes/hellion/hellion_N/anim/hellion.sprite.walk.png
heroes/hellion/hellion_O/anim/hellion.sprite.afflicted.png
heroes/hellion/hellion_O/anim/hellion.sprite.attack_buff.png
heroes/hellion/hellion_O/anim/hellion.sprite.attack_charge.png
heroes/hellion/hellion_O/anim/hellion.sprite.attack_high.png
heroes/hellion/hellion_O/anim/hellion.sprite.attack_leap.png
heroes/hellion/hellion_O/anim/hellion.sprite.attack_low.png
heroes/hellion/hellion_O/anim/hellion.sprite.attack_ranged.png
heroes/hellion/hellion_O/anim/hellion.sprite.camp.png
heroes/hellion/hellion_O/anim/hellion.sprite.combat.png
heroes/hellion/hellion_O/anim/hellion.sprite.defend.png
heroes/hellion/hellion_O/anim/hellion.sprite.heroic.png
heroes/hellion/hellion_O/anim/hellion.sprite.idle.png
heroes/hellion/hellion_O/anim/hellion.sprite.investigate.png
heroes/hellion/hellion_O/anim/hellion.sprite.walk.png
heroes/vestal/vestal_S/anim/vestal.sprite.afflicted.png
heroes/vestal/vestal_S/anim/vestal.sprite.afflicted.xcf
heroes/vestal/vestal_S/anim/vestal.sprite.attack_heal.png
heroes/vestal/vestal_S/anim/vestal.sprite.attack_heal.xcf
heroes/vestal/vestal_S/anim/vestal.sprite.attack_lectionary.png
heroes/vestal/vestal_S/anim/vestal.sprite.attack_lectionary.xcf
heroes/vestal/vestal_S/anim/vestal.sprite.attack_mace.png
heroes/vestal/vestal_S/anim/vestal.sprite.attack_mace.xcf
heroes/vestal/vestal_S/anim/vestal.sprite.attack_miracle.png
heroes/vestal/vestal_S/anim/vestal.sprite.attack_miracle.xcf
heroes/vestal/vestal_S/anim/vestal.sprite.camp.png
heroes/vestal/vestal_S/anim/vestal.sprite.camp.xcf
heroes/vestal/vestal_S/anim/vestal.sprite.combat.png
heroes/vestal/vestal_S/anim/vestal.sprite.combat.xcf
heroes/vestal/vestal_S/anim/vestal.sprite.defend.png
heroes/vestal/vestal_S/anim/vestal.sprite.defend.xcf
heroes/vestal/vestal_S/anim/vestal.sprite.heroic.png
heroes/vestal/vestal_S/anim/vestal.sprite.heroic.xcf
heroes/vestal/vestal_S/anim/vestal.sprite.idle.png
heroes/vestal/vestal_S/anim/vestal.sprite.idle.xcf
heroes/vestal/vestal_S/anim/vestal.sprite.investigate.png
heroes/vestal/vestal_S/anim/vestal.sprite.investigate.xcf
heroes/vestal/vestal_S/anim/vestal.sprite.walk.png
campaign/town/town_event/town_event.image_TooS_Procession.png
campaign/town/town_event/town_event.image_TooS_Radiance.png
campaign/town/town_event/town_event.image_bright_light.png
campaign/town/town_event/town_event.image_sunlight_chosen.png
campaign/town/town_event/town_event.image_sunlight_recruits.png
heroes/hellion/hellion_N/hellion_portrait_roster.png
heroes/hellion/hellion_O/hellion_portrait_roster.png
heroes/vestal/vestal_S/vestal_portrait_roster.png
heroes/vestal/vestal_S/vestal_portrait_roster.xcf
monsters/gold_phantom/anim/gold_phantom.sprite.attack_mace.atlas
monsters/gold_phantom/anim/gold_phantom.sprite.attack_mace.png
monsters/gold_phantom/anim/gold_phantom.sprite.attack_mace.skel
monsters/gold_phantom/anim/gold_phantom.sprite.attack_ranged.atlas
monsters/gold_phantom/anim/gold_phantom.sprite.attack_ranged.png
monsters/gold_phantom/anim/gold_phantom.sprite.attack_ranged.skel
monsters/gold_phantom/anim/gold_phantom.sprite.attack_shield.atlas
monsters/gold_phantom/anim/gold_phantom.sprite.attack_shield.png
monsters/gold_phantom/anim/gold_phantom.sprite.attack_shield.skel
monsters/gold_phantom/anim/gold_phantom.sprite.attack_shout.atlas
monsters/gold_phantom/anim/gold_phantom.sprite.attack_shout.png
monsters/gold_phantom/anim/gold_phantom.sprite.attack_shout.skel
monsters/gold_phantom/anim/gold_phantom.sprite.camp.atlas
monsters/gold_phantom/anim/gold_phantom.sprite.camp.skel
monsters/gold_phantom/anim/gold_phantom.sprite.combat.atlas
monsters/gold_phantom/anim/gold_phantom.sprite.combat.png
monsters/gold_phantom/anim/gold_phantom.sprite.combat.skel
monsters/gold_phantom/anim/gold_phantom.sprite.dead.atlas
monsters/gold_phantom/anim/gold_phantom.sprite.dead.skel
monsters/gold_phantom/anim/gold_phantom.sprite.defend.atlas
monsters/gold_phantom/anim/gold_phantom.sprite.defend.png
monsters/gold_phantom/anim/gold_phantom.sprite.defend.skel
monsters/gold_phantom/anim/gold_phantom.sprite.heroic.png
monsters/gold_phantom/anim/gold_phantom.sprite.idle.atlas
monsters/gold_phantom/anim/gold_phantom.sprite.idle.png
monsters/gold_phantom/anim/gold_phantom.sprite.idle.skel
monsters/gold_phantom/anim/gold_phantom.sprite.investigate.png
monsters/gold_phantom/anim/gold_phantom.sprite.walk.png
monsters/gold_phantom/fx/gold_phantom.sprite.absolution.atlas
monsters/gold_phantom/fx/gold_phantom.sprite.absolution.png
monsters/gold_phantom/fx/gold_phantom.sprite.absolution.skel
monsters/gold_phantom/fx/gold_phantom.sprite.command.atlas
monsters/gold_phantom/fx/gold_phantom.sprite.command.png
monsters/gold_phantom/fx/gold_phantom.sprite.command.skel
monsters/gold_phantom/fx/gold_phantom.sprite.defender.atlas
monsters/gold_phantom/fx/gold_phantom.sprite.defender.png
monsters/gold_phantom/fx/gold_phantom.sprite.defender.skel
monsters/gold_phantom/fx/gold_phantom.sprite.riposte.atlas
monsters/gold_phantom/fx/gold_phantom.sprite.riposte.png
monsters/gold_phantom/fx/gold_phantom.sprite.riposte.skel
monsters/gold_phantom/fx/gold_phantom.sprite.stunning_blow_target.atlas
monsters/gold_phantom/fx/gold_phantom.sprite.stunning_blow_target.png
monsters/gold_phantom/fx/gold_phantom.sprite.stunning_blow_target.skel
monsters/gold_phantom/fx/gold_phantom.sprite.weakening_curse_target.atlas
monsters/gold_phantom/fx/gold_phantom.sprite.weakening_curse_target.png
monsters/gold_phantom/fx/gold_phantom.sprite.weakening_curse_target.skel
monsters/gold_phantom/gold_phantom_A/gold_phantom_A.art.darkest
monsters/gold_phantom/gold_phantom_A/gold_phantom_A.info.darkest
monsters/gold_phantom/ui/jade_crystal.tray_battle_modifier_buff.png
monsters/gold_phantom/ui/jade_crystal.tray_battle_modifier_debuff.png
monsters/white_phantom/anim/white_phantom.sprite.attack_mace.atlas
monsters/white_phantom/anim/white_phantom.sprite.attack_mace.png
monsters/white_phantom/anim/white_phantom.sprite.attack_mace.skel
monsters/white_phantom/anim/white_phantom.sprite.attack_ranged.atlas
monsters/white_phantom/anim/white_phantom.sprite.attack_ranged.png
monsters/white_phantom/anim/white_phantom.sprite.attack_ranged.skel
monsters/white_phantom/anim/white_phantom.sprite.attack_shield.atlas
monsters/white_phantom/anim/white_phantom.sprite.attack_shield.png
monsters/white_phantom/anim/white_phantom.sprite.attack_shield.skel
monsters/white_phantom/anim/white_phantom.sprite.attack_shout.atlas
monsters/white_phantom/anim/white_phantom.sprite.attack_shout.png
monsters/white_phantom/anim/white_phantom.sprite.attack_shout.skel
monsters/white_phantom/anim/white_phantom.sprite.camp.atlas
monsters/white_phantom/anim/white_phantom.sprite.camp.png
monsters/white_phantom/anim/white_phantom.sprite.camp.skel
monsters/white_phantom/anim/white_phantom.sprite.combat.atlas
monsters/white_phantom/anim/white_phantom.sprite.combat.png
monsters/white_phantom/anim/white_phantom.sprite.combat.skel
monsters/white_phantom/anim/white_phantom.sprite.dead.atlas
monsters/white_phantom/anim/white_phantom.sprite.dead.png
monsters/white_phantom/anim/white_phantom.sprite.dead.skel
monsters/white_phantom/anim/white_phantom.sprite.defend.atlas
monsters/white_phantom/anim/white_phantom.sprite.defend.png
monsters/white_phantom/anim/white_phantom.sprite.defend.skel
monsters/white_phantom/anim/white_phantom.sprite.idle.atlas
monsters/white_phantom/anim/white_phantom.sprite.idle.png
monsters/white_phantom/anim/white_phantom.sprite.idle.skel
monsters/white_phantom/white_phantom_A/white_phantom_A.art.darkest
monsters/white_phantom/white_phantom_A/white_phantom_A.info.darkest
panels/icons_equip/estate/inv_estate+ascension_scroll.png
panels/icons_equip/estate/inv_estate+resin_heavy.png
panels/icons_equip/estate/inv_estate+resin_holy.png
panels/icons_equip/supply/inv_supply+blueflask.png
panels/icons_equip/supply/inv_supply+orangeflask.png
panels/icons_equip/trinket/inv_trinket+sunlight_banner.png
panels/icons_equip/trinket/inv_trinket+sunlight_beacon.png
panels/icons_equip/trinket/inv_trinket+sunlight_bell.png
panels/icons_equip/trinket/inv_trinket+sunlight_belt.png
panels/icons_equip/trinket/inv_trinket+sunlight_bomb.png
panels/icons_equip/trinket/inv_trinket+sunlight_bottle.png
panels/icons_equip/trinket/inv_trinket+sunlight_bullet.png
panels/icons_equip/trinket/inv_trinket+sunlight_butterfly.png
panels/icons_equip/trinket/inv_trinket+sunlight_card.png
panels/icons_equip/trinket/inv_trinket+sunlight_card_2.png
panels/icons_equip/trinket/inv_trinket+sunlight_clover.png
panels/icons_equip/trinket/inv_trinket+sunlight_clutch.png
panels/icons_equip/trinket/inv_trinket+sunlight_clutch_I.png
panels/icons_equip/trinket/inv_trinket+sunlight_clutchx.png
panels/icons_equip/trinket/inv_trinket+sunlight_coin.png
panels/icons_equip/trinket/inv_trinket+sunlight_comic.png
panels/icons_equip/trinket/inv_trinket+sunlight_crossbow.png
panels/icons_equip/trinket/inv_trinket+sunlight_doll.png
panels/icons_equip/trinket/inv_trinket+sunlight_duskslayer.png
panels/icons_equip/trinket/inv_trinket+sunlight_glasses.png
panels/icons_equip/trinket/inv_trinket+sunlight_glory.png
panels/icons_equip/trinket/inv_trinket+sunlight_hourglas.png
panels/icons_equip/trinket/inv_trinket+sunlight_kiln.png
panels/icons_equip/trinket/inv_trinket+sunlight_longsword.png
panels/icons_equip/trinket/inv_trinket+sunlight_maggot.png
panels/icons_equip/trinket/inv_trinket+sunlight_mask.png
panels/icons_equip/trinket/inv_trinket+sunlight_maw.png
panels/icons_equip/trinket/inv_trinket+sunlight_mirror.png
panels/icons_equip/trinket/inv_trinket+sunlight_padlock.png
panels/icons_equip/trinket/inv_trinket+sunlight_powders.png
panels/icons_equip/trinket/inv_trinket+sunlight_relic.png
panels/icons_equip/trinket/inv_trinket+sunlight_relicold.png
panels/icons_equip/trinket/inv_trinket+sunlight_seal.png
panels/icons_equip/trinket/inv_trinket+sunlight_shield.png
panels/icons_equip/trinket/inv_trinket+sunlight_skull.png
panels/icons_equip/trinket/inv_trinket+sunlight_spear.png
panels/icons_equip/trinket/inv_trinket+sunlight_sun.png
panels/icons_equip/trinket/inv_trinket+sunlight_sundial.png
panels/icons_equip/trinket/inv_trinket+sunlight_sword.png
panels/icons_equip/trinket/inv_trinket+sunlight_veil.png
panels/icons_equip/trinket/inv_trinket+sunlight_vial.png
panels/icons_equip/trinket/inv_trinket+warrior_of_sunlight_bible.png
panels/icons_equip/trinket/inv_trinket+warrior_of_sunlight_charm.png
panels/icons_equip/trinket/inv_trinket+warrior_of_sunlight_sunlightmedal.png
panels/icons_equip/trinket/rarity_abysrelic_rarity.png
panels/icons_equip/trinket/rarity_moonshine_rarity.png
panels/icons_equip/trinket/rarity_moonshine_rarity_2.png
panels/icons_equip/trinket/rarity_sunrelic_rarity.png
panels/icons_equip/trinket/rarity_sunrelic_rarity_modded.png
panels/icons_equip/trinket/rarity_unused.png
campaign/town_events/ToS.town_events.events.json
dungeons/_shared/sunlight.additional.1.mash.darkest
dungeons/_shared/sunlight.additional.3.mash.darkest
dungeons/_shared/sunlight.additional.5.mash.darkest
dungeons/_shared/white_phantom.conditional.1.mash.darkest
dungeons/_shared/white_phantom.conditional.3.mash.darkest
dungeons/_shared/white_phantom.conditional.5.mash.darkest
heroes/warrior_of_sunlight/vestal.sprite.attack_heal.png
heroes/warrior_of_sunlight/warrior_of_sunlight.override.darkest
localization/iphone/1769051332_brazilian.loc
localization/iphone/1769051332_czech.loc
localization/iphone/1769051332_english.loc
localization/iphone/1769051332_french.loc
localization/iphone/1769051332_german.loc
localization/iphone/1769051332_italian.loc
localization/iphone/1769051332_koreana.loc
localization/iphone/1769051332_koreanb.loc
localization/iphone/1769051332_polish.loc
localization/iphone/1769051332_russian.loc
localization/iphone/1769051332_schinese.loc
localization/iphone/1769051332_spanish.loc
localization/nx/1769051332_brazilian.loc
localization/nx/1769051332_czech.loc
localization/nx/1769051332_english.loc
localization/nx/1769051332_french.loc
localization/nx/1769051332_german.loc
localization/nx/1769051332_italian.loc
localization/nx/1769051332_japanese.loc
localization/nx/1769051332_koreana.loc
localization/nx/1769051332_koreanb.loc
localization/nx/1769051332_polish.loc
localization/nx/1769051332_russian.loc
localization/nx/1769051332_schinese.loc
localization/nx/1769051332_spanish.loc
localization/pc/1769051332_brazilian.loc
localization/pc/1769051332_czech.loc
localization/pc/1769051332_english.loc
localization/pc/1769051332_french.loc
localization/pc/1769051332_german.loc
localization/pc/1769051332_italian.loc
localization/pc/1769051332_japanese.loc
localization/pc/1769051332_koreana.loc
localization/pc/1769051332_koreanb.loc
localization/pc/1769051332_polish.loc
localization/pc/1769051332_russian.loc
localization/pc/1769051332_schinese.loc
localization/pc/1769051332_spanish.loc
localization/ps4/1769051332_brazilian.loc
localization/ps4/1769051332_czech.loc
localization/ps4/1769051332_english.loc
localization/ps4/1769051332_french.loc
