
-------------------------------------------------------------------------------
Parsing project file - C:\Users\T\Desktop\Darkest_Dungeon_Modding\000_X_spartan\project.xml
Mod Data Directory = C:/Users/T/Desktop/Darkest_Dungeon_Modding/000_X_spartan/

-------------------------------------------------------------------------------
Processing Map Files files...

-------------------------------------------------------------------------------
Running Localization...
Parsing localization/spartan.brazilian.string_table.xml
Parsing localization/spartan.czech.string_table.xml
Parsing localization/spartan.english.string_table.xml
Parsing localization/spartan.french.string_table.xml
Parsing localization/spartan.german.string_table.xml
Parsing localization/spartan.italian.string_table.xml
Parsing localization/spartan.japanese.string_table.xml
Parsing localization/spartan.koreana.string_table.xml
Parsing localization/spartan.koreanb.string_table.xml
Parsing localization/spartan.party_names.string_table.xml
Parsing localization/spartan.polish.string_table.xml
Parsing localization/spartan.russian.string_table.xml
Parsing localization/spartan.schinese.string_table.xml
Parsing localization/spartan.spanish.string_table.xml
Parsing localization/spartan.tchinese.string_table.xml

Building Languages
Exporting .loc files

-------------------------------------------------------------------------------
Searching for preview icon file C:/Users/T/Desktop/Darkest_Dungeon_Modding/000_X_spartan/preview_icon.png...FOUND!
<UploadMode> - Set to direct_upload


-------------------------------------------------------------------------------
Modded files...

heroes/spartan/spartan_A/anim/spartan.sprite.afflicted.png
heroes/spartan/spartan_A/anim/spartan.sprite.attack_break.png
heroes/spartan/spartan_A/anim/spartan.sprite.attack_expose.png
heroes/spartan/spartan_A/anim/spartan.sprite.attack_kiss.png
heroes/spartan/spartan_A/anim/spartan.sprite.attack_pierce.png
heroes/spartan/spartan_A/anim/spartan.sprite.attack_single.png
heroes/spartan/spartan_A/anim/spartan.sprite.attack_spear.png
heroes/spartan/spartan_A/anim/spartan.sprite.attack_sway.png
heroes/spartan/spartan_A/anim/spartan.sprite.camp.png
heroes/spartan/spartan_A/anim/spartan.sprite.combat.png
heroes/spartan/spartan_A/anim/spartan.sprite.defend.png
heroes/spartan/spartan_A/anim/spartan.sprite.heroic.png
heroes/spartan/spartan_A/anim/spartan.sprite.idle.png
heroes/spartan/spartan_A/anim/spartan.sprite.investigate.png
heroes/spartan/spartan_A/anim/spartan.sprite.walk.png
heroes/spartan/spartan_B/anim/spartan.sprite.afflicted.png
heroes/spartan/spartan_B/anim/spartan.sprite.attack_break.png
heroes/spartan/spartan_B/anim/spartan.sprite.attack_expose.png
heroes/spartan/spartan_B/anim/spartan.sprite.attack_kiss.png
heroes/spartan/spartan_B/anim/spartan.sprite.attack_pierce.png
heroes/spartan/spartan_B/anim/spartan.sprite.attack_single.png
heroes/spartan/spartan_B/anim/spartan.sprite.attack_spear.png
heroes/spartan/spartan_B/anim/spartan.sprite.attack_sway.png
heroes/spartan/spartan_B/anim/spartan.sprite.camp.png
heroes/spartan/spartan_B/anim/spartan.sprite.combat.png
heroes/spartan/spartan_B/anim/spartan.sprite.defend.png
heroes/spartan/spartan_B/anim/spartan.sprite.heroic.png
heroes/spartan/spartan_B/anim/spartan.sprite.idle.png
heroes/spartan/spartan_B/anim/spartan.sprite.investigate.png
heroes/spartan/spartan_B/anim/spartan.sprite.walk.png
heroes/spartan/spartan_C/anim/spartan.sprite.afflicted.png
heroes/spartan/spartan_C/anim/spartan.sprite.attack_break.png
heroes/spartan/spartan_C/anim/spartan.sprite.attack_expose.png
heroes/spartan/spartan_C/anim/spartan.sprite.attack_kiss.png
heroes/spartan/spartan_C/anim/spartan.sprite.attack_pierce.png
heroes/spartan/spartan_C/anim/spartan.sprite.attack_single.png
heroes/spartan/spartan_C/anim/spartan.sprite.attack_spear.png
heroes/spartan/spartan_C/anim/spartan.sprite.attack_sway.png
heroes/spartan/spartan_C/anim/spartan.sprite.camp.png
heroes/spartan/spartan_C/anim/spartan.sprite.combat.png
heroes/spartan/spartan_C/anim/spartan.sprite.defend.png
heroes/spartan/spartan_C/anim/spartan.sprite.heroic.png
heroes/spartan/spartan_C/anim/spartan.sprite.idle.png
heroes/spartan/spartan_C/anim/spartan.sprite.investigate.png
heroes/spartan/spartan_C/anim/spartan.sprite.walk.png
heroes/spartan/spartan_D/anim/spartan.sprite.afflicted.png
heroes/spartan/spartan_D/anim/spartan.sprite.attack_break.png
heroes/spartan/spartan_D/anim/spartan.sprite.attack_expose.png
heroes/spartan/spartan_D/anim/spartan.sprite.attack_kiss.png
heroes/spartan/spartan_D/anim/spartan.sprite.attack_pierce.png
heroes/spartan/spartan_D/anim/spartan.sprite.attack_single.png
heroes/spartan/spartan_D/anim/spartan.sprite.attack_spear.png
heroes/spartan/spartan_D/anim/spartan.sprite.attack_sway.png
heroes/spartan/spartan_D/anim/spartan.sprite.camp.png
heroes/spartan/spartan_D/anim/spartan.sprite.combat.png
heroes/spartan/spartan_D/anim/spartan.sprite.defend.png
heroes/spartan/spartan_D/anim/spartan.sprite.heroic.png
heroes/spartan/spartan_D/anim/spartan.sprite.idle.png
heroes/spartan/spartan_D/anim/spartan.sprite.investigate.png
heroes/spartan/spartan_D/anim/spartan.sprite.walk.png
heroes/spartan/spartan_E/anim/spartan.sprite.afflicted.png
heroes/spartan/spartan_E/anim/spartan.sprite.attack_break.png
heroes/spartan/spartan_E/anim/spartan.sprite.attack_expose.png
heroes/spartan/spartan_E/anim/spartan.sprite.attack_kiss.png
heroes/spartan/spartan_E/anim/spartan.sprite.attack_pierce.png
heroes/spartan/spartan_E/anim/spartan.sprite.attack_single.png
heroes/spartan/spartan_E/anim/spartan.sprite.attack_spear.png
heroes/spartan/spartan_E/anim/spartan.sprite.attack_sway.png
heroes/spartan/spartan_E/anim/spartan.sprite.camp.png
heroes/spartan/spartan_E/anim/spartan.sprite.combat.png
heroes/spartan/spartan_E/anim/spartan.sprite.defend.png
heroes/spartan/spartan_E/anim/spartan.sprite.heroic.png
heroes/spartan/spartan_E/anim/spartan.sprite.idle.png
heroes/spartan/spartan_E/anim/spartan.sprite.investigate.png
heroes/spartan/spartan_E/anim/spartan.sprite.walk.png
heroes/spartan/spartan_F/anim/spartan.sprite.afflicted.png
heroes/spartan/spartan_F/anim/spartan.sprite.attack_break.png
heroes/spartan/spartan_F/anim/spartan.sprite.attack_expose.png
heroes/spartan/spartan_F/anim/spartan.sprite.attack_kiss.png
heroes/spartan/spartan_F/anim/spartan.sprite.attack_pierce.png
heroes/spartan/spartan_F/anim/spartan.sprite.attack_single.png
heroes/spartan/spartan_F/anim/spartan.sprite.attack_spear.png
heroes/spartan/spartan_F/anim/spartan.sprite.attack_sway.png
heroes/spartan/spartan_F/anim/spartan.sprite.camp.png
heroes/spartan/spartan_F/anim/spartan.sprite.combat.png
heroes/spartan/spartan_F/anim/spartan.sprite.defend.png
heroes/spartan/spartan_F/anim/spartan.sprite.heroic.png
heroes/spartan/spartan_F/anim/spartan.sprite.idle.png
heroes/spartan/spartan_F/anim/spartan.sprite.investigate.png
heroes/spartan/spartan_F/anim/spartan.sprite.walk.png
heroes/spartan/spartan_G/anim/spartan.sprite.afflicted.png
heroes/spartan/spartan_G/anim/spartan.sprite.attack_break.png
heroes/spartan/spartan_G/anim/spartan.sprite.attack_expose.png
heroes/spartan/spartan_G/anim/spartan.sprite.attack_kiss.png
heroes/spartan/spartan_G/anim/spartan.sprite.attack_pierce.png
heroes/spartan/spartan_G/anim/spartan.sprite.attack_single.png
heroes/spartan/spartan_G/anim/spartan.sprite.attack_spear.png
heroes/spartan/spartan_G/anim/spartan.sprite.attack_sway.png
heroes/spartan/spartan_G/anim/spartan.sprite.camp.png
heroes/spartan/spartan_G/anim/spartan.sprite.combat.png
heroes/spartan/spartan_G/anim/spartan.sprite.defend.png
heroes/spartan/spartan_G/anim/spartan.sprite.heroic.png
heroes/spartan/spartan_G/anim/spartan.sprite.idle.png
heroes/spartan/spartan_G/anim/spartan.sprite.investigate.png
heroes/spartan/spartan_G/anim/spartan.sprite.walk.png
heroes/spartan/spartan_H/anim/spartan.sprite.afflicted.png
heroes/spartan/spartan_H/anim/spartan.sprite.attack_break.png
heroes/spartan/spartan_H/anim/spartan.sprite.attack_expose.png
heroes/spartan/spartan_H/anim/spartan.sprite.attack_kiss.png
heroes/spartan/spartan_H/anim/spartan.sprite.attack_pierce.png
heroes/spartan/spartan_H/anim/spartan.sprite.attack_single.png
heroes/spartan/spartan_H/anim/spartan.sprite.attack_spear.png
heroes/spartan/spartan_H/anim/spartan.sprite.attack_sway.png
heroes/spartan/spartan_H/anim/spartan.sprite.camp.png
heroes/spartan/spartan_H/anim/spartan.sprite.combat.png
heroes/spartan/spartan_H/anim/spartan.sprite.defend.png
heroes/spartan/spartan_H/anim/spartan.sprite.heroic.png
heroes/spartan/spartan_H/anim/spartan.sprite.idle.png
heroes/spartan/spartan_H/anim/spartan.sprite.investigate.png
heroes/spartan/spartan_H/anim/spartan.sprite.walk.png
heroes/spartan/spartan_I/anim/spartan.sprite.afflicted.png
heroes/spartan/spartan_I/anim/spartan.sprite.attack_break.png
heroes/spartan/spartan_I/anim/spartan.sprite.attack_expose.png
heroes/spartan/spartan_I/anim/spartan.sprite.attack_kiss.png
heroes/spartan/spartan_I/anim/spartan.sprite.attack_pierce.png
heroes/spartan/spartan_I/anim/spartan.sprite.attack_single.png
heroes/spartan/spartan_I/anim/spartan.sprite.attack_spear.png
heroes/spartan/spartan_I/anim/spartan.sprite.attack_sway.png
heroes/spartan/spartan_I/anim/spartan.sprite.camp.png
heroes/spartan/spartan_I/anim/spartan.sprite.combat.png
heroes/spartan/spartan_I/anim/spartan.sprite.defend.png
heroes/spartan/spartan_I/anim/spartan.sprite.heroic.png
heroes/spartan/spartan_I/anim/spartan.sprite.idle.png
heroes/spartan/spartan_I/anim/spartan.sprite.investigate.png
heroes/spartan/spartan_I/anim/spartan.sprite.walk.png
heroes/spartan/spartan_J/anim/spartan.sprite.afflicted.png
heroes/spartan/spartan_J/anim/spartan.sprite.attack_break.png
heroes/spartan/spartan_J/anim/spartan.sprite.attack_expose.png
heroes/spartan/spartan_J/anim/spartan.sprite.attack_kiss.png
heroes/spartan/spartan_J/anim/spartan.sprite.attack_pierce.png
heroes/spartan/spartan_J/anim/spartan.sprite.attack_single.png
heroes/spartan/spartan_J/anim/spartan.sprite.attack_spear.png
heroes/spartan/spartan_J/anim/spartan.sprite.attack_sway.png
heroes/spartan/spartan_J/anim/spartan.sprite.camp.png
heroes/spartan/spartan_J/anim/spartan.sprite.combat.png
heroes/spartan/spartan_J/anim/spartan.sprite.defend.png
heroes/spartan/spartan_J/anim/spartan.sprite.heroic.png
heroes/spartan/spartan_J/anim/spartan.sprite.idle.png
heroes/spartan/spartan_J/anim/spartan.sprite.investigate.png
heroes/spartan/spartan_J/anim/spartan.sprite.walk.png
heroes/spartan/spartan_K/anim/spartan.sprite.afflicted.png
heroes/spartan/spartan_K/anim/spartan.sprite.attack_break.png
heroes/spartan/spartan_K/anim/spartan.sprite.attack_expose.png
heroes/spartan/spartan_K/anim/spartan.sprite.attack_kiss.png
heroes/spartan/spartan_K/anim/spartan.sprite.attack_pierce.png
heroes/spartan/spartan_K/anim/spartan.sprite.attack_single.png
heroes/spartan/spartan_K/anim/spartan.sprite.attack_spear.png
heroes/spartan/spartan_K/anim/spartan.sprite.attack_sway.png
heroes/spartan/spartan_K/anim/spartan.sprite.camp.png
heroes/spartan/spartan_K/anim/spartan.sprite.combat.png
heroes/spartan/spartan_K/anim/spartan.sprite.defend.png
heroes/spartan/spartan_K/anim/spartan.sprite.heroic.png
heroes/spartan/spartan_K/anim/spartan.sprite.idle.png
heroes/spartan/spartan_K/anim/spartan.sprite.investigate.png
heroes/spartan/spartan_K/anim/spartan.sprite.walk.png
heroes/spartan/spartan_L/anim/spartan.sprite.afflicted.png
heroes/spartan/spartan_L/anim/spartan.sprite.attack_break.png
heroes/spartan/spartan_L/anim/spartan.sprite.attack_expose.png
heroes/spartan/spartan_L/anim/spartan.sprite.attack_kiss.png
heroes/spartan/spartan_L/anim/spartan.sprite.attack_pierce.png
heroes/spartan/spartan_L/anim/spartan.sprite.attack_single.png
heroes/spartan/spartan_L/anim/spartan.sprite.attack_spear.png
heroes/spartan/spartan_L/anim/spartan.sprite.attack_sway.png
heroes/spartan/spartan_L/anim/spartan.sprite.camp.png
heroes/spartan/spartan_L/anim/spartan.sprite.combat.png
heroes/spartan/spartan_L/anim/spartan.sprite.defend.png
heroes/spartan/spartan_L/anim/spartan.sprite.heroic.png
heroes/spartan/spartan_L/anim/spartan.sprite.idle.png
heroes/spartan/spartan_L/anim/spartan.sprite.investigate.png
heroes/spartan/spartan_L/anim/spartan.sprite.walk.png
campaign/town/town_event/town_event.image_first_spartan.png
heroes/spartan/anim/spartan.sprite.afflicted.atlas
heroes/spartan/anim/spartan.sprite.afflicted.skel
heroes/spartan/anim/spartan.sprite.attack_break.atlas
heroes/spartan/anim/spartan.sprite.attack_break.skel
heroes/spartan/anim/spartan.sprite.attack_expose.atlas
heroes/spartan/anim/spartan.sprite.attack_expose.skel
heroes/spartan/anim/spartan.sprite.attack_kiss.atlas
heroes/spartan/anim/spartan.sprite.attack_kiss.skel
heroes/spartan/anim/spartan.sprite.attack_pierce.atlas
heroes/spartan/anim/spartan.sprite.attack_pierce.skel
heroes/spartan/anim/spartan.sprite.attack_single.atlas
heroes/spartan/anim/spartan.sprite.attack_single.skel
heroes/spartan/anim/spartan.sprite.attack_spear.atlas
heroes/spartan/anim/spartan.sprite.attack_spear.skel
heroes/spartan/anim/spartan.sprite.attack_sway.atlas
heroes/spartan/anim/spartan.sprite.attack_sway.skel
heroes/spartan/anim/spartan.sprite.camp.atlas
heroes/spartan/anim/spartan.sprite.camp.skel
heroes/spartan/anim/spartan.sprite.combat.atlas
heroes/spartan/anim/spartan.sprite.combat.skel
heroes/spartan/anim/spartan.sprite.defend.atlas
heroes/spartan/anim/spartan.sprite.defend.skel
heroes/spartan/anim/spartan.sprite.heroic.atlas
heroes/spartan/anim/spartan.sprite.heroic.skel
heroes/spartan/anim/spartan.sprite.idle.atlas
heroes/spartan/anim/spartan.sprite.idle.skel
heroes/spartan/anim/spartan.sprite.investigate.atlas
heroes/spartan/anim/spartan.sprite.investigate.skel
heroes/spartan/anim/spartan.sprite.walk.atlas
heroes/spartan/anim/spartan.sprite.walk.skel
heroes/spartan/fx/spartan.sprite.adders_kiss.atlas
heroes/spartan/fx/spartan.sprite.adders_kiss.png
heroes/spartan/fx/spartan.sprite.adders_kiss.skel
heroes/spartan/fx/spartan.sprite.adders_kiss_target.atlas
heroes/spartan/fx/spartan.sprite.adders_kiss_target.png
heroes/spartan/fx/spartan.sprite.adders_kiss_target.skel
heroes/spartan/fx/spartan.sprite.break_guard.atlas
heroes/spartan/fx/spartan.sprite.break_guard.png
heroes/spartan/fx/spartan.sprite.break_guard.skel
heroes/spartan/fx/spartan.sprite.divine_grace_target.atlas
heroes/spartan/fx/spartan.sprite.divine_grace_target.png
heroes/spartan/fx/spartan.sprite.divine_grace_target.skel
heroes/spartan/fx/spartan.sprite.expose.atlas
heroes/spartan/fx/spartan.sprite.expose.png
heroes/spartan/fx/spartan.sprite.expose.skel
heroes/spartan/fx/spartan.sprite.expose_target.atlas
heroes/spartan/fx/spartan.sprite.expose_target.png
heroes/spartan/fx/spartan.sprite.expose_target.skel
heroes/spartan/fx/spartan.sprite.pierce.atlas
heroes/spartan/fx/spartan.sprite.pierce.png
heroes/spartan/fx/spartan.sprite.pierce.skel
heroes/spartan/fx/spartan.sprite.serpents_sway.atlas
heroes/spartan/fx/spartan.sprite.serpents_sway.png
heroes/spartan/fx/spartan.sprite.serpents_sway.skel
heroes/spartan/fx/spartan.sprite.single_out.atlas
heroes/spartan/fx/spartan.sprite.single_out.png
heroes/spartan/fx/spartan.sprite.single_out.skel
heroes/spartan/fx/spartan.sprite.single_out_target.atlas
heroes/spartan/fx/spartan.sprite.single_out_target.png
heroes/spartan/fx/spartan.sprite.single_out_target.skel
heroes/spartan/fx/spartan.sprite.spearing.atlas
heroes/spartan/fx/spartan.sprite.spearing.png
heroes/spartan/fx/spartan.sprite.spearing.skel
heroes/spartan/fx/spartan.sprite.spearing_target.atlas
heroes/spartan/fx/spartan.sprite.spearing_target.png
heroes/spartan/fx/spartan.sprite.spearing_target.skel
heroes/spartan/icons_equip/eqp_armour_0.png
heroes/spartan/icons_equip/eqp_armour_1.png
heroes/spartan/icons_equip/eqp_armour_2.png
heroes/spartan/icons_equip/eqp_armour_3.png
heroes/spartan/icons_equip/eqp_armour_4.png
heroes/spartan/icons_equip/eqp_weapon_0.png
heroes/spartan/icons_equip/eqp_weapon_1.png
heroes/spartan/icons_equip/eqp_weapon_2.png
heroes/spartan/icons_equip/eqp_weapon_3.png
heroes/spartan/icons_equip/eqp_weapon_4.png
heroes/spartan/spartan_A/spartan_portrait_roster.png
heroes/spartan/spartan_B/spartan_portrait_roster.png
heroes/spartan/spartan_C/spartan_portrait_roster.png
heroes/spartan/spartan_D/spartan_portrait_roster.png
