
-------------------------------------------------------------------------------
Parsing project file - C:\Users\T\Desktop\Darkest_Dungeon_Modding\000_X_shadow_walker\project.xml
Mod Data Directory = C:/Users/T/Desktop/Darkest_Dungeon_Modding/000_X_shadow_walker/

-------------------------------------------------------------------------------
Processing Map Files files...

-------------------------------------------------------------------------------
Running Localization...
Parsing localization/shadow_walker.brazilian.string_table.xml
Parsing localization/shadow_walker.czech.string_table.xml
Parsing localization/shadow_walker.english.string_table.xml
Parsing localization/shadow_walker.french.string_table.xml
Parsing localization/shadow_walker.german.string_table.xml
Parsing localization/shadow_walker.italian.string_table.xml
Parsing localization/shadow_walker.japanese.string_table.xml
Parsing localization/shadow_walker.koreana.string_table.xml
Parsing localization/shadow_walker.koreanb.string_table.xml
Parsing localization/shadow_walker.party_names.string_table.xml
Parsing localization/shadow_walker.polish.string_table.xml
Parsing localization/shadow_walker.russisan.string_table.xml
Parsing localization/shadow_walker.schinese.string_table.xml
Parsing localization/shadow_walker.tchinese.string_table.xml

Building Languages
Exporting .loc files

-------------------------------------------------------------------------------
Searching for preview icon file C:/Users/T/Desktop/Darkest_Dungeon_Modding/000_X_shadow_walker/preview_icon.png...FOUND!
<UploadMode> - Set to direct_upload


-------------------------------------------------------------------------------
Modded files...

heroes/shadow_walker/shadow_walker_A/anim/shadow_walker.sprite.afflicted.png
heroes/shadow_walker/shadow_walker_A/anim/shadow_walker.sprite.attack_axe.png
heroes/shadow_walker/shadow_walker_A/anim/shadow_walker.sprite.attack_dirk.png
heroes/shadow_walker/shadow_walker_A/anim/shadow_walker.sprite.attack_hook.png
heroes/shadow_walker/shadow_walker_A/anim/shadow_walker.sprite.attack_point.png
heroes/shadow_walker/shadow_walker_A/anim/shadow_walker.sprite.attack_punch.png
heroes/shadow_walker/shadow_walker_A/anim/shadow_walker.sprite.attack_slice.png
heroes/shadow_walker/shadow_walker_A/anim/shadow_walker.sprite.attack_throw.png
heroes/shadow_walker/shadow_walker_A/anim/shadow_walker.sprite.camp.png
heroes/shadow_walker/shadow_walker_A/anim/shadow_walker.sprite.combat.png
heroes/shadow_walker/shadow_walker_A/anim/shadow_walker.sprite.defend.png
heroes/shadow_walker/shadow_walker_A/anim/shadow_walker.sprite.heroic.png
heroes/shadow_walker/shadow_walker_A/anim/shadow_walker.sprite.idle.png
heroes/shadow_walker/shadow_walker_A/anim/shadow_walker.sprite.investigate.png
heroes/shadow_walker/shadow_walker_A/anim/shadow_walker.sprite.walk.png
heroes/shadow_walker/shadow_walker_B/anim/shadow_walker.sprite.afflicted.png
heroes/shadow_walker/shadow_walker_B/anim/shadow_walker.sprite.attack_axe.png
heroes/shadow_walker/shadow_walker_B/anim/shadow_walker.sprite.attack_dirk.png
heroes/shadow_walker/shadow_walker_B/anim/shadow_walker.sprite.attack_hook.png
heroes/shadow_walker/shadow_walker_B/anim/shadow_walker.sprite.attack_point.png
heroes/shadow_walker/shadow_walker_B/anim/shadow_walker.sprite.attack_punch.png
heroes/shadow_walker/shadow_walker_B/anim/shadow_walker.sprite.attack_slice.png
heroes/shadow_walker/shadow_walker_B/anim/shadow_walker.sprite.attack_throw.png
heroes/shadow_walker/shadow_walker_B/anim/shadow_walker.sprite.camp.png
heroes/shadow_walker/shadow_walker_B/anim/shadow_walker.sprite.combat.png
heroes/shadow_walker/shadow_walker_B/anim/shadow_walker.sprite.defend.png
heroes/shadow_walker/shadow_walker_B/anim/shadow_walker.sprite.heroic.png
heroes/shadow_walker/shadow_walker_B/anim/shadow_walker.sprite.idle.png
heroes/shadow_walker/shadow_walker_B/anim/shadow_walker.sprite.investigate.png
heroes/shadow_walker/shadow_walker_B/anim/shadow_walker.sprite.walk.png
heroes/shadow_walker/shadow_walker_C/anim/shadow_walker.sprite.afflicted.png
heroes/shadow_walker/shadow_walker_C/anim/shadow_walker.sprite.attack_axe.png
heroes/shadow_walker/shadow_walker_C/anim/shadow_walker.sprite.attack_dirk.png
heroes/shadow_walker/shadow_walker_C/anim/shadow_walker.sprite.attack_hook.png
heroes/shadow_walker/shadow_walker_C/anim/shadow_walker.sprite.attack_point.png
heroes/shadow_walker/shadow_walker_C/anim/shadow_walker.sprite.attack_punch.png
heroes/shadow_walker/shadow_walker_C/anim/shadow_walker.sprite.attack_slice.png
heroes/shadow_walker/shadow_walker_C/anim/shadow_walker.sprite.attack_throw.png
heroes/shadow_walker/shadow_walker_C/anim/shadow_walker.sprite.camp.png
heroes/shadow_walker/shadow_walker_C/anim/shadow_walker.sprite.combat.png
heroes/shadow_walker/shadow_walker_C/anim/shadow_walker.sprite.defend.png
heroes/shadow_walker/shadow_walker_C/anim/shadow_walker.sprite.heroic.png
heroes/shadow_walker/shadow_walker_C/anim/shadow_walker.sprite.idle.png
heroes/shadow_walker/shadow_walker_C/anim/shadow_walker.sprite.investigate.png
heroes/shadow_walker/shadow_walker_C/anim/shadow_walker.sprite.walk.png
heroes/shadow_walker/shadow_walker_D/anim/shadow_walker.sprite.afflicted.png
heroes/shadow_walker/shadow_walker_D/anim/shadow_walker.sprite.attack_axe.png
heroes/shadow_walker/shadow_walker_D/anim/shadow_walker.sprite.attack_dirk.png
heroes/shadow_walker/shadow_walker_D/anim/shadow_walker.sprite.attack_hook.png
heroes/shadow_walker/shadow_walker_D/anim/shadow_walker.sprite.attack_point.png
heroes/shadow_walker/shadow_walker_D/anim/shadow_walker.sprite.attack_punch.png
heroes/shadow_walker/shadow_walker_D/anim/shadow_walker.sprite.attack_slice.png
heroes/shadow_walker/shadow_walker_D/anim/shadow_walker.sprite.attack_throw.png
heroes/shadow_walker/shadow_walker_D/anim/shadow_walker.sprite.camp.png
heroes/shadow_walker/shadow_walker_D/anim/shadow_walker.sprite.combat.png
heroes/shadow_walker/shadow_walker_D/anim/shadow_walker.sprite.defend.png
heroes/shadow_walker/shadow_walker_D/anim/shadow_walker.sprite.heroic.png
heroes/shadow_walker/shadow_walker_D/anim/shadow_walker.sprite.idle.png
heroes/shadow_walker/shadow_walker_D/anim/shadow_walker.sprite.investigate.png
heroes/shadow_walker/shadow_walker_D/anim/shadow_walker.sprite.walk.png
heroes/shadow_walker/shadow_walker_E/anim/shadow_walker.sprite.afflicted.png
heroes/shadow_walker/shadow_walker_E/anim/shadow_walker.sprite.attack_axe.png
heroes/shadow_walker/shadow_walker_E/anim/shadow_walker.sprite.attack_dirk.png
heroes/shadow_walker/shadow_walker_E/anim/shadow_walker.sprite.attack_hook.png
heroes/shadow_walker/shadow_walker_E/anim/shadow_walker.sprite.attack_point.png
heroes/shadow_walker/shadow_walker_E/anim/shadow_walker.sprite.attack_punch.png
heroes/shadow_walker/shadow_walker_E/anim/shadow_walker.sprite.attack_slice.png
heroes/shadow_walker/shadow_walker_E/anim/shadow_walker.sprite.attack_throw.png
heroes/shadow_walker/shadow_walker_E/anim/shadow_walker.sprite.camp.png
heroes/shadow_walker/shadow_walker_E/anim/shadow_walker.sprite.combat.png
heroes/shadow_walker/shadow_walker_E/anim/shadow_walker.sprite.defend.png
heroes/shadow_walker/shadow_walker_E/anim/shadow_walker.sprite.heroic.png
heroes/shadow_walker/shadow_walker_E/anim/shadow_walker.sprite.idle.png
heroes/shadow_walker/shadow_walker_E/anim/shadow_walker.sprite.investigate.png
heroes/shadow_walker/shadow_walker_E/anim/shadow_walker.sprite.walk.png
heroes/shadow_walker/shadow_walker_F/anim/shadow_walker.sprite.afflicted.png
heroes/shadow_walker/shadow_walker_F/anim/shadow_walker.sprite.attack_axe.png
heroes/shadow_walker/shadow_walker_F/anim/shadow_walker.sprite.attack_dirk.png
heroes/shadow_walker/shadow_walker_F/anim/shadow_walker.sprite.attack_hook.png
heroes/shadow_walker/shadow_walker_F/anim/shadow_walker.sprite.attack_point.png
heroes/shadow_walker/shadow_walker_F/anim/shadow_walker.sprite.attack_punch.png
heroes/shadow_walker/shadow_walker_F/anim/shadow_walker.sprite.attack_slice.png
heroes/shadow_walker/shadow_walker_F/anim/shadow_walker.sprite.attack_throw.png
heroes/shadow_walker/shadow_walker_F/anim/shadow_walker.sprite.camp.png
heroes/shadow_walker/shadow_walker_F/anim/shadow_walker.sprite.combat.png
heroes/shadow_walker/shadow_walker_F/anim/shadow_walker.sprite.defend.png
heroes/shadow_walker/shadow_walker_F/anim/shadow_walker.sprite.heroic.png
heroes/shadow_walker/shadow_walker_F/anim/shadow_walker.sprite.idle.png
heroes/shadow_walker/shadow_walker_F/anim/shadow_walker.sprite.investigate.png
heroes/shadow_walker/shadow_walker_F/anim/shadow_walker.sprite.walk.png
campaign/town/town_event/town_event.image_first_shadow_walker.png
heroes/shadow_walker/anim/shadow_walker.sprite.afflicted.atlas
heroes/shadow_walker/anim/shadow_walker.sprite.afflicted.skel
heroes/shadow_walker/anim/shadow_walker.sprite.attack_axe.atlas
heroes/shadow_walker/anim/shadow_walker.sprite.attack_axe.skel
heroes/shadow_walker/anim/shadow_walker.sprite.attack_dirk.atlas
heroes/shadow_walker/anim/shadow_walker.sprite.attack_dirk.skel
heroes/shadow_walker/anim/shadow_walker.sprite.attack_hook.atlas
heroes/shadow_walker/anim/shadow_walker.sprite.attack_hook.skel
heroes/shadow_walker/anim/shadow_walker.sprite.attack_point.atlas
heroes/shadow_walker/anim/shadow_walker.sprite.attack_point.skel
heroes/shadow_walker/anim/shadow_walker.sprite.attack_punch.atlas
heroes/shadow_walker/anim/shadow_walker.sprite.attack_punch.skel
heroes/shadow_walker/anim/shadow_walker.sprite.attack_slice.atlas
heroes/shadow_walker/anim/shadow_walker.sprite.attack_slice.skel
heroes/shadow_walker/anim/shadow_walker.sprite.attack_throw.atlas
heroes/shadow_walker/anim/shadow_walker.sprite.attack_throw.skel
heroes/shadow_walker/anim/shadow_walker.sprite.camp.atlas
heroes/shadow_walker/anim/shadow_walker.sprite.camp.skel
heroes/shadow_walker/anim/shadow_walker.sprite.combat.atlas
heroes/shadow_walker/anim/shadow_walker.sprite.combat.skel
heroes/shadow_walker/anim/shadow_walker.sprite.defend.atlas
heroes/shadow_walker/anim/shadow_walker.sprite.defend.skel
heroes/shadow_walker/anim/shadow_walker.sprite.heroic.atlas
heroes/shadow_walker/anim/shadow_walker.sprite.heroic.skel
heroes/shadow_walker/anim/shadow_walker.sprite.idle.atlas
heroes/shadow_walker/anim/shadow_walker.sprite.idle.skel
heroes/shadow_walker/anim/shadow_walker.sprite.investigate.atlas
heroes/shadow_walker/anim/shadow_walker.sprite.investigate.skel
heroes/shadow_walker/anim/shadow_walker.sprite.walk.atlas
heroes/shadow_walker/anim/shadow_walker.sprite.walk.skel
heroes/shadow_walker/fx/shadow_walker.sprite.collect_bounty.atlas
heroes/shadow_walker/fx/shadow_walker.sprite.collect_bounty.png
heroes/shadow_walker/fx/shadow_walker.sprite.collect_bounty.skel
heroes/shadow_walker/fx/shadow_walker.sprite.cure_target.atlas
heroes/shadow_walker/fx/shadow_walker.sprite.cure_target.png
heroes/shadow_walker/fx/shadow_walker.sprite.cure_target.skel
heroes/shadow_walker/fx/shadow_walker.sprite.emboldening_vapours_target.atlas
heroes/shadow_walker/fx/shadow_walker.sprite.emboldening_vapours_target.png
heroes/shadow_walker/fx/shadow_walker.sprite.emboldening_vapours_target.skel
heroes/shadow_walker/fx/shadow_walker.sprite.finish_him.atlas
heroes/shadow_walker/fx/shadow_walker.sprite.finish_him.png
heroes/shadow_walker/fx/shadow_walker.sprite.finish_him.skel
heroes/shadow_walker/fx/shadow_walker.sprite.flashbang.atlas
heroes/shadow_walker/fx/shadow_walker.sprite.flashbang.png
heroes/shadow_walker/fx/shadow_walker.sprite.flashbang.skel
heroes/shadow_walker/fx/shadow_walker.sprite.flashbang_target.atlas
heroes/shadow_walker/fx/shadow_walker.sprite.flashbang_target.png
heroes/shadow_walker/fx/shadow_walker.sprite.flashbang_target.skel
heroes/shadow_walker/fx/shadow_walker.sprite.flashing_daggers_target.atlas
heroes/shadow_walker/fx/shadow_walker.sprite.flashing_daggers_target.png
heroes/shadow_walker/fx/shadow_walker.sprite.flashing_daggers_target.skel
heroes/shadow_walker/fx/shadow_walker.sprite.flashpowder_target.atlas
heroes/shadow_walker/fx/shadow_walker.sprite.flashpowder_target.png
heroes/shadow_walker/fx/shadow_walker.sprite.flashpowder_target.skel
heroes/shadow_walker/fx/shadow_walker.sprite.hook_and_slice_target.atlas
heroes/shadow_walker/fx/shadow_walker.sprite.hook_and_slice_target.png
heroes/shadow_walker/fx/shadow_walker.sprite.hook_and_slice_target.skel
heroes/shadow_walker/fx/shadow_walker.sprite.punish_target.atlas
heroes/shadow_walker/fx/shadow_walker.sprite.punish_target.png
heroes/shadow_walker/fx/shadow_walker.sprite.punish_target.skel
heroes/shadow_walker/fx/shadow_walker.sprite.target_tag.atlas
heroes/shadow_walker/fx/shadow_walker.sprite.target_tag.png
heroes/shadow_walker/fx/shadow_walker.sprite.target_tag.skel
heroes/shadow_walker/fx/shadow_walker.sprite.thrown_dagger_target.atlas
heroes/shadow_walker/fx/shadow_walker.sprite.thrown_dagger_target.png
heroes/shadow_walker/fx/shadow_walker.sprite.thrown_dagger_target.skel
heroes/shadow_walker/fx/shadow_walker.sprite.uppercut.atlas
heroes/shadow_walker/fx/shadow_walker.sprite.uppercut.png
heroes/shadow_walker/fx/shadow_walker.sprite.uppercut.skel
heroes/shadow_walker/icons_equip/eqp_armour_0.png
heroes/shadow_walker/icons_equip/eqp_armour_1.png
heroes/shadow_walker/icons_equip/eqp_armour_2.png
heroes/shadow_walker/icons_equip/eqp_armour_3.png
heroes/shadow_walker/icons_equip/eqp_armour_4.png
heroes/shadow_walker/icons_equip/eqp_weapon_0.png
heroes/shadow_walker/icons_equip/eqp_weapon_1.png
heroes/shadow_walker/icons_equip/eqp_weapon_2.png
heroes/shadow_walker/icons_equip/eqp_weapon_3.png
heroes/shadow_walker/icons_equip/eqp_weapon_4.png
heroes/shadow_walker/shadow_walker_A/shadow_walker_portrait_roster.png
heroes/shadow_walker/shadow_walker_B/shadow_walker_portrait_roster.png
heroes/shadow_walker/shadow_walker_C/shadow_walker_portrait_roster.png
heroes/shadow_walker/shadow_walker_D/shadow_walker_portrait_roster.png
heroes/shadow_walker/shadow_walker_E/shadow_walker_portrait_roster.png
heroes/shadow_walker/shadow_walker_F/shadow_walker_portrait_roster.png
panels/icons_equip/gem/inv_gem+sw_jade_chess_piece.png
panels/icons_equip/supply/inv_supply+sw_smoke_bomb.png
panels/icons_equip/trinket/inv_trinket+cc_shadow_walker_1.png
panels/icons_equip/trinket/inv_trinket+cc_shadow_walker_2.png
panels/icons_equip/trinket/inv_trinket+collector_shadow_walker.png
panels/icons_equip/trinket/inv_trinket+com_shadow_walker_1.png
panels/icons_equip/trinket/inv_trinket+sw1.png
panels/icons_equip/trinket/inv_trinket+sw2.png
panels/icons_equip/trinket/inv_trinket+sw3.png
panels/icons_equip/trinket/inv_trinket+sw3b_chain.png
panels/icons_equip/trinket/inv_trinket+sw4.png
panels/icons_equip/trinket/inv_trinket+sw5.png
panels/icons_equip/trinket/inv_trinket+sw_shadow_ring.png
panels/icons_equip/trinket/inv_trinket+sw_watcher_poison.png
panels/icons_equip/trinket/inv_trinket+swset1.png
panels/icons_equip/trinket/inv_trinket+swset2.png
raid/camping/skill_icons/camp_skill_assassination.png
raid/camping/skill_icons/camp_skill_dark_meditation.png
raid/camping/skill_icons/camp_skill_guerilla_warfare.png
raid/camping/skill_icons/camp_skill_sabotage.png
audio/secondary_banks/hero_shadow_walker.bank
campaign/provision/shadow_walker.provision.json
campaign/roster/shadow_walker.roster.additional_variables.json
campaign/town_events/shadow_walker.town_events.events.json
fx/sw_smoke_bomb/sw_smoke_bomb.sprite.atlas
fx/sw_smoke_bomb/sw_smoke_bomb.sprite.png
fx/sw_smoke_bomb/sw_smoke_bomb.sprite.skel
fx/town_event_first_shadow_walker/town_event_first_shadow_walker.sprite.atlas
fx/town_event_first_shadow_walker/town_event_first_shadow_walker.sprite.png
fx/town_event_first_shadow_walker/town_event_first_shadow_walker.sprite.skel
heroes/shadow_walker/shadow_walker.ability.five.png
heroes/shadow_walker/shadow_walker.ability.four.png
heroes/shadow_walker/shadow_walker.ability.one.png
heroes/shadow_walker/shadow_walker.ability.seven.png
heroes/shadow_walker/shadow_walker.ability.six.png
heroes/shadow_walker/shadow_walker.ability.three.png
heroes/shadow_walker/shadow_walker.ability.two.png
heroes/shadow_walker/shadow_walker.art.darkest
heroes/shadow_walker/shadow_walker.info.darkest
heroes/shadow_walker/shadow_walker_guild_header.png
loot/inventory/shadow_walker.inventory.system_configs.darkest
loot/inventory/shadow_walker.supply.inventory.items.darkest
