
-------------------------------------------------------------------------------
Parsing project file - D:\DD_mods\Thorn\project.xml
Mod Data Directory = D:/DD_mods/Thorn/

-------------------------------------------------------------------------------
Processing Map Files files...

-------------------------------------------------------------------------------
Running Localization...
Parsing localization/thorn_brazilian_dialogue.string_table.xml
Parsing localization/thorn_brazilian_tooltips.string_table.xml
Parsing localization/thorn_czech_dialogue.string_table.xml
Parsing localization/thorn_czech_tooltips.string_table.xml
Parsing localization/thorn_english_dialogue.string_table.xml
Parsing localization/thorn_english_tooltips.string_table.xml
Parsing localization/thorn_french_dialogue.string_table.xml
Parsing localization/thorn_french_tooltips.string_table.xml
Parsing localization/thorn_german_dialogue.string_table.xml
Parsing localization/thorn_german_tooltips.string_table.xml
Parsing localization/thorn_italian_dialogue.string_table.xml
Parsing localization/thorn_italian_tooltips.string_table.xml
Parsing localization/thorn_japanese_dialogue.string_table.xml
Parsing localization/thorn_japanese_tooltips.string_table.xml
Parsing localization/thorn_koreana_dialogue.string_table.xml
Parsing localization/thorn_koreana_tooltips.string_table.xml
Parsing localization/thorn_koreanb_dialogue.string_table.xml
Parsing localization/thorn_koreanb_tooltips.string_table.xml
Parsing localization/thorn_polish_dialogue.string_table.xml
Parsing localization/thorn_polish_tooltips.string_table.xml
Parsing localization/thorn_russian_dialogue.string_table.xml
Parsing localization/thorn_russian_tooltips.string_table.xml
Parsing localization/thorn_schinese_dialogue.string_table.xml
Parsing localization/thorn_schinese_tooltips.string_table.xml
Parsing localization/thorn_spanish_dialogue.string_table.xml
Parsing localization/thorn_spanish_tooltips.string_table.xml

Building Languages
Exporting .loc files

-------------------------------------------------------------------------------
Searching for preview icon file D:/DD_mods/Thorn/preview_icon.png...FOUND!
<UploadMode> - Set to direct_upload


-------------------------------------------------------------------------------
Modded files...

heroes/thorn/thorn_A/anim/thorn.sprite.afflicted.png
heroes/thorn/thorn_A/anim/thorn.sprite.attack_transform.png
heroes/thorn/thorn_A/anim/thorn.sprite.blossom.png
heroes/thorn/thorn_A/anim/thorn.sprite.camp.png
heroes/thorn/thorn_A/anim/thorn.sprite.combat.png
heroes/thorn/thorn_A/anim/thorn.sprite.dare.png
heroes/thorn/thorn_A/anim/thorn.sprite.defend.png
heroes/thorn/thorn_A/anim/thorn.sprite.gash.png
heroes/thorn/thorn_A/anim/thorn.sprite.hearken.png
heroes/thorn/thorn_A/anim/thorn.sprite.heroic.png
heroes/thorn/thorn_A/anim/thorn.sprite.idle.png
heroes/thorn/thorn_A/anim/thorn.sprite.investigate.png
heroes/thorn/thorn_A/anim/thorn.sprite.listen.png
heroes/thorn/thorn_A/anim/thorn.sprite.riposte.png
heroes/thorn/thorn_A/anim/thorn.sprite.thrust.png
heroes/thorn/thorn_A/anim/thorn.sprite.walk.png
heroes/thorn/thorn_A/anim/thorn.sprite.wilt.png
heroes/thorn/thorn_B/anim/thorn.sprite.afflicted.png
heroes/thorn/thorn_B/anim/thorn.sprite.attack_transform.png
heroes/thorn/thorn_B/anim/thorn.sprite.blossom.png
heroes/thorn/thorn_B/anim/thorn.sprite.camp.png
heroes/thorn/thorn_B/anim/thorn.sprite.combat.png
heroes/thorn/thorn_B/anim/thorn.sprite.dare.png
heroes/thorn/thorn_B/anim/thorn.sprite.defend.png
heroes/thorn/thorn_B/anim/thorn.sprite.gash.png
heroes/thorn/thorn_B/anim/thorn.sprite.hearken.png
heroes/thorn/thorn_B/anim/thorn.sprite.heroic.png
heroes/thorn/thorn_B/anim/thorn.sprite.idle.png
heroes/thorn/thorn_B/anim/thorn.sprite.investigate.png
heroes/thorn/thorn_B/anim/thorn.sprite.listen.png
heroes/thorn/thorn_B/anim/thorn.sprite.riposte.png
heroes/thorn/thorn_B/anim/thorn.sprite.thrust.png
heroes/thorn/thorn_B/anim/thorn.sprite.walk.png
heroes/thorn/thorn_B/anim/thorn.sprite.wilt.png
heroes/thorn/thorn_C/anim/thorn.sprite.afflicted.png
heroes/thorn/thorn_C/anim/thorn.sprite.attack_transform.png
heroes/thorn/thorn_C/anim/thorn.sprite.blossom.png
heroes/thorn/thorn_C/anim/thorn.sprite.camp.png
heroes/thorn/thorn_C/anim/thorn.sprite.combat.png
heroes/thorn/thorn_C/anim/thorn.sprite.dare.png
heroes/thorn/thorn_C/anim/thorn.sprite.defend.png
heroes/thorn/thorn_C/anim/thorn.sprite.gash.png
heroes/thorn/thorn_C/anim/thorn.sprite.hearken.png
heroes/thorn/thorn_C/anim/thorn.sprite.heroic.png
heroes/thorn/thorn_C/anim/thorn.sprite.idle.png
heroes/thorn/thorn_C/anim/thorn.sprite.investigate.png
heroes/thorn/thorn_C/anim/thorn.sprite.listen.png
heroes/thorn/thorn_C/anim/thorn.sprite.riposte.png
heroes/thorn/thorn_C/anim/thorn.sprite.thrust.png
heroes/thorn/thorn_C/anim/thorn.sprite.walk.png
heroes/thorn/thorn_C/anim/thorn.sprite.wilt.png
heroes/thorn/thorn_D/anim/thorn.sprite.afflicted.png
heroes/thorn/thorn_D/anim/thorn.sprite.attack_transform.png
heroes/thorn/thorn_D/anim/thorn.sprite.blossom.png
heroes/thorn/thorn_D/anim/thorn.sprite.camp.png
heroes/thorn/thorn_D/anim/thorn.sprite.combat.png
heroes/thorn/thorn_D/anim/thorn.sprite.dare.png
heroes/thorn/thorn_D/anim/thorn.sprite.defend.png
heroes/thorn/thorn_D/anim/thorn.sprite.gash.png
heroes/thorn/thorn_D/anim/thorn.sprite.hearken.png
heroes/thorn/thorn_D/anim/thorn.sprite.heroic.png
heroes/thorn/thorn_D/anim/thorn.sprite.idle.png
heroes/thorn/thorn_D/anim/thorn.sprite.investigate.png
heroes/thorn/thorn_D/anim/thorn.sprite.listen.png
heroes/thorn/thorn_D/anim/thorn.sprite.riposte.png
heroes/thorn/thorn_D/anim/thorn.sprite.thrust.png
heroes/thorn/thorn_D/anim/thorn.sprite.walk.png
heroes/thorn/thorn_D/anim/thorn.sprite.wilt.png
campaign/town/town_event/town_event.image_first_thorn.png
campaign/town/town_event/town_event.image_pierce_darkness.png
heroes/thorn/anim/thorn.sprite.afflicted.atlas
heroes/thorn/anim/thorn.sprite.afflicted.skel
heroes/thorn/anim/thorn.sprite.attack_transform.atlas
heroes/thorn/anim/thorn.sprite.attack_transform.skel
heroes/thorn/anim/thorn.sprite.blossom.atlas
heroes/thorn/anim/thorn.sprite.blossom.skel
heroes/thorn/anim/thorn.sprite.camp.atlas
heroes/thorn/anim/thorn.sprite.camp.skel
heroes/thorn/anim/thorn.sprite.combat.atlas
heroes/thorn/anim/thorn.sprite.combat.skel
heroes/thorn/anim/thorn.sprite.dare.atlas
heroes/thorn/anim/thorn.sprite.dare.skel
heroes/thorn/anim/thorn.sprite.defend.atlas
heroes/thorn/anim/thorn.sprite.defend.skel
heroes/thorn/anim/thorn.sprite.gash.atlas
heroes/thorn/anim/thorn.sprite.gash.skel
heroes/thorn/anim/thorn.sprite.hearken.atlas
heroes/thorn/anim/thorn.sprite.hearken.skel
heroes/thorn/anim/thorn.sprite.heroic.atlas
heroes/thorn/anim/thorn.sprite.heroic.skel
heroes/thorn/anim/thorn.sprite.idle.atlas
heroes/thorn/anim/thorn.sprite.idle.skel
heroes/thorn/anim/thorn.sprite.investigate.atlas
heroes/thorn/anim/thorn.sprite.investigate.skel
heroes/thorn/anim/thorn.sprite.listen.atlas
heroes/thorn/anim/thorn.sprite.listen.skel
heroes/thorn/anim/thorn.sprite.riposte.atlas
heroes/thorn/anim/thorn.sprite.riposte.skel
heroes/thorn/anim/thorn.sprite.thrust.atlas
heroes/thorn/anim/thorn.sprite.thrust.skel
heroes/thorn/anim/thorn.sprite.walk.atlas
heroes/thorn/anim/thorn.sprite.walk.skel
heroes/thorn/anim/thorn.sprite.wilt.atlas
heroes/thorn/anim/thorn.sprite.wilt.skel
heroes/thorn/fx/thorn.sprite.blossom_fx.atlas
heroes/thorn/fx/thorn.sprite.blossom_fx.png
heroes/thorn/fx/thorn.sprite.blossom_fx.skel
heroes/thorn/fx/thorn.sprite.blossom_targfx.atlas
heroes/thorn/fx/thorn.sprite.blossom_targfx.png
heroes/thorn/fx/thorn.sprite.blossom_targfx.skel
heroes/thorn/fx/thorn.sprite.dare_fx.atlas
heroes/thorn/fx/thorn.sprite.dare_fx.png
heroes/thorn/fx/thorn.sprite.dare_fx.skel
heroes/thorn/fx/thorn.sprite.gash_fx.atlas
heroes/thorn/fx/thorn.sprite.gash_fx.png
heroes/thorn/fx/thorn.sprite.gash_fx.skel
heroes/thorn/fx/thorn.sprite.gash_targfx.atlas
heroes/thorn/fx/thorn.sprite.gash_targfx.png
heroes/thorn/fx/thorn.sprite.gash_targfx.skel
heroes/thorn/fx/thorn.sprite.hearken_fx.atlas
heroes/thorn/fx/thorn.sprite.hearken_fx.png
heroes/thorn/fx/thorn.sprite.hearken_fx.skel
