
-------------------------------------------------------------------------------
Parsing project file - C:\Users\Toshiba\Desktop\Upload Files\Warrior of Sunlight Upload\project.xml
Mod Data Directory = C:/Users/Toshiba/Desktop/Upload Files/Warrior of Sunlight Upload/

-------------------------------------------------------------------------------
Processing Map Files files...

-------------------------------------------------------------------------------
Running Localization...
Parsing localization/miscellaneous_warrior_of_sunllight.string_table.xml
Parsing localization/tooltip_warrior_of_sunllight.string_table.xml
Parsing localization/trinkets__warrior_of_sunllight.string_table.xml
Parsing localization/warrior_of_sunight_brazilian.string_table.xml
Parsing localization/warrior_of_sunight_czech.string_table.xml
Parsing localization/warrior_of_sunight_english.string_table.xml
Parsing localization/warrior_of_sunight_french.string_table.xml
Parsing localization/warrior_of_sunight_german.string_table.xml
Parsing localization/warrior_of_sunight_italian.string_table.xml
Parsing localization/warrior_of_sunight_polish.string_table.xml
Parsing localization/warrior_of_sunight_russian.string_table.xml
Parsing localization/warrior_of_sunight_schinese.string_table.xml
Parsing localization/warrior_of_sunight_spanish.string_table.xml

Building Languages
Exporting .loc files

-------------------------------------------------------------------------------
Searching for preview icon file C:/Users/Toshiba/Desktop/Upload Files/Warrior of Sunlight Upload/preview_icon.png...FOUND!
<UploadMode> - Set to direct_upload


-------------------------------------------------------------------------------
Modded files...

heroes/warrior_of_sunlight/warrior_of_sunlight_A/anim/warrior_of_sunlight.sprite.afflicted.png
heroes/warrior_of_sunlight/warrior_of_sunlight_A/anim/warrior_of_sunlight.sprite.attack_mace.png
heroes/warrior_of_sunlight/warrior_of_sunlight_A/anim/warrior_of_sunlight.sprite.attack_ranged.png
heroes/warrior_of_sunlight/warrior_of_sunlight_A/anim/warrior_of_sunlight.sprite.attack_shield.png
heroes/warrior_of_sunlight/warrior_of_sunlight_A/anim/warrior_of_sunlight.sprite.attack_shout.png
heroes/warrior_of_sunlight/warrior_of_sunlight_A/anim/warrior_of_sunlight.sprite.camp.png
heroes/warrior_of_sunlight/warrior_of_sunlight_A/anim/warrior_of_sunlight.sprite.combat.png
heroes/warrior_of_sunlight/warrior_of_sunlight_A/anim/warrior_of_sunlight.sprite.defend.png
heroes/warrior_of_sunlight/warrior_of_sunlight_A/anim/warrior_of_sunlight.sprite.heroic.png
heroes/warrior_of_sunlight/warrior_of_sunlight_A/anim/warrior_of_sunlight.sprite.idle.png
heroes/warrior_of_sunlight/warrior_of_sunlight_A/anim/warrior_of_sunlight.sprite.investigate.png
heroes/warrior_of_sunlight/warrior_of_sunlight_A/anim/warrior_of_sunlight.sprite.walk.png
heroes/warrior_of_sunlight/warrior_of_sunlight_B/anim/warrior_of_sunlight.sprite.afflicted.png
heroes/warrior_of_sunlight/warrior_of_sunlight_B/anim/warrior_of_sunlight.sprite.attack_mace.png
heroes/warrior_of_sunlight/warrior_of_sunlight_B/anim/warrior_of_sunlight.sprite.attack_ranged.png
heroes/warrior_of_sunlight/warrior_of_sunlight_B/anim/warrior_of_sunlight.sprite.attack_shield.png
heroes/warrior_of_sunlight/warrior_of_sunlight_B/anim/warrior_of_sunlight.sprite.attack_shout.png
heroes/warrior_of_sunlight/warrior_of_sunlight_B/anim/warrior_of_sunlight.sprite.camp.png
heroes/warrior_of_sunlight/warrior_of_sunlight_B/anim/warrior_of_sunlight.sprite.combat.png
heroes/warrior_of_sunlight/warrior_of_sunlight_B/anim/warrior_of_sunlight.sprite.defend.png
heroes/warrior_of_sunlight/warrior_of_sunlight_B/anim/warrior_of_sunlight.sprite.heroic.png
heroes/warrior_of_sunlight/warrior_of_sunlight_B/anim/warrior_of_sunlight.sprite.idle.png
heroes/warrior_of_sunlight/warrior_of_sunlight_B/anim/warrior_of_sunlight.sprite.investigate.png
heroes/warrior_of_sunlight/warrior_of_sunlight_B/anim/warrior_of_sunlight.sprite.walk.png
heroes/warrior_of_sunlight/warrior_of_sunlight_C/anim/warrior_of_sunlight.sprite.afflicted.png
heroes/warrior_of_sunlight/warrior_of_sunlight_C/anim/warrior_of_sunlight.sprite.attack_mace.png
heroes/warrior_of_sunlight/warrior_of_sunlight_C/anim/warrior_of_sunlight.sprite.attack_ranged.png
heroes/warrior_of_sunlight/warrior_of_sunlight_C/anim/warrior_of_sunlight.sprite.attack_shield.png
heroes/warrior_of_sunlight/warrior_of_sunlight_C/anim/warrior_of_sunlight.sprite.attack_shout.png
heroes/warrior_of_sunlight/warrior_of_sunlight_C/anim/warrior_of_sunlight.sprite.camp.png
heroes/warrior_of_sunlight/warrior_of_sunlight_C/anim/warrior_of_sunlight.sprite.combat.png
heroes/warrior_of_sunlight/warrior_of_sunlight_C/anim/warrior_of_sunlight.sprite.defend.png
heroes/warrior_of_sunlight/warrior_of_sunlight_C/anim/warrior_of_sunlight.sprite.heroic.png
heroes/warrior_of_sunlight/warrior_of_sunlight_C/anim/warrior_of_sunlight.sprite.idle.png
heroes/warrior_of_sunlight/warrior_of_sunlight_C/anim/warrior_of_sunlight.sprite.investigate.png
heroes/warrior_of_sunlight/warrior_of_sunlight_C/anim/warrior_of_sunlight.sprite.walk.png
heroes/warrior_of_sunlight/warrior_of_sunlight_D/anim/warrior_of_sunlight.sprite.afflicted.png
heroes/warrior_of_sunlight/warrior_of_sunlight_D/anim/warrior_of_sunlight.sprite.attack_mace.png
heroes/warrior_of_sunlight/warrior_of_sunlight_D/anim/warrior_of_sunlight.sprite.attack_ranged.png
heroes/warrior_of_sunlight/warrior_of_sunlight_D/anim/warrior_of_sunlight.sprite.attack_shield.png
heroes/warrior_of_sunlight/warrior_of_sunlight_D/anim/warrior_of_sunlight.sprite.attack_shout.png
heroes/warrior_of_sunlight/warrior_of_sunlight_D/anim/warrior_of_sunlight.sprite.camp.png
heroes/warrior_of_sunlight/warrior_of_sunlight_D/anim/warrior_of_sunlight.sprite.combat.png
heroes/warrior_of_sunlight/warrior_of_sunlight_D/anim/warrior_of_sunlight.sprite.defend.png
heroes/warrior_of_sunlight/warrior_of_sunlight_D/anim/warrior_of_sunlight.sprite.heroic.png
heroes/warrior_of_sunlight/warrior_of_sunlight_D/anim/warrior_of_sunlight.sprite.idle.png
heroes/warrior_of_sunlight/warrior_of_sunlight_D/anim/warrior_of_sunlight.sprite.investigate.png
heroes/warrior_of_sunlight/warrior_of_sunlight_D/anim/warrior_of_sunlight.sprite.walk.png
heroes/warrior_of_sunlight/warrior_of_sunlight_W/anim/warrior_of_sunlight.sprite.afflicted.png
heroes/warrior_of_sunlight/warrior_of_sunlight_W/anim/warrior_of_sunlight.sprite.attack_mace.png
heroes/warrior_of_sunlight/warrior_of_sunlight_W/anim/warrior_of_sunlight.sprite.attack_ranged.png
heroes/warrior_of_sunlight/warrior_of_sunlight_W/anim/warrior_of_sunlight.sprite.attack_shield.png
heroes/warrior_of_sunlight/warrior_of_sunlight_W/anim/warrior_of_sunlight.sprite.attack_shout.png
heroes/warrior_of_sunlight/warrior_of_sunlight_W/anim/warrior_of_sunlight.sprite.camp.png
heroes/warrior_of_sunlight/warrior_of_sunlight_W/anim/warrior_of_sunlight.sprite.combat.png
heroes/warrior_of_sunlight/warrior_of_sunlight_W/anim/warrior_of_sunlight.sprite.defend.png
heroes/warrior_of_sunlight/warrior_of_sunlight_W/anim/warrior_of_sunlight.sprite.heroic.png
heroes/warrior_of_sunlight/warrior_of_sunlight_W/anim/warrior_of_sunlight.sprite.idle.png
heroes/warrior_of_sunlight/warrior_of_sunlight_W/anim/warrior_of_sunlight.sprite.investigate.png
heroes/warrior_of_sunlight/warrior_of_sunlight_W/anim/warrior_of_sunlight.sprite.walk.png
campaign/town/town_event/town_event.image_bonus_recruit_warrior_of_sunlight.png
campaign/town/town_event/town_event.image_first_warrior.png
campaign/town/town_event/town_event.image_idle_resolve_level_warrior_of_sunlight.png
heroes/warrior_of_sunlight/anim/warrior_of_sunlight.sprite.afflicted.atlas
heroes/warrior_of_sunlight/anim/warrior_of_sunlight.sprite.afflicted.skel
heroes/warrior_of_sunlight/anim/warrior_of_sunlight.sprite.attack_mace.atlas
heroes/warrior_of_sunlight/anim/warrior_of_sunlight.sprite.attack_mace.skel
heroes/warrior_of_sunlight/anim/warrior_of_sunlight.sprite.attack_ranged.atlas
heroes/warrior_of_sunlight/anim/warrior_of_sunlight.sprite.attack_ranged.skel
heroes/warrior_of_sunlight/anim/warrior_of_sunlight.sprite.attack_shield.atlas
heroes/warrior_of_sunlight/anim/warrior_of_sunlight.sprite.attack_shield.skel
heroes/warrior_of_sunlight/anim/warrior_of_sunlight.sprite.attack_shout.atlas
heroes/warrior_of_sunlight/anim/warrior_of_sunlight.sprite.attack_shout.skel
heroes/warrior_of_sunlight/anim/warrior_of_sunlight.sprite.camp.atlas
heroes/warrior_of_sunlight/anim/warrior_of_sunlight.sprite.camp.skel
heroes/warrior_of_sunlight/anim/warrior_of_sunlight.sprite.combat.atlas
heroes/warrior_of_sunlight/anim/warrior_of_sunlight.sprite.combat.skel
heroes/warrior_of_sunlight/anim/warrior_of_sunlight.sprite.defend.atlas
heroes/warrior_of_sunlight/anim/warrior_of_sunlight.sprite.defend.skel
heroes/warrior_of_sunlight/anim/warrior_of_sunlight.sprite.heroic.atlas
heroes/warrior_of_sunlight/anim/warrior_of_sunlight.sprite.heroic.skel
heroes/warrior_of_sunlight/anim/warrior_of_sunlight.sprite.idle.atlas
heroes/warrior_of_sunlight/anim/warrior_of_sunlight.sprite.idle.skel
heroes/warrior_of_sunlight/anim/warrior_of_sunlight.sprite.investigate.atlas
heroes/warrior_of_sunlight/anim/warrior_of_sunlight.sprite.investigate.skel
heroes/warrior_of_sunlight/anim/warrior_of_sunlight.sprite.walk.atlas
heroes/warrior_of_sunlight/anim/warrior_of_sunlight.sprite.walk.skel
heroes/warrior_of_sunlight/fx/warrior_of_sunlight.sprite.absolution.atlas
heroes/warrior_of_sunlight/fx/warrior_of_sunlight.sprite.absolution.png
heroes/warrior_of_sunlight/fx/warrior_of_sunlight.sprite.absolution.skel
heroes/warrior_of_sunlight/fx/warrior_of_sunlight.sprite.absolution.xcf
heroes/warrior_of_sunlight/fx/warrior_of_sunlight.sprite.bellow.atlas
heroes/warrior_of_sunlight/fx/warrior_of_sunlight.sprite.bellow.png
heroes/warrior_of_sunlight/fx/warrior_of_sunlight.sprite.bellow.skel
heroes/warrior_of_sunlight/fx/warrior_of_sunlight.sprite.bolster.atlas
heroes/warrior_of_sunlight/fx/warrior_of_sunlight.sprite.bolster.png
heroes/warrior_of_sunlight/fx/warrior_of_sunlight.sprite.bolster.skel
heroes/warrior_of_sunlight/fx/warrior_of_sunlight.sprite.command.atlas
heroes/warrior_of_sunlight/fx/warrior_of_sunlight.sprite.command.png
heroes/warrior_of_sunlight/fx/warrior_of_sunlight.sprite.command.skel
heroes/warrior_of_sunlight/fx/warrior_of_sunlight.sprite.crush.atlas
heroes/warrior_of_sunlight/fx/warrior_of_sunlight.sprite.crush.png
heroes/warrior_of_sunlight/fx/warrior_of_sunlight.sprite.crush.skel
heroes/warrior_of_sunlight/fx/warrior_of_sunlight.sprite.defender.atlas
heroes/warrior_of_sunlight/fx/warrior_of_sunlight.sprite.defender.png
heroes/warrior_of_sunlight/fx/warrior_of_sunlight.sprite.defender.skel
heroes/warrior_of_sunlight/fx/warrior_of_sunlight.sprite.defender.xcf
heroes/warrior_of_sunlight/fx/warrior_of_sunlight.sprite.judgement_target.atlas
heroes/warrior_of_sunlight/fx/warrior_of_sunlight.sprite.judgement_target.png
heroes/warrior_of_sunlight/fx/warrior_of_sunlight.sprite.judgement_target.skel
heroes/warrior_of_sunlight/fx/warrior_of_sunlight.sprite.rampart.atlas
heroes/warrior_of_sunlight/fx/warrior_of_sunlight.sprite.rampart.png
heroes/warrior_of_sunlight/fx/warrior_of_sunlight.sprite.rampart.skel
heroes/warrior_of_sunlight/fx/warrior_of_sunlight.sprite.rampart_defender.atlas
heroes/warrior_of_sunlight/fx/warrior_of_sunlight.sprite.rampart_defender.png
heroes/warrior_of_sunlight/fx/warrior_of_sunlight.sprite.rampart_defender.skel
heroes/warrior_of_sunlight/fx/warrior_of_sunlight.sprite.retribution.atlas
heroes/warrior_of_sunlight/fx/warrior_of_sunlight.sprite.retribution.png
heroes/warrior_of_sunlight/fx/warrior_of_sunlight.sprite.retribution.skel
heroes/warrior_of_sunlight/fx/warrior_of_sunlight.sprite.riposte.atlas
heroes/warrior_of_sunlight/fx/warrior_of_sunlight.sprite.riposte.png
heroes/warrior_of_sunlight/fx/warrior_of_sunlight.sprite.riposte.skel
heroes/warrior_of_sunlight/fx/warrior_of_sunlight.sprite.shadow_fade.atlas
heroes/warrior_of_sunlight/fx/warrior_of_sunlight.sprite.shadow_fade.png
heroes/warrior_of_sunlight/fx/warrior_of_sunlight.sprite.shadow_fade.skel
heroes/warrior_of_sunlight/fx/warrior_of_sunlight.sprite.sting_target.atlas
heroes/warrior_of_sunlight/fx/warrior_of_sunlight.sprite.sting_target.png
heroes/warrior_of_sunlight/fx/warrior_of_sunlight.sprite.sting_target.skel
heroes/warrior_of_sunlight/icons_equip/eqp_armour_0.png
heroes/warrior_of_sunlight/icons_equip/eqp_armour_1.png
heroes/warrior_of_sunlight/icons_equip/eqp_armour_2.png
heroes/warrior_of_sunlight/icons_equip/eqp_armour_3.png
heroes/warrior_of_sunlight/icons_equip/eqp_armour_4.png
heroes/warrior_of_sunlight/icons_equip/eqp_weapon_0.png
heroes/warrior_of_sunlight/icons_equip/eqp_weapon_1.png
heroes/warrior_of_sunlight/icons_equip/eqp_weapon_2.png
heroes/warrior_of_sunlight/icons_equip/eqp_weapon_3.png
heroes/warrior_of_sunlight/icons_equip/eqp_weapon_4.png
heroes/warrior_of_sunlight/warrior_of_sunlight_A/warrior_of_sunlight_portrait_roster.png
heroes/warrior_of_sunlight/warrior_of_sunlight_B/warrior_of_sunlight_portrait_roster.png
heroes/warrior_of_sunlight/warrior_of_sunlight_C/warrior_of_sunlight_portrait_roster.png
heroes/warrior_of_sunlight/warrior_of_sunlight_D/warrior_of_sunlight_portrait_roster.png
heroes/warrior_of_sunlight/warrior_of_sunlight_W/warrior_of_sunlight_portrait_roster.png
panels/icons_equip/estate/inv_estate+ascension_scroll.png
panels/icons_equip/supply/inv_supply+blueflask.png
panels/icons_equip/supply/inv_supply+cheat.png
panels/icons_equip/supply/inv_supply+orangeflask.png
panels/icons_equip/trinket/inv_trinket+warrior_of_sunlight_bagfullofmossclumps.png
panels/icons_equip/trinket/inv_trinket+warrior_of_sunlight_buckler.png
panels/icons_equip/trinket/inv_trinket+warrior_of_sunlight_feather.png
panels/icons_equip/trinket/inv_trinket+warrior_of_sunlight_headsWOS.png
panels/icons_equip/trinket/inv_trinket+warrior_of_sunlight_hornetring.png
panels/icons_equip/trinket/inv_trinket+warrior_of_sunlight_messagefrombetwix.png
panels/icons_equip/trinket/inv_trinket+warrior_of_sunlight_parma.png
panels/icons_equip/trinket/inv_trinket+warrior_of_sunlight_sunlightmedal.png
panels/icons_equip/trinket/inv_trinket+warrior_of_sunlight_talisman.png
panels/icons_equip/trinket/inv_trinket+warrior_of_sunlight_tearstonering.png
panels/icons_equip/trinket/rarity_comet.png
panels/icons_equip/trinket/rarity_crimson_court.png
panels/icons_equip/trinket/rarity_mildred.png
panels/icons_equip/trinket/rarity_thing.png
raid/camping/skill_icons/camp_skill_encourage.xcf
raid/camping/skill_icons/camp_skill_experimental_vapours.xcf
raid/camping/skill_icons/camp_skill_jolly_cooperation.png
raid/camping/skill_icons/camp_skill_take_poise.png
raid/camping/skill_icons/camp_skill_undead_curse.png
raid/camping/skill_icons/camp_skill_welcome_to_the_bonfire.png
raid/camping/skill_icons/camp_skill_wos_encourage.png
raid/camping/skill_icons/camp_skill_wos_first_aid.png
raid/camping/skill_icons/camp_skill_wos_pep_talk.png
raid/camping/skill_icons/camp_skill_wos_pep_talk.xcf
campaign/provision/warrior_of_sunlight.provision.json
campaign/roster/warrior_of_sunlight.roster.additional_variables.json
campaign/town_events/firstwarrior.town_events.events.json
campaign/town_events/warrior_of_sunlight.town_events.events.json
fx/blueflask/blueflask.sprite.atlas
fx/blueflask/blueflask.sprite.png
fx/blueflask/blueflask.sprite.skel
fx/blueflask/blueflask.sprite.xcf
fx/blueflask/blueflask.unused.png
fx/orangeflask/orangeflask.sprite.atlas
fx/orangeflask/orangeflask.sprite.png
fx/orangeflask/orangeflask.sprite.skel
heroes/warrior_of_sunlight/warrior_of_sunlight.ability.five.png
heroes/warrior_of_sunlight/warrior_of_sunlight.ability.four.png
heroes/warrior_of_sunlight/warrior_of_sunlight.ability.one.png
heroes/warrior_of_sunlight/warrior_of_sunlight.ability.seven.png
heroes/warrior_of_sunlight/warrior_of_sunlight.ability.six.png
heroes/warrior_of_sunlight/warrior_of_sunlight.ability.three.png
heroes/warrior_of_sunlight/warrior_of_sunlight.ability.two.png
heroes/warrior_of_sunlight/warrior_of_sunlight.art.darkest
heroes/warrior_of_sunlight/warrior_of_sunlight.info.darkest
heroes/warrior_of_sunlight/warrior_of_sunlight_guild_header.png
raid/camping/warrior_of_sunlight.camping_skills.json
shared/buffs/warrior_of_sunlight.buffs.json
