
-------------------------------------------------------------------------------
Parsing project file - D:\Omen Seeker Mod\project.xml
Mod Data Directory = D:/Omen Seeker Mod/

-------------------------------------------------------------------------------
Processing Map Files files...

-------------------------------------------------------------------------------
Running Localization...
Parsing localization/omenseeker.string_table.xml

Building Languages
Exporting .loc files

-------------------------------------------------------------------------------
Searching for preview icon file D:/Omen Seeker Mod/preview_icon.png...FOUND!
<UploadMode> - Set to direct_upload


-------------------------------------------------------------------------------
Modded files...

heroes/omenseeker/omenseeker_A/anim/omenseeker.sprite.afflicted.png
heroes/omenseeker/omenseeker_A/anim/omenseeker.sprite.attack_blackout.png
heroes/omenseeker/omenseeker_A/anim/omenseeker.sprite.attack_entangle.png
heroes/omenseeker/omenseeker_A/anim/omenseeker.sprite.attack_expunge.png
heroes/omenseeker/omenseeker_A/anim/omenseeker.sprite.attack_piercing_dagger.png
heroes/omenseeker/omenseeker_A/anim/omenseeker.sprite.attack_sapping_charge.png
heroes/omenseeker/omenseeker_A/anim/omenseeker.sprite.attack_twin_boomerang.png
heroes/omenseeker/omenseeker_A/anim/omenseeker.sprite.attack_undercut.png
heroes/omenseeker/omenseeker_A/anim/omenseeker.sprite.blackout.png
heroes/omenseeker/omenseeker_A/anim/omenseeker.sprite.camp.png
heroes/omenseeker/omenseeker_A/anim/omenseeker.sprite.combat.png
heroes/omenseeker/omenseeker_A/anim/omenseeker.sprite.defend.png
heroes/omenseeker/omenseeker_A/anim/omenseeker.sprite.heroic.png
heroes/omenseeker/omenseeker_A/anim/omenseeker.sprite.idle.png
heroes/omenseeker/omenseeker_A/anim/omenseeker.sprite.investigate.png
heroes/omenseeker/omenseeker_A/anim/omenseeker.sprite.walk.png
campaign/town/town_event/town_event.image.clown_attack.png
campaign/town/town_event/town_event.image.idle_resolve_level_omenseeker.png
campaign/town/town_event/town_event.image.omenseeker_recruit.png
campaign/town/town_event/town_event.image.omenseeker_resolve.png
heroes/omenseeker/anim/omenseeker.sprite.afflicted.atlas
heroes/omenseeker/anim/omenseeker.sprite.afflicted.skel
heroes/omenseeker/anim/omenseeker.sprite.attack_blackout.atlas
heroes/omenseeker/anim/omenseeker.sprite.attack_blackout.skel
heroes/omenseeker/anim/omenseeker.sprite.attack_entangle.atlas
heroes/omenseeker/anim/omenseeker.sprite.attack_entangle.skel
heroes/omenseeker/anim/omenseeker.sprite.attack_expunge.atlas
heroes/omenseeker/anim/omenseeker.sprite.attack_expunge.skel
heroes/omenseeker/anim/omenseeker.sprite.attack_piercing_dagger.atlas
heroes/omenseeker/anim/omenseeker.sprite.attack_piercing_dagger.skel
heroes/omenseeker/anim/omenseeker.sprite.attack_sapping_charge.atlas
heroes/omenseeker/anim/omenseeker.sprite.attack_sapping_charge.skel
heroes/omenseeker/anim/omenseeker.sprite.attack_twin_boomerang.atlas
heroes/omenseeker/anim/omenseeker.sprite.attack_twin_boomerang.skel
heroes/omenseeker/anim/omenseeker.sprite.attack_undercut.atlas
heroes/omenseeker/anim/omenseeker.sprite.attack_undercut.skel
heroes/omenseeker/anim/omenseeker.sprite.camp.atlas
heroes/omenseeker/anim/omenseeker.sprite.camp.skel
heroes/omenseeker/anim/omenseeker.sprite.combat.atlas
heroes/omenseeker/anim/omenseeker.sprite.combat.skel
heroes/omenseeker/anim/omenseeker.sprite.defend.atlas
heroes/omenseeker/anim/omenseeker.sprite.defend.skel
heroes/omenseeker/anim/omenseeker.sprite.heroic.atlas
heroes/omenseeker/anim/omenseeker.sprite.heroic.skel
heroes/omenseeker/anim/omenseeker.sprite.idle.atlas
heroes/omenseeker/anim/omenseeker.sprite.idle.skel
heroes/omenseeker/anim/omenseeker.sprite.investigate.atlas
heroes/omenseeker/anim/omenseeker.sprite.investigate.skel
heroes/omenseeker/anim/omenseeker.sprite.walk.atlas
heroes/omenseeker/anim/omenseeker.sprite.walk.skel
heroes/omenseeker/fx/brigand_sapper.sprite.detonate_target.png
heroes/omenseeker/fx/omenseeker.sprite.attack_blackout.atlas
heroes/omenseeker/fx/omenseeker.sprite.attack_blackout.png
heroes/omenseeker/fx/omenseeker.sprite.attack_blackout.skel
heroes/omenseeker/fx/omenseeker.sprite.blackout.atlas
heroes/omenseeker/fx/omenseeker.sprite.blackout.png
heroes/omenseeker/fx/omenseeker.sprite.blackout.skel
heroes/omenseeker/fx/omenseeker.sprite.boomerang_target.atlas
heroes/omenseeker/fx/omenseeker.sprite.boomerang_target.png
heroes/omenseeker/fx/omenseeker.sprite.boomerang_target.skel
heroes/omenseeker/fx/omenseeker.sprite.dazzling_light_target.atlas
heroes/omenseeker/fx/omenseeker.sprite.dazzling_light_target.skel
heroes/omenseeker/fx/omenseeker.sprite.detonate_target.atlas
heroes/omenseeker/fx/omenseeker.sprite.detonate_target.png
heroes/omenseeker/fx/omenseeker.sprite.detonate_target.skel
heroes/omenseeker/fx/omenseeker.sprite.holywater_throw.atlas
heroes/omenseeker/fx/omenseeker.sprite.holywater_throw.png
heroes/omenseeker/fx/omenseeker.sprite.holywater_throw.skel
heroes/omenseeker/fx/omenseeker.sprite.piercing_dagger_target.atlas
heroes/omenseeker/fx/omenseeker.sprite.piercing_dagger_target.png
heroes/omenseeker/fx/omenseeker.sprite.piercing_dagger_target.skel
heroes/omenseeker/fx/omenseeker.sprite.plague_grenade_target.atlas
heroes/omenseeker/fx/omenseeker.sprite.plague_grenade_target.skel
heroes/omenseeker/fx/omenseeker.sprite.throw_one.atlas
heroes/omenseeker/fx/omenseeker.sprite.throw_one.png
heroes/omenseeker/fx/omenseeker.sprite.throw_one.skel
heroes/omenseeker/fx/omenseeker.sprite.throw_two.atlas
heroes/omenseeker/fx/omenseeker.sprite.throw_two.png
heroes/omenseeker/fx/omenseeker.sprite.throw_two.skel
heroes/omenseeker/fx/omenseeker.sprite.undercut.atlas
heroes/omenseeker/fx/omenseeker.sprite.undercut.png
heroes/omenseeker/fx/omenseeker.sprite.undercut.skel
heroes/omenseeker/fx/omenseeker.sprite.undercut_target.atlas
heroes/omenseeker/fx/omenseeker.sprite.undercut_target.png
heroes/omenseeker/fx/omenseeker.sprite.undercut_target.skel
heroes/omenseeker/fx/omenseeker.sprite.whip_lash.atlas
heroes/omenseeker/fx/omenseeker.sprite.whip_lash.png
heroes/omenseeker/fx/omenseeker.sprite.whip_lash.skel
heroes/omenseeker/fx/plague_doctor.sprite.plague_grenade_target.png
heroes/omenseeker/fx/vestal.sprite.dazzling_light_target.png
heroes/omenseeker/icons_equip/eqp_armour_0.png
heroes/omenseeker/icons_equip/eqp_armour_1.png
heroes/omenseeker/icons_equip/eqp_armour_2.png
heroes/omenseeker/icons_equip/eqp_armour_3.png
heroes/omenseeker/icons_equip/eqp_armour_4.png
heroes/omenseeker/icons_equip/eqp_weapon_0.png
heroes/omenseeker/icons_equip/eqp_weapon_1.png
heroes/omenseeker/icons_equip/eqp_weapon_2.png
heroes/omenseeker/icons_equip/eqp_weapon_3.png
heroes/omenseeker/icons_equip/eqp_weapon_4.png
heroes/omenseeker/omenseeker_A/omenseeker_portrait_roster.png
panels/icons_equip/trinket/inv_trinket+omenseeker_black_fortuna.png
panels/icons_equip/trinket/inv_trinket+omenseeker_ebbing_deck.png
panels/icons_equip/trinket/inv_trinket+omenseeker_idol.png
panels/icons_equip/trinket/inv_trinket+omenseeker_incense.png
panels/icons_equip/trinket/inv_trinket+omenseeker_misfortunate_pistols.png
panels/icons_equip/trinket/inv_trinket+omenseeker_pendulum.png
panels/icons_equip/trinket/inv_trinket+omenseeker_shrunken_head.png
panels/icons_equip/trinket/inv_trinket+omenseeker_stopwatch.png
panels/icons_equip/trinket/rarity_crimson_court.png
raid/camping/skill_icons/camp_skill_everybody_in.png
raid/camping/skill_icons/camp_skill_helping_hands.png
raid/camping/skill_icons/camp_skill_monster_manual.png
raid/camping/skill_icons/camp_skill_second_course.png
campaign/town_events/omenseeker.town_events.event.json
heroes/omenseeker/omenseeker.ability.five.png
heroes/omenseeker/omenseeker.ability.four.png
heroes/omenseeker/omenseeker.ability.one.png
heroes/omenseeker/omenseeker.ability.seven.png
heroes/omenseeker/omenseeker.ability.six.png
heroes/omenseeker/omenseeker.ability.three.png
heroes/omenseeker/omenseeker.ability.two.png
heroes/omenseeker/omenseeker.art.darkest
heroes/omenseeker/omenseeker.info.darkest
heroes/omenseeker/omenseeker_guild_header.png
raid/camping/omenseeker.camping_skills.json
