
-------------------------------------------------------------------------------
Parsing project file - C:\Users\client\Desktop\prophete\prophete.xml
Mod Data Directory = C:/Users/client/Desktop/prophete/

-------------------------------------------------------------------------------
Processing Map Files files...

-------------------------------------------------------------------------------
Running Localization...
Parsing localization/miscellaneous_prophete.string_table.xml
Parsing localization/prophete.string_table.xml

Building Languages
Exporting .loc files

-------------------------------------------------------------------------------
Searching for preview icon file C:/Users/client/Desktop/prophete/preview_icon.png...FOUND!
<UploadMode> - Set to direct_upload


-------------------------------------------------------------------------------
Detected 15 unchanged files
The following files are unchanged and will be uploaded...
C:/Users/client/Desktop/prophete/panels/icons_equip/trinket/inv_trinket+libram_cigurosia.png
C:/Users/client/Desktop/prophete/panels/icons_equip/trinket/inv_trinket+livre_folizia.png
C:/Users/client/Desktop/prophete/panels/icons_equip/trinket/inv_trinket+marque_page_peau_mue.png
C:/Users/client/Desktop/prophete/panels/icons_equip/trinket/inv_trinket+tome_jet_sort.png
C:/Users/client/Desktop/prophete/localization/1196273779_brazilian.loc
C:/Users/client/Desktop/prophete/localization/1196273779_czech.loc
C:/Users/client/Desktop/prophete/localization/1196273779_german.loc
C:/Users/client/Desktop/prophete/localization/1196273779_italian.loc
C:/Users/client/Desktop/prophete/localization/1196273779_polish.loc
C:/Users/client/Desktop/prophete/localization/1196273779_russian.loc
C:/Users/client/Desktop/prophete/localization/1196273779_schinese.loc
C:/Users/client/Desktop/prophete/localization/1196273779_spanish.loc
C:/Users/client/Desktop/prophete/overlays/poptext_shuffle_dot.png
C:/Users/client/Desktop/prophete/overlays/poptext_shuffle_dot_resist.png
C:/Users/client/Desktop/prophete/overlays/tray_dot_shuffle.png

-------------------------------------------------------------------------------
Modded files...

heroes/prophete/prophete_A/anim/prophete.sprite.afflicted.png
heroes/prophete/prophete_A/anim/prophete.sprite.attack_heal.png
heroes/prophete/prophete_A/anim/prophete.sprite.attack_lectionary.png
heroes/prophete/prophete_A/anim/prophete.sprite.attack_mace.png
heroes/prophete/prophete_A/anim/prophete.sprite.attack_miracle.png
heroes/prophete/prophete_A/anim/prophete.sprite.camp.png
heroes/prophete/prophete_A/anim/prophete.sprite.combat.png
heroes/prophete/prophete_A/anim/prophete.sprite.defend.png
heroes/prophete/prophete_A/anim/prophete.sprite.heroic.png
heroes/prophete/prophete_A/anim/prophete.sprite.idle.png
heroes/prophete/prophete_A/anim/prophete.sprite.investigate.png
heroes/prophete/prophete_A/anim/prophete.sprite.walk.png
heroes/prophete/prophete_B/anim/prophete.sprite.afflicted.png
heroes/prophete/prophete_B/anim/prophete.sprite.attack_heal.png
heroes/prophete/prophete_B/anim/prophete.sprite.attack_lectionary.png
heroes/prophete/prophete_B/anim/prophete.sprite.attack_mace.png
heroes/prophete/prophete_B/anim/prophete.sprite.attack_miracle.png
heroes/prophete/prophete_B/anim/prophete.sprite.camp.png
heroes/prophete/prophete_B/anim/prophete.sprite.combat.png
heroes/prophete/prophete_B/anim/prophete.sprite.defend.png
heroes/prophete/prophete_B/anim/prophete.sprite.heroic.png
heroes/prophete/prophete_B/anim/prophete.sprite.idle.png
heroes/prophete/prophete_B/anim/prophete.sprite.investigate.png
heroes/prophete/prophete_B/anim/prophete.sprite.walk.png
heroes/prophete/prophete_C/anim/prophete.sprite.afflicted.png
heroes/prophete/prophete_C/anim/prophete.sprite.attack_heal.png
heroes/prophete/prophete_C/anim/prophete.sprite.attack_lectionary.png
heroes/prophete/prophete_C/anim/prophete.sprite.attack_mace.png
heroes/prophete/prophete_C/anim/prophete.sprite.attack_miracle.png
heroes/prophete/prophete_C/anim/prophete.sprite.camp.png
heroes/prophete/prophete_C/anim/prophete.sprite.combat.png
heroes/prophete/prophete_C/anim/prophete.sprite.defend.png
heroes/prophete/prophete_C/anim/prophete.sprite.heroic.png
heroes/prophete/prophete_C/anim/prophete.sprite.idle.png
heroes/prophete/prophete_C/anim/prophete.sprite.investigate.png
heroes/prophete/prophete_C/anim/prophete.sprite.walk.png
heroes/prophete/prophete_D/anim/prophete.sprite.afflicted.png
heroes/prophete/prophete_D/anim/prophete.sprite.attack_heal.png
heroes/prophete/prophete_D/anim/prophete.sprite.attack_lectionary.png
heroes/prophete/prophete_D/anim/prophete.sprite.attack_mace.png
heroes/prophete/prophete_D/anim/prophete.sprite.attack_miracle.png
heroes/prophete/prophete_D/anim/prophete.sprite.camp.png
heroes/prophete/prophete_D/anim/prophete.sprite.combat.png
heroes/prophete/prophete_D/anim/prophete.sprite.defend.png
heroes/prophete/prophete_D/anim/prophete.sprite.heroic.png
heroes/prophete/prophete_D/anim/prophete.sprite.idle.png
heroes/prophete/prophete_D/anim/prophete.sprite.investigate.png
heroes/prophete/prophete_D/anim/prophete.sprite.walk.png
heroes/prophete/anim/prophete.sprite.afflicted.atlas
heroes/prophete/anim/prophete.sprite.afflicted.skel
heroes/prophete/anim/prophete.sprite.attack_heal.atlas
heroes/prophete/anim/prophete.sprite.attack_heal.skel
heroes/prophete/anim/prophete.sprite.attack_lectionary.atlas
heroes/prophete/anim/prophete.sprite.attack_lectionary.skel
heroes/prophete/anim/prophete.sprite.attack_mace.atlas
heroes/prophete/anim/prophete.sprite.attack_mace.skel
heroes/prophete/anim/prophete.sprite.attack_miracle.atlas
heroes/prophete/anim/prophete.sprite.attack_miracle.skel
heroes/prophete/anim/prophete.sprite.camp.atlas
heroes/prophete/anim/prophete.sprite.camp.skel
heroes/prophete/anim/prophete.sprite.combat.atlas
heroes/prophete/anim/prophete.sprite.combat.skel
heroes/prophete/anim/prophete.sprite.defend.atlas
heroes/prophete/anim/prophete.sprite.defend.skel
heroes/prophete/anim/prophete.sprite.heroic.atlas
heroes/prophete/anim/prophete.sprite.heroic.skel
heroes/prophete/anim/prophete.sprite.idle.atlas
heroes/prophete/anim/prophete.sprite.idle.skel
heroes/prophete/anim/prophete.sprite.investigate.atlas
heroes/prophete/anim/prophete.sprite.investigate.skel
heroes/prophete/anim/prophete.sprite.walk.atlas
heroes/prophete/anim/prophete.sprite.walk.skel
heroes/prophete/fx/prophete.sprite.dazzling_light.atlas
heroes/prophete/fx/prophete.sprite.dazzling_light.png
heroes/prophete/fx/prophete.sprite.dazzling_light.skel
heroes/prophete/fx/prophete.sprite.dazzling_light_target.atlas
heroes/prophete/fx/prophete.sprite.dazzling_light_target.png
heroes/prophete/fx/prophete.sprite.dazzling_light_target.skel
heroes/prophete/fx/prophete.sprite.divine_grace.atlas
heroes/prophete/fx/prophete.sprite.divine_grace.png
heroes/prophete/fx/prophete.sprite.divine_grace.skel
heroes/prophete/fx/prophete.sprite.divine_grace_target.atlas
heroes/prophete/fx/prophete.sprite.divine_grace_target.png
heroes/prophete/fx/prophete.sprite.divine_grace_target.skel
heroes/prophete/fx/prophete.sprite.gods_comfort.atlas
heroes/prophete/fx/prophete.sprite.gods_comfort.png
heroes/prophete/fx/prophete.sprite.gods_comfort.skel
heroes/prophete/fx/prophete.sprite.gods_comfort_target.atlas
heroes/prophete/fx/prophete.sprite.gods_comfort_target.png
heroes/prophete/fx/prophete.sprite.gods_comfort_target.skel
heroes/prophete/fx/prophete.sprite.gods_hand.atlas
heroes/prophete/fx/prophete.sprite.gods_hand.png
heroes/prophete/fx/prophete.sprite.gods_hand.skel
heroes/prophete/fx/prophete.sprite.gods_hand_target.atlas
heroes/prophete/fx/prophete.sprite.gods_hand_target.png
heroes/prophete/fx/prophete.sprite.gods_hand_target.skel
heroes/prophete/fx/prophete.sprite.gods_illumination.atlas
heroes/prophete/fx/prophete.sprite.gods_illumination.png
heroes/prophete/fx/prophete.sprite.gods_illumination.skel
heroes/prophete/fx/prophete.sprite.gods_illumination_target.atlas
heroes/prophete/fx/prophete.sprite.gods_illumination_target.png
heroes/prophete/fx/prophete.sprite.gods_illumination_target.skel
heroes/prophete/fx/prophete.sprite.judgement.atlas
heroes/prophete/fx/prophete.sprite.judgement.png
