
-------------------------------------------------------------------------------
Parsing project file - E:\+ Snatch +\muscarine\[DDmods]\dd test\stitch\export\project.xml
Mod Data Directory = E:/+ Snatch +/muscarine/[DDmods]/dd test/stitch/export/

-------------------------------------------------------------------------------
Processing Map Files files...

-------------------------------------------------------------------------------
Running Localization...
Parsing localization/fawn.string_table.xml
Parsing localization/fawn_exp.string_table.xml

Building Languages

+++++++++++++++++++++++++++++++++++++++++
Error english - fawn+str_stress_heal_self_taira_blessing
----------
Couldn't find colour the_fallen in {colour_start|the_fallen}Will venge !{colour_end}
----------
----------
Couldn't find colour the_fallen in {colour_start|the_fallen}Piggies smell better than Mimimo.{colour_end}
----------
----------
Couldn't find colour the_fallen in {colour_start|the_fallen}Body shakes OUTSIDE ~{colour_end}
----------

+++++++++++++++++++++++++++++++++++++++++
Error german - fawn+str_stress_heal_self_taira_blessing
----------
Couldn't find colour the_fallen in {colour_start|the_fallen}Will venge !{colour_end}
----------
----------
Couldn't find colour the_fallen in {colour_start|the_fallen}Piggies smell better than Mimimo.{colour_end}
----------
----------
Couldn't find colour the_fallen in {colour_start|the_fallen}Body shakes OUTSIDE ~{colour_end}
----------

+++++++++++++++++++++++++++++++++++++++++
Error czech - fawn+str_stress_heal_self_taira_blessing
----------
Couldn't find colour the_fallen in {colour_start|the_fallen}Will venge !{colour_end}
----------
----------
Couldn't find colour the_fallen in {colour_start|the_fallen}Piggies smell better than Mimimo.{colour_end}
----------
----------
Couldn't find colour the_fallen in {colour_start|the_fallen}Body shakes OUTSIDE ~{colour_end}
----------

+++++++++++++++++++++++++++++++++++++++++
Error brazilian - fawn+str_stress_heal_self_taira_blessing
----------
Couldn't find colour the_fallen in {colour_start|the_fallen}Will venge !{colour_end}
----------
----------
Couldn't find colour the_fallen in {colour_start|the_fallen}Piggies smell better than Mimimo.{colour_end}
----------
----------
Couldn't find colour the_fallen in {colour_start|the_fallen}Body shakes OUTSIDE ~{colour_end}
----------

+++++++++++++++++++++++++++++++++++++++++
Error french - fawn+str_stress_heal_self_taira_blessing
----------
Couldn't find colour the_fallen in {colour_start|the_fallen}Will venge !{colour_end}
----------
----------
Couldn't find colour the_fallen in {colour_start|the_fallen}Piggies smell better than Mimimo.{colour_end}
----------
----------
Couldn't find colour the_fallen in {colour_start|the_fallen}Body shakes OUTSIDE ~{colour_end}
----------

+++++++++++++++++++++++++++++++++++++++++
Error italian - fawn+str_stress_heal_self_taira_blessing
----------
Couldn't find colour the_fallen in {colour_start|the_fallen}Will venge !{colour_end}
----------
----------
Couldn't find colour the_fallen in {colour_start|the_fallen}Piggies smell better than Mimimo.{colour_end}
----------
----------
Couldn't find colour the_fallen in {colour_start|the_fallen}Body shakes OUTSIDE ~{colour_end}
----------

+++++++++++++++++++++++++++++++++++++++++
Error polish - fawn+str_stress_heal_self_taira_blessing
----------
Couldn't find colour the_fallen in {colour_start|the_fallen}Will venge !{colour_end}
----------
----------
Couldn't find colour the_fallen in {colour_start|the_fallen}Piggies smell better than Mimimo.{colour_end}
----------
----------
Couldn't find colour the_fallen in {colour_start|the_fallen}Body shakes OUTSIDE ~{colour_end}
----------

+++++++++++++++++++++++++++++++++++++++++
Error russian - fawn+str_stress_heal_self_taira_blessing
----------
Couldn't find colour the_fallen in {colour_start|the_fallen}Will venge !{colour_end}
----------
----------
Couldn't find colour the_fallen in {colour_start|the_fallen}Piggies smell better than Mimimo.{colour_end}
----------
----------
Couldn't find colour the_fallen in {colour_start|the_fallen}Body shakes OUTSIDE ~{colour_end}
----------

+++++++++++++++++++++++++++++++++++++++++
Error spanish - fawn+str_stress_heal_self_taira_blessing
----------
Couldn't find colour the_fallen in {colour_start|the_fallen}Will venge !{colour_end}
----------
----------
Couldn't find colour the_fallen in {colour_start|the_fallen}Piggies smell better than Mimimo.{colour_end}
----------
----------
Couldn't find colour the_fallen in {colour_start|the_fallen}Body shakes OUTSIDE ~{colour_end}
----------

+++++++++++++++++++++++++++++++++++++++++
Error schinese - str_stress_heal_self_taira_blessing
----------
Couldn't find colour the_fallen in {colour_start|the_fallen}Will venge !{colour_end}
----------
----------
Couldn't find colour the_fallen in {colour_start|the_fallen}Piggies smell better than Mimimo.{colour_end}
----------
----------
Couldn't find colour the_fallen in {colour_start|the_fallen}Body shakes OUTSIDE ~{colour_end}
----------

+++++++++++++++++++++++++++++++++++++++++
Error tchinese - fawn+str_stress_heal_self_taira_blessing
----------
Couldn't find colour the_fallen in {colour_start|the_fallen}Will venge !{colour_end}
----------
----------
Couldn't find colour the_fallen in {colour_start|the_fallen}Piggies smell better than Mimimo.{colour_end}
----------
----------
Couldn't find colour the_fallen in {colour_start|the_fallen}Body shakes OUTSIDE ~{colour_end}
----------

+++++++++++++++++++++++++++++++++++++++++
Error koreana - fawn+str_stress_heal_self_taira_blessing
----------
Couldn't find colour the_fallen in {colour_start|the_fallen}Will venge !{colour_end}
----------
----------
Couldn't find colour the_fallen in {colour_start|the_fallen}Piggies smell better than Mimimo.{colour_end}
----------
----------
Couldn't find colour the_fallen in {colour_start|the_fallen}Body shakes OUTSIDE ~{colour_end}
----------

+++++++++++++++++++++++++++++++++++++++++
Error koreanb - fawn+str_stress_heal_self_taira_blessing
----------
Couldn't find colour the_fallen in {colour_start|the_fallen}Will venge !{colour_end}
----------
----------
Couldn't find colour the_fallen in {colour_start|the_fallen}Piggies smell better than Mimimo.{colour_end}
----------
----------
Couldn't find colour the_fallen in {colour_start|the_fallen}Body shakes OUTSIDE ~{colour_end}
----------

+++++++++++++++++++++++++++++++++++++++++
Error japanese - fawn+str_stress_heal_self_taira_blessing
----------
Couldn't find colour the_fallen in {colour_start|the_fallen}Will venge !{colour_end}
----------
----------
Couldn't find colour the_fallen in {colour_start|the_fallen}Piggies smell better than Mimimo.{colour_end}
----------
----------
Couldn't find colour the_fallen in {colour_start|the_fallen}Body shakes OUTSIDE ~{colour_end}
----------
Exporting .loc files

-------------------------------------------------------------------------------
Searching for preview icon file E:/+ Snatch +/muscarine/[DDmods]/dd test/stitch/export/preview_icon.png...FOUND!
<UploadMode> - Set to direct_upload


-------------------------------------------------------------------------------
Modded files...

heroes/fawn/fawn_A/anim/fawn.sprite.afflicted.png
heroes/fawn/fawn_A/anim/fawn.sprite.attack_drill.png
heroes/fawn/fawn_A/anim/fawn.sprite.attack_eviscerate.png
heroes/fawn/fawn_A/anim/fawn.sprite.attack_gouge.png
heroes/fawn/fawn_A/anim/fawn.sprite.attack_maim.png
heroes/fawn/fawn_A/anim/fawn.sprite.attack_moon_hoof.png
heroes/fawn/fawn_A/anim/fawn.sprite.attack_refresh.png
heroes/fawn/fawn_A/anim/fawn.sprite.attack_throat_skewer.png
heroes/fawn/fawn_A/anim/fawn.sprite.camp.png
heroes/fawn/fawn_A/anim/fawn.sprite.combat.png
heroes/fawn/fawn_A/anim/fawn.sprite.defend.png
heroes/fawn/fawn_A/anim/fawn.sprite.heroic.png
heroes/fawn/fawn_A/anim/fawn.sprite.idle.png
heroes/fawn/fawn_A/anim/fawn.sprite.investigate.png
heroes/fawn/fawn_A/anim/fawn.sprite.walk.png
campaign/town/town_event/town_event.image_fortuitous_clumsiness.png
heroes/fawn/anim/fawn.sprite.afflicted.atlas
heroes/fawn/anim/fawn.sprite.afflicted.skel
