
-------------------------------------------------------------------------------
Parsing project file - E:\DDmods\ReaverClassMod\data\project.xml
Mod Data Directory = e:/DDmods/ReaverClassMod/data/

-------------------------------------------------------------------------------
Processing Map Files files...

-------------------------------------------------------------------------------
Running Localization...
Parsing localization/reaver.string_table.xml

Building Languages

+++++++++++++++++++++++++++++++++++++++++
Error english - reaver+str_afflicted_selfish
----------
Malformed input (%. Don’t forget.)
----------

+++++++++++++++++++++++++++++++++++++++++
Error spanish - reaver+str_afflicted_selfish
----------
Malformed input (%. Don’t forget.)
----------

+++++++++++++++++++++++++++++++++++++++++
Error polish - reaver+str_afflicted_selfish
----------
Malformed input (%. Nie zapominajcie!)
----------

+++++++++++++++++++++++++++++++++++++++++
Error russian - reaver+str_afflicted_selfish
----------
Malformed input (%. Не забывайте.)
----------

+++++++++++++++++++++++++++++++++++++++++
Error french - reaver+str_afflicted_selfish
----------
Malformed input (%. Don’t forget.)
----------
Exporting .loc files

-------------------------------------------------------------------------------
Searching for preview icon file e:/DDmods/ReaverClassMod/data/preview_icon.png...FOUND!
<UploadMode> - Set to direct_upload


-------------------------------------------------------------------------------
Modded files...

heroes/reaver/reaver_A/anim/reaver.sprite.afflicted.png
heroes/reaver/reaver_A/anim/reaver.sprite.attack_bandage.png
heroes/reaver/reaver_A/anim/reaver.sprite.attack_point.png
heroes/reaver/reaver_A/anim/reaver.sprite.attack_ranged.png
heroes/reaver/reaver_A/anim/reaver.sprite.attack_sword.png
heroes/reaver/reaver_A/anim/reaver.sprite.attack_uppercut.png
heroes/reaver/reaver_A/anim/reaver.sprite.camp.png
heroes/reaver/reaver_A/anim/reaver.sprite.combat.png
heroes/reaver/reaver_A/anim/reaver.sprite.defend.png
heroes/reaver/reaver_A/anim/reaver.sprite.heroic.png
heroes/reaver/reaver_A/anim/reaver.sprite.idle.png
heroes/reaver/reaver_A/anim/reaver.sprite.investigate.png
heroes/reaver/reaver_A/anim/reaver.sprite.walk.png
heroes/reaver/reaver_B/anim/reaver.sprite.afflicted.png
heroes/reaver/reaver_B/anim/reaver.sprite.attack_bandage.png
heroes/reaver/reaver_B/anim/reaver.sprite.attack_point.png
heroes/reaver/reaver_B/anim/reaver.sprite.attack_ranged.png
heroes/reaver/reaver_B/anim/reaver.sprite.attack_sword.png
heroes/reaver/reaver_B/anim/reaver.sprite.attack_uppercut.png
heroes/reaver/reaver_B/anim/reaver.sprite.camp.png
heroes/reaver/reaver_B/anim/reaver.sprite.combat.png
heroes/reaver/reaver_B/anim/reaver.sprite.defend.png
heroes/reaver/reaver_B/anim/reaver.sprite.heroic.png
heroes/reaver/reaver_B/anim/reaver.sprite.idle.png
heroes/reaver/reaver_B/anim/reaver.sprite.investigate.png
heroes/reaver/reaver_B/anim/reaver.sprite.walk.png
heroes/reaver/reaver_C/anim/reaver.sprite.afflicted.png
heroes/reaver/reaver_C/anim/reaver.sprite.attack_bandage.png
heroes/reaver/reaver_C/anim/reaver.sprite.attack_point.png
heroes/reaver/reaver_C/anim/reaver.sprite.attack_ranged.png
heroes/reaver/reaver_C/anim/reaver.sprite.attack_sword.png
heroes/reaver/reaver_C/anim/reaver.sprite.attack_uppercut.png
heroes/reaver/reaver_C/anim/reaver.sprite.camp.png
heroes/reaver/reaver_C/anim/reaver.sprite.combat.png
heroes/reaver/reaver_C/anim/reaver.sprite.defend.png
heroes/reaver/reaver_C/anim/reaver.sprite.heroic.png
heroes/reaver/reaver_C/anim/reaver.sprite.idle.png
heroes/reaver/reaver_C/anim/reaver.sprite.investigate.png
heroes/reaver/reaver_C/anim/reaver.sprite.walk.png
heroes/reaver/reaver_D/anim/reaver.sprite.afflicted.png
heroes/reaver/reaver_D/anim/reaver.sprite.attack_bandage.png
heroes/reaver/reaver_D/anim/reaver.sprite.attack_point.png
heroes/reaver/reaver_D/anim/reaver.sprite.attack_ranged.png
heroes/reaver/reaver_D/anim/reaver.sprite.attack_sword.png
heroes/reaver/reaver_D/anim/reaver.sprite.attack_uppercut.png
heroes/reaver/reaver_D/anim/reaver.sprite.camp.png
heroes/reaver/reaver_D/anim/reaver.sprite.combat.png
heroes/reaver/reaver_D/anim/reaver.sprite.defend.png
heroes/reaver/reaver_D/anim/reaver.sprite.heroic.png
heroes/reaver/reaver_D/anim/reaver.sprite.idle.png
heroes/reaver/reaver_D/anim/reaver.sprite.investigate.png
heroes/reaver/reaver_D/anim/reaver.sprite.walk.png
heroes/reaver/anim/reaver.sprite.afflicted.atlas
heroes/reaver/anim/reaver.sprite.afflicted.skel
heroes/reaver/anim/reaver.sprite.attack_bandage.atlas
heroes/reaver/anim/reaver.sprite.attack_bandage.skel
heroes/reaver/anim/reaver.sprite.attack_point.atlas
heroes/reaver/anim/reaver.sprite.attack_point.skel
heroes/reaver/anim/reaver.sprite.attack_ranged.atlas
heroes/reaver/anim/reaver.sprite.attack_ranged.skel
heroes/reaver/anim/reaver.sprite.attack_sword.atlas
heroes/reaver/anim/reaver.sprite.attack_sword.skel
heroes/reaver/anim/reaver.sprite.attack_uppercut.atlas
heroes/reaver/anim/reaver.sprite.attack_uppercut.skel
heroes/reaver/anim/reaver.sprite.camp.atlas
heroes/reaver/anim/reaver.sprite.camp.skel
heroes/reaver/anim/reaver.sprite.combat.atlas
heroes/reaver/anim/reaver.sprite.combat.skel
heroes/reaver/anim/reaver.sprite.defend.atlas
heroes/reaver/anim/reaver.sprite.defend.skel
heroes/reaver/anim/reaver.sprite.heroic.atlas
heroes/reaver/anim/reaver.sprite.heroic.skel
heroes/reaver/anim/reaver.sprite.idle.atlas
heroes/reaver/anim/reaver.sprite.idle.skel
heroes/reaver/anim/reaver.sprite.investigate.atlas
heroes/reaver/anim/reaver.sprite.investigate.skel
heroes/reaver/anim/reaver.sprite.walk.atlas
heroes/reaver/anim/reaver.sprite.walk.skel
heroes/reaver/fx/reaver.sprite.bandit_stabby.atlas
heroes/reaver/fx/reaver.sprite.bandit_stabby.png
heroes/reaver/fx/reaver.sprite.bandit_stabby.skel
heroes/reaver/fx/reaver.sprite.bellow.atlas
heroes/reaver/fx/reaver.sprite.bellow.png
heroes/reaver/fx/reaver.sprite.bellow.skel
heroes/reaver/fx/reaver.sprite.blunderbuss_shot.atlas
heroes/reaver/fx/reaver.sprite.blunderbuss_shot.png
heroes/reaver/fx/reaver.sprite.blunderbuss_shot.skel
heroes/reaver/fx/reaver.sprite.blunderbuss_shot_target.atlas
heroes/reaver/fx/reaver.sprite.blunderbuss_shot_target.png
heroes/reaver/fx/reaver.sprite.blunderbuss_shot_target.skel
heroes/reaver/fx/reaver.sprite.fortifying_vapours_target.atlas
heroes/reaver/fx/reaver.sprite.fortifying_vapours_target.png
heroes/reaver/fx/reaver.sprite.fortifying_vapours_target.skel
heroes/reaver/fx/reaver.sprite.guard_target.atlas
heroes/reaver/fx/reaver.sprite.guard_target.png
heroes/reaver/fx/reaver.sprite.guard_target.skel
heroes/reaver/fx/reaver.sprite.point_blank_shot_target.atlas
heroes/reaver/fx/reaver.sprite.point_blank_shot_target.png
heroes/reaver/fx/reaver.sprite.point_blank_shot_target.skel
heroes/reaver/fx/reaver.sprite.rend_target.atlas
heroes/reaver/fx/reaver.sprite.rend_target.png
heroes/reaver/fx/reaver.sprite.rend_target.skel
heroes/reaver/fx/reaver.sprite.shield_defend_target.atlas
heroes/reaver/fx/reaver.sprite.shield_defend_target.png
heroes/reaver/fx/reaver.sprite.shield_defend_target.skel
heroes/reaver/fx/reaver.sprite.slime_target.atlas
heroes/reaver/fx/reaver.sprite.slime_target.png
heroes/reaver/fx/reaver.sprite.slime_target.skel
heroes/reaver/icons_equip/eqp_armour_0.png
heroes/reaver/icons_equip/eqp_armour_1.png
heroes/reaver/icons_equip/eqp_armour_2.png
heroes/reaver/icons_equip/eqp_armour_3.png
heroes/reaver/icons_equip/eqp_armour_4.png
heroes/reaver/icons_equip/eqp_weapon_0.png
heroes/reaver/icons_equip/eqp_weapon_1.png
heroes/reaver/icons_equip/eqp_weapon_2.png
heroes/reaver/icons_equip/eqp_weapon_3.png
heroes/reaver/icons_equip/eqp_weapon_4.png
heroes/reaver/reaver_A/reaver_portrait_roster.png
heroes/reaver/reaver_B/reaver_portrait_roster.png
heroes/reaver/reaver_C/reaver_portrait_roster.png
heroes/reaver/reaver_D/reaver_portrait_roster.png
panels/icons_equip/trinket/inv_trinket+reaver_brigands_emblem.png
panels/icons_equip/trinket/inv_trinket+reaver_looted_amulet.png
panels/icons_equip/trinket/inv_trinket+reaver_lucky_coin.png
