
-------------------------------------------------------------------------------
Parsing project file - C:\Users\JonDavid\Videos\DarkstDungun\HalloweenSkins\Halloweenskin.xml
Mod Data Directory = c:/Users/JonDavid/Videos/DarkstDungun/HalloweenSkins/

-------------------------------------------------------------------------------
Processing Map Files files...

-------------------------------------------------------------------------------
Running Localization...
Parsing localization/skeleton.string_table.xml

Building Languages
Exporting .loc files

-------------------------------------------------------------------------------
Searching for preview icon file c:/Users/JonDavid/Videos/DarkstDungun/HalloweenSkins/preview_icon.png...FOUND!
<UploadMode> - Set to direct_upload


-------------------------------------------------------------------------------
Modded files...

heroes/skeleton/skeleton_A/anim/Thumbs.db
heroes/skeleton/skeleton_A/anim/skeleton.sprite.afflicted.png
heroes/skeleton/skeleton_A/anim/skeleton.sprite.attack_hipshot.png
heroes/skeleton/skeleton_A/anim/skeleton.sprite.attack_lunge.png
heroes/skeleton/skeleton_A/anim/skeleton.sprite.attack_pistol.png
heroes/skeleton/skeleton_A/anim/skeleton.sprite.attack_shield.png
heroes/skeleton/skeleton_A/anim/skeleton.sprite.attack_slice.png
heroes/skeleton/skeleton_A/anim/skeleton.sprite.attack_standard.png
heroes/skeleton/skeleton_A/anim/skeleton.sprite.camp.png
heroes/skeleton/skeleton_A/anim/skeleton.sprite.combat.png
heroes/skeleton/skeleton_A/anim/skeleton.sprite.defend.png
heroes/skeleton/skeleton_A/anim/skeleton.sprite.heroic.png
heroes/skeleton/skeleton_A/anim/skeleton.sprite.idle.png
heroes/skeleton/skeleton_A/anim/skeleton.sprite.investigate.png
heroes/skeleton/skeleton_A/anim/skeleton.sprite.walk.png
heroes/skeleton/skeleton_B/anim/Thumbs.db
heroes/skeleton/skeleton_B/anim/skeleton.sprite.afflicted.png
heroes/skeleton/skeleton_B/anim/skeleton.sprite.attack_hipshot.png
heroes/skeleton/skeleton_B/anim/skeleton.sprite.attack_lunge.png
heroes/skeleton/skeleton_B/anim/skeleton.sprite.attack_pistol.png
heroes/skeleton/skeleton_B/anim/skeleton.sprite.attack_shield.png
heroes/skeleton/skeleton_B/anim/skeleton.sprite.attack_slice.png
heroes/skeleton/skeleton_B/anim/skeleton.sprite.attack_standard.png
heroes/skeleton/skeleton_B/anim/skeleton.sprite.camp.png
heroes/skeleton/skeleton_B/anim/skeleton.sprite.combat.png
heroes/skeleton/skeleton_B/anim/skeleton.sprite.defend.png
heroes/skeleton/skeleton_B/anim/skeleton.sprite.heroic.png
heroes/skeleton/skeleton_B/anim/skeleton.sprite.idle.png
heroes/skeleton/skeleton_B/anim/skeleton.sprite.investigate.png
heroes/skeleton/skeleton_B/anim/skeleton.sprite.walk.png
heroes/skeleton/skeleton_C/anim/Thumbs.db
heroes/skeleton/skeleton_C/anim/skeleton.sprite.afflicted.png
heroes/skeleton/skeleton_C/anim/skeleton.sprite.attack_hipshot.png
heroes/skeleton/skeleton_C/anim/skeleton.sprite.attack_lunge.png
heroes/skeleton/skeleton_C/anim/skeleton.sprite.attack_pistol.png
heroes/skeleton/skeleton_C/anim/skeleton.sprite.attack_shield.png
heroes/skeleton/skeleton_C/anim/skeleton.sprite.attack_slice.png
heroes/skeleton/skeleton_C/anim/skeleton.sprite.attack_standard.png
heroes/skeleton/skeleton_C/anim/skeleton.sprite.camp.png
heroes/skeleton/skeleton_C/anim/skeleton.sprite.combat.png
heroes/skeleton/skeleton_C/anim/skeleton.sprite.defend.png
heroes/skeleton/skeleton_C/anim/skeleton.sprite.heroic.png
heroes/skeleton/skeleton_C/anim/skeleton.sprite.idle.png
heroes/skeleton/skeleton_C/anim/skeleton.sprite.investigate.png
heroes/skeleton/skeleton_C/anim/skeleton.sprite.walk.png
heroes/skeleton/skeleton_D/anim/Thumbs.db
heroes/skeleton/skeleton_D/anim/skeleton.sprite.afflicted.png
heroes/skeleton/skeleton_D/anim/skeleton.sprite.attack_hipshot.png
heroes/skeleton/skeleton_D/anim/skeleton.sprite.attack_lunge.png
heroes/skeleton/skeleton_D/anim/skeleton.sprite.attack_pistol.png
heroes/skeleton/skeleton_D/anim/skeleton.sprite.attack_shield.png
heroes/skeleton/skeleton_D/anim/skeleton.sprite.attack_slice.png
heroes/skeleton/skeleton_D/anim/skeleton.sprite.attack_standard.png
heroes/skeleton/skeleton_D/anim/skeleton.sprite.camp.png
heroes/skeleton/skeleton_D/anim/skeleton.sprite.combat.png
heroes/skeleton/skeleton_D/anim/skeleton.sprite.defend.png
heroes/skeleton/skeleton_D/anim/skeleton.sprite.heroic.png
heroes/skeleton/skeleton_D/anim/skeleton.sprite.idle.png
heroes/skeleton/skeleton_D/anim/skeleton.sprite.investigate.png
heroes/skeleton/skeleton_D/anim/skeleton.sprite.walk.png
heroes/skeleton/skeleton_E/anim/Thumbs.db
heroes/skeleton/skeleton_E/anim/highwayman.sprite.combat.png
heroes/skeleton/skeleton_E/anim/skeleton.sprite.afflicted.png
heroes/skeleton/skeleton_E/anim/skeleton.sprite.attack_hipshot.png
heroes/skeleton/skeleton_E/anim/skeleton.sprite.attack_lunge.png
heroes/skeleton/skeleton_E/anim/skeleton.sprite.attack_pistol.png
heroes/skeleton/skeleton_E/anim/skeleton.sprite.attack_shield.png
heroes/skeleton/skeleton_E/anim/skeleton.sprite.attack_slice.png
heroes/skeleton/skeleton_E/anim/skeleton.sprite.attack_standard.png
heroes/skeleton/skeleton_E/anim/skeleton.sprite.camp.png
heroes/skeleton/skeleton_E/anim/skeleton.sprite.combat.png
heroes/skeleton/skeleton_E/anim/skeleton.sprite.defend.png
heroes/skeleton/skeleton_E/anim/skeleton.sprite.heroic.png
heroes/skeleton/skeleton_E/anim/skeleton.sprite.idle.png
heroes/skeleton/skeleton_E/anim/skeleton.sprite.investigate.png
heroes/skeleton/skeleton_E/anim/skeleton.sprite.walk.png
heroes/skeleton/anim/Thumbs.db
heroes/skeleton/anim/collector.sprite.attack_skull.atlas
heroes/skeleton/anim/collector.sprite.attack_skull.skel
heroes/skeleton/anim/skeleton.sprite.afflicted.atlas
heroes/skeleton/anim/skeleton.sprite.afflicted.skel
heroes/skeleton/anim/skeleton.sprite.attack_hipshot.atlas
heroes/skeleton/anim/skeleton.sprite.attack_hipshot.skel
heroes/skeleton/anim/skeleton.sprite.attack_lunge.atlas
heroes/skeleton/anim/skeleton.sprite.attack_lunge.skel
heroes/skeleton/anim/skeleton.sprite.attack_pistol.atlas
heroes/skeleton/anim/skeleton.sprite.attack_pistol.skel
heroes/skeleton/anim/skeleton.sprite.attack_shield.atlas
heroes/skeleton/anim/skeleton.sprite.attack_shield.skel
heroes/skeleton/anim/skeleton.sprite.attack_slice.atlas
heroes/skeleton/anim/skeleton.sprite.attack_slice.skel
heroes/skeleton/anim/skeleton.sprite.attack_standard.atlas
heroes/skeleton/anim/skeleton.sprite.attack_standard.skel
heroes/skeleton/anim/skeleton.sprite.camp.atlas
heroes/skeleton/anim/skeleton.sprite.camp.skel
heroes/skeleton/anim/skeleton.sprite.combat.atlas
heroes/skeleton/anim/skeleton.sprite.combat.skel
heroes/skeleton/anim/skeleton.sprite.defend.atlas
heroes/skeleton/anim/skeleton.sprite.defend.skel
heroes/skeleton/anim/skeleton.sprite.heroic.atlas
heroes/skeleton/anim/skeleton.sprite.heroic.skel
heroes/skeleton/anim/skeleton.sprite.idle.atlas
heroes/skeleton/anim/skeleton.sprite.idle.skel
heroes/skeleton/anim/skeleton.sprite.investigate.atlas
heroes/skeleton/anim/skeleton.sprite.investigate.skel
heroes/skeleton/anim/skeleton.sprite.walk.atlas
heroes/skeleton/anim/skeleton.sprite.walk.skel
heroes/skeleton/fx/Thumbs.db
heroes/skeleton/fx/skeleton.sprite.duelist_advance.atlas
heroes/skeleton/fx/skeleton.sprite.duelist_advance.png
heroes/skeleton/fx/skeleton.sprite.duelist_advance.skel
heroes/skeleton/fx/skeleton.sprite.grape_shot_blast.atlas
heroes/skeleton/fx/skeleton.sprite.grape_shot_blast.png
heroes/skeleton/fx/skeleton.sprite.grape_shot_blast.skel
heroes/skeleton/fx/skeleton.sprite.grape_shot_blast_target.atlas
heroes/skeleton/fx/skeleton.sprite.grape_shot_blast_target.png
heroes/skeleton/fx/skeleton.sprite.grape_shot_blast_target.skel
heroes/skeleton/fx/skeleton.sprite.opened_vein.atlas
heroes/skeleton/fx/skeleton.sprite.opened_vein.png
heroes/skeleton/fx/skeleton.sprite.opened_vein.skel
heroes/skeleton/fx/skeleton.sprite.pistol_shot.atlas
heroes/skeleton/fx/skeleton.sprite.pistol_shot.png
heroes/skeleton/fx/skeleton.sprite.pistol_shot.skel
heroes/skeleton/fx/skeleton.sprite.pistol_shot_target.atlas
heroes/skeleton/fx/skeleton.sprite.pistol_shot_target.png
heroes/skeleton/fx/skeleton.sprite.pistol_shot_target.skel
