
-------------------------------------------------------------------------------
Parsing project file - C:\Users\Tym `n` Matioza\Desktop\upload\WYKONANE\Beastmaster\project.xml
Mod Data Directory = C:/Users/Tym `n` Matioza/Desktop/upload/WYKONANE/Beastmaster/

-------------------------------------------------------------------------------
Processing Map Files files...

-------------------------------------------------------------------------------
Running Localization...
Parsing localization/beastmaster.string_table.xml
Parsing localization/beastmaster_TT.string_table.xml
Parsing localization/miscellaneous_beastmaster.string_table.xml
Parsing localization/trinkets_beastmaster.string_table.xml

Building Languages
Exporting .loc files

-------------------------------------------------------------------------------
Searching for preview icon file C:/Users/Tym `n` Matioza/Desktop/upload/WYKONANE/Beastmaster/preview_icon.png...FOUND!
<UploadMode> - Set to direct_upload


-------------------------------------------------------------------------------
Modded files...

heroes/beastmaster/beastmaster_A/anim/beastmaster.attack_cycle.sprite.png
heroes/beastmaster/beastmaster_A/anim/beastmaster.sprite.afflicted.png
heroes/beastmaster/beastmaster_A/anim/beastmaster.sprite.attack_bird.png
heroes/beastmaster/beastmaster_A/anim/beastmaster.sprite.attack_bird_of_prey.png
heroes/beastmaster/beastmaster_A/anim/beastmaster.sprite.attack_cycle.png
heroes/beastmaster/beastmaster_A/anim/beastmaster.sprite.attack_doublestrike.png
heroes/beastmaster/beastmaster_A/anim/beastmaster.sprite.attack_ferocity.png
heroes/beastmaster/beastmaster_A/anim/beastmaster.sprite.attack_ravenous.png
heroes/beastmaster/beastmaster_A/anim/beastmaster.sprite.attack_spirit_familiar.png
heroes/beastmaster/beastmaster_A/anim/beastmaster.sprite.attack_turtle_tiger.png
heroes/beastmaster/beastmaster_A/anim/beastmaster.sprite.camp.png
heroes/beastmaster/beastmaster_A/anim/beastmaster.sprite.combat.png
heroes/beastmaster/beastmaster_A/anim/beastmaster.sprite.defend.png
heroes/beastmaster/beastmaster_A/anim/beastmaster.sprite.heroic.png
heroes/beastmaster/beastmaster_A/anim/beastmaster.sprite.idle.png
heroes/beastmaster/beastmaster_A/anim/beastmaster.sprite.investigate.png
heroes/beastmaster/beastmaster_A/anim/beastmaster.sprite.prowl.png
heroes/beastmaster/beastmaster_A/anim/beastmaster.sprite.thorn_army.png
heroes/beastmaster/beastmaster_A/anim/beastmaster.sprite.turtle_tiger.png
heroes/beastmaster/beastmaster_A/anim/beastmaster.sprite.walk.png
heroes/beastmaster/beastmaster_B/anim/beastmaster.attack_cycle.sprite.png
heroes/beastmaster/beastmaster_B/anim/beastmaster.sprite.afflicted.png
heroes/beastmaster/beastmaster_B/anim/beastmaster.sprite.attack_bird.png
heroes/beastmaster/beastmaster_B/anim/beastmaster.sprite.attack_bird_of_prey.png
heroes/beastmaster/beastmaster_B/anim/beastmaster.sprite.attack_cycle.png
heroes/beastmaster/beastmaster_B/anim/beastmaster.sprite.attack_doublestrike.png
heroes/beastmaster/beastmaster_B/anim/beastmaster.sprite.attack_ferocity.png
heroes/beastmaster/beastmaster_B/anim/beastmaster.sprite.attack_ravenous.png
heroes/beastmaster/beastmaster_B/anim/beastmaster.sprite.attack_spirit_familiar.png
heroes/beastmaster/beastmaster_B/anim/beastmaster.sprite.attack_turtle_tiger.png
heroes/beastmaster/beastmaster_B/anim/beastmaster.sprite.camp.png
heroes/beastmaster/beastmaster_B/anim/beastmaster.sprite.combat.png
heroes/beastmaster/beastmaster_B/anim/beastmaster.sprite.defend.png
heroes/beastmaster/beastmaster_B/anim/beastmaster.sprite.heroic.png
heroes/beastmaster/beastmaster_B/anim/beastmaster.sprite.idle.png
heroes/beastmaster/beastmaster_B/anim/beastmaster.sprite.investigate.png
heroes/beastmaster/beastmaster_B/anim/beastmaster.sprite.prowl.png
heroes/beastmaster/beastmaster_B/anim/beastmaster.sprite.thorn_army.png
heroes/beastmaster/beastmaster_B/anim/beastmaster.sprite.turtle_tiger.png
heroes/beastmaster/beastmaster_B/anim/beastmaster.sprite.walk.png
heroes/beastmaster/beastmaster_C/anim/beastmaster.attack_cycle.sprite.png
heroes/beastmaster/beastmaster_C/anim/beastmaster.sprite.afflicted.png
heroes/beastmaster/beastmaster_C/anim/beastmaster.sprite.attack_bird.png
heroes/beastmaster/beastmaster_C/anim/beastmaster.sprite.attack_bird_of_prey.png
heroes/beastmaster/beastmaster_C/anim/beastmaster.sprite.attack_cycle.png
heroes/beastmaster/beastmaster_C/anim/beastmaster.sprite.attack_doublestrike.png
heroes/beastmaster/beastmaster_C/anim/beastmaster.sprite.attack_ferocity.png
heroes/beastmaster/beastmaster_C/anim/beastmaster.sprite.attack_ravenous.png
heroes/beastmaster/beastmaster_C/anim/beastmaster.sprite.attack_spirit_familiar.png
heroes/beastmaster/beastmaster_C/anim/beastmaster.sprite.attack_turtle_tiger.png
heroes/beastmaster/beastmaster_C/anim/beastmaster.sprite.camp.png
heroes/beastmaster/beastmaster_C/anim/beastmaster.sprite.combat.png
heroes/beastmaster/beastmaster_C/anim/beastmaster.sprite.defend.png
heroes/beastmaster/beastmaster_C/anim/beastmaster.sprite.heroic.png
heroes/beastmaster/beastmaster_C/anim/beastmaster.sprite.idle.png
heroes/beastmaster/beastmaster_C/anim/beastmaster.sprite.investigate.png
heroes/beastmaster/beastmaster_C/anim/beastmaster.sprite.prowl.png
heroes/beastmaster/beastmaster_C/anim/beastmaster.sprite.thorn_army.png
heroes/beastmaster/beastmaster_C/anim/beastmaster.sprite.turtle_tiger.png
heroes/beastmaster/beastmaster_C/anim/beastmaster.sprite.walk.png
heroes/beastmaster/beastmaster_D/anim/beastmaster.attack_cycle.sprite.png
heroes/beastmaster/beastmaster_D/anim/beastmaster.sprite.afflicted.png
heroes/beastmaster/beastmaster_D/anim/beastmaster.sprite.attack_bird.png
heroes/beastmaster/beastmaster_D/anim/beastmaster.sprite.attack_bird_of_prey.png
heroes/beastmaster/beastmaster_D/anim/beastmaster.sprite.attack_cycle.png
heroes/beastmaster/beastmaster_D/anim/beastmaster.sprite.attack_doublestrike.png
heroes/beastmaster/beastmaster_D/anim/beastmaster.sprite.attack_ferocity.png
heroes/beastmaster/beastmaster_D/anim/beastmaster.sprite.attack_ravenous.png
heroes/beastmaster/beastmaster_D/anim/beastmaster.sprite.attack_spirit_familiar.png
heroes/beastmaster/beastmaster_D/anim/beastmaster.sprite.attack_turtle_tiger.png
heroes/beastmaster/beastmaster_D/anim/beastmaster.sprite.camp.png
heroes/beastmaster/beastmaster_D/anim/beastmaster.sprite.combat.png
heroes/beastmaster/beastmaster_D/anim/beastmaster.sprite.defend.png
heroes/beastmaster/beastmaster_D/anim/beastmaster.sprite.heroic.png
heroes/beastmaster/beastmaster_D/anim/beastmaster.sprite.idle.png
heroes/beastmaster/beastmaster_D/anim/beastmaster.sprite.investigate.png
heroes/beastmaster/beastmaster_D/anim/beastmaster.sprite.prowl.png
heroes/beastmaster/beastmaster_D/anim/beastmaster.sprite.thorn_army.png
heroes/beastmaster/beastmaster_D/anim/beastmaster.sprite.turtle_tiger.png
heroes/beastmaster/beastmaster_D/anim/beastmaster.sprite.walk.png
campaign/town/town_event/town_event.image_first_beastmaster.png
campaign/town/town_event/town_event.image_idle_resolve_level_beastmaster.png
heroes/beastmaster/anim/beastmaster.sprite.afflicted.atlas
heroes/beastmaster/anim/beastmaster.sprite.afflicted.skel
heroes/beastmaster/anim/beastmaster.sprite.attack_bird.atlas
heroes/beastmaster/anim/beastmaster.sprite.attack_bird.skel
heroes/beastmaster/anim/beastmaster.sprite.attack_bird_of_prey.atlas
heroes/beastmaster/anim/beastmaster.sprite.attack_bird_of_prey.skel
heroes/beastmaster/anim/beastmaster.sprite.attack_cycle.atlas
heroes/beastmaster/anim/beastmaster.sprite.attack_cycle.skel
heroes/beastmaster/anim/beastmaster.sprite.attack_doublestrike.atlas
heroes/beastmaster/anim/beastmaster.sprite.attack_doublestrike.skel
heroes/beastmaster/anim/beastmaster.sprite.attack_ferocity.atlas
heroes/beastmaster/anim/beastmaster.sprite.attack_ferocity.skel
heroes/beastmaster/anim/beastmaster.sprite.attack_ravenous.atlas
heroes/beastmaster/anim/beastmaster.sprite.attack_ravenous.skel
heroes/beastmaster/anim/beastmaster.sprite.attack_spirit_familiar.atlas
heroes/beastmaster/anim/beastmaster.sprite.attack_spirit_familiar.skel
heroes/beastmaster/anim/beastmaster.sprite.attack_turtle_tiger.atlas
heroes/beastmaster/anim/beastmaster.sprite.attack_turtle_tiger.skel
heroes/beastmaster/anim/beastmaster.sprite.camp.atlas
heroes/beastmaster/anim/beastmaster.sprite.camp.skel
heroes/beastmaster/anim/beastmaster.sprite.combat.atlas
heroes/beastmaster/anim/beastmaster.sprite.combat.skel
heroes/beastmaster/anim/beastmaster.sprite.defend.atlas
heroes/beastmaster/anim/beastmaster.sprite.defend.skel
heroes/beastmaster/anim/beastmaster.sprite.heroic.atlas
heroes/beastmaster/anim/beastmaster.sprite.heroic.skel
heroes/beastmaster/anim/beastmaster.sprite.idle.atlas
heroes/beastmaster/anim/beastmaster.sprite.idle.skel
heroes/beastmaster/anim/beastmaster.sprite.investigate.atlas
heroes/beastmaster/anim/beastmaster.sprite.investigate.skel
heroes/beastmaster/anim/beastmaster.sprite.prowl.atlas
heroes/beastmaster/anim/beastmaster.sprite.prowl.skel
heroes/beastmaster/anim/beastmaster.sprite.thorn_army.atlas
heroes/beastmaster/anim/beastmaster.sprite.thorn_army.skel
heroes/beastmaster/anim/beastmaster.sprite.turtle_tiger.atlas
heroes/beastmaster/anim/beastmaster.sprite.turtle_tiger.skel
heroes/beastmaster/anim/beastmaster.sprite.walk.atlas
heroes/beastmaster/anim/beastmaster.sprite.walk.skel
heroes/beastmaster/beastmaster_A/beastmaster_portrait_roster.png
heroes/beastmaster/beastmaster_B/beastmaster_portrait_roster.png
heroes/beastmaster/beastmaster_C/beastmaster_portrait_roster.png
heroes/beastmaster/beastmaster_D/beastmaster_portrait_roster.png
heroes/beastmaster/fx/beastmaster.sprite.BM_kill_1.atlas
heroes/beastmaster/fx/beastmaster.sprite.BM_kill_1.png
heroes/beastmaster/fx/beastmaster.sprite.BM_kill_1.skel
heroes/beastmaster/fx/beastmaster.sprite.BM_kill_2.atlas
heroes/beastmaster/fx/beastmaster.sprite.BM_kill_2.png
heroes/beastmaster/fx/beastmaster.sprite.BM_kill_2.skel
heroes/beastmaster/fx/beastmaster.sprite.BM_kill_3.atlas
heroes/beastmaster/fx/beastmaster.sprite.BM_kill_3.png
heroes/beastmaster/fx/beastmaster.sprite.BM_kill_3.skel
heroes/beastmaster/fx/beastmaster.sprite.BM_kill_4.atlas
heroes/beastmaster/fx/beastmaster.sprite.BM_kill_4.png
heroes/beastmaster/fx/beastmaster.sprite.BM_kill_4.skel
heroes/beastmaster/fx/beastmaster.sprite.BM_kill_5.atlas
heroes/beastmaster/fx/beastmaster.sprite.BM_kill_5.png
heroes/beastmaster/fx/beastmaster.sprite.BM_kill_5.skel
heroes/beastmaster/fx/beastmaster.sprite.BM_on_set_1.atlas
heroes/beastmaster/fx/beastmaster.sprite.BM_on_set_1.png
heroes/beastmaster/fx/beastmaster.sprite.BM_on_set_1.skel
heroes/beastmaster/fx/beastmaster.sprite.BM_on_set_2.atlas
heroes/beastmaster/fx/beastmaster.sprite.BM_on_set_2.png
heroes/beastmaster/fx/beastmaster.sprite.BM_on_set_2.skel
heroes/beastmaster/fx/beastmaster.sprite.BM_on_set_3.atlas
heroes/beastmaster/fx/beastmaster.sprite.BM_on_set_3.png
heroes/beastmaster/fx/beastmaster.sprite.BM_on_set_3.skel
heroes/beastmaster/fx/beastmaster.sprite.actor_dot_BB_kill_1_onset.atlas
heroes/beastmaster/fx/beastmaster.sprite.actor_dot_BB_kill_1_onset.png
heroes/beastmaster/fx/beastmaster.sprite.actor_dot_BB_kill_1_onset.skel
heroes/beastmaster/fx/beastmaster.sprite.bite_target.atlas
heroes/beastmaster/fx/beastmaster.sprite.bite_target.png
heroes/beastmaster/fx/beastmaster.sprite.bite_target.skel
heroes/beastmaster/fx/beastmaster.sprite.cycle_of_life_BM_target.atlas
heroes/beastmaster/fx/beastmaster.sprite.cycle_of_life_BM_target.png
heroes/beastmaster/fx/beastmaster.sprite.cycle_of_life_BM_target.skel
heroes/beastmaster/fx/beastmaster.sprite.doublestrike_target.atlas
heroes/beastmaster/fx/beastmaster.sprite.doublestrike_target.png
heroes/beastmaster/fx/beastmaster.sprite.doublestrike_target.skel
heroes/beastmaster/fx/beastmaster.sprite.spirit_target.atlas
heroes/beastmaster/fx/beastmaster.sprite.spirit_target.png
heroes/beastmaster/fx/beastmaster.sprite.spirit_target.skel
heroes/beastmaster/icons_equip/eqp_armour_0.png
heroes/beastmaster/icons_equip/eqp_armour_1.png
heroes/beastmaster/icons_equip/eqp_armour_2.png
heroes/beastmaster/icons_equip/eqp_armour_3.png
heroes/beastmaster/icons_equip/eqp_armour_4.png
heroes/beastmaster/icons_equip/eqp_weapon_0.png
heroes/beastmaster/icons_equip/eqp_weapon_1.png
heroes/beastmaster/icons_equip/eqp_weapon_2.png
heroes/beastmaster/icons_equip/eqp_weapon_3.png
heroes/beastmaster/icons_equip/eqp_weapon_4.png
monsters/corpse_flower/anim/corpse_flower.sprite.combat.atlas
monsters/corpse_flower/anim/corpse_flower.sprite.combat.png
monsters/corpse_flower/anim/corpse_flower.sprite.combat.skel
monsters/corpse_flower/anim/corpse_flower.sprite.corpse_flower_plant_blossom.atlas
monsters/corpse_flower/anim/corpse_flower.sprite.corpse_flower_plant_blossom.png
monsters/corpse_flower/anim/corpse_flower.sprite.corpse_flower_plant_blossom.skel
monsters/corpse_flower/anim/corpse_flower.sprite.corpse_flower_plant_heal.atlas
monsters/corpse_flower/anim/corpse_flower.sprite.corpse_flower_plant_heal.png
monsters/corpse_flower/anim/corpse_flower.sprite.corpse_flower_plant_heal.skel
monsters/corpse_flower/anim/corpse_flower.sprite.corpse_flower_plant_melee.atlas
monsters/corpse_flower/anim/corpse_flower.sprite.corpse_flower_plant_melee.png
monsters/corpse_flower/anim/corpse_flower.sprite.corpse_flower_plant_melee.skel
monsters/corpse_flower/anim/corpse_flower.sprite.corpse_flower_plant_ranged.atlas
monsters/corpse_flower/anim/corpse_flower.sprite.corpse_flower_plant_ranged.png
monsters/corpse_flower/anim/corpse_flower.sprite.corpse_flower_plant_ranged.skel
monsters/corpse_flower/anim/corpse_flower.sprite.dead.atlas
monsters/corpse_flower/anim/corpse_flower.sprite.dead.png
monsters/corpse_flower/anim/corpse_flower.sprite.dead.skel
monsters/corpse_flower/anim/corpse_flower.sprite.defend.atlas
monsters/corpse_flower/anim/corpse_flower.sprite.defend.png
monsters/corpse_flower/anim/corpse_flower.sprite.defend.skel
monsters/corpse_flower/anim/corpse_flower.sprite.plant_blossom.atlas
monsters/corpse_flower/anim/corpse_flower.sprite.plant_blossom.png
monsters/corpse_flower/anim/corpse_flower.sprite.plant_blossom.skel
monsters/corpse_flower/corpse_flower_A/corpse_flower_A.art.darkest
monsters/corpse_flower/corpse_flower_A/corpse_flower_A.info.darkest
monsters/corpse_flower/corpse_flower_B/corpse_flower_B.art.darkest
monsters/corpse_flower/corpse_flower_B/corpse_flower_B.info.darkest
monsters/corpse_flower/corpse_flower_C/corpse_flower_C.art.darkest
monsters/corpse_flower/corpse_flower_C/corpse_flower_C.info.darkest
monsters/corpse_flower/corpse_flower_D/corpse_flower_D.art.darkest
monsters/corpse_flower/corpse_flower_D/corpse_flower_D.info.darkest
monsters/corpse_flower/corpse_flower_E/corpse_flower_E.art.darkest
monsters/corpse_flower/corpse_flower_E/corpse_flower_E.info.darkest
monsters/corpse_flower/fx/corpse_flower.sprite.attack_plant_melee_target.atlas
monsters/corpse_flower/fx/corpse_flower.sprite.attack_plant_melee_target.png
monsters/corpse_flower/fx/corpse_flower.sprite.attack_plant_melee_target.skel
monsters/corpse_flower/fx/corpse_flower.sprite.attack_plant_ranged_target.atlas
monsters/corpse_flower/fx/corpse_flower.sprite.attack_plant_ranged_target.png
monsters/corpse_flower/fx/corpse_flower.sprite.attack_plant_ranged_target.skel
monsters/corpse_flower/fx/corpse_flower.sprite.corpse_flower_plant_heal_target.atlas
monsters/corpse_flower/fx/corpse_flower.sprite.corpse_flower_plant_heal_target.png
monsters/corpse_flower/fx/corpse_flower.sprite.corpse_flower_plant_heal_target.skel
monsters/corpse_flower/fx/corpse_flower.sprite.corpse_flower_plant_proliferate_target.atlas
monsters/corpse_flower/fx/corpse_flower.sprite.corpse_flower_plant_proliferate_target.png
monsters/corpse_flower/fx/corpse_flower.sprite.corpse_flower_plant_proliferate_target.skel
monsters/corpse_flower/fx/corpse_flower.sprite.entangledbleeding.atlas
monsters/corpse_flower/fx/corpse_flower.sprite.entangledbleeding.png
monsters/corpse_flower/fx/corpse_flower.sprite.entangledbleeding.skel
monsters/corpse_flower/fx/corpse_flower.sprite.poison_spores_target.atlas
monsters/corpse_flower/fx/corpse_flower.sprite.poison_spores_target.png
monsters/corpse_flower/fx/corpse_flower.sprite.poison_spores_target.skel
monsters/corpse_flower/fx/corpse_flower.sprite.vomit_target.atlas
