
-------------------------------------------------------------------------------
Parsing project file - C:\Users\Sean\Desktop\Darkest Dungeon Mods\Cataclysmic Templar\Retribution.xml
Mod Data Directory = C:/Users/Sean/Desktop/Darkest Dungeon Mods/Cataclysmic Templar/

-------------------------------------------------------------------------------
Processing Map Files files...

-------------------------------------------------------------------------------
Running Localization...
Parsing localization/paladin.string_table.xml

Building Languages
Exporting .loc files

-------------------------------------------------------------------------------
Searching for preview icon file C:/Users/Sean/Desktop/Darkest Dungeon Mods/Cataclysmic Templar/preview_icon.png...FOUND!
<UploadMode> - Set to direct_upload


-------------------------------------------------------------------------------
Detected 2 unchanged files
The following files are unchanged and will be uploaded...
C:/Users/Sean/Desktop/Darkest Dungeon Mods/Cataclysmic Templar/overlays/poptext_hp_heal_dot.png
C:/Users/Sean/Desktop/Darkest Dungeon Mods/Cataclysmic Templar/overlays/tray_dot_hp_heal.png

-------------------------------------------------------------------------------
Modded files...

heroes/paladin/paladin_A/anim/paladin.sprite.afflicted.png
heroes/paladin/paladin_A/anim/paladin.sprite.attack_heal.png
heroes/paladin/paladin_A/anim/paladin.sprite.attack_hew.png
heroes/paladin/paladin_A/anim/paladin.sprite.attack_low.png
heroes/paladin/paladin_A/anim/paladin.sprite.attack_scroll.png
heroes/paladin/paladin_A/anim/paladin.sprite.attack_sword.png
heroes/paladin/paladin_A/anim/paladin.sprite.camp.png
heroes/paladin/paladin_A/anim/paladin.sprite.combat.png
heroes/paladin/paladin_A/anim/paladin.sprite.defend.png
heroes/paladin/paladin_A/anim/paladin.sprite.heroic.png
heroes/paladin/paladin_A/anim/paladin.sprite.idle.png
heroes/paladin/paladin_A/anim/paladin.sprite.investigate.png
heroes/paladin/paladin_A/anim/paladin.sprite.walk.png
heroes/paladin/paladin_B/anim/paladin.sprite.afflicted.png
heroes/paladin/paladin_B/anim/paladin.sprite.attack_heal.png
heroes/paladin/paladin_B/anim/paladin.sprite.attack_hew.png
heroes/paladin/paladin_B/anim/paladin.sprite.attack_low.png
heroes/paladin/paladin_B/anim/paladin.sprite.attack_scroll.png
heroes/paladin/paladin_B/anim/paladin.sprite.attack_sword.png
heroes/paladin/paladin_B/anim/paladin.sprite.camp.png
heroes/paladin/paladin_B/anim/paladin.sprite.combat.png
heroes/paladin/paladin_B/anim/paladin.sprite.defend.png
heroes/paladin/paladin_B/anim/paladin.sprite.heroic.png
heroes/paladin/paladin_B/anim/paladin.sprite.idle.png
heroes/paladin/paladin_B/anim/paladin.sprite.investigate.png
heroes/paladin/paladin_B/anim/paladin.sprite.walk.png
heroes/paladin/paladin_C/anim/paladin.sprite.afflicted.png
heroes/paladin/paladin_C/anim/paladin.sprite.attack_heal.png
heroes/paladin/paladin_C/anim/paladin.sprite.attack_hew.png
heroes/paladin/paladin_C/anim/paladin.sprite.attack_low.png
heroes/paladin/paladin_C/anim/paladin.sprite.attack_scroll.png
heroes/paladin/paladin_C/anim/paladin.sprite.attack_sword.png
heroes/paladin/paladin_C/anim/paladin.sprite.camp.png
heroes/paladin/paladin_C/anim/paladin.sprite.combat.png
heroes/paladin/paladin_C/anim/paladin.sprite.defend.png
heroes/paladin/paladin_C/anim/paladin.sprite.heroic.png
heroes/paladin/paladin_C/anim/paladin.sprite.idle.png
heroes/paladin/paladin_C/anim/paladin.sprite.investigate.png
heroes/paladin/paladin_C/anim/paladin.sprite.walk.png
heroes/paladin/paladin_D/anim/paladin.sprite.afflicted.png
heroes/paladin/paladin_D/anim/paladin.sprite.attack_heal.png
heroes/paladin/paladin_D/anim/paladin.sprite.attack_hew.png
heroes/paladin/paladin_D/anim/paladin.sprite.attack_low.png
heroes/paladin/paladin_D/anim/paladin.sprite.attack_scroll.png
heroes/paladin/paladin_D/anim/paladin.sprite.attack_sword.png
heroes/paladin/paladin_D/anim/paladin.sprite.camp.png
heroes/paladin/paladin_D/anim/paladin.sprite.combat.png
heroes/paladin/paladin_D/anim/paladin.sprite.defend.png
heroes/paladin/paladin_D/anim/paladin.sprite.heroic.png
heroes/paladin/paladin_D/anim/paladin.sprite.idle.png
heroes/paladin/paladin_D/anim/paladin.sprite.investigate.png
heroes/paladin/paladin_D/anim/paladin.sprite.walk.png
heroes/paladin/paladin_E/anim/paladin.sprite.afflicted.png
heroes/paladin/paladin_E/anim/paladin.sprite.attack_heal.png
heroes/paladin/paladin_E/anim/paladin.sprite.attack_hew.png
heroes/paladin/paladin_E/anim/paladin.sprite.attack_low.png
heroes/paladin/paladin_E/anim/paladin.sprite.attack_scroll.png
heroes/paladin/paladin_E/anim/paladin.sprite.attack_sword.png
heroes/paladin/paladin_E/anim/paladin.sprite.camp.png
heroes/paladin/paladin_E/anim/paladin.sprite.combat.png
heroes/paladin/paladin_E/anim/paladin.sprite.defend.png
heroes/paladin/paladin_E/anim/paladin.sprite.heroic.png
heroes/paladin/paladin_E/anim/paladin.sprite.idle.png
heroes/paladin/paladin_E/anim/paladin.sprite.investigate.png
heroes/paladin/paladin_E/anim/paladin.sprite.walk.png
heroes/paladin/anim/paladin.sprite.afflicted.atlas
heroes/paladin/anim/paladin.sprite.afflicted.skel
heroes/paladin/anim/paladin.sprite.attack_banner.atlas
heroes/paladin/anim/paladin.sprite.attack_banner.skel
heroes/paladin/anim/paladin.sprite.attack_heal.atlas
heroes/paladin/anim/paladin.sprite.attack_heal.skel
heroes/paladin/anim/paladin.sprite.attack_hew.atlas
heroes/paladin/anim/paladin.sprite.attack_hew.skel
heroes/paladin/anim/paladin.sprite.attack_low.atlas
heroes/paladin/anim/paladin.sprite.attack_low.skel
heroes/paladin/anim/paladin.sprite.attack_scroll.atlas
heroes/paladin/anim/paladin.sprite.attack_scroll.skel
heroes/paladin/anim/paladin.sprite.attack_sword.atlas
heroes/paladin/anim/paladin.sprite.attack_sword.skel
heroes/paladin/anim/paladin.sprite.camp.atlas
heroes/paladin/anim/paladin.sprite.camp.skel
heroes/paladin/anim/paladin.sprite.combat.atlas
heroes/paladin/anim/paladin.sprite.combat.skel
heroes/paladin/anim/paladin.sprite.defend.atlas
heroes/paladin/anim/paladin.sprite.defend.skel
heroes/paladin/anim/paladin.sprite.heroic.atlas
heroes/paladin/anim/paladin.sprite.heroic.skel
heroes/paladin/anim/paladin.sprite.idle.atlas
heroes/paladin/anim/paladin.sprite.idle.skel
heroes/paladin/anim/paladin.sprite.investigate.atlas
heroes/paladin/anim/paladin.sprite.investigate.skel
heroes/paladin/anim/paladin.sprite.walk.atlas
heroes/paladin/anim/paladin.sprite.walk.skel
heroes/paladin/fx/paladin.sprite.battle_heal_target.atlas
heroes/paladin/fx/paladin.sprite.battle_heal_target.png
heroes/paladin/fx/paladin.sprite.battle_heal_target.skel
heroes/paladin/fx/paladin.sprite.chop.atlas
heroes/paladin/fx/paladin.sprite.chop.png
heroes/paladin/fx/paladin.sprite.chop.skel
heroes/paladin/fx/paladin.sprite.command.atlas
heroes/paladin/fx/paladin.sprite.command.png
heroes/paladin/fx/paladin.sprite.command.skel
heroes/paladin/fx/paladin.sprite.dazzling_light_target.atlas
heroes/paladin/fx/paladin.sprite.dazzling_light_target.png
heroes/paladin/fx/paladin.sprite.dazzling_light_target.skel
heroes/paladin/fx/paladin.sprite.gods_comfort_target.atlas
heroes/paladin/fx/paladin.sprite.gods_comfort_target.png
heroes/paladin/fx/paladin.sprite.gods_comfort_target.skel
heroes/paladin/fx/paladin.sprite.gods_hand_target.atlas
heroes/paladin/fx/paladin.sprite.gods_hand_target.png
heroes/paladin/fx/paladin.sprite.gods_hand_target.skel
heroes/paladin/fx/paladin.sprite.gods_illumination_target.atlas
heroes/paladin/fx/paladin.sprite.gods_illumination_target.png
heroes/paladin/fx/paladin.sprite.gods_illumination_target.skel
heroes/paladin/fx/paladin.sprite.hew.atlas
heroes/paladin/fx/paladin.sprite.hew.png
heroes/paladin/fx/paladin.sprite.hew.skel
heroes/paladin/fx/paladin.sprite.protect_me.atlas
heroes/paladin/fx/paladin.sprite.protect_me.png
heroes/paladin/fx/paladin.sprite.protect_me.skel
heroes/paladin/fx/paladin.sprite.smite.atlas
heroes/paladin/fx/paladin.sprite.smite.png
heroes/paladin/fx/paladin.sprite.smite.skel
heroes/paladin/fx/paladin.sprite.sting_target.atlas
heroes/paladin/fx/paladin.sprite.sting_target.png
heroes/paladin/fx/paladin.sprite.sting_target.skel
heroes/paladin/icons_equip/eqp_armour_0.png
