
-------------------------------------------------------------------------------
Parsing project file - D:\Hoang\Mod Steam\Ainz class mod final\project.xml
Mod Data Directory = D:/Hoang/Mod Steam/Ainz class mod final/

-------------------------------------------------------------------------------
Processing Map Files files...

-------------------------------------------------------------------------------
Running Localization...
Parsing localization/ainz.string_table.xml

Building Languages
Exporting .loc files

-------------------------------------------------------------------------------
Searching for preview icon file D:/Hoang/Mod Steam/Ainz class mod final/preview_icon.png...FOUND!
<UploadMode> - Set to direct_upload


-------------------------------------------------------------------------------
Detected 2 unchanged files
The following files are unchanged and will be uploaded...
D:/Hoang/Mod Steam/Ainz class mod final/overlays/poptext_hp_heal_dot.png
D:/Hoang/Mod Steam/Ainz class mod final/overlays/tray_dot_hp_heal.png

-------------------------------------------------------------------------------
Modded files...

modes/radiant/campaign/town/districts/nazarick.districts_districts.json
heroes/ainz/ainz_A/anim/ainz.sprite.afflicted.png
heroes/ainz/ainz_A/anim/ainz.sprite.attack_flex.png
heroes/ainz/ainz_A/anim/ainz.sprite.attack_gore.png
heroes/ainz/ainz_A/anim/ainz.sprite.attack_melee.png
heroes/ainz/ainz_A/anim/ainz.sprite.attack_punch_right.png
heroes/ainz/ainz_A/anim/ainz.sprite.attack_stomp.png
heroes/ainz/ainz_A/anim/ainz.sprite.camp.png
heroes/ainz/ainz_A/anim/ainz.sprite.combat.png
heroes/ainz/ainz_A/anim/ainz.sprite.defend.png
heroes/ainz/ainz_A/anim/ainz.sprite.heroic.png
heroes/ainz/ainz_A/anim/ainz.sprite.idle.png
heroes/ainz/ainz_A/anim/ainz.sprite.investigate.png
heroes/ainz/ainz_A/anim/ainz.sprite.walk.png
campaign/town/districts/ainz.districts_districts.json
campaign/town/town_event/town_event.image_ainz.png
heroes/ainz/ainz_A/ainz_portrait_roster.png
heroes/ainz/anim/ainz.sprite.afflicted.atlas
heroes/ainz/anim/ainz.sprite.afflicted.skel
heroes/ainz/anim/ainz.sprite.attack_flex.atlas
heroes/ainz/anim/ainz.sprite.attack_flex.skel
heroes/ainz/anim/ainz.sprite.attack_gore.atlas
heroes/ainz/anim/ainz.sprite.attack_gore.skel
heroes/ainz/anim/ainz.sprite.attack_melee.atlas
heroes/ainz/anim/ainz.sprite.attack_melee.skel
heroes/ainz/anim/ainz.sprite.attack_stomp.atlas
heroes/ainz/anim/ainz.sprite.attack_stomp.skel
heroes/ainz/anim/ainz.sprite.camp.atlas
heroes/ainz/anim/ainz.sprite.camp.skel
heroes/ainz/anim/ainz.sprite.combat.atlas
heroes/ainz/anim/ainz.sprite.combat.skel
heroes/ainz/anim/ainz.sprite.defend.atlas
heroes/ainz/anim/ainz.sprite.defend.skel
heroes/ainz/anim/ainz.sprite.heroic.atlas
heroes/ainz/anim/ainz.sprite.heroic.skel
heroes/ainz/anim/ainz.sprite.idle.atlas
heroes/ainz/anim/ainz.sprite.idle.skel
heroes/ainz/anim/ainz.sprite.investigate.atlas
heroes/ainz/anim/ainz.sprite.investigate.skel
heroes/ainz/anim/ainz.sprite.walk.atlas
heroes/ainz/anim/ainz.sprite.walk.skel
heroes/ainz/fx/ainz.sprite.battlefield_medicine_target.atlas
heroes/ainz/fx/ainz.sprite.battlefield_medicine_target.png
heroes/ainz/fx/ainz.sprite.battlefield_medicine_target.skel
heroes/ainz/fx/ainz.sprite.bloodlet.atlas
heroes/ainz/fx/ainz.sprite.bloodlet.png
heroes/ainz/fx/ainz.sprite.bloodlet.skel
heroes/ainz/fx/ainz.sprite.cleanse.atlas
heroes/ainz/fx/ainz.sprite.cleanse.png
heroes/ainz/fx/ainz.sprite.cleanse.skel
heroes/ainz/fx/ainz.sprite.detonate_target.atlas
heroes/ainz/fx/ainz.sprite.detonate_target.png
heroes/ainz/fx/ainz.sprite.detonate_target.skel
heroes/ainz/fx/ainz.sprite.disorienting_blast_target.atlas
heroes/ainz/fx/ainz.sprite.disorienting_blast_target.png
heroes/ainz/fx/ainz.sprite.disorienting_blast_target.skel
heroes/ainz/fx/ainz.sprite.drum_fear_target.atlas
heroes/ainz/fx/ainz.sprite.drum_fear_target.png
heroes/ainz/fx/ainz.sprite.drum_fear_target.skel
heroes/ainz/fx/ainz.sprite.flashbang.atlas
heroes/ainz/fx/ainz.sprite.flashbang.png
heroes/ainz/fx/ainz.sprite.flashbang.skel
heroes/ainz/fx/ainz.sprite.flashbang_target.atlas
heroes/ainz/fx/ainz.sprite.flashbang_target.png
heroes/ainz/fx/ainz.sprite.flashbang_target.skel
heroes/ainz/fx/ainz.sprite.judgement.atlas
heroes/ainz/fx/ainz.sprite.judgement.png
heroes/ainz/fx/ainz.sprite.judgement.skel
heroes/ainz/fx/ainz.sprite.judgement_target.atlas
heroes/ainz/fx/ainz.sprite.judgement_target.png
heroes/ainz/fx/ainz.sprite.judgement_target.skel
heroes/ainz/fx/ainz.sprite.plague_grenade_target.atlas
heroes/ainz/fx/ainz.sprite.plague_grenade_target.png
heroes/ainz/fx/ainz.sprite.plague_grenade_target.skel
heroes/ainz/fx/ainz.sprite.poison_dart.atlas
heroes/ainz/fx/ainz.sprite.poison_dart.png
heroes/ainz/fx/ainz.sprite.poison_dart.skel
heroes/ainz/fx/ainz.sprite.poison_dart_target.atlas
heroes/ainz/fx/ainz.sprite.poison_dart_target.png
heroes/ainz/fx/ainz.sprite.poison_dart_target.skel
heroes/ainz/fx/ainz.sprite.rage.atlas
heroes/ainz/fx/ainz.sprite.rage.png
heroes/ainz/fx/ainz.sprite.rage.skel
heroes/ainz/fx/ainz.sprite.shadow_fade.atlas
heroes/ainz/fx/ainz.sprite.shadow_fade.png
heroes/ainz/fx/ainz.sprite.shadow_fade.skel
heroes/ainz/fx/ainz.sprite.shout_target.atlas
heroes/ainz/fx/ainz.sprite.shout_target.png
heroes/ainz/fx/ainz.sprite.shout_target.skel
heroes/ainz/fx/ainz.sprite.skull_toss_target.atlas
heroes/ainz/fx/ainz.sprite.skull_toss_target.png
heroes/ainz/fx/ainz.sprite.skull_toss_target.skel
heroes/ainz/fx/ainz.sprite.sniper_shot.atlas
heroes/ainz/fx/ainz.sprite.sniper_shot.png
heroes/ainz/fx/ainz.sprite.sniper_shot.skel
heroes/ainz/fx/ainz.sprite.sniper_shot_target.atlas
heroes/ainz/fx/ainz.sprite.sniper_shot_target.png
heroes/ainz/fx/ainz.sprite.sniper_shot_target.skel
heroes/ainz/fx/ainz.sprite.weakening_curse.atlas
heroes/ainz/fx/ainz.sprite.weakening_curse.png
heroes/ainz/fx/ainz.sprite.weakening_curse.skel
heroes/ainz/fx/ainz.sprite.wyrd_reconstruction.atlas
heroes/ainz/fx/ainz.sprite.wyrd_reconstruction.png
heroes/ainz/fx/ainz.sprite.wyrd_reconstruction.skel
heroes/ainz/fx/ainz.sprite.wyrd_reconstruction_target.atlas
heroes/ainz/fx/ainz.sprite.wyrd_reconstruction_target.png
heroes/ainz/fx/ainz.sprite.wyrd_reconstruction_target.skel
heroes/ainz/icons_equip/eqp_armour_0.png
heroes/ainz/icons_equip/eqp_armour_1.png
heroes/ainz/icons_equip/eqp_armour_2.png
heroes/ainz/icons_equip/eqp_armour_3.png
heroes/ainz/icons_equip/eqp_armour_4.png
heroes/ainz/icons_equip/eqp_weapon_0.png
heroes/ainz/icons_equip/eqp_weapon_1.png
heroes/ainz/icons_equip/eqp_weapon_2.png
heroes/ainz/icons_equip/eqp_weapon_3.png
heroes/ainz/icons_equip/eqp_weapon_4.png
panels/icons_equip/trinket/inv_trinket+ainz_amaterasu_tsukuyomi.png
panels/icons_equip/trinket/inv_trinket+ainz_avarice_generosity.png
panels/icons_equip/trinket/inv_trinket+ainz_depiction_nature_society.png
panels/icons_equip/trinket/inv_trinket+ainz_female_sensei_iron_fist_wraith.png
panels/icons_equip/trinket/inv_trinket+ainz_houyi_bow.png
panels/icons_equip/trinket/inv_trinket+ainz_minor_healing_potion.png
panels/icons_equip/trinket/inv_trinket+ainz_mirror_remote_viewing.png
panels/icons_equip/trinket/inv_trinket+ainz_suck_blood_eat_flesh.png
panels/icons_equip/trinket/inv_trinket+ainz_takemikazuchi_mk_8.png
panels/icons_equip/trinket/inv_trinket+ainz_ultimate_shooting_star_super.png
panels/icons_equip/trinket/inv_trinket+com_ainz_accursed_orb.png
panels/icons_equip/trinket/rarity_crimson_court.png
panels/icons_equip/trinket/rarity_purpose.png
raid/camping/skill_icons/camp_skill_aura_of_despair.png
raid/camping/skill_icons/camp_skill_plans.png
raid/camping/skill_icons/camp_skill_resurrection.png
raid/camping/skill_icons/camp_skill_world_domination.png
campaign/town_events/ainz.town_events.events.json
fx/town_district_nazarick/town_district_nazarick.sprite.atlas
fx/town_district_nazarick/town_district_nazarick.sprite.png
fx/town_district_nazarick/town_district_nazarick.sprite.skel
heroes/ainz/ainz.ability.five.png
heroes/ainz/ainz.ability.four.png
heroes/ainz/ainz.ability.one.png
heroes/ainz/ainz.ability.seven.png
heroes/ainz/ainz.ability.six.png
heroes/ainz/ainz.ability.three.png
heroes/ainz/ainz.ability.two.png
