
-------------------------------------------------------------------------------
Parsing project file - C:\DD_modsP\pariah\data\project.xml
Mod Data Directory = C:/DD_modsP/pariah/data/

-------------------------------------------------------------------------------
Processing Map Files files...

-------------------------------------------------------------------------------
Running Localization...
Parsing localization/pariah.string_table.xml

Building Languages
Exporting .loc files

-------------------------------------------------------------------------------
Searching for preview icon file C:/DD_modsP/pariah/data/preview_icon.png...FOUND!
<UploadMode> - Set to direct_upload


-------------------------------------------------------------------------------
Modded files...

heroes/pariah/pariah_A/anim/Thumbs.db
heroes/pariah/pariah_A/anim/pariah.sprite.afflicted.png
heroes/pariah/pariah_A/anim/pariah.sprite.attack_charge.png
heroes/pariah/pariah_A/anim/pariah.sprite.attack_high.png
heroes/pariah/pariah_A/anim/pariah.sprite.attack_howl.png
heroes/pariah/pariah_A/anim/pariah.sprite.attack_leap.png
heroes/pariah/pariah_A/anim/pariah.sprite.attack_melee.png
heroes/pariah/pariah_A/anim/pariah.sprite.attack_reclaim.png
heroes/pariah/pariah_A/anim/pariah.sprite.attack_shout.png
heroes/pariah/pariah_A/anim/pariah.sprite.attack_suffer.png
heroes/pariah/pariah_A/anim/pariah.sprite.camp.png
heroes/pariah/pariah_A/anim/pariah.sprite.combat.png
heroes/pariah/pariah_A/anim/pariah.sprite.defend.png
heroes/pariah/pariah_A/anim/pariah.sprite.idle.png
heroes/pariah/pariah_A/anim/pariah.sprite.investigate.png
heroes/pariah/pariah_A/anim/pariah.sprite.walk.png
heroes/pariah/pariah_B/anim/pariah.sprite.afflicted.png
heroes/pariah/pariah_B/anim/pariah.sprite.attack_charge.png
heroes/pariah/pariah_B/anim/pariah.sprite.attack_high.png
heroes/pariah/pariah_B/anim/pariah.sprite.attack_howl.png
heroes/pariah/pariah_B/anim/pariah.sprite.attack_leap.png
heroes/pariah/pariah_B/anim/pariah.sprite.attack_melee.png
heroes/pariah/pariah_B/anim/pariah.sprite.attack_reclaim.png
heroes/pariah/pariah_B/anim/pariah.sprite.attack_shout.png
heroes/pariah/pariah_B/anim/pariah.sprite.attack_suffer.png
heroes/pariah/pariah_B/anim/pariah.sprite.camp.png
heroes/pariah/pariah_B/anim/pariah.sprite.combat.png
heroes/pariah/pariah_B/anim/pariah.sprite.defend.png
heroes/pariah/pariah_B/anim/pariah.sprite.idle.png
heroes/pariah/pariah_B/anim/pariah.sprite.investigate.png
heroes/pariah/pariah_B/anim/pariah.sprite.walk.png
campaign/town/town_event/town_event.image_bonus_recruit_pariah.png
campaign/town/town_event/town_event.image_idle_resolve_level_pariah.png
heroes/pariah/anim/pariah.sprite.afflicted.atlas
heroes/pariah/anim/pariah.sprite.afflicted.skel
heroes/pariah/anim/pariah.sprite.attack_charge.atlas
heroes/pariah/anim/pariah.sprite.attack_charge.skel
heroes/pariah/anim/pariah.sprite.attack_high.atlas
heroes/pariah/anim/pariah.sprite.attack_high.skel
heroes/pariah/anim/pariah.sprite.attack_howl.atlas
heroes/pariah/anim/pariah.sprite.attack_howl.skel
heroes/pariah/anim/pariah.sprite.attack_leap.atlas
heroes/pariah/anim/pariah.sprite.attack_leap.skel
heroes/pariah/anim/pariah.sprite.attack_melee.atlas
heroes/pariah/anim/pariah.sprite.attack_melee.skel
heroes/pariah/anim/pariah.sprite.attack_reclaim.atlas
heroes/pariah/anim/pariah.sprite.attack_reclaim.skel
heroes/pariah/anim/pariah.sprite.attack_shout.atlas
heroes/pariah/anim/pariah.sprite.attack_shout.skel
heroes/pariah/anim/pariah.sprite.attack_suffer.atlas
heroes/pariah/anim/pariah.sprite.attack_suffer.skel
heroes/pariah/anim/pariah.sprite.camp.atlas
heroes/pariah/anim/pariah.sprite.camp.skel
heroes/pariah/anim/pariah.sprite.combat.atlas
heroes/pariah/anim/pariah.sprite.combat.skel
heroes/pariah/anim/pariah.sprite.defend.atlas
heroes/pariah/anim/pariah.sprite.defend.skel
heroes/pariah/anim/pariah.sprite.idle.atlas
heroes/pariah/anim/pariah.sprite.idle.skel
heroes/pariah/anim/pariah.sprite.investigate.atlas
heroes/pariah/anim/pariah.sprite.investigate.skel
heroes/pariah/anim/pariah.sprite.walk.atlas
heroes/pariah/anim/pariah.sprite.walk.skel
heroes/pariah/fx/pariah.sprite.breakthru.atlas
heroes/pariah/fx/pariah.sprite.breakthru.png
heroes/pariah/fx/pariah.sprite.breakthru.skel
heroes/pariah/fx/pariah.sprite.divine_grace_target.atlas
heroes/pariah/fx/pariah.sprite.divine_grace_target.png
heroes/pariah/fx/pariah.sprite.divine_grace_target.skel
heroes/pariah/fx/pariah.sprite.doomsay.atlas
heroes/pariah/fx/pariah.sprite.doomsay.png
heroes/pariah/fx/pariah.sprite.doomsay.skel
heroes/pariah/fx/pariah.sprite.enraged.atlas
heroes/pariah/fx/pariah.sprite.enraged.png
heroes/pariah/fx/pariah.sprite.enraged.skel
heroes/pariah/fx/pariah.sprite.hands_from_abyss_target.atlas
heroes/pariah/fx/pariah.sprite.hands_from_abyss_target.png
heroes/pariah/fx/pariah.sprite.hands_from_abyss_target.skel
heroes/pariah/fx/pariah.sprite.howl.atlas
heroes/pariah/fx/pariah.sprite.howl.png
heroes/pariah/fx/pariah.sprite.howl.skel
heroes/pariah/fx/pariah.sprite.if_it_bleeds.atlas
heroes/pariah/fx/pariah.sprite.if_it_bleeds.png
heroes/pariah/fx/pariah.sprite.if_it_bleeds.skel
heroes/pariah/fx/pariah.sprite.manacles_target.atlas
heroes/pariah/fx/pariah.sprite.manacles_target.png
heroes/pariah/fx/pariah.sprite.manacles_target.skel
heroes/pariah/fx/pariah.sprite.reclaim.atlas
heroes/pariah/fx/pariah.sprite.reclaim.png
heroes/pariah/fx/pariah.sprite.reclaim.skel
heroes/pariah/fx/pariah.sprite.redeem.atlas
heroes/pariah/fx/pariah.sprite.redeem.png
heroes/pariah/fx/pariah.sprite.redeem.skel
heroes/pariah/fx/pariah.sprite.suffer.atlas
heroes/pariah/fx/pariah.sprite.suffer.png
heroes/pariah/fx/pariah.sprite.suffer.skel
heroes/pariah/fx/pariah.sprite.vomit.atlas
heroes/pariah/fx/pariah.sprite.vomit.png
heroes/pariah/fx/pariah.sprite.vomit.skel
heroes/pariah/fx/pariah.sprite.vomit_target.atlas
heroes/pariah/fx/pariah.sprite.vomit_target.png
heroes/pariah/fx/pariah.sprite.vomit_target.skel
heroes/pariah/fx/pariah.sprite.weakening_curse_target.atlas
heroes/pariah/fx/pariah.sprite.weakening_curse_target.png
heroes/pariah/fx/pariah.sprite.weakening_curse_target.skel
heroes/pariah/icons_equip/eqp_armour_0.png
heroes/pariah/icons_equip/eqp_armour_1.png
heroes/pariah/icons_equip/eqp_armour_2.png
heroes/pariah/icons_equip/eqp_armour_3.png
heroes/pariah/icons_equip/eqp_armour_4.png
heroes/pariah/icons_equip/eqp_weapon_0.png
heroes/pariah/icons_equip/eqp_weapon_1.png
heroes/pariah/icons_equip/eqp_weapon_2.png
heroes/pariah/icons_equip/eqp_weapon_3.png
heroes/pariah/icons_equip/eqp_weapon_4.png
heroes/pariah/pariah_A/Thumbs.db
heroes/pariah/pariah_A/pariah_portrait_roster.png
heroes/pariah/pariah_B/pariah_portrait_roster.png
panels/icons_equip/trinket/inv_trinket+pariah_arsnecronomica.png
panels/icons_equip/trinket/inv_trinket+pariah_bloodyrags.png
panels/icons_equip/trinket/inv_trinket+pariah_cageofmadness.png
panels/icons_equip/trinket/inv_trinket+pariah_eldercharm.png
panels/icons_equip/trinket/inv_trinket+pariah_strangeidol.png
panels/icons_equip/trinket/inv_trinket+pariah_thestonecity.png
raid/camping/skill_icons/camp_skill_admit_fear.png
raid/camping/skill_icons/camp_skill_blood_tech.png
raid/camping/skill_icons/camp_skill_dark_comfort.png
raid/camping/skill_icons/camp_skill_eld_pact.png
raid/camping/skill_icons/camp_skill_sky_ritual.png
campaign/town_events/pariah.town_events.events.json
heroes/pariah/pariah.ability.five.png
heroes/pariah/pariah.ability.four.png
heroes/pariah/pariah.ability.one.png
heroes/pariah/pariah.ability.seven.png
heroes/pariah/pariah.ability.six.png
heroes/pariah/pariah.ability.three.png
heroes/pariah/pariah.ability.two.png
heroes/pariah/pariah.art.darkest
heroes/pariah/pariah.info.darkest
heroes/pariah/pariah_guild_header.png
raid/camping/pariah.camping_skills.json
shared/buffs/pariah.buffs.json
shared/party_name/pariah.party_name_library.json
shared/trait/pariah.trait_library.json
upgrades/heroes/pariah.upgrades.json
audio/pariah.campaign.guid_overrides.json
audio/pariah.campaign.load_order.json
audio/pariah.narration.json
effects/pariah.effects.darkest
localization/1097287720_brazilian.loc
localization/1097287720_english.loc
