
-------------------------------------------------------------------------------
Parsing project file - C:\Users\Vivian (Juni)\Desktop\Darkest Dungeon Mods\Steel Driver Mod\STEEL DRIVER\sd_project.xml
Mod Data Directory = C:/Users/Vivian (Juni)/Desktop/Darkest Dungeon Mods/Steel Driver Mod/STEEL DRIVER/

-------------------------------------------------------------------------------
Processing Map Files files...

-------------------------------------------------------------------------------
Running Localization...
Parsing localization/steel_driver.string_table.xml

Building Languages
Exporting .loc files

-------------------------------------------------------------------------------
Searching for preview icon file C:/Users/Vivian (Juni)/Desktop/Darkest Dungeon Mods/Steel Driver Mod/STEEL DRIVER/preview_icon.png...FOUND!
<UploadMode> - Set to direct_upload


-------------------------------------------------------------------------------
Modded files...

heroes/steel_driver/steel_driver_A/anim/steel_driver.sprite.steamroller.png
heroes/steel_driver/steel_driver_A/anim/steeldriver.sprite.afflicted.png
heroes/steel_driver/steel_driver_A/anim/steeldriver.sprite.bringthethunder.png
heroes/steel_driver/steel_driver_A/anim/steeldriver.sprite.camp.png
heroes/steel_driver/steel_driver_A/anim/steeldriver.sprite.combat.png
heroes/steel_driver/steel_driver_A/anim/steeldriver.sprite.conductor.png
heroes/steel_driver/steel_driver_A/anim/steeldriver.sprite.defend.png
heroes/steel_driver/steel_driver_A/anim/steeldriver.sprite.hammertime.png
heroes/steel_driver/steel_driver_A/anim/steeldriver.sprite.heroic.png
heroes/steel_driver/steel_driver_A/anim/steeldriver.sprite.idle.png
heroes/steel_driver/steel_driver_A/anim/steeldriver.sprite.investigate.png
heroes/steel_driver/steel_driver_A/anim/steeldriver.sprite.meleeattack.png
heroes/steel_driver/steel_driver_A/anim/steeldriver.sprite.reconstitute.png
heroes/steel_driver/steel_driver_A/anim/steeldriver.sprite.shrapnel.png
heroes/steel_driver/steel_driver_A/anim/steeldriver.sprite.steamroller.png
heroes/steel_driver/steel_driver_A/anim/steeldriver.sprite.striketheearth.png
heroes/steel_driver/steel_driver_A/anim/steeldriver.sprite.walk.png
heroes/steel_driver/steel_driver_B/anim/steel_driver.sprite.steamroller.png
heroes/steel_driver/steel_driver_B/anim/steeldriver.sprite.afflicted.png
heroes/steel_driver/steel_driver_B/anim/steeldriver.sprite.bringthethunder.png
heroes/steel_driver/steel_driver_B/anim/steeldriver.sprite.camp.png
heroes/steel_driver/steel_driver_B/anim/steeldriver.sprite.combat.png
heroes/steel_driver/steel_driver_B/anim/steeldriver.sprite.conductor.png
heroes/steel_driver/steel_driver_B/anim/steeldriver.sprite.defend.png
heroes/steel_driver/steel_driver_B/anim/steeldriver.sprite.hammertime.png
heroes/steel_driver/steel_driver_B/anim/steeldriver.sprite.heroic.png
heroes/steel_driver/steel_driver_B/anim/steeldriver.sprite.idle.png
heroes/steel_driver/steel_driver_B/anim/steeldriver.sprite.investigate.png
heroes/steel_driver/steel_driver_B/anim/steeldriver.sprite.meleeattack.png
heroes/steel_driver/steel_driver_B/anim/steeldriver.sprite.reconstitute.png
heroes/steel_driver/steel_driver_B/anim/steeldriver.sprite.shrapnel.png
heroes/steel_driver/steel_driver_B/anim/steeldriver.sprite.steamroller.png
heroes/steel_driver/steel_driver_B/anim/steeldriver.sprite.striketheearth.png
heroes/steel_driver/steel_driver_B/anim/steeldriver.sprite.walk.png
heroes/steel_driver/steel_driver_C/anim/steel_driver.sprite.steamroller.png
heroes/steel_driver/steel_driver_C/anim/steeldriver.sprite.afflicted.png
heroes/steel_driver/steel_driver_C/anim/steeldriver.sprite.bringthethunder.png
heroes/steel_driver/steel_driver_C/anim/steeldriver.sprite.camp.png
heroes/steel_driver/steel_driver_C/anim/steeldriver.sprite.combat.png
heroes/steel_driver/steel_driver_C/anim/steeldriver.sprite.conductor.png
heroes/steel_driver/steel_driver_C/anim/steeldriver.sprite.defend.png
heroes/steel_driver/steel_driver_C/anim/steeldriver.sprite.hammertime.png
heroes/steel_driver/steel_driver_C/anim/steeldriver.sprite.heroic.png
heroes/steel_driver/steel_driver_C/anim/steeldriver.sprite.idle.png
heroes/steel_driver/steel_driver_C/anim/steeldriver.sprite.investigate.png
heroes/steel_driver/steel_driver_C/anim/steeldriver.sprite.meleeattack.png
heroes/steel_driver/steel_driver_C/anim/steeldriver.sprite.reconstitute.png
heroes/steel_driver/steel_driver_C/anim/steeldriver.sprite.shrapnel.png
heroes/steel_driver/steel_driver_C/anim/steeldriver.sprite.steamroller.png
heroes/steel_driver/steel_driver_C/anim/steeldriver.sprite.striketheearth.png
heroes/steel_driver/steel_driver_C/anim/steeldriver.sprite.walk.png
campaign/town/town_event/town_event.image_idle_resolve_level_steel_driver.png
campaign/town/town_event/town_event.image_steel_driver_unlock.png
heroes/steel_driver/anim/steel_driver.sprite.afflicted.atlas
heroes/steel_driver/anim/steel_driver.sprite.afflicted.skel
heroes/steel_driver/anim/steel_driver.sprite.attack_banner.atlas
heroes/steel_driver/anim/steel_driver.sprite.attack_banner.skel
heroes/steel_driver/anim/steel_driver.sprite.attack_charge.atlas
heroes/steel_driver/anim/steel_driver.sprite.attack_charge.skel
heroes/steel_driver/anim/steel_driver.sprite.attack_heal.atlas
heroes/steel_driver/anim/steel_driver.sprite.attack_heal.skel
heroes/steel_driver/anim/steel_driver.sprite.attack_scroll.atlas
heroes/steel_driver/anim/steel_driver.sprite.attack_scroll.skel
heroes/steel_driver/anim/steel_driver.sprite.attack_stun.atlas
heroes/steel_driver/anim/steel_driver.sprite.attack_stun.skel
heroes/steel_driver/anim/steel_driver.sprite.attack_sword.atlas
heroes/steel_driver/anim/steel_driver.sprite.attack_sword.skel
heroes/steel_driver/anim/steel_driver.sprite.bringthethunder.atlas
heroes/steel_driver/anim/steel_driver.sprite.bringthethunder.skel
heroes/steel_driver/anim/steel_driver.sprite.camp.atlas
heroes/steel_driver/anim/steel_driver.sprite.camp.skel
heroes/steel_driver/anim/steel_driver.sprite.combat.atlas
heroes/steel_driver/anim/steel_driver.sprite.combat.skel
heroes/steel_driver/anim/steel_driver.sprite.conductor.atlas
heroes/steel_driver/anim/steel_driver.sprite.conductor.skel
heroes/steel_driver/anim/steel_driver.sprite.defend.atlas
heroes/steel_driver/anim/steel_driver.sprite.defend.skel
heroes/steel_driver/anim/steel_driver.sprite.hammertime.atlas
heroes/steel_driver/anim/steel_driver.sprite.hammertime.skel
heroes/steel_driver/anim/steel_driver.sprite.heroic.atlas
heroes/steel_driver/anim/steel_driver.sprite.heroic.skel
heroes/steel_driver/anim/steel_driver.sprite.idle.atlas
heroes/steel_driver/anim/steel_driver.sprite.idle.skel
heroes/steel_driver/anim/steel_driver.sprite.investigate.atlas
heroes/steel_driver/anim/steel_driver.sprite.investigate.skel
heroes/steel_driver/anim/steel_driver.sprite.meleeattack.atlas
heroes/steel_driver/anim/steel_driver.sprite.meleeattack.skel
heroes/steel_driver/anim/steel_driver.sprite.reconstitute.atlas
heroes/steel_driver/anim/steel_driver.sprite.reconstitute.skel
heroes/steel_driver/anim/steel_driver.sprite.shrapnel.atlas
heroes/steel_driver/anim/steel_driver.sprite.shrapnel.skel
heroes/steel_driver/anim/steel_driver.sprite.steamroller.atlas
heroes/steel_driver/anim/steel_driver.sprite.steamroller.skel
heroes/steel_driver/anim/steel_driver.sprite.striketheearth.atlas
heroes/steel_driver/anim/steel_driver.sprite.striketheearth.skel
heroes/steel_driver/anim/steel_driver.sprite.walk.atlas
heroes/steel_driver/anim/steel_driver.sprite.walk.skel
heroes/steel_driver/anim/steeldriver.sprite.steamroller.skel
heroes/steel_driver/fx/steel_driver.sprite.bringthethunderFX.atlas
heroes/steel_driver/fx/steel_driver.sprite.bringthethunderFX.skel
heroes/steel_driver/fx/steel_driver.sprite.conductorFX.atlas
heroes/steel_driver/fx/steel_driver.sprite.conductorFX.skel
heroes/steel_driver/fx/steel_driver.sprite.hammertimeFX.atlas
heroes/steel_driver/fx/steel_driver.sprite.hammertimeFX.skel
heroes/steel_driver/fx/steel_driver.sprite.reconstituteFX.atlas
heroes/steel_driver/fx/steel_driver.sprite.reconstituteFX.skel
heroes/steel_driver/fx/steel_driver.sprite.sd_conductor_1.atlas
