
-------------------------------------------------------------------------------
Parsing project file - D:\Mods\Hollow_Knight\Hollow_Knight_class_mod.xml
Mod Data Directory = D:/Mods/Hollow_Knight/

-------------------------------------------------------------------------------
Processing Map Files files...

-------------------------------------------------------------------------------
Running Localization...
Parsing localization/hollow_knight.string_table.xml

Building Languages
Exporting .loc files

-------------------------------------------------------------------------------
Searching for preview icon file D:/Mods/Hollow_Knight/preview_icon.png...FOUND!
<UploadMode> - Set to direct_upload


-------------------------------------------------------------------------------
Modded files...

heroes/hollow_knight/hollow_knight_A/anim/hollow_knight.sprite.afflicted.png
heroes/hollow_knight/hollow_knight_A/anim/hollow_knight.sprite.attack_charge.png
heroes/hollow_knight/hollow_knight_A/anim/hollow_knight.sprite.attack_dogfight.png
heroes/hollow_knight/hollow_knight_A/anim/hollow_knight.sprite.attack_feareater.png
heroes/hollow_knight/hollow_knight_A/anim/hollow_knight.sprite.attack_heartbeat.png
heroes/hollow_knight/hollow_knight_A/anim/hollow_knight.sprite.attack_slash.png
heroes/hollow_knight/hollow_knight_A/anim/hollow_knight.sprite.attack_tombstones.png
heroes/hollow_knight/hollow_knight_A/anim/hollow_knight.sprite.attack_warcry.png
heroes/hollow_knight/hollow_knight_A/anim/hollow_knight.sprite.camp.png
heroes/hollow_knight/hollow_knight_A/anim/hollow_knight.sprite.combat.png
heroes/hollow_knight/hollow_knight_A/anim/hollow_knight.sprite.defend.png
heroes/hollow_knight/hollow_knight_A/anim/hollow_knight.sprite.heroic.png
heroes/hollow_knight/hollow_knight_A/anim/hollow_knight.sprite.idle.png
heroes/hollow_knight/hollow_knight_A/anim/hollow_knight.sprite.investigate.png
heroes/hollow_knight/hollow_knight_A/anim/hollow_knight.sprite.walk.png
heroes/hollow_knight/hollow_knight_B/anim/hollow_knight.sprite.afflicted.png
heroes/hollow_knight/hollow_knight_B/anim/hollow_knight.sprite.attack_charge.png
heroes/hollow_knight/hollow_knight_B/anim/hollow_knight.sprite.attack_dogfight.png
heroes/hollow_knight/hollow_knight_B/anim/hollow_knight.sprite.attack_feareater.png
heroes/hollow_knight/hollow_knight_B/anim/hollow_knight.sprite.attack_heartbeat.png
heroes/hollow_knight/hollow_knight_B/anim/hollow_knight.sprite.attack_slash.png
heroes/hollow_knight/hollow_knight_B/anim/hollow_knight.sprite.attack_tombstones.png
heroes/hollow_knight/hollow_knight_B/anim/hollow_knight.sprite.attack_warcry.png
heroes/hollow_knight/hollow_knight_B/anim/hollow_knight.sprite.camp.png
heroes/hollow_knight/hollow_knight_B/anim/hollow_knight.sprite.combat.png
heroes/hollow_knight/hollow_knight_B/anim/hollow_knight.sprite.defend.png
heroes/hollow_knight/hollow_knight_B/anim/hollow_knight.sprite.heroic.png
heroes/hollow_knight/hollow_knight_B/anim/hollow_knight.sprite.idle.png
heroes/hollow_knight/hollow_knight_B/anim/hollow_knight.sprite.investigate.png
heroes/hollow_knight/hollow_knight_B/anim/hollow_knight.sprite.walk.png
campaign/town/town_event/town_event.image.hollow_knight_recruit.png
campaign/town/town_event/town_event.image.idle_resolve_level_hollow_knight.png
heroes/hollow_knight/anim/hollow_knight.sprite.afflicted.atlas
heroes/hollow_knight/anim/hollow_knight.sprite.afflicted.skel
heroes/hollow_knight/anim/hollow_knight.sprite.attack_charge.atlas
heroes/hollow_knight/anim/hollow_knight.sprite.attack_charge.skel
heroes/hollow_knight/anim/hollow_knight.sprite.attack_dogfight.atlas
heroes/hollow_knight/anim/hollow_knight.sprite.attack_dogfight.skel
heroes/hollow_knight/anim/hollow_knight.sprite.attack_feareater.atlas
heroes/hollow_knight/anim/hollow_knight.sprite.attack_feareater.skel
heroes/hollow_knight/anim/hollow_knight.sprite.attack_heartbeat.atlas
heroes/hollow_knight/anim/hollow_knight.sprite.attack_heartbeat.skel
heroes/hollow_knight/anim/hollow_knight.sprite.attack_slash.atlas
heroes/hollow_knight/anim/hollow_knight.sprite.attack_slash.skel
heroes/hollow_knight/anim/hollow_knight.sprite.attack_tombstones.atlas
heroes/hollow_knight/anim/hollow_knight.sprite.attack_tombstones.skel
heroes/hollow_knight/anim/hollow_knight.sprite.attack_warcry.atlas
heroes/hollow_knight/anim/hollow_knight.sprite.attack_warcry.skel
heroes/hollow_knight/anim/hollow_knight.sprite.camp.atlas
heroes/hollow_knight/anim/hollow_knight.sprite.camp.skel
heroes/hollow_knight/anim/hollow_knight.sprite.combat.atlas
heroes/hollow_knight/anim/hollow_knight.sprite.combat.skel
heroes/hollow_knight/anim/hollow_knight.sprite.defend.atlas
heroes/hollow_knight/anim/hollow_knight.sprite.defend.skel
heroes/hollow_knight/anim/hollow_knight.sprite.heroic.atlas
heroes/hollow_knight/anim/hollow_knight.sprite.heroic.skel
heroes/hollow_knight/anim/hollow_knight.sprite.idle.atlas
heroes/hollow_knight/anim/hollow_knight.sprite.idle.skel
heroes/hollow_knight/anim/hollow_knight.sprite.investigate.atlas
heroes/hollow_knight/anim/hollow_knight.sprite.investigate.skel
heroes/hollow_knight/anim/hollow_knight.sprite.walk.atlas
heroes/hollow_knight/anim/hollow_knight.sprite.walk.skel
heroes/hollow_knight/fx/hollow_knight.sprite.attack_charge_fx.atlas
heroes/hollow_knight/fx/hollow_knight.sprite.attack_charge_fx.png
heroes/hollow_knight/fx/hollow_knight.sprite.attack_charge_fx.skel
heroes/hollow_knight/fx/hollow_knight.sprite.attack_charge_hit_fx.atlas
heroes/hollow_knight/fx/hollow_knight.sprite.attack_charge_hit_fx.png
heroes/hollow_knight/fx/hollow_knight.sprite.attack_charge_hit_fx.skel
heroes/hollow_knight/fx/hollow_knight.sprite.attack_dogfight_fx.atlas
heroes/hollow_knight/fx/hollow_knight.sprite.attack_dogfight_fx.png
heroes/hollow_knight/fx/hollow_knight.sprite.attack_dogfight_fx.skel
heroes/hollow_knight/fx/hollow_knight.sprite.attack_feareater_fx.atlas
heroes/hollow_knight/fx/hollow_knight.sprite.attack_feareater_fx.png
heroes/hollow_knight/fx/hollow_knight.sprite.attack_feareater_fx.skel
heroes/hollow_knight/fx/hollow_knight.sprite.attack_heartbeat_fx.atlas
heroes/hollow_knight/fx/hollow_knight.sprite.attack_heartbeat_fx.png
heroes/hollow_knight/fx/hollow_knight.sprite.attack_heartbeat_fx.skel
heroes/hollow_knight/fx/hollow_knight.sprite.attack_slash_fx.atlas
heroes/hollow_knight/fx/hollow_knight.sprite.attack_slash_fx.png
heroes/hollow_knight/fx/hollow_knight.sprite.attack_slash_fx.skel
heroes/hollow_knight/fx/hollow_knight.sprite.attack_tombstones_fx.atlas
heroes/hollow_knight/fx/hollow_knight.sprite.attack_tombstones_fx.png
heroes/hollow_knight/fx/hollow_knight.sprite.attack_tombstones_fx.skel
heroes/hollow_knight/fx/hollow_knight.sprite.attack_warcry_fx.atlas
heroes/hollow_knight/fx/hollow_knight.sprite.attack_warcry_fx.png
heroes/hollow_knight/fx/hollow_knight.sprite.attack_warcry_fx.skel
heroes/hollow_knight/hollow_knight_A/hollow_knight_portrait_roster.png
heroes/hollow_knight/hollow_knight_B/hollow_knight_portrait_roster.png
heroes/hollow_knight/icons_equip/eqp_armour_0.png
heroes/hollow_knight/icons_equip/eqp_armour_1.png
heroes/hollow_knight/icons_equip/eqp_armour_2.png
heroes/hollow_knight/icons_equip/eqp_armour_3.png
heroes/hollow_knight/icons_equip/eqp_armour_4.png
heroes/hollow_knight/icons_equip/eqp_weapon_0.png
heroes/hollow_knight/icons_equip/eqp_weapon_1.png
heroes/hollow_knight/icons_equip/eqp_weapon_2.png
heroes/hollow_knight/icons_equip/eqp_weapon_3.png
heroes/hollow_knight/icons_equip/eqp_weapon_4.png
raid/camping/skill_icons/camp_skill_Dust_off.png
raid/camping/skill_icons/camp_skill_face_open.png
raid/camping/skill_icons/camp_skill_filling_hole.png
raid/camping/skill_icons/camp_skill_insomnia.png
audio/secondary_banks/hero_hollow_knight.bank
campaign/town_events/hollow_knight.town_events.event.json
heroes/hollow_knight/hollow_knight.ability.five.png
heroes/hollow_knight/hollow_knight.ability.four.png
heroes/hollow_knight/hollow_knight.ability.one.png
heroes/hollow_knight/hollow_knight.ability.seven.png
heroes/hollow_knight/hollow_knight.ability.six.png
heroes/hollow_knight/hollow_knight.ability.three.png
heroes/hollow_knight/hollow_knight.ability.two.png
