
-------------------------------------------------------------------------------
Parsing project file - C:\Users\T\Desktop\Darkest_Dungeon_Modding\000_X_rescuer\project.xml
Mod Data Directory = C:/Users/T/Desktop/Darkest_Dungeon_Modding/000_X_rescuer/

-------------------------------------------------------------------------------
Processing Map Files files...

-------------------------------------------------------------------------------
Running Localization...
Parsing localization/rescuer.brazilian.string_table.xml
Parsing localization/rescuer.czech.string_table.xml
Parsing localization/rescuer.english.string_table.xml
Parsing localization/rescuer.french.string_table.xml
Parsing localization/rescuer.german.string_table.xml
Parsing localization/rescuer.italian.string_table.xml
Parsing localization/rescuer.japanese.string_table.xml
Parsing localization/rescuer.koreana.string_table.xml
Parsing localization/rescuer.koreanb.string_table.xml
Parsing localization/rescuer.polish.string_table.xml
Parsing localization/rescuer.russian.string_table.xml
Parsing localization/rescuer.schinese.string_table.xml
Parsing localization/rescuer.spanish.string_table.xml
Parsing localization/rescuer.tchinese.string_table.xml

Building Languages
Exporting .loc files

-------------------------------------------------------------------------------
Searching for preview icon file C:/Users/T/Desktop/Darkest_Dungeon_Modding/000_X_rescuer/preview_icon.png...FOUND!
<UploadMode> - Set to direct_upload


-------------------------------------------------------------------------------
Modded files...

modes/radiant/campaign/town/districts/race_track.districts_districts.json
heroes/rescuer/rescuer_A/anim/rescuer.sprite.afflicted.png
heroes/rescuer/rescuer_A/anim/rescuer.sprite.attack_away.png
heroes/rescuer/rescuer_A/anim/rescuer.sprite.attack_cure.png
heroes/rescuer/rescuer_A/anim/rescuer.sprite.attack_fist.png
heroes/rescuer/rescuer_A/anim/rescuer.sprite.attack_follow.png
heroes/rescuer/rescuer_A/anim/rescuer.sprite.attack_heal.png
heroes/rescuer/rescuer_A/anim/rescuer.sprite.attack_tactic.png
heroes/rescuer/rescuer_A/anim/rescuer.sprite.attack_tonic.png
heroes/rescuer/rescuer_A/anim/rescuer.sprite.camp.png
heroes/rescuer/rescuer_A/anim/rescuer.sprite.combat.png
heroes/rescuer/rescuer_A/anim/rescuer.sprite.defend.png
heroes/rescuer/rescuer_A/anim/rescuer.sprite.heroic.png
heroes/rescuer/rescuer_A/anim/rescuer.sprite.idle.png
heroes/rescuer/rescuer_A/anim/rescuer.sprite.investigate.png
heroes/rescuer/rescuer_A/anim/rescuer.sprite.riposte.png
heroes/rescuer/rescuer_A/anim/rescuer.sprite.walk.png
heroes/rescuer/rescuer_B/anim/rescuer.sprite.afflicted.png
heroes/rescuer/rescuer_B/anim/rescuer.sprite.attack_away.png
heroes/rescuer/rescuer_B/anim/rescuer.sprite.attack_cure.png
heroes/rescuer/rescuer_B/anim/rescuer.sprite.attack_fist.png
heroes/rescuer/rescuer_B/anim/rescuer.sprite.attack_follow.png
heroes/rescuer/rescuer_B/anim/rescuer.sprite.attack_heal.png
heroes/rescuer/rescuer_B/anim/rescuer.sprite.attack_tactic.png
heroes/rescuer/rescuer_B/anim/rescuer.sprite.attack_tonic.png
heroes/rescuer/rescuer_B/anim/rescuer.sprite.camp.png
heroes/rescuer/rescuer_B/anim/rescuer.sprite.combat.png
heroes/rescuer/rescuer_B/anim/rescuer.sprite.defend.png
heroes/rescuer/rescuer_B/anim/rescuer.sprite.heroic.png
heroes/rescuer/rescuer_B/anim/rescuer.sprite.idle.png
heroes/rescuer/rescuer_B/anim/rescuer.sprite.investigate.png
heroes/rescuer/rescuer_B/anim/rescuer.sprite.riposte.png
heroes/rescuer/rescuer_B/anim/rescuer.sprite.walk.png
heroes/rescuer/rescuer_C/anim/rescuer.sprite.afflicted.png
heroes/rescuer/rescuer_C/anim/rescuer.sprite.attack_away.png
heroes/rescuer/rescuer_C/anim/rescuer.sprite.attack_cure.png
heroes/rescuer/rescuer_C/anim/rescuer.sprite.attack_fist.png
heroes/rescuer/rescuer_C/anim/rescuer.sprite.attack_follow.png
heroes/rescuer/rescuer_C/anim/rescuer.sprite.attack_heal.png
heroes/rescuer/rescuer_C/anim/rescuer.sprite.attack_tactic.png
heroes/rescuer/rescuer_C/anim/rescuer.sprite.attack_tonic.png
heroes/rescuer/rescuer_C/anim/rescuer.sprite.camp.png
heroes/rescuer/rescuer_C/anim/rescuer.sprite.combat.png
heroes/rescuer/rescuer_C/anim/rescuer.sprite.defend.png
heroes/rescuer/rescuer_C/anim/rescuer.sprite.heroic.png
heroes/rescuer/rescuer_C/anim/rescuer.sprite.idle.png
heroes/rescuer/rescuer_C/anim/rescuer.sprite.investigate.png
heroes/rescuer/rescuer_C/anim/rescuer.sprite.riposte.png
heroes/rescuer/rescuer_C/anim/rescuer.sprite.walk.png
heroes/rescuer/rescuer_D/anim/rescuer.sprite.afflicted.png
heroes/rescuer/rescuer_D/anim/rescuer.sprite.attack_away.png
heroes/rescuer/rescuer_D/anim/rescuer.sprite.attack_cure.png
heroes/rescuer/rescuer_D/anim/rescuer.sprite.attack_fist.png
heroes/rescuer/rescuer_D/anim/rescuer.sprite.attack_follow.png
heroes/rescuer/rescuer_D/anim/rescuer.sprite.attack_heal.png
heroes/rescuer/rescuer_D/anim/rescuer.sprite.attack_tactic.png
heroes/rescuer/rescuer_D/anim/rescuer.sprite.attack_tonic.png
heroes/rescuer/rescuer_D/anim/rescuer.sprite.camp.png
heroes/rescuer/rescuer_D/anim/rescuer.sprite.combat.png
heroes/rescuer/rescuer_D/anim/rescuer.sprite.defend.png
heroes/rescuer/rescuer_D/anim/rescuer.sprite.heroic.png
heroes/rescuer/rescuer_D/anim/rescuer.sprite.idle.png
heroes/rescuer/rescuer_D/anim/rescuer.sprite.investigate.png
heroes/rescuer/rescuer_D/anim/rescuer.sprite.riposte.png
heroes/rescuer/rescuer_D/anim/rescuer.sprite.walk.png
heroes/rescuer/rescuer_E/anim/rescuer.sprite.afflicted.png
heroes/rescuer/rescuer_E/anim/rescuer.sprite.attack_away.png
heroes/rescuer/rescuer_E/anim/rescuer.sprite.attack_cure.png
heroes/rescuer/rescuer_E/anim/rescuer.sprite.attack_fist.png
heroes/rescuer/rescuer_E/anim/rescuer.sprite.attack_follow.png
heroes/rescuer/rescuer_E/anim/rescuer.sprite.attack_heal.png
heroes/rescuer/rescuer_E/anim/rescuer.sprite.attack_tactic.png
heroes/rescuer/rescuer_E/anim/rescuer.sprite.attack_tonic.png
heroes/rescuer/rescuer_E/anim/rescuer.sprite.camp.png
heroes/rescuer/rescuer_E/anim/rescuer.sprite.combat.png
heroes/rescuer/rescuer_E/anim/rescuer.sprite.defend.png
heroes/rescuer/rescuer_E/anim/rescuer.sprite.heroic.png
heroes/rescuer/rescuer_E/anim/rescuer.sprite.idle.png
heroes/rescuer/rescuer_E/anim/rescuer.sprite.investigate.png
heroes/rescuer/rescuer_E/anim/rescuer.sprite.riposte.png
heroes/rescuer/rescuer_E/anim/rescuer.sprite.walk.png
heroes/rescuer/rescuer_F/anim/rescuer.sprite.afflicted.png
heroes/rescuer/rescuer_F/anim/rescuer.sprite.attack_away.png
heroes/rescuer/rescuer_F/anim/rescuer.sprite.attack_cure.png
heroes/rescuer/rescuer_F/anim/rescuer.sprite.attack_fist.png
heroes/rescuer/rescuer_F/anim/rescuer.sprite.attack_follow.png
heroes/rescuer/rescuer_F/anim/rescuer.sprite.attack_heal.png
heroes/rescuer/rescuer_F/anim/rescuer.sprite.attack_tactic.png
heroes/rescuer/rescuer_F/anim/rescuer.sprite.attack_tonic.png
heroes/rescuer/rescuer_F/anim/rescuer.sprite.camp.png
heroes/rescuer/rescuer_F/anim/rescuer.sprite.combat.png
heroes/rescuer/rescuer_F/anim/rescuer.sprite.defend.png
heroes/rescuer/rescuer_F/anim/rescuer.sprite.heroic.png
heroes/rescuer/rescuer_F/anim/rescuer.sprite.idle.png
heroes/rescuer/rescuer_F/anim/rescuer.sprite.investigate.png
heroes/rescuer/rescuer_F/anim/rescuer.sprite.riposte.png
heroes/rescuer/rescuer_F/anim/rescuer.sprite.walk.png
campaign/town/districts/race_track.districts_districts.json
campaign/town/town_event/town_event.image_bonus_recruit_rescuer.png
campaign/town/town_event/town_event.image_embark_party_resc_party.png
campaign/town/town_event/town_event.image_first_rescuer.png
heroes/rescuer/anim/rescuer.sprite.afflicted.atlas
heroes/rescuer/anim/rescuer.sprite.afflicted.skel
heroes/rescuer/anim/rescuer.sprite.attack_away.atlas
heroes/rescuer/anim/rescuer.sprite.attack_away.skel
heroes/rescuer/anim/rescuer.sprite.attack_cure.atlas
heroes/rescuer/anim/rescuer.sprite.attack_cure.skel
heroes/rescuer/anim/rescuer.sprite.attack_fist.atlas
heroes/rescuer/anim/rescuer.sprite.attack_fist.skel
heroes/rescuer/anim/rescuer.sprite.attack_follow.atlas
heroes/rescuer/anim/rescuer.sprite.attack_follow.skel
heroes/rescuer/anim/rescuer.sprite.attack_heal.atlas
heroes/rescuer/anim/rescuer.sprite.attack_heal.skel
heroes/rescuer/anim/rescuer.sprite.attack_tactic.atlas
heroes/rescuer/anim/rescuer.sprite.attack_tactic.skel
heroes/rescuer/anim/rescuer.sprite.attack_tonic.atlas
heroes/rescuer/anim/rescuer.sprite.attack_tonic.skel
heroes/rescuer/anim/rescuer.sprite.camp.atlas
heroes/rescuer/anim/rescuer.sprite.camp.skel
heroes/rescuer/anim/rescuer.sprite.combat.atlas
heroes/rescuer/anim/rescuer.sprite.combat.skel
heroes/rescuer/anim/rescuer.sprite.defend.atlas
heroes/rescuer/anim/rescuer.sprite.defend.skel
heroes/rescuer/anim/rescuer.sprite.heroic.atlas
heroes/rescuer/anim/rescuer.sprite.heroic.skel
heroes/rescuer/anim/rescuer.sprite.idle.atlas
heroes/rescuer/anim/rescuer.sprite.idle.skel
heroes/rescuer/anim/rescuer.sprite.investigate.atlas
heroes/rescuer/anim/rescuer.sprite.investigate.skel
heroes/rescuer/anim/rescuer.sprite.riposte.atlas
heroes/rescuer/anim/rescuer.sprite.riposte.skel
heroes/rescuer/anim/rescuer.sprite.walk.atlas
heroes/rescuer/anim/rescuer.sprite.walk.skel
heroes/rescuer/fx/rescuer.sprite.divine_grace.atlas
heroes/rescuer/fx/rescuer.sprite.divine_grace.png
heroes/rescuer/fx/rescuer.sprite.divine_grace.skel
heroes/rescuer/fx/rescuer.sprite.divine_grace_target.atlas
heroes/rescuer/fx/rescuer.sprite.divine_grace_target.png
heroes/rescuer/fx/rescuer.sprite.divine_grace_target.skel
heroes/rescuer/fx/rescuer.sprite.effect_bite.atlas
heroes/rescuer/fx/rescuer.sprite.effect_bite.png
heroes/rescuer/fx/rescuer.sprite.effect_bite.skel
heroes/rescuer/fx/rescuer.sprite.effect_hit.atlas
heroes/rescuer/fx/rescuer.sprite.effect_hit.png
heroes/rescuer/fx/rescuer.sprite.effect_hit.skel
heroes/rescuer/fx/rescuer.sprite.effect_splatter.atlas
heroes/rescuer/fx/rescuer.sprite.effect_splatter.png
heroes/rescuer/fx/rescuer.sprite.effect_splatter.skel
heroes/rescuer/fx/rescuer.sprite.first_aid.atlas
heroes/rescuer/fx/rescuer.sprite.first_aid.png
heroes/rescuer/fx/rescuer.sprite.first_aid.skel
heroes/rescuer/fx/rescuer.sprite.gods_comfort_target.atlas
heroes/rescuer/fx/rescuer.sprite.gods_comfort_target.png
heroes/rescuer/fx/rescuer.sprite.gods_comfort_target.skel
heroes/rescuer/fx/rescuer.sprite.motivate_target.atlas
heroes/rescuer/fx/rescuer.sprite.motivate_target.png
heroes/rescuer/fx/rescuer.sprite.motivate_target.skel
heroes/rescuer/fx/rescuer.sprite.motivational_hypnosis.atlas
heroes/rescuer/fx/rescuer.sprite.motivational_hypnosis.png
heroes/rescuer/fx/rescuer.sprite.motivational_hypnosis.skel
heroes/rescuer/fx/rescuer.sprite.motivational_hypnosis_target.atlas
heroes/rescuer/fx/rescuer.sprite.motivational_hypnosis_target.png
heroes/rescuer/fx/rescuer.sprite.motivational_hypnosis_target.skel
heroes/rescuer/fx/rescuer.sprite.stay_away.atlas
heroes/rescuer/fx/rescuer.sprite.stay_away.png
heroes/rescuer/fx/rescuer.sprite.stay_away.skel
heroes/rescuer/fx/rescuer.sprite.tonic_mix.atlas
heroes/rescuer/fx/rescuer.sprite.tonic_mix.png
heroes/rescuer/fx/rescuer.sprite.tonic_mix.skel
heroes/rescuer/icons_equip/eqp_armour_0.png
heroes/rescuer/icons_equip/eqp_armour_1.png
heroes/rescuer/icons_equip/eqp_armour_2.png
heroes/rescuer/icons_equip/eqp_armour_3.png
heroes/rescuer/icons_equip/eqp_armour_4.png
heroes/rescuer/icons_equip/eqp_weapon_0.png
heroes/rescuer/icons_equip/eqp_weapon_1.png
heroes/rescuer/icons_equip/eqp_weapon_2.png
heroes/rescuer/icons_equip/eqp_weapon_3.png
heroes/rescuer/icons_equip/eqp_weapon_4.png
heroes/rescuer/rescuer_A/rescuer_portrait_roster.png
heroes/rescuer/rescuer_B/rescuer_portrait_roster.png
heroes/rescuer/rescuer_C/rescuer_portrait_roster.png
heroes/rescuer/rescuer_D/rescuer_portrait_roster.png
heroes/rescuer/rescuer_E/rescuer_portrait_roster.png
heroes/rescuer/rescuer_F/rescuer_portrait_roster.png
monsters/spider_spitter/spider_spitter_A/spider_spitter_A.info.darkest
monsters/spider_spitter/spider_spitter_B/spider_spitter_B.info.darkest
monsters/spider_spitter/spider_spitter_C/spider_spitter_C.info.darkest
monsters/spider_webber/spider_webber_A/spider_webber_A.info.darkest
monsters/spider_webber/spider_webber_B/spider_webber_B.info.darkest
monsters/spider_webber/spider_webber_C/spider_webber_C.info.darkest
panels/icons_equip/estate/inv_estate+flower_bouquet.png
panels/icons_equip/estate/inv_estate+resc_barrel_1.png
panels/icons_equip/trinket/inv_trinket+cc_resc_1.png
panels/icons_equip/trinket/inv_trinket+cc_resc_2.png
panels/icons_equip/trinket/inv_trinket+collector_resc.png
panels/icons_equip/trinket/inv_trinket+com_resc_1.png
panels/icons_equip/trinket/inv_trinket+resc1.png
panels/icons_equip/trinket/inv_trinket+resc2.png
panels/icons_equip/trinket/inv_trinket+resc3.png
panels/icons_equip/trinket/inv_trinket+resc4.png
panels/icons_equip/trinket/inv_trinket+resc5.png
panels/icons_equip/trinket/inv_trinket+resc6.png
panels/icons_equip/trinket/inv_trinket+resc7.png
panels/icons_equip/trinket/inv_trinket+resc8.png
panels/icons_equip/trinket/inv_trinket+resc9.png
panels/icons_equip/trinket/inv_trinket+rescset1.png
panels/icons_equip/trinket/inv_trinket+rescset2.png
panels/icons_equip/trinket/inv_trinket+sunward_resc.png
panels/icons_equip/trinket/rarity_pet_cemetery.png
panels/icons_equip/trinket/rarity_sakura.png
panels/icons_equip/trinket/rarity_spider_blue.png
raid/camping/skill_icons/camp_skill_resc_1.png
raid/camping/skill_icons/camp_skill_resc_2.png
raid/camping/skill_icons/camp_skill_resc_3.png
raid/camping/skill_icons/camp_skill_resc_4.png
raid/camping/skill_icons/camp_skill_resc_5.png
raid/camping/skill_icons/camp_skill_resc_6.png
raid/camping/skill_icons/camp_skill_resc_7.png
audio/secondary_banks/hero_rescuer.bank
campaign/provision/rescuer.provision.json
campaign/roster/rescuer.roster.additional_variables.json
campaign/town_events/rescuer.town_events.events.json
fx/resc_barrel_01/resc_barrel_01.sprite.atlas
fx/resc_barrel_01/resc_barrel_01.sprite.png
fx/resc_barrel_01/resc_barrel_01.sprite.skel
fx/town_district_race_track/town_district_race_track.sprite.atlas
fx/town_district_race_track/town_district_race_track.sprite.png
fx/town_district_race_track/town_district_race_track.sprite.skel
fx/town_event_first_rescuer/town_event_first_rescuer.sprite.atlas
fx/town_event_first_rescuer/town_event_first_rescuer.sprite.png
fx/town_event_first_rescuer/town_event_first_rescuer.sprite.skel
heroes/houndmaster/houndmaster.override.darkest
heroes/rescuer/rescuer.ability.five.png
heroes/rescuer/rescuer.ability.four.png
heroes/rescuer/rescuer.ability.one.png
heroes/rescuer/rescuer.ability.seven.png
heroes/rescuer/rescuer.ability.six.png
heroes/rescuer/rescuer.ability.three.png
heroes/rescuer/rescuer.ability.two.png
heroes/rescuer/rescuer.art.darkest
heroes/rescuer/rescuer.info.darkest
heroes/rescuer/rescuer_guild_header.png
raid/camping/rescuer.camping_skills.json
shared/buffs/rescuer.buffs.json
shared/party_name/rescuer.party_name_library.json
shared/quirk/rescuer.quirk_library.json
shared/trait/rescuer.trait_library.json
upgrades/heroes/rescuer.upgrades.json
audio/rescuer.campaign.guid_overrides.json
audio/rescuer.campaign.load_order.json
audio/rescuer.narration.json
colours/rescuer.colours.darkest
effects/rescuer.effects.darkest
inventory/rescuer.estate.inventory.items.darkest
inventory/rescuer.inventory.extra_stack_limits.darkest
localization/2053917390_brazilian.loc
localization/2053917390_czech.loc
localization/2053917390_english.loc
localization/2053917390_french.loc
localization/2053917390_german.loc
localization/2053917390_italian.loc
localization/2053917390_japanese.loc
localization/2053917390_koreana.loc
localization/2053917390_koreanb.loc
localization/2053917390_polish.loc
localization/2053917390_russian.loc
localization/2053917390_schinese.loc
localization/2053917390_spanish.loc
localization/2053917390_tchinese.loc
localization/missing_files.txt
localization/rescuer.brazilian.string_table.xml
localization/rescuer.czech.string_table.xml
localization/rescuer.english.string_table.xml
localization/rescuer.french.string_table.xml
localization/rescuer.german.string_table.xml
localization/rescuer.italian.string_table.xml
localization/rescuer.japanese.string_table.xml
localization/rescuer.koreana.string_table.xml
localization/rescuer.koreanb.string_table.xml
localization/rescuer.polish.string_table.xml
