
-------------------------------------------------------------------------------
Parsing project file - C:\Users\Sean\Desktop\Darkest Dungeon Mods\Sir Alonne\samurai.xml
Mod Data Directory = C:/Users/Sean/Desktop/Darkest Dungeon Mods/Sir Alonne/

-------------------------------------------------------------------------------
Processing Map Files files...

-------------------------------------------------------------------------------
Running Localization...
Parsing localization/alonne.string_table.xml

Building Languages
Exporting .loc files

-------------------------------------------------------------------------------
Searching for preview icon file C:/Users/Sean/Desktop/Darkest Dungeon Mods/Sir Alonne/preview_icon.png...FOUND!
<UploadMode> - Set to direct_upload


-------------------------------------------------------------------------------
Detected 2 unchanged files
The following files are unchanged and will be uploaded...
C:/Users/Sean/Desktop/Darkest Dungeon Mods/Sir Alonne/overlays/poptext_hp_heal_dot.png
C:/Users/Sean/Desktop/Darkest Dungeon Mods/Sir Alonne/overlays/tray_dot_hp_heal.png

-------------------------------------------------------------------------------
Modded files...

heroes/alonne/alonne_A/anim/alonne.sprite.afflicted.png
heroes/alonne/alonne_A/anim/alonne.sprite.attack_buff.png
heroes/alonne/alonne_A/anim/alonne.sprite.attack_buff_original.png
heroes/alonne/alonne_A/anim/alonne.sprite.attack_charge.png
heroes/alonne/alonne_A/anim/alonne.sprite.attack_high.png
heroes/alonne/alonne_A/anim/alonne.sprite.attack_intimidate.png
heroes/alonne/alonne_A/anim/alonne.sprite.attack_leap.png
heroes/alonne/alonne_A/anim/alonne.sprite.attack_low.png
heroes/alonne/alonne_A/anim/alonne.sprite.attack_ranged.png
heroes/alonne/alonne_A/anim/alonne.sprite.camp.png
heroes/alonne/alonne_A/anim/alonne.sprite.combat.png
heroes/alonne/alonne_A/anim/alonne.sprite.defend.png
heroes/alonne/alonne_A/anim/alonne.sprite.heroic.png
heroes/alonne/alonne_A/anim/alonne.sprite.idle.png
heroes/alonne/alonne_A/anim/alonne.sprite.investigate.png
heroes/alonne/alonne_A/anim/alonne.sprite.walk.png
heroes/alonne/alonne_B/anim/alonne.sprite.afflicted.png
heroes/alonne/alonne_B/anim/alonne.sprite.attack_buff.png
heroes/alonne/alonne_B/anim/alonne.sprite.attack_buff_original.png
heroes/alonne/alonne_B/anim/alonne.sprite.attack_charge.png
heroes/alonne/alonne_B/anim/alonne.sprite.attack_high.png
heroes/alonne/alonne_B/anim/alonne.sprite.attack_intimidate.png
heroes/alonne/alonne_B/anim/alonne.sprite.attack_leap.png
heroes/alonne/alonne_B/anim/alonne.sprite.attack_low.png
heroes/alonne/alonne_B/anim/alonne.sprite.attack_ranged.png
heroes/alonne/alonne_B/anim/alonne.sprite.camp.png
heroes/alonne/alonne_B/anim/alonne.sprite.combat.png
heroes/alonne/alonne_B/anim/alonne.sprite.defend.png
heroes/alonne/alonne_B/anim/alonne.sprite.heroic.png
heroes/alonne/alonne_B/anim/alonne.sprite.idle.png
heroes/alonne/alonne_B/anim/alonne.sprite.investigate.png
heroes/alonne/alonne_B/anim/alonne.sprite.walk.png
heroes/alonne/alonne_C/anim/alonne.sprite.afflicted.png
heroes/alonne/alonne_C/anim/alonne.sprite.attack_buff.png
heroes/alonne/alonne_C/anim/alonne.sprite.attack_buff_original.png
heroes/alonne/alonne_C/anim/alonne.sprite.attack_charge.png
heroes/alonne/alonne_C/anim/alonne.sprite.attack_high.png
heroes/alonne/alonne_C/anim/alonne.sprite.attack_intimidate.png
heroes/alonne/alonne_C/anim/alonne.sprite.attack_leap.png
heroes/alonne/alonne_C/anim/alonne.sprite.attack_low.png
heroes/alonne/alonne_C/anim/alonne.sprite.attack_ranged.png
heroes/alonne/alonne_C/anim/alonne.sprite.camp.png
heroes/alonne/alonne_C/anim/alonne.sprite.combat.png
heroes/alonne/alonne_C/anim/alonne.sprite.defend.png
heroes/alonne/alonne_C/anim/alonne.sprite.heroic.png
heroes/alonne/alonne_C/anim/alonne.sprite.idle.png
heroes/alonne/alonne_C/anim/alonne.sprite.investigate.png
heroes/alonne/alonne_C/anim/alonne.sprite.walk.png
heroes/alonne/alonne_D/anim/alonne.sprite.afflicted.png
heroes/alonne/alonne_D/anim/alonne.sprite.attack_buff.png
heroes/alonne/alonne_D/anim/alonne.sprite.attack_buff_original.png
heroes/alonne/alonne_D/anim/alonne.sprite.attack_charge.png
heroes/alonne/alonne_D/anim/alonne.sprite.attack_high.png
heroes/alonne/alonne_D/anim/alonne.sprite.attack_intimidate.png
heroes/alonne/alonne_D/anim/alonne.sprite.attack_leap.png
heroes/alonne/alonne_D/anim/alonne.sprite.attack_low.png
heroes/alonne/alonne_D/anim/alonne.sprite.attack_ranged.png
heroes/alonne/alonne_D/anim/alonne.sprite.camp.png
heroes/alonne/alonne_D/anim/alonne.sprite.combat.png
heroes/alonne/alonne_D/anim/alonne.sprite.defend.png
heroes/alonne/alonne_D/anim/alonne.sprite.heroic.png
heroes/alonne/alonne_D/anim/alonne.sprite.idle.png
heroes/alonne/alonne_D/anim/alonne.sprite.investigate.png
heroes/alonne/alonne_D/anim/alonne.sprite.walk.png
campaign/town/town_event/town_event.image_first_alonne.png
heroes/alonne/alonne_A/alonne_portrait_roster.png
heroes/alonne/alonne_B/alonne_portrait_roster.png
heroes/alonne/alonne_C/alonne_portrait_roster.png
heroes/alonne/alonne_D/alonne_portrait_roster.png
heroes/alonne/anim/alonne.sprite.afflicted.atlas
heroes/alonne/anim/alonne.sprite.afflicted.skel
heroes/alonne/anim/alonne.sprite.attack_buff.atlas
heroes/alonne/anim/alonne.sprite.attack_buff.skel
heroes/alonne/anim/alonne.sprite.attack_charge.atlas
heroes/alonne/anim/alonne.sprite.attack_charge.skel
heroes/alonne/anim/alonne.sprite.attack_high.atlas
heroes/alonne/anim/alonne.sprite.attack_high.skel
heroes/alonne/anim/alonne.sprite.attack_intimidate.atlas
heroes/alonne/anim/alonne.sprite.attack_intimidate.skel
heroes/alonne/anim/alonne.sprite.attack_leap.atlas
heroes/alonne/anim/alonne.sprite.attack_leap.skel
heroes/alonne/anim/alonne.sprite.attack_low.atlas
heroes/alonne/anim/alonne.sprite.attack_low.skel
heroes/alonne/anim/alonne.sprite.attack_ranged.atlas
heroes/alonne/anim/alonne.sprite.attack_ranged.skel
heroes/alonne/anim/alonne.sprite.camp.atlas
heroes/alonne/anim/alonne.sprite.camp.skel
heroes/alonne/anim/alonne.sprite.combat.atlas
heroes/alonne/anim/alonne.sprite.combat.skel
heroes/alonne/anim/alonne.sprite.defend.atlas
heroes/alonne/anim/alonne.sprite.defend.skel
heroes/alonne/anim/alonne.sprite.heroic.atlas
heroes/alonne/anim/alonne.sprite.heroic.skel
heroes/alonne/anim/alonne.sprite.idle.atlas
heroes/alonne/anim/alonne.sprite.idle.skel
heroes/alonne/anim/alonne.sprite.investigate.atlas
heroes/alonne/anim/alonne.sprite.investigate.skel
heroes/alonne/anim/alonne.sprite.walk.atlas
heroes/alonne/anim/alonne.sprite.walk.skel
heroes/alonne/fx/alonne.sprite.adrenaline_rush.atlas
heroes/alonne/fx/alonne.sprite.adrenaline_rush.png
heroes/alonne/fx/alonne.sprite.adrenaline_rush.skel
heroes/alonne/fx/alonne.sprite.barbaric_yawp.atlas
heroes/alonne/fx/alonne.sprite.barbaric_yawp.png
heroes/alonne/fx/alonne.sprite.barbaric_yawp.skel
heroes/alonne/fx/alonne.sprite.bleed_out.atlas
heroes/alonne/fx/alonne.sprite.bleed_out.png
heroes/alonne/fx/alonne.sprite.bleed_out.skel
heroes/alonne/fx/alonne.sprite.breakthru.atlas
heroes/alonne/fx/alonne.sprite.breakthru.png
heroes/alonne/fx/alonne.sprite.breakthru.skel
heroes/alonne/fx/alonne.sprite.if_it_bleeds.atlas
heroes/alonne/fx/alonne.sprite.if_it_bleeds.png
heroes/alonne/fx/alonne.sprite.if_it_bleeds.skel
heroes/alonne/fx/alonne.sprite.intimidate.atlas
heroes/alonne/fx/alonne.sprite.intimidate.png
heroes/alonne/fx/alonne.sprite.intimidate.skel
heroes/alonne/fx/alonne.sprite.iron_swan.atlas
heroes/alonne/fx/alonne.sprite.iron_swan.png
heroes/alonne/fx/alonne.sprite.iron_swan.skel
heroes/alonne/fx/alonne.sprite.revenge.atlas
heroes/alonne/fx/alonne.sprite.revenge.png
heroes/alonne/fx/alonne.sprite.revenge.skel
heroes/alonne/fx/alonne.sprite.wicked_hack.atlas
heroes/alonne/fx/alonne.sprite.wicked_hack.png
heroes/alonne/fx/alonne.sprite.wicked_hack.skel
heroes/alonne/icons_equip/eqp_armour_0.png
heroes/alonne/icons_equip/eqp_armour_1.png
heroes/alonne/icons_equip/eqp_armour_2.png
heroes/alonne/icons_equip/eqp_armour_3.png
heroes/alonne/icons_equip/eqp_armour_4.png
heroes/alonne/icons_equip/eqp_weapon_0.png
heroes/alonne/icons_equip/eqp_weapon_1.png
heroes/alonne/icons_equip/eqp_weapon_2.png
