
-------------------------------------------------------------------------------
Parsing project file - C:\Users\Jacki\Desktop\DD Mods\Wraith Mod Base\wraith_ms.xml
Mod Data Directory = C:/Users/Jacki/Desktop/DD Mods/Wraith Mod Base/

-------------------------------------------------------------------------------
Processing Map Files files...

-------------------------------------------------------------------------------
Running Localization...
Parsing localization/mstooltips.string_table.xml
Parsing localization/wraith_ms.string_table.xml
Parsing localization/wraith_mstooltips.string_table.xml

Building Languages
Exporting .loc files

-------------------------------------------------------------------------------
Searching for preview icon file C:/Users/Jacki/Desktop/DD Mods/Wraith Mod Base/preview_icon.png...FOUND!
<UploadMode> - Set to direct_upload


-------------------------------------------------------------------------------
Modded files...

heroes/wraith_ms/wraith_ms_A/anim/wraith_ms.sprite.afflicted.png
heroes/wraith_ms/wraith_ms_A/anim/wraith_ms.sprite.attack_chaingang.png
heroes/wraith_ms/wraith_ms_A/anim/wraith_ms.sprite.attack_guillotine.png
heroes/wraith_ms/wraith_ms_A/anim/wraith_ms.sprite.attack_hook.png
heroes/wraith_ms/wraith_ms_A/anim/wraith_ms.sprite.attack_incarcerate.png
heroes/wraith_ms/wraith_ms_A/anim/wraith_ms.sprite.attack_mark.png
heroes/wraith_ms/wraith_ms_A/anim/wraith_ms.sprite.attack_reap.png
heroes/wraith_ms/wraith_ms_A/anim/wraith_ms.sprite.attack_sap.png
heroes/wraith_ms/wraith_ms_A/anim/wraith_ms.sprite.camp.png
heroes/wraith_ms/wraith_ms_A/anim/wraith_ms.sprite.combat.png
heroes/wraith_ms/wraith_ms_A/anim/wraith_ms.sprite.defend.png
heroes/wraith_ms/wraith_ms_A/anim/wraith_ms.sprite.heroic.png
heroes/wraith_ms/wraith_ms_A/anim/wraith_ms.sprite.idle.png
heroes/wraith_ms/wraith_ms_A/anim/wraith_ms.sprite.investigate.png
heroes/wraith_ms/wraith_ms_A/anim/wraith_ms.sprite.walk.png
heroes/wraith_ms/wraith_ms_B/anim/wraith_ms.sprite.afflicted.png
heroes/wraith_ms/wraith_ms_B/anim/wraith_ms.sprite.attack_chaingang.png
heroes/wraith_ms/wraith_ms_B/anim/wraith_ms.sprite.attack_guillotine.png
heroes/wraith_ms/wraith_ms_B/anim/wraith_ms.sprite.attack_hook.png
heroes/wraith_ms/wraith_ms_B/anim/wraith_ms.sprite.attack_incarcerate.png
heroes/wraith_ms/wraith_ms_B/anim/wraith_ms.sprite.attack_mark.png
heroes/wraith_ms/wraith_ms_B/anim/wraith_ms.sprite.attack_reap.png
heroes/wraith_ms/wraith_ms_B/anim/wraith_ms.sprite.attack_sap.png
heroes/wraith_ms/wraith_ms_B/anim/wraith_ms.sprite.camp.png
heroes/wraith_ms/wraith_ms_B/anim/wraith_ms.sprite.combat.png
heroes/wraith_ms/wraith_ms_B/anim/wraith_ms.sprite.defend.png
heroes/wraith_ms/wraith_ms_B/anim/wraith_ms.sprite.heroic.png
heroes/wraith_ms/wraith_ms_B/anim/wraith_ms.sprite.idle.png
heroes/wraith_ms/wraith_ms_B/anim/wraith_ms.sprite.investigate.png
heroes/wraith_ms/wraith_ms_B/anim/wraith_ms.sprite.walk.png
heroes/wraith_ms/wraith_ms_C/anim/wraith_ms.sprite.afflicted.png
heroes/wraith_ms/wraith_ms_C/anim/wraith_ms.sprite.attack_chaingang.png
heroes/wraith_ms/wraith_ms_C/anim/wraith_ms.sprite.attack_guillotine.png
heroes/wraith_ms/wraith_ms_C/anim/wraith_ms.sprite.attack_hook.png
heroes/wraith_ms/wraith_ms_C/anim/wraith_ms.sprite.attack_incarcerate.png
heroes/wraith_ms/wraith_ms_C/anim/wraith_ms.sprite.attack_mark.png
heroes/wraith_ms/wraith_ms_C/anim/wraith_ms.sprite.attack_reap.png
heroes/wraith_ms/wraith_ms_C/anim/wraith_ms.sprite.attack_sap.png
heroes/wraith_ms/wraith_ms_C/anim/wraith_ms.sprite.camp.png
heroes/wraith_ms/wraith_ms_C/anim/wraith_ms.sprite.combat.png
heroes/wraith_ms/wraith_ms_C/anim/wraith_ms.sprite.defend.png
heroes/wraith_ms/wraith_ms_C/anim/wraith_ms.sprite.heroic.png
heroes/wraith_ms/wraith_ms_C/anim/wraith_ms.sprite.idle.png
heroes/wraith_ms/wraith_ms_C/anim/wraith_ms.sprite.investigate.png
heroes/wraith_ms/wraith_ms_C/anim/wraith_ms.sprite.walk.png
heroes/wraith_ms/wraith_ms_D/anim/wraith_ms.sprite.afflicted.png
heroes/wraith_ms/wraith_ms_D/anim/wraith_ms.sprite.attack_chaingang.png
heroes/wraith_ms/wraith_ms_D/anim/wraith_ms.sprite.attack_guillotine.png
heroes/wraith_ms/wraith_ms_D/anim/wraith_ms.sprite.attack_hook.png
heroes/wraith_ms/wraith_ms_D/anim/wraith_ms.sprite.attack_incarcerate.png
heroes/wraith_ms/wraith_ms_D/anim/wraith_ms.sprite.attack_mark.png
heroes/wraith_ms/wraith_ms_D/anim/wraith_ms.sprite.attack_reap.png
heroes/wraith_ms/wraith_ms_D/anim/wraith_ms.sprite.attack_sap.png
heroes/wraith_ms/wraith_ms_D/anim/wraith_ms.sprite.camp.png
heroes/wraith_ms/wraith_ms_D/anim/wraith_ms.sprite.combat.png
heroes/wraith_ms/wraith_ms_D/anim/wraith_ms.sprite.defend.png
heroes/wraith_ms/wraith_ms_D/anim/wraith_ms.sprite.heroic.png
heroes/wraith_ms/wraith_ms_D/anim/wraith_ms.sprite.idle.png
heroes/wraith_ms/wraith_ms_D/anim/wraith_ms.sprite.investigate.png
heroes/wraith_ms/wraith_ms_D/anim/wraith_ms.sprite.walk.png
modes/bloodmoon/upgrades/heroes/wraith_ms.upgrades.json
modes/new_game_plus/upgrades/heroes/wraith_ms.upgrades.json
modes/radiant/upgrades/heroes/wraith_ms.upgrades.json
campaign/town/town_event/town_event.image_bonus_recruit_wraith_ms.png
heroes/wraith_ms/anim/wraith_ms.sprite.afflicted.atlas
heroes/wraith_ms/anim/wraith_ms.sprite.afflicted.skel
heroes/wraith_ms/anim/wraith_ms.sprite.attack_chaingang.atlas
heroes/wraith_ms/anim/wraith_ms.sprite.attack_chaingang.skel
heroes/wraith_ms/anim/wraith_ms.sprite.attack_guillotine.atlas
heroes/wraith_ms/anim/wraith_ms.sprite.attack_guillotine.skel
heroes/wraith_ms/anim/wraith_ms.sprite.attack_hook.atlas
heroes/wraith_ms/anim/wraith_ms.sprite.attack_hook.skel
heroes/wraith_ms/anim/wraith_ms.sprite.attack_incarcerate.atlas
heroes/wraith_ms/anim/wraith_ms.sprite.attack_incarcerate.skel
heroes/wraith_ms/anim/wraith_ms.sprite.attack_mark.atlas
heroes/wraith_ms/anim/wraith_ms.sprite.attack_mark.skel
heroes/wraith_ms/anim/wraith_ms.sprite.attack_reap.atlas
heroes/wraith_ms/anim/wraith_ms.sprite.attack_reap.skel
heroes/wraith_ms/anim/wraith_ms.sprite.attack_sap.atlas
heroes/wraith_ms/anim/wraith_ms.sprite.attack_sap.skel
heroes/wraith_ms/anim/wraith_ms.sprite.camp.atlas
heroes/wraith_ms/anim/wraith_ms.sprite.camp.skel
heroes/wraith_ms/anim/wraith_ms.sprite.combat.atlas
heroes/wraith_ms/anim/wraith_ms.sprite.combat.skel
heroes/wraith_ms/anim/wraith_ms.sprite.defend.atlas
heroes/wraith_ms/anim/wraith_ms.sprite.defend.skel
heroes/wraith_ms/anim/wraith_ms.sprite.heroic.atlas
heroes/wraith_ms/anim/wraith_ms.sprite.heroic.skel
heroes/wraith_ms/anim/wraith_ms.sprite.idle.atlas
heroes/wraith_ms/anim/wraith_ms.sprite.idle.skel
heroes/wraith_ms/anim/wraith_ms.sprite.investigate.atlas
heroes/wraith_ms/anim/wraith_ms.sprite.investigate.skel
heroes/wraith_ms/anim/wraith_ms.sprite.walk.atlas
heroes/wraith_ms/anim/wraith_ms.sprite.walk.skel
heroes/wraith_ms/fx/crusader.sprite.stunning_blow_target.png
heroes/wraith_ms/fx/wraith_ms.sprite.chain_target.atlas
heroes/wraith_ms/fx/wraith_ms.sprite.chain_target.png
heroes/wraith_ms/fx/wraith_ms.sprite.chain_target.skel
heroes/wraith_ms/fx/wraith_ms.sprite.death_sentence.atlas
heroes/wraith_ms/fx/wraith_ms.sprite.death_sentence.png
heroes/wraith_ms/fx/wraith_ms.sprite.death_sentence.skel
heroes/wraith_ms/fx/wraith_ms.sprite.death_sentence_target.atlas
heroes/wraith_ms/fx/wraith_ms.sprite.death_sentence_target.png
heroes/wraith_ms/fx/wraith_ms.sprite.death_sentence_target.skel
heroes/wraith_ms/fx/wraith_ms.sprite.guillotine.atlas
heroes/wraith_ms/fx/wraith_ms.sprite.guillotine.png
heroes/wraith_ms/fx/wraith_ms.sprite.guillotine.skel
heroes/wraith_ms/fx/wraith_ms.sprite.hook_and_slice_target.atlas
heroes/wraith_ms/fx/wraith_ms.sprite.hook_and_slice_target.png
heroes/wraith_ms/fx/wraith_ms.sprite.hook_and_slice_target.skel
heroes/wraith_ms/fx/wraith_ms.sprite.reap.atlas
heroes/wraith_ms/fx/wraith_ms.sprite.reap.png
heroes/wraith_ms/fx/wraith_ms.sprite.reap.skel
heroes/wraith_ms/fx/wraith_ms.sprite.stunning_blow_target.atlas
heroes/wraith_ms/fx/wraith_ms.sprite.stunning_blow_target.skel
heroes/wraith_ms/icons_equip/eqp_armour_0.png
heroes/wraith_ms/icons_equip/eqp_armour_1.png
heroes/wraith_ms/icons_equip/eqp_armour_2.png
heroes/wraith_ms/icons_equip/eqp_armour_3.png
