
-------------------------------------------------------------------------------
Parsing project file - D:\DDmods\pica\data\project.xml
Mod Data Directory = D:/DDmods/pica/data/

-------------------------------------------------------------------------------
Processing Map Files files...

-------------------------------------------------------------------------------
Running Localization...
Parsing localization/picaroon.brazilian.string_table.xml
Parsing localization/picaroon.czech.string_table.xml
Parsing localization/picaroon.english.string_table.xml
Parsing localization/picaroon.french.string_table.xml
Parsing localization/picaroon.german.string_table.xml
Parsing localization/picaroon.italian.string_table.xml
Parsing localization/picaroon.japanese.string_table.xml
Parsing localization/picaroon.koreana.string_table.xml
Parsing localization/picaroon.koreanb.string_table.xml
Parsing localization/picaroon.polish.string_table.xml
Parsing localization/picaroon.russian.string_table.xml
Parsing localization/picaroon.schinese.string_table.xml
Parsing localization/picaroon.spanish.string_table.xml
Parsing localization/picaroon.tchinese.string_table.xml

Building Languages
Exporting .loc files

-------------------------------------------------------------------------------
Searching for preview icon file D:/DDmods/pica/data/preview_icon.png...FOUND!
<UploadMode> - Set to direct_upload


-------------------------------------------------------------------------------
Detected 1 unchanged files
The following files are unchanged and will be uploaded...

-------------------------------------------------------------------------------
Modded files...

heroes/picaroon/picaroon_D/anim/anim/picaroon.sprite.afflicted.png
heroes/picaroon/picaroon_D/anim/anim/picaroon.sprite.attack_club.png
heroes/picaroon/picaroon_D/anim/anim/picaroon.sprite.attack_lunge.png
heroes/picaroon/picaroon_D/anim/anim/picaroon.sprite.attack_mace.png
heroes/picaroon/picaroon_D/anim/anim/picaroon.sprite.attack_pistol.png
heroes/picaroon/picaroon_D/anim/anim/picaroon.sprite.attack_point.png
heroes/picaroon/picaroon_D/anim/anim/picaroon.sprite.attack_potion.png
heroes/picaroon/picaroon_D/anim/anim/picaroon.sprite.attack_rifle.png
heroes/picaroon/picaroon_D/anim/anim/picaroon.sprite.attack_throw.png
heroes/picaroon/picaroon_D/anim/anim/picaroon.sprite.camp.png
heroes/picaroon/picaroon_D/anim/anim/picaroon.sprite.combat.png
heroes/picaroon/picaroon_D/anim/anim/picaroon.sprite.defend.png
heroes/picaroon/picaroon_D/anim/anim/picaroon.sprite.heroic.png
heroes/picaroon/picaroon_D/anim/anim/picaroon.sprite.idle.png
heroes/picaroon/picaroon_D/anim/anim/picaroon.sprite.investigate.png
heroes/picaroon/picaroon_D/anim/anim/picaroon.sprite.walk.png
heroes/picaroon/picaroon_A/anim/picaroon.sprite.afflicted.png
heroes/picaroon/picaroon_A/anim/picaroon.sprite.attack_club.png
heroes/picaroon/picaroon_A/anim/picaroon.sprite.attack_lunge.png
heroes/picaroon/picaroon_A/anim/picaroon.sprite.attack_mace.png
heroes/picaroon/picaroon_A/anim/picaroon.sprite.attack_pistol.png
heroes/picaroon/picaroon_A/anim/picaroon.sprite.attack_point.png
heroes/picaroon/picaroon_A/anim/picaroon.sprite.attack_potion.png
heroes/picaroon/picaroon_A/anim/picaroon.sprite.attack_rifle.png
heroes/picaroon/picaroon_A/anim/picaroon.sprite.attack_throw.png
heroes/picaroon/picaroon_A/anim/picaroon.sprite.camp.png
heroes/picaroon/picaroon_A/anim/picaroon.sprite.combat.png
heroes/picaroon/picaroon_A/anim/picaroon.sprite.defend.png
heroes/picaroon/picaroon_A/anim/picaroon.sprite.heroic.png
heroes/picaroon/picaroon_A/anim/picaroon.sprite.idle.png
heroes/picaroon/picaroon_A/anim/picaroon.sprite.idle_final.png
heroes/picaroon/picaroon_A/anim/picaroon.sprite.investigate.png
heroes/picaroon/picaroon_A/anim/picaroon.sprite.walk.png
heroes/picaroon/picaroon_B/anim/picaroon.sprite.afflicted.png
heroes/picaroon/picaroon_B/anim/picaroon.sprite.attack_club.png
heroes/picaroon/picaroon_B/anim/picaroon.sprite.attack_lunge.png
heroes/picaroon/picaroon_B/anim/picaroon.sprite.attack_mace.png
heroes/picaroon/picaroon_B/anim/picaroon.sprite.attack_pistol.png
heroes/picaroon/picaroon_B/anim/picaroon.sprite.attack_point.png
heroes/picaroon/picaroon_B/anim/picaroon.sprite.attack_potion.png
heroes/picaroon/picaroon_B/anim/picaroon.sprite.attack_rifle.png
heroes/picaroon/picaroon_B/anim/picaroon.sprite.attack_throw.png
heroes/picaroon/picaroon_B/anim/picaroon.sprite.camp.png
heroes/picaroon/picaroon_B/anim/picaroon.sprite.combat.png
heroes/picaroon/picaroon_B/anim/picaroon.sprite.defend.png
heroes/picaroon/picaroon_B/anim/picaroon.sprite.heroic.png
heroes/picaroon/picaroon_B/anim/picaroon.sprite.idle.png
heroes/picaroon/picaroon_B/anim/picaroon.sprite.investigate.png
heroes/picaroon/picaroon_B/anim/picaroon.sprite.walk.png
heroes/picaroon/picaroon_C/anim/picaroon.sprite.afflicted.png
heroes/picaroon/picaroon_C/anim/picaroon.sprite.attack_club.png
heroes/picaroon/picaroon_C/anim/picaroon.sprite.attack_lunge.png
heroes/picaroon/picaroon_C/anim/picaroon.sprite.attack_mace.png
heroes/picaroon/picaroon_C/anim/picaroon.sprite.attack_pistol.png
heroes/picaroon/picaroon_C/anim/picaroon.sprite.attack_point.png
heroes/picaroon/picaroon_C/anim/picaroon.sprite.attack_potion.png
heroes/picaroon/picaroon_C/anim/picaroon.sprite.attack_rifle.png
heroes/picaroon/picaroon_C/anim/picaroon.sprite.attack_throw.png
heroes/picaroon/picaroon_C/anim/picaroon.sprite.camp.png
heroes/picaroon/picaroon_C/anim/picaroon.sprite.combat.png
heroes/picaroon/picaroon_C/anim/picaroon.sprite.defend.png
heroes/picaroon/picaroon_C/anim/picaroon.sprite.heroic.png
heroes/picaroon/picaroon_C/anim/picaroon.sprite.idle.png
heroes/picaroon/picaroon_C/anim/picaroon.sprite.investigate.png
heroes/picaroon/picaroon_C/anim/picaroon.sprite.walk.png
heroes/picaroon/picaroon_D/anim/picaroon.sprite.afflicted.png
heroes/picaroon/picaroon_D/anim/picaroon.sprite.attack_club.png
heroes/picaroon/picaroon_D/anim/picaroon.sprite.attack_lunge.png
heroes/picaroon/picaroon_D/anim/picaroon.sprite.attack_mace.png
heroes/picaroon/picaroon_D/anim/picaroon.sprite.attack_pistol.png
heroes/picaroon/picaroon_D/anim/picaroon.sprite.attack_point.png
heroes/picaroon/picaroon_D/anim/picaroon.sprite.attack_potion.png
heroes/picaroon/picaroon_D/anim/picaroon.sprite.attack_rifle.png
heroes/picaroon/picaroon_D/anim/picaroon.sprite.attack_throw.png
heroes/picaroon/picaroon_D/anim/picaroon.sprite.camp.png
heroes/picaroon/picaroon_D/anim/picaroon.sprite.combat.png
heroes/picaroon/picaroon_D/anim/picaroon.sprite.defend.png
heroes/picaroon/picaroon_D/anim/picaroon.sprite.heroic.png
heroes/picaroon/picaroon_D/anim/picaroon.sprite.idle.png
heroes/picaroon/picaroon_D/anim/picaroon.sprite.investigate.png
heroes/picaroon/picaroon_D/anim/picaroon.sprite.walk.png
heroes/picaroon/picaroon_E/anim/picaroon.sprite.afflicted.png
heroes/picaroon/picaroon_E/anim/picaroon.sprite.attack_club.png
heroes/picaroon/picaroon_E/anim/picaroon.sprite.attack_lunge.png
heroes/picaroon/picaroon_E/anim/picaroon.sprite.attack_mace.png
heroes/picaroon/picaroon_E/anim/picaroon.sprite.attack_pistol.png
heroes/picaroon/picaroon_E/anim/picaroon.sprite.attack_point.png
heroes/picaroon/picaroon_E/anim/picaroon.sprite.attack_potion.png
heroes/picaroon/picaroon_E/anim/picaroon.sprite.attack_rifle.png
heroes/picaroon/picaroon_E/anim/picaroon.sprite.attack_throw.png
heroes/picaroon/picaroon_E/anim/picaroon.sprite.camp.png
heroes/picaroon/picaroon_E/anim/picaroon.sprite.combat.png
heroes/picaroon/picaroon_E/anim/picaroon.sprite.defend.png
heroes/picaroon/picaroon_E/anim/picaroon.sprite.heroic.png
heroes/picaroon/picaroon_E/anim/picaroon.sprite.idle.png
heroes/picaroon/picaroon_E/anim/picaroon.sprite.investigate.png
heroes/picaroon/picaroon_E/anim/picaroon.sprite.walk.png
heroes/picaroon/picaroon_F/anim/picaroon.sprite.afflicted.png
heroes/picaroon/picaroon_F/anim/picaroon.sprite.attack_club.png
heroes/picaroon/picaroon_F/anim/picaroon.sprite.attack_lunge.png
heroes/picaroon/picaroon_F/anim/picaroon.sprite.attack_mace.png
heroes/picaroon/picaroon_F/anim/picaroon.sprite.attack_pistol.png
heroes/picaroon/picaroon_F/anim/picaroon.sprite.attack_point.png
heroes/picaroon/picaroon_F/anim/picaroon.sprite.attack_potion.png
heroes/picaroon/picaroon_F/anim/picaroon.sprite.attack_rifle.png
heroes/picaroon/picaroon_F/anim/picaroon.sprite.attack_throw.png
heroes/picaroon/picaroon_F/anim/picaroon.sprite.camp.png
heroes/picaroon/picaroon_F/anim/picaroon.sprite.combat.png
heroes/picaroon/picaroon_F/anim/picaroon.sprite.defend.png
heroes/picaroon/picaroon_F/anim/picaroon.sprite.heroic.png
heroes/picaroon/picaroon_F/anim/picaroon.sprite.idle.png
heroes/picaroon/picaroon_F/anim/picaroon.sprite.investigate.png
heroes/picaroon/picaroon_F/anim/picaroon.sprite.walk.png
campaign/town/town_event/town_event.image_bonus_recruit_picaroon.png
campaign/town/town_event/town_event.image_first_picaroon.png
heroes/picaroon/anim/picaroon.sprite.afflicted.atlas
heroes/picaroon/anim/picaroon.sprite.afflicted.skel
heroes/picaroon/anim/picaroon.sprite.attack_club.atlas
heroes/picaroon/anim/picaroon.sprite.attack_club.skel
heroes/picaroon/anim/picaroon.sprite.attack_lunge.atlas
heroes/picaroon/anim/picaroon.sprite.attack_lunge.skel
heroes/picaroon/anim/picaroon.sprite.attack_mace.atlas
heroes/picaroon/anim/picaroon.sprite.attack_mace.skel
heroes/picaroon/anim/picaroon.sprite.attack_pistol.atlas
heroes/picaroon/anim/picaroon.sprite.attack_pistol.skel
heroes/picaroon/anim/picaroon.sprite.attack_point.atlas
heroes/picaroon/anim/picaroon.sprite.attack_point.skel
heroes/picaroon/anim/picaroon.sprite.attack_potion.atlas
heroes/picaroon/anim/picaroon.sprite.attack_potion.skel
heroes/picaroon/anim/picaroon.sprite.attack_rifle.atlas
heroes/picaroon/anim/picaroon.sprite.attack_rifle.skel
heroes/picaroon/anim/picaroon.sprite.attack_throw.atlas
heroes/picaroon/anim/picaroon.sprite.attack_throw.skel
heroes/picaroon/anim/picaroon.sprite.camp.atlas
heroes/picaroon/anim/picaroon.sprite.camp.skel
heroes/picaroon/anim/picaroon.sprite.combat.atlas
heroes/picaroon/anim/picaroon.sprite.combat.skel
heroes/picaroon/anim/picaroon.sprite.defend.atlas
heroes/picaroon/anim/picaroon.sprite.defend.skel
heroes/picaroon/anim/picaroon.sprite.heroic.atlas
heroes/picaroon/anim/picaroon.sprite.heroic.skel
heroes/picaroon/anim/picaroon.sprite.idle.atlas
heroes/picaroon/anim/picaroon.sprite.idle.skel
heroes/picaroon/anim/picaroon.sprite.investigate.atlas
heroes/picaroon/anim/picaroon.sprite.investigate.skel
heroes/picaroon/anim/picaroon.sprite.walk.atlas
heroes/picaroon/anim/picaroon.sprite.walk.skel
heroes/picaroon/fx/picaroon.sprite.aimed_shot.atlas
heroes/picaroon/fx/picaroon.sprite.aimed_shot.png
heroes/picaroon/fx/picaroon.sprite.aimed_shot.skel
heroes/picaroon/fx/picaroon.sprite.aimed_shot_target.atlas
heroes/picaroon/fx/picaroon.sprite.aimed_shot_target.png
heroes/picaroon/fx/picaroon.sprite.aimed_shot_target.skel
heroes/picaroon/fx/picaroon.sprite.boom.atlas
heroes/picaroon/fx/picaroon.sprite.boom.png
heroes/picaroon/fx/picaroon.sprite.boom.skel
heroes/picaroon/fx/picaroon.sprite.crush.atlas
heroes/picaroon/fx/picaroon.sprite.crush.png
heroes/picaroon/fx/picaroon.sprite.crush.skel
heroes/picaroon/fx/picaroon.sprite.detonate_target.atlas
heroes/picaroon/fx/picaroon.sprite.detonate_target.png
heroes/picaroon/fx/picaroon.sprite.detonate_target.skel
heroes/picaroon/fx/picaroon.sprite.flashbang.atlas
heroes/picaroon/fx/picaroon.sprite.flashbang.png
heroes/picaroon/fx/picaroon.sprite.flashbang.skel
heroes/picaroon/fx/picaroon.sprite.flashpowder_target.atlas
heroes/picaroon/fx/picaroon.sprite.flashpowder_target.png
heroes/picaroon/fx/picaroon.sprite.flashpowder_target.skel
heroes/picaroon/fx/picaroon.sprite.noxious_blast_target.atlas
heroes/picaroon/fx/picaroon.sprite.noxious_blast_target.png
heroes/picaroon/fx/picaroon.sprite.noxious_blast_target.skel
heroes/picaroon/fx/picaroon.sprite.plague_grenade_target.atlas
heroes/picaroon/fx/picaroon.sprite.plague_grenade_target.png
heroes/picaroon/fx/picaroon.sprite.plague_grenade_target.skel
heroes/picaroon/fx/picaroon.sprite.point_blank_shot.atlas
heroes/picaroon/fx/picaroon.sprite.point_blank_shot.png
heroes/picaroon/fx/picaroon.sprite.point_blank_shot.skel
heroes/picaroon/fx/picaroon.sprite.point_blank_shot_target.atlas
heroes/picaroon/fx/picaroon.sprite.point_blank_shot_target.png
heroes/picaroon/fx/picaroon.sprite.point_blank_shot_target.skel
heroes/picaroon/fx/picaroon.sprite.sidearm.atlas
heroes/picaroon/fx/picaroon.sprite.sidearm.png
heroes/picaroon/fx/picaroon.sprite.sidearm.skel
heroes/picaroon/fx/picaroon.sprite.smokescreen.atlas
heroes/picaroon/fx/picaroon.sprite.smokescreen.png
heroes/picaroon/fx/picaroon.sprite.smokescreen.skel
heroes/picaroon/fx/picaroon.sprite.smokescreen_target.atlas
heroes/picaroon/fx/picaroon.sprite.smokescreen_target.png
heroes/picaroon/fx/picaroon.sprite.smokescreen_target.skel
heroes/picaroon/fx/picaroon.sprite.stunning_blow_target.atlas
heroes/picaroon/fx/picaroon.sprite.stunning_blow_target.png
heroes/picaroon/fx/picaroon.sprite.stunning_blow_target.skel
heroes/picaroon/fx/picaroon.sprite.toxin_trickery.atlas
heroes/picaroon/fx/picaroon.sprite.toxin_trickery.png
heroes/picaroon/fx/picaroon.sprite.toxin_trickery.skel
heroes/picaroon/fx/picaroon.sprite.whistle.atlas
heroes/picaroon/fx/picaroon.sprite.whistle.png
heroes/picaroon/fx/picaroon.sprite.whistle.skel
heroes/picaroon/icons_equip/eqp_armour_0.png
heroes/picaroon/icons_equip/eqp_armour_1.png
heroes/picaroon/icons_equip/eqp_armour_2.png
heroes/picaroon/icons_equip/eqp_armour_3.png
heroes/picaroon/icons_equip/eqp_armour_4.png
heroes/picaroon/icons_equip/eqp_weapon_0.png
heroes/picaroon/icons_equip/eqp_weapon_1.png
heroes/picaroon/icons_equip/eqp_weapon_2.png
heroes/picaroon/icons_equip/eqp_weapon_3.png
heroes/picaroon/icons_equip/eqp_weapon_4.png
heroes/picaroon/picaroon_A/picaroon_portrait_roster.png
heroes/picaroon/picaroon_B/picaroon_portrait_roster.png
heroes/picaroon/picaroon_C/picaroon_portrait_roster.png
heroes/picaroon/picaroon_D/picaroon_portrait_roster.png
heroes/picaroon/picaroon_E/picaroon_portrait_roster.png
heroes/picaroon/picaroon_F/picaroon_portrait_roster.png
panels/icons_equip/gem/inv_gem+pica_dubloon.png
panels/icons_equip/gem/inv_gem+pica_dubloon_0.png
panels/icons_equip/gem/inv_gem+pica_dubloon_1.png
panels/icons_equip/gem/inv_gem+pica_dubloon_2.png
panels/icons_equip/gem/inv_gem+pica_dubloon_3.png
panels/icons_equip/gem/inv_gem+pica_dubloon_4.png
panels/icons_equip/trinket/inv_trinket+collector_picaroon.png
panels/icons_equip/trinket/inv_trinket+compass_pica.png
panels/icons_equip/trinket/inv_trinket+hook_pica.png
panels/icons_equip/trinket/inv_trinket+lantern_pica.png
panels/icons_equip/trinket/inv_trinket+monkey_pica.png
panels/icons_equip/trinket/inv_trinket+painting_pica.png
panels/icons_equip/trinket/inv_trinket+parrot_pica.png
panels/icons_equip/trinket/inv_trinket+piratehat_pica.png
panels/icons_equip/trinket/inv_trinket+piratemap_pica.png
panels/icons_equip/trinket/inv_trinket+spyglass_pica.png
panels/icons_equip/trinket/rarity_pica_tan.png
raid/camping/skill_icons/camp_skill_pica_1.png
raid/camping/skill_icons/camp_skill_pica_2.png
raid/camping/skill_icons/camp_skill_pica_3.png
raid/camping/skill_icons/camp_skill_pica_4.png
raid/camping/skill_icons/camp_skill_pica_5.png
raid/camping/skill_icons/camp_skill_pica_6.png
raid/camping/skill_icons/camp_skill_pica_7.png
audio/secondary_banks/hero_picaroon.bank
campaign/provision/picaroon.provision.json
campaign/town_events/picaroon.town_events.events.json
fx/town_event_first_picaroon/town_event_first_picaroon.sprite.atlas
fx/town_event_first_picaroon/town_event_first_picaroon.sprite.png
fx/town_event_first_picaroon/town_event_first_picaroon.sprite.skel
heroes/picaroon/picaroon.ability.five.png
heroes/picaroon/picaroon.ability.four.png
heroes/picaroon/picaroon.ability.one.png
heroes/picaroon/picaroon.ability.seven.png
heroes/picaroon/picaroon.ability.six.png
heroes/picaroon/picaroon.ability.three.png
heroes/picaroon/picaroon.ability.two.png
heroes/picaroon/picaroon.art.darkest
heroes/picaroon/picaroon.info.darkest
heroes/picaroon/picaroon_guild_header.png
loot/inventory/picaroon.inventory.system_configs.darkest
loot/inventory/picaroon.supply.inventory.items.darkest
raid/camping/picaroon.camping_skills.json
shared/buffs/picaroon.buffs.json
