
-------------------------------------------------------------------------------
Parsing project file - C:\Users\T\Desktop\Darkest_Dungeon_Modding\000_X_Pets_Phase2\project.xml
Mod Data Directory = C:/Users/T/Desktop/Darkest_Dungeon_Modding/000_X_Pets_Phase2/

-------------------------------------------------------------------------------
Processing Map Files files...

-------------------------------------------------------------------------------
Running Localization...
Parsing localization/PetsTrinkets.brazilian.string_table.xml
Parsing localization/PetsTrinkets.czech.string_table.xml
Parsing localization/PetsTrinkets.english.string_table.xml
Parsing localization/PetsTrinkets.englishPhase2.string_table.xml
Parsing localization/PetsTrinkets.french.string_table.xml
Parsing localization/PetsTrinkets.german.string_table.xml
Parsing localization/PetsTrinkets.italian.string_table.xml
Parsing localization/PetsTrinkets.japanese.string_table.xml
Parsing localization/PetsTrinkets.koreana.string_table.xml
Parsing localization/PetsTrinkets.koreanb.string_table.xml
Parsing localization/PetsTrinkets.polish.string_table.xml
Parsing localization/PetsTrinkets.russian.string_table.xml
Parsing localization/PetsTrinkets.schinese.string_table.xml
Parsing localization/PetsTrinkets.spanish.string_table.xml
Parsing localization/PetsTrinkets.tchinese.string_table.xml

Building Languages

+++++++++++++++++++++++++++++++++++++++++
Error german - buff_stat_tooltip_upgrade_discount_SNAK_pet_tooltip_d_x
----------
Couldn't find colour pop_text_crit_Beschädigung in {colour_start|pop_text_crit_Beschädigung}Finalschlag:{colour_end} On {colour_start|deathdoor}Die Tür des Todes:{colour_end} +20 {colour_start|notable}CRIT{colour_end} Chance
----------

+++++++++++++++++++++++++++++++++++++++++
Error german - buff_stat_tooltip_upgrade_discount_WERE_pet_tooltip_b_x
----------
Couldn't find colour pop_text_crit_Beschädigung in {colour_start|pop_text_crit_Beschädigung}Revier Markieren:{colour_end} Bei Treffer: {colour_start|mark}Mark Ziel{colour_end} (40%% Chance)(2 rds)
----------

+++++++++++++++++++++++++++++++++++++++++
Error german - buff_stat_tooltip_upgrade_discount_WARR_pet_tooltip_e_x
----------
Couldn't find colour pop_text_crit_Beschädigung in {colour_start|pop_text_crit_Beschädigung}Sonnenaufgang:{colour_end} Auf getroffen werden: Gruppe {colour_start|stress}-20 Stress{colour_end} & {colour_start|yellow}+100 Fackelschein{colour_end} (5%% Chance)
----------

+++++++++++++++++++++++++++++++++++++++++
Error german - buff_stat_tooltip_upgrade_discount_HARL_pet_tooltip_d_x
----------
Error colour_start/colour_end mismatch - too many {colour_end} in {colour_start|riposte}Jäger:{colour_end} Wenn getroffen: Aktivieren Sie colour_start|riposte}Riposte{colour_end} (1 rd)(40%% Chance)

----------
Exporting .loc files

-------------------------------------------------------------------------------
Searching for preview icon file C:/Users/T/Desktop/Darkest_Dungeon_Modding/000_X_Pets_Phase2/preview_icon.png...FOUND!
<UploadMode> - Set to direct_upload


-------------------------------------------------------------------------------
Modded files...

campaign/town/town_event/town_event.image_first_pets_event_A.png
heroes/barbarian/fx/barbarian.sprite.pet_sound_08.atlas
heroes/barbarian/fx/barbarian.sprite.pet_sound_08.png
heroes/barbarian/fx/barbarian.sprite.pet_sound_08.skel
heroes/enigma/fx/enimga.sprite.pet_sound_04.atlas
heroes/enigma/fx/enimga.sprite.pet_sound_04.png
heroes/enigma/fx/enimga.sprite.pet_sound_04.skel
heroes/harbinger/fx/harbinger.sprite.pet_sound_09.atlas
heroes/harbinger/fx/harbinger.sprite.pet_sound_09.png
heroes/harbinger/fx/harbinger.sprite.pet_sound_09.skel
heroes/harlot/fx/harlot.sprite.pet_sound_02.atlas
heroes/harlot/fx/harlot.sprite.pet_sound_02.png
heroes/harlot/fx/harlot.sprite.pet_sound_02.skel
heroes/monk/fx/monk.sprite.pet_sound_05.atlas
heroes/monk/fx/monk.sprite.pet_sound_05.png
heroes/monk/fx/monk.sprite.pet_sound_05.skel
heroes/nightsister/fx/nightsister.sprite.pet_sound_11.atlas
heroes/nightsister/fx/nightsister.sprite.pet_sound_11.png
heroes/nightsister/fx/nightsister.sprite.pet_sound_11.skel
heroes/shadow_walker/fx/shadow_walker.sprite.pet_sound_07.atlas
heroes/shadow_walker/fx/shadow_walker.sprite.pet_sound_07.png
heroes/shadow_walker/fx/shadow_walker.sprite.pet_sound_07.skel
heroes/soothsayer/fx/soothsayer.sprite.pet_sound_10.atlas
heroes/soothsayer/fx/soothsayer.sprite.pet_sound_10.png
heroes/soothsayer/fx/soothsayer.sprite.pet_sound_10.skel
heroes/spartan/fx/spartan.sprite.pet_sound_06.atlas
heroes/spartan/fx/spartan.sprite.pet_sound_06.png
heroes/spartan/fx/spartan.sprite.pet_sound_06.skel
heroes/vestal/fx/vestal.sprite.pet_sound_03.atlas
heroes/vestal/fx/vestal.sprite.pet_sound_03.png
heroes/vestal/fx/vestal.sprite.pet_sound_03.skel
heroes/warrior_of_sunlight/fx/warrior_of_sunlight.sprite.pet_sound_01.atlas
heroes/warrior_of_sunlight/fx/warrior_of_sunlight.sprite.pet_sound_01.png
heroes/warrior_of_sunlight/fx/warrior_of_sunlight.sprite.pet_sound_01.skel
monsters/brigand_pet_assistant/anim/brigand_pet_assistant.sprite.attack_burn.atlas
monsters/brigand_pet_assistant/anim/brigand_pet_assistant.sprite.attack_burn.png
monsters/brigand_pet_assistant/anim/brigand_pet_assistant.sprite.attack_burn.skel
monsters/brigand_pet_assistant/anim/brigand_pet_assistant.sprite.attack_ignite.atlas
monsters/brigand_pet_assistant/anim/brigand_pet_assistant.sprite.attack_ignite.png
monsters/brigand_pet_assistant/anim/brigand_pet_assistant.sprite.attack_ignite.skel
monsters/brigand_pet_assistant/anim/brigand_pet_assistant.sprite.combat.atlas
monsters/brigand_pet_assistant/anim/brigand_pet_assistant.sprite.combat.png
monsters/brigand_pet_assistant/anim/brigand_pet_assistant.sprite.combat.skel
monsters/brigand_pet_assistant/anim/brigand_pet_assistant.sprite.defend.atlas
monsters/brigand_pet_assistant/anim/brigand_pet_assistant.sprite.defend.png
monsters/brigand_pet_assistant/anim/brigand_pet_assistant.sprite.defend.skel
monsters/brigand_pet_assistant/brigand_pet_assistant_A/brigand_pet_assistant_A.art.darkest
monsters/brigand_pet_assistant/brigand_pet_assistant_A/brigand_pet_assistant_A.info.darkest
monsters/brigand_pet_assistant/brigand_pet_assistant_A/tint.png
monsters/brigand_pet_assistant/brigand_pet_assistant_B/brigand_pet_assistant_B.art.darkest
monsters/brigand_pet_assistant/brigand_pet_assistant_B/brigand_pet_assistant_B.info.darkest
monsters/brigand_pet_assistant/brigand_pet_assistant_B/tint.png
monsters/brigand_pet_assistant/brigand_pet_assistant_C/brigand_pet_assistant_C.art.darkest
monsters/brigand_pet_assistant/brigand_pet_assistant_C/brigand_pet_assistant_C.info.darkest
monsters/brigand_pet_assistant/brigand_pet_assistant_C/tint.png
monsters/brigand_pet_assistant/brigand_pet_assistant_D/brigand_pet_assistant_D.art.darkest
monsters/brigand_pet_assistant/brigand_pet_assistant_D/brigand_pet_assistant_D.info.darkest
monsters/brigand_pet_assistant/brigand_pet_assistant_D/tint.png
monsters/brigand_pet_assistant/brigand_pet_assistant_E/brigand_pet_assistant_E.art.darkest
monsters/brigand_pet_assistant/brigand_pet_assistant_E/brigand_pet_assistant_E.info.darkest
monsters/brigand_pet_assistant/brigand_pet_assistant_E/tint.png
monsters/brigand_pet_assistant/fx/brigand_pet_assistant.sprite.glowblue.atlas
monsters/brigand_pet_assistant/fx/brigand_pet_assistant.sprite.glowblue.png
monsters/brigand_pet_assistant/fx/brigand_pet_assistant.sprite.glowblue.skel
monsters/brigand_pet_assistant/fx/brigand_pet_assistant.sprite.hot_shot.atlas
monsters/brigand_pet_assistant/fx/brigand_pet_assistant.sprite.hot_shot.png
monsters/brigand_pet_assistant/fx/brigand_pet_assistant.sprite.hot_shot.skel
monsters/brigand_pet_assistant/fx/brigand_pet_assistant.sprite.light_fuse.atlas
monsters/brigand_pet_assistant/fx/brigand_pet_assistant.sprite.light_fuse.png
monsters/brigand_pet_assistant/fx/brigand_pet_assistant.sprite.light_fuse.skel
monsters/brigand_pet_assistant/fx/brigand_pet_assistant.sprite.light_fuse_target.atlas
monsters/brigand_pet_assistant/fx/brigand_pet_assistant.sprite.light_fuse_target.png
monsters/brigand_pet_assistant/fx/brigand_pet_assistant.sprite.light_fuse_target.skel
monsters/brigand_pet_assistant/fx/brigand_pet_assistant.sprite.stabbystabby.atlas
monsters/brigand_pet_assistant/fx/brigand_pet_assistant.sprite.stabbystabby.png
monsters/brigand_pet_assistant/fx/brigand_pet_assistant.sprite.stabbystabby.skel
monsters/brigand_pet_assistant/fx/brigand_pet_assistant.sprite.swoosh.atlas
monsters/brigand_pet_assistant/fx/brigand_pet_assistant.sprite.swoosh.png
monsters/brigand_pet_assistant/fx/brigand_pet_assistant.sprite.swoosh.skel
monsters/brigand_pet_assistant/fx/brigand_pet_assistant.sprite.teleport.atlas
monsters/brigand_pet_assistant/fx/brigand_pet_assistant.sprite.teleport.png
monsters/brigand_pet_assistant/fx/brigand_pet_assistant.sprite.teleport.skel
monsters/brigand_pet_catcher/anim/brigand_pet_catcher.sprite.attack_cage.atlas
monsters/brigand_pet_catcher/anim/brigand_pet_catcher.sprite.attack_cage.png
monsters/brigand_pet_catcher/anim/brigand_pet_catcher.sprite.attack_cage.skel
monsters/brigand_pet_catcher/anim/brigand_pet_catcher.sprite.attack_catchpole.atlas
monsters/brigand_pet_catcher/anim/brigand_pet_catcher.sprite.attack_catchpole.png
monsters/brigand_pet_catcher/anim/brigand_pet_catcher.sprite.attack_catchpole.skel
monsters/brigand_pet_catcher/anim/brigand_pet_catcher.sprite.attack_lunge.atlas
monsters/brigand_pet_catcher/anim/brigand_pet_catcher.sprite.attack_lunge.png
monsters/brigand_pet_catcher/anim/brigand_pet_catcher.sprite.attack_lunge.skel
monsters/brigand_pet_catcher/anim/brigand_pet_catcher.sprite.attack_uppercut.atlas
monsters/brigand_pet_catcher/anim/brigand_pet_catcher.sprite.attack_uppercut.png
monsters/brigand_pet_catcher/anim/brigand_pet_catcher.sprite.attack_uppercut.skel
monsters/brigand_pet_catcher/anim/brigand_pet_catcher.sprite.combat.atlas
monsters/brigand_pet_catcher/anim/brigand_pet_catcher.sprite.combat.png
monsters/brigand_pet_catcher/anim/brigand_pet_catcher.sprite.combat.skel
monsters/brigand_pet_catcher/anim/brigand_pet_catcher.sprite.dead.atlas
monsters/brigand_pet_catcher/anim/brigand_pet_catcher.sprite.dead.png
monsters/brigand_pet_catcher/anim/brigand_pet_catcher.sprite.dead.skel
monsters/brigand_pet_catcher/anim/brigand_pet_catcher.sprite.defend.atlas
monsters/brigand_pet_catcher/anim/brigand_pet_catcher.sprite.defend.png
monsters/brigand_pet_catcher/anim/brigand_pet_catcher.sprite.defend.skel
monsters/brigand_pet_catcher/brigand_pet_catcher_A/brigand_pet_catcher_A.art.darkest
monsters/brigand_pet_catcher/brigand_pet_catcher_A/brigand_pet_catcher_A.info.darkest
monsters/brigand_pet_catcher/brigand_pet_catcher_A/tint.png
monsters/brigand_pet_catcher/brigand_pet_catcher_B/brigand_pet_catcher_B.art.darkest
monsters/brigand_pet_catcher/brigand_pet_catcher_B/brigand_pet_catcher_B.info.darkest
monsters/brigand_pet_catcher/brigand_pet_catcher_B/tint.png
monsters/brigand_pet_catcher/brigand_pet_catcher_C/brigand_pet_catcher_C.art.darkest
monsters/brigand_pet_catcher/brigand_pet_catcher_C/brigand_pet_catcher_C.info.darkest
monsters/brigand_pet_catcher/brigand_pet_catcher_C/tint.png
monsters/brigand_pet_catcher/brigand_pet_catcher_D/brigand_pet_catcher_D.art.darkest
monsters/brigand_pet_catcher/brigand_pet_catcher_D/brigand_pet_catcher_D.info.darkest
monsters/brigand_pet_catcher/brigand_pet_catcher_D/tint.png
monsters/brigand_pet_catcher/brigand_pet_catcher_E/brigand_pet_catcher_E.art.darkest
monsters/brigand_pet_catcher/brigand_pet_catcher_E/brigand_pet_catcher_E.info.darkest
monsters/brigand_pet_catcher/brigand_pet_catcher_E/tint.png
monsters/brigand_pet_catcher/brigand_pet_catcher_F/brigand_pet_catcher_F.art.darkest
monsters/brigand_pet_catcher/brigand_pet_catcher_F/brigand_pet_catcher_F.info.darkest
monsters/brigand_pet_catcher/brigand_pet_catcher_F/tint.png
monsters/brigand_pet_catcher/brigand_pet_catcher_G/brigand_pet_catcher_G.art.darkest
monsters/brigand_pet_catcher/brigand_pet_catcher_G/brigand_pet_catcher_G.info.darkest
monsters/brigand_pet_catcher/brigand_pet_catcher_G/tint.png
monsters/brigand_pet_catcher/brigand_pet_catcher_H/brigand_pet_catcher_H.art.darkest
monsters/brigand_pet_catcher/brigand_pet_catcher_H/brigand_pet_catcher_H.info.darkest
monsters/brigand_pet_catcher/brigand_pet_catcher_H/tint.png
monsters/brigand_pet_catcher/brigand_pet_catcher_I/brigand_pet_catcher_I.art.darkest
monsters/brigand_pet_catcher/brigand_pet_catcher_I/brigand_pet_catcher_I.info.darkest
monsters/brigand_pet_catcher/brigand_pet_catcher_I/tint.png
monsters/brigand_pet_catcher/brigand_pet_catcher_J/brigand_pet_catcher_J.art.darkest
monsters/brigand_pet_catcher/brigand_pet_catcher_J/brigand_pet_catcher_J.info.darkest
monsters/brigand_pet_catcher/brigand_pet_catcher_J/tint.png
monsters/brigand_pet_catcher/brigand_pet_catcher_K/brigand_pet_catcher_K.art.darkest
monsters/brigand_pet_catcher/brigand_pet_catcher_K/brigand_pet_catcher_K.info.darkest
monsters/brigand_pet_catcher/brigand_pet_catcher_K/tint.png
monsters/brigand_pet_catcher/brigand_pet_catcher_L/brigand_pet_catcher_L.art.darkest
monsters/brigand_pet_catcher/brigand_pet_catcher_L/brigand_pet_catcher_L.info.darkest
monsters/brigand_pet_catcher/brigand_pet_catcher_L/tint.png
monsters/brigand_pet_catcher/brigand_pet_catcher_M/brigand_pet_catcher_M.art.darkest
monsters/brigand_pet_catcher/brigand_pet_catcher_M/brigand_pet_catcher_M.info.darkest
monsters/brigand_pet_catcher/brigand_pet_catcher_M/tint.png
monsters/brigand_pet_catcher/brigand_pet_catcher_N/brigand_pet_catcher_N.art.darkest
monsters/brigand_pet_catcher/brigand_pet_catcher_N/brigand_pet_catcher_N.info.darkest
monsters/brigand_pet_catcher/brigand_pet_catcher_N/tint.png
monsters/brigand_pet_catcher/brigand_pet_catcher_O/brigand_pet_catcher_O.art.darkest
monsters/brigand_pet_catcher/brigand_pet_catcher_O/brigand_pet_catcher_O.info.darkest
monsters/brigand_pet_catcher/brigand_pet_catcher_O/tint.png
monsters/brigand_pet_catcher/fx/brigand_pet_catcher.sprite.attack_cage2.atlas
monsters/brigand_pet_catcher/fx/brigand_pet_catcher.sprite.attack_cage2.png
monsters/brigand_pet_catcher/fx/brigand_pet_catcher.sprite.attack_cage2.skel
monsters/brigand_pet_catcher/fx/brigand_pet_catcher.sprite.bandit_stabby.atlas
monsters/brigand_pet_catcher/fx/brigand_pet_catcher.sprite.bandit_stabby.png
monsters/brigand_pet_catcher/fx/brigand_pet_catcher.sprite.bandit_stabby.skel
monsters/brigand_pet_catcher/fx/brigand_pet_catcher.sprite.cagestress.atlas
monsters/brigand_pet_catcher/fx/brigand_pet_catcher.sprite.cagestress.png
monsters/brigand_pet_catcher/fx/brigand_pet_catcher.sprite.cagestress.skel
monsters/brigand_pet_catcher/fx/brigand_pet_catcher.sprite.double_slice.atlas
monsters/brigand_pet_catcher/fx/brigand_pet_catcher.sprite.double_slice.png
monsters/brigand_pet_catcher/fx/brigand_pet_catcher.sprite.double_slice.skel
monsters/brigand_pet_catcher/fx/brigand_pet_catcher.sprite.fwoosh.atlas
monsters/brigand_pet_catcher/fx/brigand_pet_catcher.sprite.fwoosh.png
monsters/brigand_pet_catcher/fx/brigand_pet_catcher.sprite.fwoosh.skel
monsters/brigand_pet_catcher/fx/brigand_pet_catcher.sprite.pierce.atlas
monsters/brigand_pet_catcher/fx/brigand_pet_catcher.sprite.pierce.png
monsters/brigand_pet_catcher/fx/brigand_pet_catcher.sprite.pierce.skel
monsters/brigand_pet_catcher/fx/brigand_pet_catcher.sprite.transform.atlas
monsters/brigand_pet_catcher/fx/brigand_pet_catcher.sprite.transform.png
monsters/brigand_pet_catcher/fx/brigand_pet_catcher.sprite.transform.skel
monsters/brigand_pet_catcher/fx/brigand_pet_catcher.sprite.uppercut_slice.atlas
monsters/brigand_pet_catcher/fx/brigand_pet_catcher.sprite.uppercut_slice.png
monsters/brigand_pet_catcher/fx/brigand_pet_catcher.sprite.uppercut_slice.skel
monsters/petsskeleton_common/anim/petsskeleton_common.sprite.attack_melee.atlas
monsters/petsskeleton_common/anim/petsskeleton_common.sprite.attack_melee.png
monsters/petsskeleton_common/anim/petsskeleton_common.sprite.attack_melee.skel
monsters/petsskeleton_common/anim/petsskeleton_common.sprite.combat.atlas
monsters/petsskeleton_common/anim/petsskeleton_common.sprite.combat.png
monsters/petsskeleton_common/anim/petsskeleton_common.sprite.combat.skel
monsters/petsskeleton_common/anim/petsskeleton_common.sprite.dead.atlas
monsters/petsskeleton_common/anim/petsskeleton_common.sprite.dead.png
monsters/petsskeleton_common/anim/petsskeleton_common.sprite.dead.skel
monsters/petsskeleton_common/anim/petsskeleton_common.sprite.defend.atlas
monsters/petsskeleton_common/anim/petsskeleton_common.sprite.defend.png
monsters/petsskeleton_common/anim/petsskeleton_common.sprite.defend.skel
monsters/petsskeleton_common/fx/petsskeleton_common.sprite.cudgel.atlas
monsters/petsskeleton_common/fx/petsskeleton_common.sprite.cudgel.png
monsters/petsskeleton_common/fx/petsskeleton_common.sprite.cudgel.skel
monsters/petsskeleton_common/petsskeleton_common_B/petsskeleton_common_B.art.darkest
monsters/petsskeleton_common/petsskeleton_common_B/petsskeleton_common_B.info.darkest
monsters/petsskeleton_common/petsskeleton_common_B/tint.png
monsters/trained_carrion_eater_big/anim/trained_carrion_eater_big.sprite.attack_melee.atlas
monsters/trained_carrion_eater_big/anim/trained_carrion_eater_big.sprite.attack_melee.png
monsters/trained_carrion_eater_big/anim/trained_carrion_eater_big.sprite.attack_melee.skel
monsters/trained_carrion_eater_big/anim/trained_carrion_eater_big.sprite.attack_summon.atlas
monsters/trained_carrion_eater_big/anim/trained_carrion_eater_big.sprite.attack_summon.png
monsters/trained_carrion_eater_big/anim/trained_carrion_eater_big.sprite.attack_summon.skel
monsters/trained_carrion_eater_big/anim/trained_carrion_eater_big.sprite.combat.atlas
monsters/trained_carrion_eater_big/anim/trained_carrion_eater_big.sprite.combat.png
monsters/trained_carrion_eater_big/anim/trained_carrion_eater_big.sprite.combat.skel
monsters/trained_carrion_eater_big/anim/trained_carrion_eater_big.sprite.dead.atlas
monsters/trained_carrion_eater_big/anim/trained_carrion_eater_big.sprite.dead.png
monsters/trained_carrion_eater_big/anim/trained_carrion_eater_big.sprite.dead.skel
monsters/trained_carrion_eater_big/anim/trained_carrion_eater_big.sprite.defend.atlas
monsters/trained_carrion_eater_big/anim/trained_carrion_eater_big.sprite.defend.png
monsters/trained_carrion_eater_big/anim/trained_carrion_eater_big.sprite.defend.skel
monsters/trained_carrion_eater_big/fx/trained_carrion_eater_big.sprite.bite_target.atlas
monsters/trained_carrion_eater_big/fx/trained_carrion_eater_big.sprite.bite_target.png
monsters/trained_carrion_eater_big/fx/trained_carrion_eater_big.sprite.bite_target.skel
monsters/trained_carrion_eater_big/fx/trained_carrion_eater_big.sprite.consume_self_target.atlas
monsters/trained_carrion_eater_big/fx/trained_carrion_eater_big.sprite.consume_self_target.png
monsters/trained_carrion_eater_big/fx/trained_carrion_eater_big.sprite.consume_self_target.skel
monsters/trained_carrion_eater_big/fx/trained_carrion_eater_big.sprite.slime_target.atlas
monsters/trained_carrion_eater_big/fx/trained_carrion_eater_big.sprite.slime_target.png
monsters/trained_carrion_eater_big/fx/trained_carrion_eater_big.sprite.slime_target.skel
monsters/trained_carrion_eater_big/trained_carrion_eater_big_A/tint.png
monsters/trained_carrion_eater_big/trained_carrion_eater_big_A/trained_carrion_eater_big_A.art.darkest
monsters/trained_carrion_eater_big/trained_carrion_eater_big_A/trained_carrion_eater_big_A.info.darkest
monsters/trained_carrion_eater_big/trained_carrion_eater_big_B/tint.png
monsters/trained_carrion_eater_big/trained_carrion_eater_big_B/trained_carrion_eater_big_B.art.darkest
monsters/trained_carrion_eater_big/trained_carrion_eater_big_B/trained_carrion_eater_big_B.info.darkest
monsters/trained_carrion_eater_big/trained_carrion_eater_big_C/tint.png
monsters/trained_carrion_eater_big/trained_carrion_eater_big_C/trained_carrion_eater_big_C.art.darkest
monsters/trained_carrion_eater_big/trained_carrion_eater_big_C/trained_carrion_eater_big_C.info.darkest
monsters/trained_carrion_eater_big/trained_carrion_eater_big_D/tint.png
monsters/trained_carrion_eater_big/trained_carrion_eater_big_D/trained_carrion_eater_big_D.art.darkest
monsters/trained_carrion_eater_big/trained_carrion_eater_big_D/trained_carrion_eater_big_D.info.darkest
monsters/trained_carrion_eater_big/trained_carrion_eater_big_E/tint.png
monsters/trained_carrion_eater_big/trained_carrion_eater_big_E/trained_carrion_eater_big_E.art.darkest
monsters/trained_carrion_eater_big/trained_carrion_eater_big_E/trained_carrion_eater_big_E.info.darkest
monsters/trained_dog/anim/trained_dog.sprite.attack_howl.atlas
monsters/trained_dog/anim/trained_dog.sprite.attack_howl.png
monsters/trained_dog/anim/trained_dog.sprite.attack_howl.skel
monsters/trained_dog/anim/trained_dog.sprite.attack_melee.atlas
monsters/trained_dog/anim/trained_dog.sprite.attack_melee.png
monsters/trained_dog/anim/trained_dog.sprite.attack_melee.skel
monsters/trained_dog/anim/trained_dog.sprite.combat.atlas
monsters/trained_dog/anim/trained_dog.sprite.combat.png
monsters/trained_dog/anim/trained_dog.sprite.combat.skel
monsters/trained_dog/anim/trained_dog.sprite.defend.atlas
monsters/trained_dog/anim/trained_dog.sprite.defend.png
monsters/trained_dog/anim/trained_dog.sprite.defend.skel
monsters/trained_dog/fx/trained_dog.sprite.guard_dog.atlas
monsters/trained_dog/fx/trained_dog.sprite.guard_dog.png
monsters/trained_dog/fx/trained_dog.sprite.guard_dog.skel
monsters/trained_dog/fx/trained_dog.sprite.hounds_harry.atlas
monsters/trained_dog/fx/trained_dog.sprite.hounds_harry.png
monsters/trained_dog/fx/trained_dog.sprite.hounds_harry.skel
monsters/trained_dog/fx/trained_dog.sprite.hounds_rush.atlas
monsters/trained_dog/fx/trained_dog.sprite.hounds_rush.png
monsters/trained_dog/fx/trained_dog.sprite.hounds_rush.skel
monsters/trained_dog/fx/trained_dog.sprite.rabid_rush.atlas
monsters/trained_dog/fx/trained_dog.sprite.rabid_rush.png
monsters/trained_dog/fx/trained_dog.sprite.rabid_rush.skel
monsters/trained_dog/trained_dog_A/tint.png
monsters/trained_dog/trained_dog_A/trained_dog_A.art.darkest
monsters/trained_dog/trained_dog_A/trained_dog_A.info.darkest
monsters/trained_dog/trained_dog_B/tint.png
monsters/trained_dog/trained_dog_B/trained_dog_B.art.darkest
monsters/trained_dog/trained_dog_B/trained_dog_B.info.darkest
monsters/trained_dog/trained_dog_C/tint.png
monsters/trained_dog/trained_dog_C/trained_dog_C.art.darkest
monsters/trained_dog/trained_dog_C/trained_dog_C.info.darkest
monsters/trained_dog/trained_dog_D/tint.png
monsters/trained_dog/trained_dog_D/trained_dog_D.art.darkest
monsters/trained_dog/trained_dog_D/trained_dog_D.info.darkest
monsters/trained_dog/trained_dog_E/tint.png
monsters/trained_dog/trained_dog_E/trained_dog_E.art.darkest
monsters/trained_dog/trained_dog_E/trained_dog_E.info.darkest
monsters/trained_fishman_crabby/anim/trained_fishman_crabby.sprite.attack_pinch.atlas
monsters/trained_fishman_crabby/anim/trained_fishman_crabby.sprite.attack_pinch.png
monsters/trained_fishman_crabby/anim/trained_fishman_crabby.sprite.attack_pinch.skel
monsters/trained_fishman_crabby/anim/trained_fishman_crabby.sprite.attack_smack.atlas
monsters/trained_fishman_crabby/anim/trained_fishman_crabby.sprite.attack_smack.png
monsters/trained_fishman_crabby/anim/trained_fishman_crabby.sprite.attack_smack.skel
monsters/trained_fishman_crabby/anim/trained_fishman_crabby.sprite.combat.atlas
monsters/trained_fishman_crabby/anim/trained_fishman_crabby.sprite.combat.png
monsters/trained_fishman_crabby/anim/trained_fishman_crabby.sprite.combat.skel
monsters/trained_fishman_crabby/anim/trained_fishman_crabby.sprite.dead.atlas
monsters/trained_fishman_crabby/anim/trained_fishman_crabby.sprite.dead.png
monsters/trained_fishman_crabby/anim/trained_fishman_crabby.sprite.dead.skel
monsters/trained_fishman_crabby/anim/trained_fishman_crabby.sprite.defend.atlas
monsters/trained_fishman_crabby/anim/trained_fishman_crabby.sprite.defend.png
monsters/trained_fishman_crabby/anim/trained_fishman_crabby.sprite.defend.skel
monsters/trained_fishman_crabby/fx/trained_fishman_crabby.sprite.call_of_the_deep_target.atlas
monsters/trained_fishman_crabby/fx/trained_fishman_crabby.sprite.call_of_the_deep_target.png
monsters/trained_fishman_crabby/fx/trained_fishman_crabby.sprite.call_of_the_deep_target.skel
monsters/trained_fishman_crabby/fx/trained_fishman_crabby.sprite.pincer_smack.atlas
monsters/trained_fishman_crabby/fx/trained_fishman_crabby.sprite.pincer_smack.png
monsters/trained_fishman_crabby/fx/trained_fishman_crabby.sprite.pincer_smack.skel
monsters/trained_fishman_crabby/fx/trained_fishman_crabby.sprite.pincer_smack_target.atlas
monsters/trained_fishman_crabby/fx/trained_fishman_crabby.sprite.pincer_smack_target.png
monsters/trained_fishman_crabby/fx/trained_fishman_crabby.sprite.pincer_smack_target.skel
monsters/trained_fishman_crabby/fx/trained_fishman_crabby.sprite.pinch.atlas
monsters/trained_fishman_crabby/fx/trained_fishman_crabby.sprite.pinch.png
monsters/trained_fishman_crabby/fx/trained_fishman_crabby.sprite.pinch.skel
monsters/trained_fishman_crabby/trained_fishman_crabby_A/tint.png
monsters/trained_fishman_crabby/trained_fishman_crabby_A/trained_fishman_crabby_A.art.darkest
monsters/trained_fishman_crabby/trained_fishman_crabby_A/trained_fishman_crabby_A.info.darkest
monsters/trained_fishman_crabby/trained_fishman_crabby_B/tint.png
monsters/trained_fishman_crabby/trained_fishman_crabby_B/trained_fishman_crabby_B.art.darkest
monsters/trained_fishman_crabby/trained_fishman_crabby_B/trained_fishman_crabby_B.info.darkest
monsters/trained_fishman_crabby/trained_fishman_crabby_C/tint.png
monsters/trained_fishman_crabby/trained_fishman_crabby_C/trained_fishman_crabby_C.art.darkest
monsters/trained_fishman_crabby/trained_fishman_crabby_C/trained_fishman_crabby_C.info.darkest
monsters/trained_fishman_crabby/trained_fishman_crabby_D/tint.png
monsters/trained_fishman_crabby/trained_fishman_crabby_D/trained_fishman_crabby_D.art.darkest
monsters/trained_fishman_crabby/trained_fishman_crabby_D/trained_fishman_crabby_D.info.darkest
monsters/trained_fishman_crabby/trained_fishman_crabby_E/tint.png
monsters/trained_fishman_crabby/trained_fishman_crabby_E/trained_fishman_crabby_E.art.darkest
monsters/trained_fishman_crabby/trained_fishman_crabby_E/trained_fishman_crabby_E.info.darkest
panels/icons_equip/supply/inv_supply+crab_meat.png
panels/icons_equip/trinket/inv_trinket+SoulPets1.png
panels/icons_equip/trinket/inv_trinket+SoulPets10.png
panels/icons_equip/trinket/inv_trinket+SoulPets11.png
panels/icons_equip/trinket/inv_trinket+SoulPets12.png
panels/icons_equip/trinket/inv_trinket+SoulPets13.png
panels/icons_equip/trinket/inv_trinket+SoulPets14.png
panels/icons_equip/trinket/inv_trinket+SoulPets15.png
panels/icons_equip/trinket/inv_trinket+SoulPets16.png
panels/icons_equip/trinket/inv_trinket+SoulPets17.png
panels/icons_equip/trinket/inv_trinket+SoulPets18.png
panels/icons_equip/trinket/inv_trinket+SoulPets19.png
panels/icons_equip/trinket/inv_trinket+SoulPets2.png
panels/icons_equip/trinket/inv_trinket+SoulPets20.png
panels/icons_equip/trinket/inv_trinket+SoulPets21.png
panels/icons_equip/trinket/inv_trinket+SoulPets22.png
panels/icons_equip/trinket/inv_trinket+SoulPets23.png
panels/icons_equip/trinket/inv_trinket+SoulPets24.png
panels/icons_equip/trinket/inv_trinket+SoulPets25.png
panels/icons_equip/trinket/inv_trinket+SoulPets26.png
panels/icons_equip/trinket/inv_trinket+SoulPets27.png
panels/icons_equip/trinket/inv_trinket+SoulPets28.png
panels/icons_equip/trinket/inv_trinket+SoulPets29.png
panels/icons_equip/trinket/inv_trinket+SoulPets3.png
panels/icons_equip/trinket/inv_trinket+SoulPets30.png
panels/icons_equip/trinket/inv_trinket+SoulPets31.png
panels/icons_equip/trinket/inv_trinket+SoulPets32.png
panels/icons_equip/trinket/inv_trinket+SoulPets33.png
panels/icons_equip/trinket/inv_trinket+SoulPets34.png
panels/icons_equip/trinket/inv_trinket+SoulPets35.png
panels/icons_equip/trinket/inv_trinket+SoulPets36.png
panels/icons_equip/trinket/inv_trinket+SoulPets37.png
panels/icons_equip/trinket/inv_trinket+SoulPets38.png
panels/icons_equip/trinket/inv_trinket+SoulPets39.png
panels/icons_equip/trinket/inv_trinket+SoulPets4.png
panels/icons_equip/trinket/inv_trinket+SoulPets40.png
panels/icons_equip/trinket/inv_trinket+SoulPets41.png
panels/icons_equip/trinket/inv_trinket+SoulPets42.png
panels/icons_equip/trinket/inv_trinket+SoulPets43.png
panels/icons_equip/trinket/inv_trinket+SoulPets44.png
panels/icons_equip/trinket/inv_trinket+SoulPets45.png
panels/icons_equip/trinket/inv_trinket+SoulPets46.png
panels/icons_equip/trinket/inv_trinket+SoulPets47.png
panels/icons_equip/trinket/inv_trinket+SoulPets48.png
panels/icons_equip/trinket/inv_trinket+SoulPets49.png
panels/icons_equip/trinket/inv_trinket+SoulPets5.png
panels/icons_equip/trinket/inv_trinket+SoulPets50.png
panels/icons_equip/trinket/inv_trinket+SoulPets51.png
panels/icons_equip/trinket/inv_trinket+SoulPets52.png
panels/icons_equip/trinket/inv_trinket+SoulPets6.png
panels/icons_equip/trinket/inv_trinket+SoulPets7.png
panels/icons_equip/trinket/inv_trinket+SoulPets8.png
panels/icons_equip/trinket/inv_trinket+SoulPets9.png
panels/icons_equip/trinket/inv_trinket+SoulPetsFood1.png
panels/icons_equip/trinket/inv_trinket+SoulPetsFood2.png
panels/icons_equip/trinket/inv_trinket+SoulPetsFood3.png
panels/icons_equip/trinket/rarity_pet_a.png
panels/icons_equip/trinket/rarity_pet_b.png
panels/icons_equip/trinket/rarity_pet_c.png
panels/icons_equip/trinket/rarity_pet_e.png
panels/icons_equip/trinket/rarity_pet_f.png
audio/secondary_banks/brigand_pet_assistant.bank
audio/secondary_banks/brigand_pet_catcher.bank
audio/secondary_banks/petsskeleton_common.bank
audio/secondary_banks/trained_carrion_eater_big.bank
audio/secondary_banks/trained_dog.bank
audio/secondary_banks/trained_fishman_crabby.bank
campaign/quest/pets_quest.plot_quests.json
campaign/quest/pets_quest.types.json
campaign/town_events/pets.town_events.events.json
dungeons/cove/pets.cove.1.mash.darkest
dungeons/cove/pets.cove.2.mash.darkest
dungeons/cove/pets.cove.3.mash.darkest
dungeons/cove/pets.cove.4.mash.darkest
dungeons/cove/pets.cove.5.mash.darkest
dungeons/cove/pets.cove.conditional.2.mash.darkest
dungeons/cove/pets.cove.conditional.3.mash.darkest
dungeons/cove/pets.cove.conditional.4.mash.darkest
dungeons/cove/pets.cove.conditional.5.mash.darkest
dungeons/cove/pets_custom.cove.1.mash.darkest
dungeons/cove/pets_custom.cove.3.mash.darkest
dungeons/cove/pets_custom.cove.5.mash.darkest
dungeons/warrens/pets.warrens.1.mash.darkest
dungeons/warrens/pets.warrens.2.mash.darkest
dungeons/warrens/pets.warrens.3.mash.darkest
dungeons/warrens/pets.warrens.4.mash.darkest
dungeons/warrens/pets.warrens.5.mash.darkest
dungeons/warrens/pets.warrens.conditional.2.mash.darkest
dungeons/warrens/pets.warrens.conditional.3.mash.darkest
dungeons/warrens/pets.warrens.conditional.4.mash.darkest
dungeons/warrens/pets.warrens.conditional.5.mash.darkest
dungeons/warrens/pets_custom.warrens.1.mash.darkest
dungeons/warrens/pets_custom.warrens.3.mash.darkest
dungeons/warrens/pets_custom.warrens.5.mash.darkest
dungeons/weald/pets.weald.1.mash.darkest
dungeons/weald/pets.weald.2.mash.darkest
dungeons/weald/pets.weald.3.mash.darkest
dungeons/weald/pets.weald.4.mash.darkest
dungeons/weald/pets.weald.5.mash.darkest
dungeons/weald/pets.weald.conditional.2.mash.darkest
dungeons/weald/pets.weald.conditional.3.mash.darkest
dungeons/weald/pets.weald.conditional.4.mash.darkest
dungeons/weald/pets.weald.conditional.5.mash.darkest
dungeons/weald/pets_custom.weald.1.mash.darkest
dungeons/weald/pets_custom.weald.3.mash.darkest
dungeons/weald/pets_custom.weald.5.mash.darkest
fx/crab_meat/crab_meat.sprite.atlas
fx/crab_meat/crab_meat.sprite.png
fx/crab_meat/crab_meat.sprite.skel
fx/pet_escape/pet_escape.sprite.atlas
fx/pet_escape/pet_escape.sprite.png
fx/pet_escape/pet_escape.sprite.skel
raid/ai/pets.monster_brains.json
shared/buffs/PetsQuirks.buffs.json
shared/buffs/PetsTrinkets_Dem.buffs.json
shared/buffs/PetsTrinkets_DemPhase2.buffs.json
shared/buffs/PetsTrinkets_NOT.buffs.json
shared/quirk/pets.quirk_library.json
audio/brigand_pet_catcher.campaign.guid_overrides.json
audio/brigrand_pet_assistant.campaign.guid_overrides.json
audio/pets.campaign.load_order.json
audio/petsskeleton_common.campaign.guid_overrides.json
audio/trained_carrion_eater_big.campaign.guid_overrides.json
audio/trained_dog.campaign.guid_overrides.json
