
-------------------------------------------------------------------------------
Parsing project file - C:\MOD\Grove tender\project.xml
Mod Data Directory = C:/MOD/Grove tender/

-------------------------------------------------------------------------------
Processing Map Files files...

-------------------------------------------------------------------------------
Running Localization...
Parsing localization/grove_tender_english.string_table.xml
Parsing localization/grove_tender_koreana.string_table.xml
Parsing localization/grove_tender_koreanb.string_table.xml
Parsing localization/grove_tender_russian.string_table.xml

Building Languages
Exporting .loc files

-------------------------------------------------------------------------------
Searching for preview icon file C:/MOD/Grove tender/preview_icon.png...FOUND!
<UploadMode> - Set to direct_upload


-------------------------------------------------------------------------------
Modded files...

heroes/grove_tender/grove_tender_A/anim/grove_tender.sprite.afflicted.png
heroes/grove_tender/grove_tender_A/anim/grove_tender.sprite.attack_blight.png
heroes/grove_tender/grove_tender_A/anim/grove_tender.sprite.attack_elixir.png
heroes/grove_tender/grove_tender_A/anim/grove_tender.sprite.attack_melee.png
heroes/grove_tender/grove_tender_A/anim/grove_tender.sprite.attack_ranged.png
heroes/grove_tender/grove_tender_A/anim/grove_tender.sprite.attack_upsie.png
heroes/grove_tender/grove_tender_A/anim/grove_tender.sprite.camp.png
heroes/grove_tender/grove_tender_A/anim/grove_tender.sprite.combat.png
heroes/grove_tender/grove_tender_A/anim/grove_tender.sprite.defend.png
heroes/grove_tender/grove_tender_A/anim/grove_tender.sprite.heroic.png
heroes/grove_tender/grove_tender_A/anim/grove_tender.sprite.idle.png
heroes/grove_tender/grove_tender_A/anim/grove_tender.sprite.investigate.png
heroes/grove_tender/grove_tender_A/anim/grove_tender.sprite.walk.png
heroes/grove_tender/grove_tender_B/anim/grove_tender.sprite.afflicted.png
heroes/grove_tender/grove_tender_B/anim/grove_tender.sprite.attack_blight.png
heroes/grove_tender/grove_tender_B/anim/grove_tender.sprite.attack_elixir.png
heroes/grove_tender/grove_tender_B/anim/grove_tender.sprite.attack_melee.png
heroes/grove_tender/grove_tender_B/anim/grove_tender.sprite.attack_ranged.png
heroes/grove_tender/grove_tender_B/anim/grove_tender.sprite.attack_upsie.png
heroes/grove_tender/grove_tender_B/anim/grove_tender.sprite.camp.png
heroes/grove_tender/grove_tender_B/anim/grove_tender.sprite.combat.png
heroes/grove_tender/grove_tender_B/anim/grove_tender.sprite.defend.png
heroes/grove_tender/grove_tender_B/anim/grove_tender.sprite.heroic.png
heroes/grove_tender/grove_tender_B/anim/grove_tender.sprite.idle.png
heroes/grove_tender/grove_tender_B/anim/grove_tender.sprite.investigate.png
heroes/grove_tender/grove_tender_B/anim/grove_tender.sprite.walk.png
heroes/grove_tender/grove_tender_C/anim/grove_tender.sprite.afflicted.png
heroes/grove_tender/grove_tender_C/anim/grove_tender.sprite.attack_blight.png
heroes/grove_tender/grove_tender_C/anim/grove_tender.sprite.attack_elixir.png
heroes/grove_tender/grove_tender_C/anim/grove_tender.sprite.attack_melee.png
heroes/grove_tender/grove_tender_C/anim/grove_tender.sprite.attack_ranged.png
heroes/grove_tender/grove_tender_C/anim/grove_tender.sprite.attack_upsie.png
heroes/grove_tender/grove_tender_C/anim/grove_tender.sprite.camp.png
heroes/grove_tender/grove_tender_C/anim/grove_tender.sprite.combat.png
heroes/grove_tender/grove_tender_C/anim/grove_tender.sprite.defend.png
heroes/grove_tender/grove_tender_C/anim/grove_tender.sprite.heroic.png
heroes/grove_tender/grove_tender_C/anim/grove_tender.sprite.idle.png
heroes/grove_tender/grove_tender_C/anim/grove_tender.sprite.investigate.png
heroes/grove_tender/grove_tender_C/anim/grove_tender.sprite.walk.png
campaign/town/town_event/town_event.image_idle_resolve_level_grove_tender.png
heroes/grove_tender/anim/grove_tender.spirte.attack_blight.atlas
heroes/grove_tender/anim/grove_tender.spirte.attack_blight.skel
heroes/grove_tender/anim/grove_tender.sprite.afflicted.atlas
heroes/grove_tender/anim/grove_tender.sprite.afflicted.skel
heroes/grove_tender/anim/grove_tender.sprite.attack_blight.atlas
heroes/grove_tender/anim/grove_tender.sprite.attack_blight.png
heroes/grove_tender/anim/grove_tender.sprite.attack_blight.skel
heroes/grove_tender/anim/grove_tender.sprite.attack_elixir.atlas
heroes/grove_tender/anim/grove_tender.sprite.attack_elixir.skel
heroes/grove_tender/anim/grove_tender.sprite.attack_melee.atlas
heroes/grove_tender/anim/grove_tender.sprite.attack_melee.skel
heroes/grove_tender/anim/grove_tender.sprite.attack_ranged.atlas
heroes/grove_tender/anim/grove_tender.sprite.attack_ranged.skel
heroes/grove_tender/anim/grove_tender.sprite.attack_upsie.atlas
heroes/grove_tender/anim/grove_tender.sprite.attack_upsie.skel
heroes/grove_tender/anim/grove_tender.sprite.camp.atlas
heroes/grove_tender/anim/grove_tender.sprite.camp.skel
heroes/grove_tender/anim/grove_tender.sprite.combat.atlas
heroes/grove_tender/anim/grove_tender.sprite.combat.skel
heroes/grove_tender/anim/grove_tender.sprite.defend.atlas
heroes/grove_tender/anim/grove_tender.sprite.defend.skel
heroes/grove_tender/anim/grove_tender.sprite.heroic.atlas
heroes/grove_tender/anim/grove_tender.sprite.heroic.skel
heroes/grove_tender/anim/grove_tender.sprite.idle.atlas
heroes/grove_tender/anim/grove_tender.sprite.idle.skel
heroes/grove_tender/anim/grove_tender.sprite.investigate.atlas
heroes/grove_tender/anim/grove_tender.sprite.investigate.skel
heroes/grove_tender/anim/grove_tender.sprite.walk.atlas
heroes/grove_tender/anim/grove_tender.sprite.walk.skel
heroes/grove_tender/fx/grove_tender.sprite.Root_Powder.atlas
heroes/grove_tender/fx/grove_tender.sprite.Root_Powder.png
heroes/grove_tender/fx/grove_tender.sprite.Root_Powder.skel
heroes/grove_tender/fx/grove_tender.sprite.Root_Power_target.atlas
heroes/grove_tender/fx/grove_tender.sprite.Root_Power_target.png
heroes/grove_tender/fx/grove_tender.sprite.Root_Power_target.skel
heroes/grove_tender/fx/grove_tender.sprite.dot_heal.atlas
heroes/grove_tender/fx/grove_tender.sprite.dot_heal.png
heroes/grove_tender/fx/grove_tender.sprite.dot_heal.skel
heroes/grove_tender/fx/grove_tender.sprite.dot_heal_target.atlas
heroes/grove_tender/fx/grove_tender.sprite.dot_heal_target.png
heroes/grove_tender/fx/grove_tender.sprite.dot_heal_target.skel
heroes/grove_tender/fx/grove_tender.sprite.homi_stab.atlas
heroes/grove_tender/fx/grove_tender.sprite.homi_stab.png
heroes/grove_tender/fx/grove_tender.sprite.homi_stab.skel
heroes/grove_tender/fx/grove_tender.sprite.lightmama.atlas
heroes/grove_tender/fx/grove_tender.sprite.lightmama.png
heroes/grove_tender/fx/grove_tender.sprite.lightmama.skel
heroes/grove_tender/fx/grove_tender.sprite.lotus.atlas
heroes/grove_tender/fx/grove_tender.sprite.lotus.png
heroes/grove_tender/fx/grove_tender.sprite.lotus.skel
heroes/grove_tender/fx/grove_tender.sprite.lotus_target.atlas
heroes/grove_tender/fx/grove_tender.sprite.lotus_target.png
heroes/grove_tender/fx/grove_tender.sprite.lotus_target.skel
heroes/grove_tender/fx/grove_tender.sprite.soul_smite.atlas
heroes/grove_tender/fx/grove_tender.sprite.soul_smite.png
heroes/grove_tender/fx/grove_tender.sprite.soul_smite.skel
heroes/grove_tender/fx/grove_tender.sprite.soul_smite_target.atlas
heroes/grove_tender/fx/grove_tender.sprite.soul_smite_target.png
heroes/grove_tender/fx/grove_tender.sprite.soul_smite_target.skel
heroes/grove_tender/fx/grove_tender.sprite_lightmama.atlas
heroes/grove_tender/fx/grove_tender.sprite_lightmama.png
heroes/grove_tender/fx/grove_tender.sprite_lightmama.skel
heroes/grove_tender/fx/grove_tender.sprite_lotus.atlas
heroes/grove_tender/fx/grove_tender.sprite_lotus.png
heroes/grove_tender/fx/grove_tender.sprite_lotus.skel
heroes/grove_tender/fx/grove_tender.sprite_lotus_target.atlas
heroes/grove_tender/fx/grove_tender.sprite_lotus_target.png
heroes/grove_tender/fx/grove_tender.sprite_lotus_target.skel
heroes/grove_tender/grove_tender_A/grove_tender_portrait_roster.png
heroes/grove_tender/grove_tender_B/grove_tender_portrait_roster.png
