
-------------------------------------------------------------------------------
Parsing project file - F:\steam\steamapps\common\DarkestDungeon\mods\daughtersOfTheFours_pack\daughtersOfTheFours.xml
Mod Data Directory = F:/steam/steamapps/common/DarkestDungeon/mods/daughtersOfTheFours_pack/

-------------------------------------------------------------------------------
Processing Map Files files...

-------------------------------------------------------------------------------
Running Localization...
Parsing localization/CN_daughters.string_table.xml
Parsing localization/CN_daughters_barks.string_table.xml
Parsing localization/CN_firstTraits.string_table.xml
Parsing localization/CN_first_daughter.string_table.xml
Parsing localization/CN_first_daughter_lore.string_table.xml
Parsing localization/CN_fourthTraits.string_table.xml
Parsing localization/CN_fourth_daughter.string_table.xml
Parsing localization/CN_fourth_daughter_lore.string_table.xml
Parsing localization/CN_second_daughter.string_table.xml
Parsing localization/CN_second_daughter_lore.string_table.xml
Parsing localization/CN_third_daughter.string_table.xml
Parsing localization/EN_bloodline_d.string_table.xml
Parsing localization/EN_bloodline_d_father.string_table.xml
Parsing localization/EN_bloodline_d_father_effects.string_table.xml
Parsing localization/EN_bloodline_d_god.string_table.xml
Parsing localization/EN_bloodline_d_mother.string_table.xml
Parsing localization/EN_bloodline_d_mother_effects.string_table.xml
Parsing localization/EN_daughters.string_table.xml
Parsing localization/EN_daughters_barks.string_table.xml
Parsing localization/EN_firstTraits.string_table.xml
Parsing localization/EN_first_daughter.string_table.xml
Parsing localization/EN_first_daughter_lore.string_table.xml
Parsing localization/EN_fourthTraits.string_table.xml
Parsing localization/EN_fourth_daughter.string_table.xml
Parsing localization/EN_fourth_daughter_lore.string_table.xml
Parsing localization/EN_second_daughter.string_table.xml
Parsing localization/EN_second_daughter_lore.string_table.xml
Parsing localization/EN_third_daughter.string_table.xml
Parsing localization/ES_daughters.string_table.xml
Parsing localization/ES_daughters_barks.string_table.xml
Parsing localization/ES_daughters_summon.string_table.xml
Parsing localization/ES_firstTraits.string_table.xml
Parsing localization/ES_first_daughter.string_table.xml
Parsing localization/ES_first_daughter_lore.string_table.xml
Parsing localization/ES_fourthTraits.string_table.xml
Parsing localization/ES_fourth_daughter.string_table.xml
Parsing localization/ES_fourth_daughter_lore.string_table.xml
Parsing localization/ES_second_daughter.string_table.xml
Parsing localization/ES_second_daughter_lore.string_table.xml
Parsing localization/ES_third_daughter.string_table.xml
Parsing localization/FR_daughters.string_table.xml
Parsing localization/FR_daughters_barks.string_table.xml
Parsing localization/FR_firstTraits.string_table.xml
Parsing localization/FR_first_daughter.string_table.xml
Parsing localization/FR_first_daughter_lore.string_table.xml
Parsing localization/FR_fourthTraits.string_table.xml
Parsing localization/FR_fourth_daughter.string_table.xml
Parsing localization/FR_fourth_daughter_lore.string_table.xml
Parsing localization/FR_second_daughter.string_table.xml
Parsing localization/FR_second_daughter_lore.string_table.xml
Parsing localization/FR_third_daughter.string_table.xml
Parsing localization/KRA_daughters.string_table.xml
Parsing localization/KRA_daughters_barks.string_table.xml
Parsing localization/KRA_firstTraits.string_table.xml
Parsing localization/KRA_first_daughter.string_table.xml
Parsing localization/KRA_first_daughter_lore.string_table.xml
Parsing localization/KRA_fourthTraits.string_table.xml
Parsing localization/KRA_fourth_daughter.string_table.xml
Parsing localization/KRA_fourth_daughter_lore.string_table.xml
Parsing localization/KRA_second_daughter.string_table.xml
Parsing localization/KRA_second_daughter_lore.string_table.xml
Parsing localization/KRA_third_daughter.string_table.xml
Parsing localization/KR_daughters.string_table.xml
Parsing localization/KR_daughters_barks.string_table.xml
Parsing localization/KR_firstTraits.string_table.xml
Parsing localization/KR_first_daughter.string_table.xml
Parsing localization/KR_first_daughter_lore.string_table.xml
Parsing localization/KR_fourthTraits.string_table.xml
Parsing localization/KR_fourth_daughter.string_table.xml
Parsing localization/KR_fourth_daughter_lore.string_table.xml
Parsing localization/KR_second_daughter.string_table.xml
Parsing localization/KR_second_daughter_lore.string_table.xml
Parsing localization/KR_third_daughter.string_table.xml

Building Languages
Exporting .loc files

-------------------------------------------------------------------------------
Searching for preview icon file F:/steam/steamapps/common/DarkestDungeon/mods/daughtersOfTheFours_pack/preview_icon.png...FOUND!
<UploadMode> - Set to direct_upload


-------------------------------------------------------------------------------
Detected 6 unchanged files
The following files are unchanged and will be uploaded...
F:/steam/steamapps/common/DarkestDungeon/mods/daughtersOfTheFours_pack/dlc/702540_shieldbreaker/fx/snake_scale/snake_scale.sprite.png
F:/steam/steamapps/common/DarkestDungeon/mods/daughtersOfTheFours_pack/dlc/702540_shieldbreaker/overlays/poptext_health_damage_block.png
F:/steam/steamapps/common/DarkestDungeon/mods/daughtersOfTheFours_pack/dlc/702540_shieldbreaker/overlays/poptext_health_damage_block_onset.png
F:/steam/steamapps/common/DarkestDungeon/mods/daughtersOfTheFours_pack/dlc/702540_shieldbreaker/overlays/tray_health_damage_block.png
F:/steam/steamapps/common/DarkestDungeon/mods/daughtersOfTheFours_pack/overlays/poptext_hp_heal_dot.png
F:/steam/steamapps/common/DarkestDungeon/mods/daughtersOfTheFours_pack/overlays/tray_dot_hp_heal.png

-------------------------------------------------------------------------------
Modded files...

dlc/702540_shieldbreaker/fx/snake_scale/snake_scale.sprite.atlas
dlc/702540_shieldbreaker/fx/snake_scale/snake_scale.sprite.skel
heroes/first_daughter/first_daughter_A/anim/Thumbs.db
heroes/first_daughter/first_daughter_A/anim/first_daughter.sprite.afflicted.png
heroes/first_daughter/first_daughter_A/anim/first_daughter.sprite.attack_banner.png
heroes/first_daughter/first_daughter_A/anim/first_daughter.sprite.attack_chop.png
heroes/first_daughter/first_daughter_A/anim/first_daughter.sprite.attack_heal.png
heroes/first_daughter/first_daughter_A/anim/first_daughter.sprite.attack_intimidate.png
heroes/first_daughter/first_daughter_A/anim/first_daughter.sprite.attack_lectionary.png
heroes/first_daughter/first_daughter_A/anim/first_daughter.sprite.camp.png
heroes/first_daughter/first_daughter_A/anim/first_daughter.sprite.combat.png
heroes/first_daughter/first_daughter_A/anim/first_daughter.sprite.defend.png
heroes/first_daughter/first_daughter_A/anim/first_daughter.sprite.heroic.png
heroes/first_daughter/first_daughter_A/anim/first_daughter.sprite.idle.png
heroes/first_daughter/first_daughter_A/anim/first_daughter.sprite.investigate.png
heroes/first_daughter/first_daughter_A/anim/first_daughter.sprite.walk.png
heroes/first_daughter/first_daughter_B/anim/Thumbs.db
heroes/first_daughter/first_daughter_B/anim/first_daughter.sprite.afflicted.png
heroes/first_daughter/first_daughter_B/anim/first_daughter.sprite.attack_banner.png
heroes/first_daughter/first_daughter_B/anim/first_daughter.sprite.attack_chop.png
heroes/first_daughter/first_daughter_B/anim/first_daughter.sprite.attack_heal.png
heroes/first_daughter/first_daughter_B/anim/first_daughter.sprite.attack_intimidate.png
heroes/first_daughter/first_daughter_B/anim/first_daughter.sprite.attack_lectionary.png
heroes/first_daughter/first_daughter_B/anim/first_daughter.sprite.camp.png
heroes/first_daughter/first_daughter_B/anim/first_daughter.sprite.combat.png
heroes/first_daughter/first_daughter_B/anim/first_daughter.sprite.defend.png
heroes/first_daughter/first_daughter_B/anim/first_daughter.sprite.heroic.png
heroes/first_daughter/first_daughter_B/anim/first_daughter.sprite.idle.png
heroes/first_daughter/first_daughter_B/anim/first_daughter.sprite.investigate.png
heroes/first_daughter/first_daughter_B/anim/first_daughter.sprite.walk.png
heroes/first_daughter/first_daughter_C/anim/Thumbs.db
heroes/first_daughter/first_daughter_C/anim/first_daughter.sprite.afflicted.png
heroes/first_daughter/first_daughter_C/anim/first_daughter.sprite.attack_banner.png
heroes/first_daughter/first_daughter_C/anim/first_daughter.sprite.attack_chop.png
heroes/first_daughter/first_daughter_C/anim/first_daughter.sprite.attack_heal.png
heroes/first_daughter/first_daughter_C/anim/first_daughter.sprite.attack_intimidate.png
heroes/first_daughter/first_daughter_C/anim/first_daughter.sprite.attack_lectionary.png
heroes/first_daughter/first_daughter_C/anim/first_daughter.sprite.camp.png
heroes/first_daughter/first_daughter_C/anim/first_daughter.sprite.combat.png
heroes/first_daughter/first_daughter_C/anim/first_daughter.sprite.defend.png
heroes/first_daughter/first_daughter_C/anim/first_daughter.sprite.heroic.png
heroes/first_daughter/first_daughter_C/anim/first_daughter.sprite.idle.png
heroes/first_daughter/first_daughter_C/anim/first_daughter.sprite.investigate.png
heroes/first_daughter/first_daughter_C/anim/first_daughter.sprite.walk.png
heroes/first_daughter/first_daughter_V/anim/Thumbs.db
heroes/first_daughter/first_daughter_V/anim/first_daughter.sprite.afflicted.png
heroes/first_daughter/first_daughter_V/anim/first_daughter.sprite.attack_banner.png
heroes/first_daughter/first_daughter_V/anim/first_daughter.sprite.attack_chop.png
heroes/first_daughter/first_daughter_V/anim/first_daughter.sprite.attack_heal.png
heroes/first_daughter/first_daughter_V/anim/first_daughter.sprite.attack_intimidate.png
heroes/first_daughter/first_daughter_V/anim/first_daughter.sprite.attack_lectionary.png
heroes/first_daughter/first_daughter_V/anim/first_daughter.sprite.camp.png
heroes/first_daughter/first_daughter_V/anim/first_daughter.sprite.combat.png
heroes/first_daughter/first_daughter_V/anim/first_daughter.sprite.defend.png
heroes/first_daughter/first_daughter_V/anim/first_daughter.sprite.heroic.png
heroes/first_daughter/first_daughter_V/anim/first_daughter.sprite.idle.png
heroes/first_daughter/first_daughter_V/anim/first_daughter.sprite.investigate.png
heroes/first_daughter/first_daughter_V/anim/first_daughter.sprite.walk.png
heroes/fourth_daughter/fourth_daughter_A/anim/fourth_daughter.sprite.afflicted.png
heroes/fourth_daughter/fourth_daughter_A/anim/fourth_daughter.sprite.attack_buff.png
heroes/fourth_daughter/fourth_daughter_A/anim/fourth_daughter.sprite.attack_heal.png
heroes/fourth_daughter/fourth_daughter_A/anim/fourth_daughter.sprite.attack_lectionary.png
heroes/fourth_daughter/fourth_daughter_A/anim/fourth_daughter.sprite.attack_redeem.png
heroes/fourth_daughter/fourth_daughter_A/anim/fourth_daughter.sprite.camp.png
heroes/fourth_daughter/fourth_daughter_A/anim/fourth_daughter.sprite.combat.png
heroes/fourth_daughter/fourth_daughter_A/anim/fourth_daughter.sprite.defend.png
heroes/fourth_daughter/fourth_daughter_A/anim/fourth_daughter.sprite.heroic.png
heroes/fourth_daughter/fourth_daughter_A/anim/fourth_daughter.sprite.idle.png
heroes/fourth_daughter/fourth_daughter_A/anim/fourth_daughter.sprite.investigate.png
heroes/fourth_daughter/fourth_daughter_A/anim/fourth_daughter.sprite.walk.png
heroes/fourth_daughter/fourth_daughter_B/anim/fourth_daughter.sprite.afflicted.png
heroes/fourth_daughter/fourth_daughter_B/anim/fourth_daughter.sprite.attack_buff.png
heroes/fourth_daughter/fourth_daughter_B/anim/fourth_daughter.sprite.attack_heal.png
heroes/fourth_daughter/fourth_daughter_B/anim/fourth_daughter.sprite.attack_lectionary.png
heroes/fourth_daughter/fourth_daughter_B/anim/fourth_daughter.sprite.attack_redeem.png
heroes/fourth_daughter/fourth_daughter_B/anim/fourth_daughter.sprite.camp.png
heroes/fourth_daughter/fourth_daughter_B/anim/fourth_daughter.sprite.combat.png
heroes/fourth_daughter/fourth_daughter_B/anim/fourth_daughter.sprite.defend.png
heroes/fourth_daughter/fourth_daughter_B/anim/fourth_daughter.sprite.heroic.png
heroes/fourth_daughter/fourth_daughter_B/anim/fourth_daughter.sprite.idle.png
heroes/fourth_daughter/fourth_daughter_B/anim/fourth_daughter.sprite.investigate.png
heroes/fourth_daughter/fourth_daughter_B/anim/fourth_daughter.sprite.walk.png
heroes/fourth_daughter/fourth_daughter_C/anim/fourth_daughter.sprite.afflicted.png
heroes/fourth_daughter/fourth_daughter_C/anim/fourth_daughter.sprite.attack_buff.png
heroes/fourth_daughter/fourth_daughter_C/anim/fourth_daughter.sprite.attack_heal.png
heroes/fourth_daughter/fourth_daughter_C/anim/fourth_daughter.sprite.attack_lectionary.png
heroes/fourth_daughter/fourth_daughter_C/anim/fourth_daughter.sprite.attack_redeem.png
heroes/fourth_daughter/fourth_daughter_C/anim/fourth_daughter.sprite.camp.png
heroes/fourth_daughter/fourth_daughter_C/anim/fourth_daughter.sprite.combat.png
heroes/fourth_daughter/fourth_daughter_C/anim/fourth_daughter.sprite.defend.png
heroes/fourth_daughter/fourth_daughter_C/anim/fourth_daughter.sprite.heroic.png
heroes/fourth_daughter/fourth_daughter_C/anim/fourth_daughter.sprite.idle.png
heroes/fourth_daughter/fourth_daughter_C/anim/fourth_daughter.sprite.investigate.png
heroes/fourth_daughter/fourth_daughter_C/anim/fourth_daughter.sprite.walk.png
heroes/fourth_daughter/fourth_daughter_V/anim/fourth_daughter.sprite.afflicted.png
heroes/fourth_daughter/fourth_daughter_V/anim/fourth_daughter.sprite.attack_buff.png
heroes/fourth_daughter/fourth_daughter_V/anim/fourth_daughter.sprite.attack_heal.png
heroes/fourth_daughter/fourth_daughter_V/anim/fourth_daughter.sprite.attack_lectionary.png
heroes/fourth_daughter/fourth_daughter_V/anim/fourth_daughter.sprite.attack_redeem.png
heroes/fourth_daughter/fourth_daughter_V/anim/fourth_daughter.sprite.camp.png
heroes/fourth_daughter/fourth_daughter_V/anim/fourth_daughter.sprite.combat.png
heroes/fourth_daughter/fourth_daughter_V/anim/fourth_daughter.sprite.defend.png
heroes/fourth_daughter/fourth_daughter_V/anim/fourth_daughter.sprite.heroic.png
heroes/fourth_daughter/fourth_daughter_V/anim/fourth_daughter.sprite.idle.png
heroes/fourth_daughter/fourth_daughter_V/anim/fourth_daughter.sprite.investigate.png
heroes/fourth_daughter/fourth_daughter_V/anim/fourth_daughter.sprite.walk.png
heroes/second_daughter/second_daughter_A/anim/second_daughter.sprite.afflicted.png
heroes/second_daughter/second_daughter_A/anim/second_daughter.sprite.attack_buff.png
heroes/second_daughter/second_daughter_A/anim/second_daughter.sprite.attack_charge.png
heroes/second_daughter/second_daughter_A/anim/second_daughter.sprite.attack_claw.png
heroes/second_daughter/second_daughter_A/anim/second_daughter.sprite.attack_high.png
heroes/second_daughter/second_daughter_A/anim/second_daughter.sprite.attack_kneel.png
heroes/second_daughter/second_daughter_A/anim/second_daughter.sprite.attack_leap.png
heroes/second_daughter/second_daughter_A/anim/second_daughter.sprite.attack_low.png
heroes/second_daughter/second_daughter_A/anim/second_daughter.sprite.camp.png
heroes/second_daughter/second_daughter_A/anim/second_daughter.sprite.combat.png
heroes/second_daughter/second_daughter_A/anim/second_daughter.sprite.defend.png
heroes/second_daughter/second_daughter_A/anim/second_daughter.sprite.heroic.png
heroes/second_daughter/second_daughter_A/anim/second_daughter.sprite.idle.png
heroes/second_daughter/second_daughter_A/anim/second_daughter.sprite.investigate.png
heroes/second_daughter/second_daughter_A/anim/second_daughter.sprite.riposte.png
heroes/second_daughter/second_daughter_A/anim/second_daughter.sprite.walk.png
heroes/second_daughter/second_daughter_A/anim/second_daughter_riposte.sprite.attack_claw.png
heroes/second_daughter/second_daughter_B/anim/second_daughter.sprite.afflicted.png
heroes/second_daughter/second_daughter_B/anim/second_daughter.sprite.attack_buff.png
heroes/second_daughter/second_daughter_B/anim/second_daughter.sprite.attack_charge.png
heroes/second_daughter/second_daughter_B/anim/second_daughter.sprite.attack_claw.png
heroes/second_daughter/second_daughter_B/anim/second_daughter.sprite.attack_high.png
heroes/second_daughter/second_daughter_B/anim/second_daughter.sprite.attack_kneel.png
heroes/second_daughter/second_daughter_B/anim/second_daughter.sprite.attack_leap.png
heroes/second_daughter/second_daughter_B/anim/second_daughter.sprite.attack_low.png
heroes/second_daughter/second_daughter_B/anim/second_daughter.sprite.camp.png
heroes/second_daughter/second_daughter_B/anim/second_daughter.sprite.combat.png
heroes/second_daughter/second_daughter_B/anim/second_daughter.sprite.defend.png
heroes/second_daughter/second_daughter_B/anim/second_daughter.sprite.heroic.png
heroes/second_daughter/second_daughter_B/anim/second_daughter.sprite.idle.png
heroes/second_daughter/second_daughter_B/anim/second_daughter.sprite.investigate.png
heroes/second_daughter/second_daughter_B/anim/second_daughter.sprite.riposte.png
heroes/second_daughter/second_daughter_B/anim/second_daughter.sprite.walk.png
heroes/second_daughter/second_daughter_C/anim/second_daughter.sprite.afflicted.png
heroes/second_daughter/second_daughter_C/anim/second_daughter.sprite.attack_buff.png
heroes/second_daughter/second_daughter_C/anim/second_daughter.sprite.attack_charge.png
heroes/second_daughter/second_daughter_C/anim/second_daughter.sprite.attack_claw.png
heroes/second_daughter/second_daughter_C/anim/second_daughter.sprite.attack_high.png
heroes/second_daughter/second_daughter_C/anim/second_daughter.sprite.attack_kneel.png
heroes/second_daughter/second_daughter_C/anim/second_daughter.sprite.attack_leap.png
heroes/second_daughter/second_daughter_C/anim/second_daughter.sprite.attack_low.png
heroes/second_daughter/second_daughter_C/anim/second_daughter.sprite.camp.png
heroes/second_daughter/second_daughter_C/anim/second_daughter.sprite.combat.png
heroes/second_daughter/second_daughter_C/anim/second_daughter.sprite.defend.png
heroes/second_daughter/second_daughter_C/anim/second_daughter.sprite.heroic.png
heroes/second_daughter/second_daughter_C/anim/second_daughter.sprite.idle.png
heroes/second_daughter/second_daughter_C/anim/second_daughter.sprite.investigate.png
heroes/second_daughter/second_daughter_C/anim/second_daughter.sprite.riposte.png
heroes/second_daughter/second_daughter_C/anim/second_daughter.sprite.walk.png
heroes/second_daughter/second_daughter_C/anim/second_daughter_riposte.sprite.attack_claw.png
heroes/second_daughter/second_daughter_D/anim/second_daughter.sprite.afflicted.png
heroes/second_daughter/second_daughter_D/anim/second_daughter.sprite.attack_buff.png
heroes/second_daughter/second_daughter_D/anim/second_daughter.sprite.attack_charge.png
heroes/second_daughter/second_daughter_D/anim/second_daughter.sprite.attack_claw.png
heroes/second_daughter/second_daughter_D/anim/second_daughter.sprite.attack_high.png
heroes/second_daughter/second_daughter_D/anim/second_daughter.sprite.attack_kneel.png
heroes/second_daughter/second_daughter_D/anim/second_daughter.sprite.attack_leap.png
heroes/second_daughter/second_daughter_D/anim/second_daughter.sprite.attack_low.png
heroes/second_daughter/second_daughter_D/anim/second_daughter.sprite.camp.png
heroes/second_daughter/second_daughter_D/anim/second_daughter.sprite.combat.png
heroes/second_daughter/second_daughter_D/anim/second_daughter.sprite.defend.png
heroes/second_daughter/second_daughter_D/anim/second_daughter.sprite.heroic.png
heroes/second_daughter/second_daughter_D/anim/second_daughter.sprite.idle.png
heroes/second_daughter/second_daughter_D/anim/second_daughter.sprite.investigate.png
heroes/second_daughter/second_daughter_D/anim/second_daughter.sprite.riposte.png
heroes/second_daughter/second_daughter_D/anim/second_daughter.sprite.walk.png
heroes/second_daughter/second_daughter_D/anim/second_daughter_riposte.sprite.attack_claw.png
heroes/second_daughter/second_daughter_E/anim/second_daughter.sprite.afflicted.png
heroes/second_daughter/second_daughter_E/anim/second_daughter.sprite.attack_buff.png
heroes/second_daughter/second_daughter_E/anim/second_daughter.sprite.attack_charge.png
heroes/second_daughter/second_daughter_E/anim/second_daughter.sprite.attack_claw.png
heroes/second_daughter/second_daughter_E/anim/second_daughter.sprite.attack_high.png
heroes/second_daughter/second_daughter_E/anim/second_daughter.sprite.attack_kneel.png
heroes/second_daughter/second_daughter_E/anim/second_daughter.sprite.attack_leap.png
heroes/second_daughter/second_daughter_E/anim/second_daughter.sprite.attack_low.png
heroes/second_daughter/second_daughter_E/anim/second_daughter.sprite.camp.png
heroes/second_daughter/second_daughter_E/anim/second_daughter.sprite.combat.png
heroes/second_daughter/second_daughter_E/anim/second_daughter.sprite.defend.png
heroes/second_daughter/second_daughter_E/anim/second_daughter.sprite.heroic.png
heroes/second_daughter/second_daughter_E/anim/second_daughter.sprite.idle.png
heroes/second_daughter/second_daughter_E/anim/second_daughter.sprite.investigate.png
heroes/second_daughter/second_daughter_E/anim/second_daughter.sprite.riposte.png
heroes/second_daughter/second_daughter_E/anim/second_daughter.sprite.walk.png
heroes/second_daughter/second_daughter_E/anim/second_daughter_riposte.sprite.attack_claw.png
heroes/third_daughter/third_daughter_A/anim/third_daughter.sprite.afflicted.png
heroes/third_daughter/third_daughter_A/anim/third_daughter.sprite.attack_club.png
heroes/third_daughter/third_daughter_A/anim/third_daughter.sprite.attack_guard.png
heroes/third_daughter/third_daughter_A/anim/third_daughter.sprite.attack_heal.png
heroes/third_daughter/third_daughter_A/anim/third_daughter.sprite.attack_howl.png
heroes/third_daughter/third_daughter_A/anim/third_daughter.sprite.attack_rush.png
heroes/third_daughter/third_daughter_A/anim/third_daughter.sprite.attack_sickem.png
heroes/third_daughter/third_daughter_A/anim/third_daughter.sprite.attack_skull.png
heroes/third_daughter/third_daughter_A/anim/third_daughter.sprite.attack_slice.png
heroes/third_daughter/third_daughter_A/anim/third_daughter.sprite.camp.png
heroes/third_daughter/third_daughter_A/anim/third_daughter.sprite.combat.png
heroes/third_daughter/third_daughter_A/anim/third_daughter.sprite.defend.png
heroes/third_daughter/third_daughter_A/anim/third_daughter.sprite.heroic.png
heroes/third_daughter/third_daughter_A/anim/third_daughter.sprite.idle.png
heroes/third_daughter/third_daughter_A/anim/third_daughter.sprite.investigate.png
heroes/third_daughter/third_daughter_A/anim/third_daughter.sprite.walk.png
heroes/third_daughter/third_daughter_B/anim/third_daughter.sprite.afflicted.png
heroes/third_daughter/third_daughter_B/anim/third_daughter.sprite.attack_club.png
heroes/third_daughter/third_daughter_B/anim/third_daughter.sprite.attack_guard.png
heroes/third_daughter/third_daughter_B/anim/third_daughter.sprite.attack_heal.png
heroes/third_daughter/third_daughter_B/anim/third_daughter.sprite.attack_howl.png
heroes/third_daughter/third_daughter_B/anim/third_daughter.sprite.attack_rush.png
heroes/third_daughter/third_daughter_B/anim/third_daughter.sprite.attack_sickem - copia.png
heroes/third_daughter/third_daughter_B/anim/third_daughter.sprite.attack_sickem.png
heroes/third_daughter/third_daughter_B/anim/third_daughter.sprite.attack_skull.png
heroes/third_daughter/third_daughter_B/anim/third_daughter.sprite.attack_slice.png
heroes/third_daughter/third_daughter_B/anim/third_daughter.sprite.camp.png
heroes/third_daughter/third_daughter_B/anim/third_daughter.sprite.combat.png
heroes/third_daughter/third_daughter_B/anim/third_daughter.sprite.defend.png
heroes/third_daughter/third_daughter_B/anim/third_daughter.sprite.heroic - copia.png
heroes/third_daughter/third_daughter_B/anim/third_daughter.sprite.heroic.png
heroes/third_daughter/third_daughter_B/anim/third_daughter.sprite.idle.png
heroes/third_daughter/third_daughter_B/anim/third_daughter.sprite.investigate.png
heroes/third_daughter/third_daughter_B/anim/third_daughter.sprite.walk.png
heroes/third_daughter/third_daughter_C/anim/third_daughter.sprite.afflicted.png
heroes/third_daughter/third_daughter_C/anim/third_daughter.sprite.attack_club.png
heroes/third_daughter/third_daughter_C/anim/third_daughter.sprite.attack_guard.png
heroes/third_daughter/third_daughter_C/anim/third_daughter.sprite.attack_heal.png
heroes/third_daughter/third_daughter_C/anim/third_daughter.sprite.attack_howl.png
heroes/third_daughter/third_daughter_C/anim/third_daughter.sprite.attack_rush.png
heroes/third_daughter/third_daughter_C/anim/third_daughter.sprite.attack_sickem - copia.png
heroes/third_daughter/third_daughter_C/anim/third_daughter.sprite.attack_sickem.png
heroes/third_daughter/third_daughter_C/anim/third_daughter.sprite.attack_skull.png
heroes/third_daughter/third_daughter_C/anim/third_daughter.sprite.attack_slice.png
heroes/third_daughter/third_daughter_C/anim/third_daughter.sprite.camp.png
heroes/third_daughter/third_daughter_C/anim/third_daughter.sprite.combat.png
heroes/third_daughter/third_daughter_C/anim/third_daughter.sprite.defend.png
heroes/third_daughter/third_daughter_C/anim/third_daughter.sprite.heroic.png
heroes/third_daughter/third_daughter_C/anim/third_daughter.sprite.idle.png
heroes/third_daughter/third_daughter_C/anim/third_daughter.sprite.investigate.png
heroes/third_daughter/third_daughter_C/anim/third_daughter.sprite.walk.png
heroes/third_daughter/third_daughter_D/anim/third_daughter.sprite.afflicted.png
heroes/third_daughter/third_daughter_D/anim/third_daughter.sprite.attack_club.png
heroes/third_daughter/third_daughter_D/anim/third_daughter.sprite.attack_guard.png
heroes/third_daughter/third_daughter_D/anim/third_daughter.sprite.attack_heal.png
heroes/third_daughter/third_daughter_D/anim/third_daughter.sprite.attack_howl.png
heroes/third_daughter/third_daughter_D/anim/third_daughter.sprite.attack_rush.png
heroes/third_daughter/third_daughter_D/anim/third_daughter.sprite.attack_sickem - copia.png
heroes/third_daughter/third_daughter_D/anim/third_daughter.sprite.attack_sickem.png
heroes/third_daughter/third_daughter_D/anim/third_daughter.sprite.attack_skull.png
heroes/third_daughter/third_daughter_D/anim/third_daughter.sprite.attack_slice.png
heroes/third_daughter/third_daughter_D/anim/third_daughter.sprite.camp.png
heroes/third_daughter/third_daughter_D/anim/third_daughter.sprite.combat.png
heroes/third_daughter/third_daughter_D/anim/third_daughter.sprite.defend.png
heroes/third_daughter/third_daughter_D/anim/third_daughter.sprite.heroic.png
heroes/third_daughter/third_daughter_D/anim/third_daughter.sprite.idle.png
heroes/third_daughter/third_daughter_D/anim/third_daughter.sprite.investigate.png
heroes/third_daughter/third_daughter_D/anim/third_daughter.sprite.walk.png
campaign/town/town_event/town_event.image_bonus_recruit_daughters.png
heroes/first_daughter/anim/first_daughter.sprite.afflicted.atlas
heroes/first_daughter/anim/first_daughter.sprite.afflicted.skel
heroes/first_daughter/anim/first_daughter.sprite.attack_banner.atlas
heroes/first_daughter/anim/first_daughter.sprite.attack_banner.skel
heroes/first_daughter/anim/first_daughter.sprite.attack_buff.atlas
heroes/first_daughter/anim/first_daughter.sprite.attack_buff.skel
heroes/first_daughter/anim/first_daughter.sprite.attack_chop.atlas
heroes/first_daughter/anim/first_daughter.sprite.attack_chop.skel
heroes/first_daughter/anim/first_daughter.sprite.attack_heal.atlas
heroes/first_daughter/anim/first_daughter.sprite.attack_heal.skel
heroes/first_daughter/anim/first_daughter.sprite.attack_hew.atlas
heroes/first_daughter/anim/first_daughter.sprite.attack_hew.skel
heroes/first_daughter/anim/first_daughter.sprite.attack_intimidate.atlas
heroes/first_daughter/anim/first_daughter.sprite.attack_intimidate.skel
heroes/first_daughter/anim/first_daughter.sprite.attack_lectionary.atlas
heroes/first_daughter/anim/first_daughter.sprite.attack_lectionary.skel
heroes/first_daughter/anim/first_daughter.sprite.camp.atlas
heroes/first_daughter/anim/first_daughter.sprite.camp.skel
heroes/first_daughter/anim/first_daughter.sprite.combat.atlas
heroes/first_daughter/anim/first_daughter.sprite.combat.skel
heroes/first_daughter/anim/first_daughter.sprite.defend.atlas
heroes/first_daughter/anim/first_daughter.sprite.defend.skel
heroes/first_daughter/anim/first_daughter.sprite.heroic.atlas
heroes/first_daughter/anim/first_daughter.sprite.heroic.skel
heroes/first_daughter/anim/first_daughter.sprite.idle.atlas
heroes/first_daughter/anim/first_daughter.sprite.idle.skel
heroes/first_daughter/anim/first_daughter.sprite.investigate.atlas
heroes/first_daughter/anim/first_daughter.sprite.investigate.skel
heroes/first_daughter/anim/first_daughter.sprite.walk.atlas
heroes/first_daughter/anim/first_daughter.sprite.walk.skel
heroes/first_daughter/first_daughter_A/Thumbs.db
heroes/first_daughter/first_daughter_A/first_daughter_portrait_roster.png
heroes/first_daughter/first_daughter_B/Thumbs.db
heroes/first_daughter/first_daughter_B/first_daughter_portrait_roster.png
heroes/first_daughter/first_daughter_C/Thumbs.db
heroes/first_daughter/first_daughter_C/first_daughter_portrait_roster.png
heroes/first_daughter/first_daughter_V/Thumbs.db
heroes/first_daughter/first_daughter_V/first_daughter_portrait_roster.png
heroes/first_daughter/fx/first_daughter.sprite.battle_heal.atlas
heroes/first_daughter/fx/first_daughter.sprite.battle_heal.png
heroes/first_daughter/fx/first_daughter.sprite.battle_heal.skel
heroes/first_daughter/fx/first_daughter.sprite.bolster.atlas
heroes/first_daughter/fx/first_daughter.sprite.bolster.png
heroes/first_daughter/fx/first_daughter.sprite.bolster.skel
heroes/first_daughter/fx/first_daughter.sprite.chop.atlas
heroes/first_daughter/fx/first_daughter.sprite.chop.png
heroes/first_daughter/fx/first_daughter.sprite.chop.skel
heroes/first_daughter/fx/first_daughter.sprite.command.atlas
heroes/first_daughter/fx/first_daughter.sprite.command.png
heroes/first_daughter/fx/first_daughter.sprite.command.skel
heroes/first_daughter/fx/first_daughter.sprite.cripple_them.atlas
heroes/first_daughter/fx/first_daughter.sprite.cripple_them.png
heroes/first_daughter/fx/first_daughter.sprite.cripple_them.skel
heroes/first_daughter/fx/first_daughter.sprite.cripple_them_target.atlas
heroes/first_daughter/fx/first_daughter.sprite.cripple_them_target.png
heroes/first_daughter/fx/first_daughter.sprite.cripple_them_target.skel
heroes/first_daughter/fx/first_daughter.sprite.finale.atlas
heroes/first_daughter/fx/first_daughter.sprite.finale.png
heroes/first_daughter/fx/first_daughter.sprite.finale.skel
heroes/first_daughter/fx/first_daughter.sprite.finale_target.atlas
heroes/first_daughter/fx/first_daughter.sprite.finale_target.png
heroes/first_daughter/fx/first_daughter.sprite.finale_target.skel
heroes/first_daughter/fx/first_daughter.sprite.goring_flight.atlas
heroes/first_daughter/fx/first_daughter.sprite.goring_flight.png
heroes/first_daughter/fx/first_daughter.sprite.goring_flight.skel
heroes/first_daughter/fx/first_daughter.sprite.hew.atlas
heroes/first_daughter/fx/first_daughter.sprite.hew.png
heroes/first_daughter/fx/first_daughter.sprite.hew.skel
heroes/first_daughter/fx/first_daughter.sprite.holy_lance.atlas
heroes/first_daughter/fx/first_daughter.sprite.holy_lance.png
heroes/first_daughter/fx/first_daughter.sprite.holy_lance.skel
heroes/first_daughter/fx/first_daughter.sprite.inspiring_cry.atlas
heroes/first_daughter/fx/first_daughter.sprite.inspiring_cry.png
heroes/first_daughter/fx/first_daughter.sprite.inspiring_cry.skel
heroes/first_daughter/fx/first_daughter.sprite.intimidate.atlas
heroes/first_daughter/fx/first_daughter.sprite.intimidate.png
heroes/first_daughter/fx/first_daughter.sprite.intimidate.skel
heroes/first_daughter/fx/first_daughter.sprite.judgement.atlas
heroes/first_daughter/fx/first_daughter.sprite.judgement.png
heroes/first_daughter/fx/first_daughter.sprite.judgement.skel
heroes/first_daughter/fx/first_daughter.sprite.judgement_target.atlas
heroes/first_daughter/fx/first_daughter.sprite.judgement_target.png
heroes/first_daughter/fx/first_daughter.sprite.judgement_target.skel
heroes/first_daughter/fx/first_daughter.sprite.purge.atlas
heroes/first_daughter/fx/first_daughter.sprite.purge.png
heroes/first_daughter/fx/first_daughter.sprite.purge.skel
heroes/first_daughter/fx/first_daughter.sprite.purge_target.atlas
heroes/first_daughter/fx/first_daughter.sprite.purge_target.png
heroes/first_daughter/fx/first_daughter.sprite.purge_target.skel
heroes/first_daughter/fx/first_daughter.sprite.revenge.atlas
heroes/first_daughter/fx/first_daughter.sprite.revenge.png
heroes/first_daughter/fx/first_daughter.sprite.revenge.skel
heroes/first_daughter/fx/first_daughter.sprite.solemnity.atlas
heroes/first_daughter/fx/first_daughter.sprite.solemnity.png
heroes/first_daughter/fx/first_daughter.sprite.solemnity.skel
heroes/first_daughter/fx/first_daughter.sprite.spit_to_roast.atlas
heroes/first_daughter/fx/first_daughter.sprite.spit_to_roast.png
heroes/first_daughter/fx/first_daughter.sprite.spit_to_roast.skel
heroes/first_daughter/fx/first_daughter.sprite.spit_to_roast_target.atlas
heroes/first_daughter/fx/first_daughter.sprite.spit_to_roast_target.png
heroes/first_daughter/fx/first_daughter.sprite.spit_to_roast_target.skel
heroes/first_daughter/fx/first_daughter.sprite.withstand.atlas
heroes/first_daughter/fx/first_daughter.sprite.withstand.png
heroes/first_daughter/fx/first_daughter.sprite.withstand.skel
heroes/first_daughter/icons_equip/eqp_armour_0.png
heroes/first_daughter/icons_equip/eqp_armour_1.png
heroes/first_daughter/icons_equip/eqp_armour_2.png
heroes/first_daughter/icons_equip/eqp_armour_3.png
heroes/first_daughter/icons_equip/eqp_armour_4.png
heroes/first_daughter/icons_equip/eqp_weapon_0.png
heroes/first_daughter/icons_equip/eqp_weapon_1.png
heroes/first_daughter/icons_equip/eqp_weapon_2.png
heroes/first_daughter/icons_equip/eqp_weapon_3.png
heroes/first_daughter/icons_equip/eqp_weapon_4.png
heroes/fourth_daughter/anim/fourth_daughter.sprite.afflicted.atlas
heroes/fourth_daughter/anim/fourth_daughter.sprite.afflicted.skel
heroes/fourth_daughter/anim/fourth_daughter.sprite.attack_buff.atlas
heroes/fourth_daughter/anim/fourth_daughter.sprite.attack_buff.skel
heroes/fourth_daughter/anim/fourth_daughter.sprite.attack_heal.atlas
heroes/fourth_daughter/anim/fourth_daughter.sprite.attack_heal.skel
heroes/fourth_daughter/anim/fourth_daughter.sprite.attack_lectionary.atlas
heroes/fourth_daughter/anim/fourth_daughter.sprite.attack_lectionary.skel
heroes/fourth_daughter/anim/fourth_daughter.sprite.attack_mace.atlas
heroes/fourth_daughter/anim/fourth_daughter.sprite.attack_mace.skel
heroes/fourth_daughter/anim/fourth_daughter.sprite.attack_miracle.atlas
heroes/fourth_daughter/anim/fourth_daughter.sprite.attack_miracle.skel
heroes/fourth_daughter/anim/fourth_daughter.sprite.attack_reclaim.atlas
heroes/fourth_daughter/anim/fourth_daughter.sprite.attack_reclaim.skel
heroes/fourth_daughter/anim/fourth_daughter.sprite.attack_redeem.atlas
heroes/fourth_daughter/anim/fourth_daughter.sprite.attack_redeem.skel
heroes/fourth_daughter/anim/fourth_daughter.sprite.camp.atlas
heroes/fourth_daughter/anim/fourth_daughter.sprite.camp.skel
heroes/fourth_daughter/anim/fourth_daughter.sprite.combat.atlas
heroes/fourth_daughter/anim/fourth_daughter.sprite.combat.skel
heroes/fourth_daughter/anim/fourth_daughter.sprite.defend.atlas
heroes/fourth_daughter/anim/fourth_daughter.sprite.defend.skel
heroes/fourth_daughter/anim/fourth_daughter.sprite.heroic.atlas
heroes/fourth_daughter/anim/fourth_daughter.sprite.heroic.skel
heroes/fourth_daughter/anim/fourth_daughter.sprite.idle.atlas
heroes/fourth_daughter/anim/fourth_daughter.sprite.idle.skel
heroes/fourth_daughter/anim/fourth_daughter.sprite.investigate.atlas
heroes/fourth_daughter/anim/fourth_daughter.sprite.investigate.skel
heroes/fourth_daughter/anim/fourth_daughter.sprite.walk.atlas
heroes/fourth_daughter/anim/fourth_daughter.sprite.walk.skel
heroes/fourth_daughter/fourth_daughter_A/fourth_daughter_portrait_roster.png
heroes/fourth_daughter/fourth_daughter_B/fourth_daughter_portrait_roster.png
heroes/fourth_daughter/fourth_daughter_C/fourth_daughter_portrait_roster.png
heroes/fourth_daughter/fourth_daughter_V/fourth_daughter_portrait_roster.png
heroes/fourth_daughter/fx/fourth_daughter.sprite.abyssal_artillery_target.atlas
heroes/fourth_daughter/fx/fourth_daughter.sprite.abyssal_artillery_target.png
heroes/fourth_daughter/fx/fourth_daughter.sprite.abyssal_artillery_target.skel
heroes/fourth_daughter/fx/fourth_daughter.sprite.curse_vulnerability_target.atlas
heroes/fourth_daughter/fx/fourth_daughter.sprite.curse_vulnerability_target.png
heroes/fourth_daughter/fx/fourth_daughter.sprite.curse_vulnerability_target.skel
heroes/fourth_daughter/fx/fourth_daughter.sprite.daemons_pull_target.atlas
heroes/fourth_daughter/fx/fourth_daughter.sprite.daemons_pull_target.png
heroes/fourth_daughter/fx/fourth_daughter.sprite.daemons_pull_target.skel
heroes/fourth_daughter/fx/fourth_daughter.sprite.dazzling_light.atlas
heroes/fourth_daughter/fx/fourth_daughter.sprite.dazzling_light.png
heroes/fourth_daughter/fx/fourth_daughter.sprite.dazzling_light.skel
heroes/fourth_daughter/fx/fourth_daughter.sprite.dazzling_light_target.atlas
heroes/fourth_daughter/fx/fourth_daughter.sprite.dazzling_light_target.png
heroes/fourth_daughter/fx/fourth_daughter.sprite.dazzling_light_target.skel
heroes/fourth_daughter/fx/fourth_daughter.sprite.divine_grace.atlas
heroes/fourth_daughter/fx/fourth_daughter.sprite.divine_grace.png
heroes/fourth_daughter/fx/fourth_daughter.sprite.divine_grace.skel
heroes/fourth_daughter/fx/fourth_daughter.sprite.divine_grace_target.atlas
heroes/fourth_daughter/fx/fourth_daughter.sprite.divine_grace_target.png
heroes/fourth_daughter/fx/fourth_daughter.sprite.divine_grace_target.skel
heroes/fourth_daughter/fx/fourth_daughter.sprite.emboldening_vapours.atlas
heroes/fourth_daughter/fx/fourth_daughter.sprite.emboldening_vapours.png
heroes/fourth_daughter/fx/fourth_daughter.sprite.emboldening_vapours.skel
heroes/fourth_daughter/fx/fourth_daughter.sprite.exsanguinate.atlas
heroes/fourth_daughter/fx/fourth_daughter.sprite.exsanguinate.png
heroes/fourth_daughter/fx/fourth_daughter.sprite.exsanguinate.skel
heroes/fourth_daughter/fx/fourth_daughter.sprite.gods_comfort.atlas
heroes/fourth_daughter/fx/fourth_daughter.sprite.gods_comfort.png
heroes/fourth_daughter/fx/fourth_daughter.sprite.gods_comfort.skel
heroes/fourth_daughter/fx/fourth_daughter.sprite.gods_comfort_target.atlas
heroes/fourth_daughter/fx/fourth_daughter.sprite.gods_comfort_target.png
heroes/fourth_daughter/fx/fourth_daughter.sprite.gods_comfort_target.skel
heroes/fourth_daughter/fx/fourth_daughter.sprite.gods_hand.atlas
heroes/fourth_daughter/fx/fourth_daughter.sprite.gods_hand.png
heroes/fourth_daughter/fx/fourth_daughter.sprite.gods_hand.skel
heroes/fourth_daughter/fx/fourth_daughter.sprite.gods_hand_target.atlas
heroes/fourth_daughter/fx/fourth_daughter.sprite.gods_hand_target.png
heroes/fourth_daughter/fx/fourth_daughter.sprite.gods_hand_target.skel
heroes/fourth_daughter/fx/fourth_daughter.sprite.gods_illumination.atlas
heroes/fourth_daughter/fx/fourth_daughter.sprite.gods_illumination.png
heroes/fourth_daughter/fx/fourth_daughter.sprite.gods_illumination.skel
heroes/fourth_daughter/fx/fourth_daughter.sprite.gods_illumination_target.atlas
heroes/fourth_daughter/fx/fourth_daughter.sprite.gods_illumination_target.png
heroes/fourth_daughter/fx/fourth_daughter.sprite.gods_illumination_target.skel
heroes/fourth_daughter/fx/fourth_daughter.sprite.judgement.atlas
heroes/fourth_daughter/fx/fourth_daughter.sprite.judgement.png
heroes/fourth_daughter/fx/fourth_daughter.sprite.judgement.skel
heroes/fourth_daughter/fx/fourth_daughter.sprite.judgement_target.atlas
heroes/fourth_daughter/fx/fourth_daughter.sprite.judgement_target.png
heroes/fourth_daughter/fx/fourth_daughter.sprite.judgement_target.skel
heroes/fourth_daughter/fx/fourth_daughter.sprite.mace_bash.atlas
heroes/fourth_daughter/fx/fourth_daughter.sprite.mace_bash.png
heroes/fourth_daughter/fx/fourth_daughter.sprite.mace_bash.skel
heroes/fourth_daughter/fx/fourth_daughter.sprite.putrefying_breath.atlas
heroes/fourth_daughter/fx/fourth_daughter.sprite.putrefying_breath.png
heroes/fourth_daughter/fx/fourth_daughter.sprite.putrefying_breath.skel
heroes/fourth_daughter/fx/fourth_daughter.sprite.redeem.atlas
heroes/fourth_daughter/fx/fourth_daughter.sprite.redeem.png
heroes/fourth_daughter/fx/fourth_daughter.sprite.redeem.skel
heroes/fourth_daughter/fx/fourth_daughter.sprite.ruinous_hex.atlas
heroes/fourth_daughter/fx/fourth_daughter.sprite.ruinous_hex.png
heroes/fourth_daughter/fx/fourth_daughter.sprite.ruinous_hex.skel
heroes/fourth_daughter/fx/fourth_daughter.sprite.ruinous_hex_target.atlas
heroes/fourth_daughter/fx/fourth_daughter.sprite.ruinous_hex_target.png
heroes/fourth_daughter/fx/fourth_daughter.sprite.ruinous_hex_target.skel
heroes/fourth_daughter/fx/fourth_daughter.sprite.suffer.atlas
heroes/fourth_daughter/fx/fourth_daughter.sprite.suffer.png
heroes/fourth_daughter/fx/fourth_daughter.sprite.suffer.skel
heroes/fourth_daughter/fx/fourth_daughter.sprite.unholy_rally.atlas
heroes/fourth_daughter/fx/fourth_daughter.sprite.unholy_rally.png
heroes/fourth_daughter/fx/fourth_daughter.sprite.unholy_rally.skel
heroes/fourth_daughter/fx/fourth_daughter.sprite.wicked_surge_target.atlas
heroes/fourth_daughter/fx/fourth_daughter.sprite.wicked_surge_target.png
heroes/fourth_daughter/fx/fourth_daughter.sprite.wicked_surge_target.skel
heroes/fourth_daughter/icons_equip/eqp_armour_0.png
heroes/fourth_daughter/icons_equip/eqp_armour_1.png
heroes/fourth_daughter/icons_equip/eqp_armour_2.png
heroes/fourth_daughter/icons_equip/eqp_armour_3.png
heroes/fourth_daughter/icons_equip/eqp_armour_4.png
heroes/fourth_daughter/icons_equip/eqp_weapon_0.png
heroes/fourth_daughter/icons_equip/eqp_weapon_1.png
heroes/fourth_daughter/icons_equip/eqp_weapon_2.png
heroes/fourth_daughter/icons_equip/eqp_weapon_3.png
heroes/fourth_daughter/icons_equip/eqp_weapon_4.png
heroes/second_daughter/anim/second_daughter.sprite.afflicted.atlas
heroes/second_daughter/anim/second_daughter.sprite.afflicted.skel
heroes/second_daughter/anim/second_daughter.sprite.attack_buff.atlas
heroes/second_daughter/anim/second_daughter.sprite.attack_buff.skel
heroes/second_daughter/anim/second_daughter.sprite.attack_chain.atlas
heroes/second_daughter/anim/second_daughter.sprite.attack_chain.skel
heroes/second_daughter/anim/second_daughter.sprite.attack_charge.atlas
heroes/second_daughter/anim/second_daughter.sprite.attack_charge.skel
heroes/second_daughter/anim/second_daughter.sprite.attack_claw.atlas
heroes/second_daughter/anim/second_daughter.sprite.attack_claw.skel
heroes/second_daughter/anim/second_daughter.sprite.attack_high.atlas
heroes/second_daughter/anim/second_daughter.sprite.attack_high.skel
heroes/second_daughter/anim/second_daughter.sprite.attack_kneel.atlas
heroes/second_daughter/anim/second_daughter.sprite.attack_kneel.skel
heroes/second_daughter/anim/second_daughter.sprite.attack_leap.atlas
heroes/second_daughter/anim/second_daughter.sprite.attack_leap.skel
heroes/second_daughter/anim/second_daughter.sprite.attack_low.atlas
heroes/second_daughter/anim/second_daughter.sprite.attack_low.skel
heroes/second_daughter/anim/second_daughter.sprite.attack_ranged.atlas
heroes/second_daughter/anim/second_daughter.sprite.attack_ranged.skel
heroes/second_daughter/anim/second_daughter.sprite.camp.atlas
heroes/second_daughter/anim/second_daughter.sprite.camp.skel
heroes/second_daughter/anim/second_daughter.sprite.combat.atlas
heroes/second_daughter/anim/second_daughter.sprite.combat.skel
heroes/second_daughter/anim/second_daughter.sprite.defend.atlas
heroes/second_daughter/anim/second_daughter.sprite.defend.skel
heroes/second_daughter/anim/second_daughter.sprite.heroic.atlas
heroes/second_daughter/anim/second_daughter.sprite.heroic.skel
heroes/second_daughter/anim/second_daughter.sprite.idle.atlas
heroes/second_daughter/anim/second_daughter.sprite.idle.skel
heroes/second_daughter/anim/second_daughter.sprite.investigate.atlas
heroes/second_daughter/anim/second_daughter.sprite.investigate.skel
heroes/second_daughter/anim/second_daughter.sprite.riposte.atlas
heroes/second_daughter/anim/second_daughter.sprite.riposte.skel
heroes/second_daughter/anim/second_daughter.sprite.walk.atlas
heroes/second_daughter/anim/second_daughter.sprite.walk.skel
heroes/second_daughter/fx/second_daughter.sprite.absolution.atlas
heroes/second_daughter/fx/second_daughter.sprite.absolution.png
heroes/second_daughter/fx/second_daughter.sprite.absolution.skel
heroes/second_daughter/fx/second_daughter.sprite.adrenaline_rush.atlas
heroes/second_daughter/fx/second_daughter.sprite.adrenaline_rush.png
heroes/second_daughter/fx/second_daughter.sprite.adrenaline_rush.skel
heroes/second_daughter/fx/second_daughter.sprite.barbaric_yawp.atlas
heroes/second_daughter/fx/second_daughter.sprite.barbaric_yawp.png
heroes/second_daughter/fx/second_daughter.sprite.barbaric_yawp.skel
heroes/second_daughter/fx/second_daughter.sprite.bleed_out.atlas
heroes/second_daughter/fx/second_daughter.sprite.bleed_out.png
heroes/second_daughter/fx/second_daughter.sprite.bleed_out.skel
heroes/second_daughter/fx/second_daughter.sprite.breakthru.atlas
heroes/second_daughter/fx/second_daughter.sprite.breakthru.png
heroes/second_daughter/fx/second_daughter.sprite.breakthru.skel
heroes/second_daughter/fx/second_daughter.sprite.if_it_bleeds.atlas
heroes/second_daughter/fx/second_daughter.sprite.if_it_bleeds.png
heroes/second_daughter/fx/second_daughter.sprite.if_it_bleeds.skel
heroes/second_daughter/fx/second_daughter.sprite.iron_swan.atlas
heroes/second_daughter/fx/second_daughter.sprite.iron_swan.png
heroes/second_daughter/fx/second_daughter.sprite.iron_swan.skel
heroes/second_daughter/fx/second_daughter.sprite.rake.atlas
heroes/second_daughter/fx/second_daughter.sprite.rake.png
heroes/second_daughter/fx/second_daughter.sprite.rake.skel
heroes/second_daughter/fx/second_daughter.sprite.riposte.atlas
heroes/second_daughter/fx/second_daughter.sprite.riposte.png
heroes/second_daughter/fx/second_daughter.sprite.riposte.skel
heroes/second_daughter/fx/second_daughter.sprite.wicked_hack.atlas
heroes/second_daughter/fx/second_daughter.sprite.wicked_hack.png
heroes/second_daughter/fx/second_daughter.sprite.wicked_hack.skel
heroes/second_daughter/icons_equip/eqp_armour_0.png
heroes/second_daughter/icons_equip/eqp_armour_1.png
heroes/second_daughter/icons_equip/eqp_armour_2.png
heroes/second_daughter/icons_equip/eqp_armour_3.png
heroes/second_daughter/icons_equip/eqp_armour_4.png
heroes/second_daughter/icons_equip/eqp_weapon_0.png
heroes/second_daughter/icons_equip/eqp_weapon_1.png
heroes/second_daughter/icons_equip/eqp_weapon_2.png
heroes/second_daughter/icons_equip/eqp_weapon_3.png
heroes/second_daughter/icons_equip/eqp_weapon_4.png
heroes/second_daughter/second_daughter_A/second_daughter_portrait_roster.png
heroes/second_daughter/second_daughter_B/second_daughter_portrait_roster.png
heroes/second_daughter/second_daughter_C/second_daughter_portrait_roster.png
heroes/second_daughter/second_daughter_D/second_daughter_portrait_roster.png
heroes/second_daughter/second_daughter_E/second_daughter_portrait_roster.png
heroes/third_daughter/anim/third_daughter.sprite.afflicted.atlas
heroes/third_daughter/anim/third_daughter.sprite.afflicted.skel
heroes/third_daughter/anim/third_daughter.sprite.attack_club.atlas
heroes/third_daughter/anim/third_daughter.sprite.attack_club.skel
heroes/third_daughter/anim/third_daughter.sprite.attack_guard.atlas
heroes/third_daughter/anim/third_daughter.sprite.attack_guard.skel
heroes/third_daughter/anim/third_daughter.sprite.attack_heal.atlas
heroes/third_daughter/anim/third_daughter.sprite.attack_heal.skel
heroes/third_daughter/anim/third_daughter.sprite.attack_howl.atlas
heroes/third_daughter/anim/third_daughter.sprite.attack_howl.skel
heroes/third_daughter/anim/third_daughter.sprite.attack_point.atlas
heroes/third_daughter/anim/third_daughter.sprite.attack_point.skel
heroes/third_daughter/anim/third_daughter.sprite.attack_rush.atlas
heroes/third_daughter/anim/third_daughter.sprite.attack_rush.skel
heroes/third_daughter/anim/third_daughter.sprite.attack_sickem.atlas
heroes/third_daughter/anim/third_daughter.sprite.attack_sickem.skel
heroes/third_daughter/anim/third_daughter.sprite.attack_skull.atlas
heroes/third_daughter/anim/third_daughter.sprite.attack_skull.skel
heroes/third_daughter/anim/third_daughter.sprite.attack_slice.atlas
heroes/third_daughter/anim/third_daughter.sprite.attack_slice.skel
heroes/third_daughter/anim/third_daughter.sprite.camp.atlas
heroes/third_daughter/anim/third_daughter.sprite.camp.skel
heroes/third_daughter/anim/third_daughter.sprite.combat.atlas
heroes/third_daughter/anim/third_daughter.sprite.combat.skel
heroes/third_daughter/anim/third_daughter.sprite.defend.atlas
heroes/third_daughter/anim/third_daughter.sprite.defend.skel
heroes/third_daughter/anim/third_daughter.sprite.heroic.atlas
heroes/third_daughter/anim/third_daughter.sprite.heroic.skel
heroes/third_daughter/anim/third_daughter.sprite.idle.atlas
heroes/third_daughter/anim/third_daughter.sprite.idle.skel
heroes/third_daughter/anim/third_daughter.sprite.investigate.atlas
heroes/third_daughter/anim/third_daughter.sprite.investigate.skel
heroes/third_daughter/anim/third_daughter.sprite.walk.atlas
heroes/third_daughter/anim/third_daughter.sprite.walk.skel
heroes/third_daughter/fx/third_daughter.sprite.abyssal_artillery.atlas
heroes/third_daughter/fx/third_daughter.sprite.abyssal_artillery.png
heroes/third_daughter/fx/third_daughter.sprite.abyssal_artillery.skel
heroes/third_daughter/fx/third_daughter.sprite.baleful_howl.atlas
heroes/third_daughter/fx/third_daughter.sprite.baleful_howl.png
heroes/third_daughter/fx/third_daughter.sprite.baleful_howl.skel
heroes/third_daughter/fx/third_daughter.sprite.blackjack.atlas
heroes/third_daughter/fx/third_daughter.sprite.blackjack.png
heroes/third_daughter/fx/third_daughter.sprite.blackjack.skel
heroes/third_daughter/fx/third_daughter.sprite.command.atlas
heroes/third_daughter/fx/third_daughter.sprite.command.png
heroes/third_daughter/fx/third_daughter.sprite.command.skel
heroes/third_daughter/fx/third_daughter.sprite.guard_dog.atlas
heroes/third_daughter/fx/third_daughter.sprite.guard_dog.png
heroes/third_daughter/fx/third_daughter.sprite.guard_dog.skel
heroes/third_daughter/fx/third_daughter.sprite.hounds_harry.atlas
heroes/third_daughter/fx/third_daughter.sprite.hounds_harry.png
heroes/third_daughter/fx/third_daughter.sprite.hounds_harry.skel
heroes/third_daughter/fx/third_daughter.sprite.hounds_rush.atlas
heroes/third_daughter/fx/third_daughter.sprite.hounds_rush.png
heroes/third_daughter/fx/third_daughter.sprite.hounds_rush.skel
heroes/third_daughter/fx/third_daughter.sprite.inspiring_cry.atlas
heroes/third_daughter/fx/third_daughter.sprite.inspiring_cry.png
heroes/third_daughter/fx/third_daughter.sprite.inspiring_cry.skel
heroes/third_daughter/fx/third_daughter.sprite.lick_wounds.atlas
heroes/third_daughter/fx/third_daughter.sprite.lick_wounds.png
heroes/third_daughter/fx/third_daughter.sprite.lick_wounds.skel
heroes/third_daughter/fx/third_daughter.sprite.plague_grenade_target.atlas
heroes/third_daughter/fx/third_daughter.sprite.plague_grenade_target.png
heroes/third_daughter/fx/third_daughter.sprite.plague_grenade_target.skel
heroes/third_daughter/fx/third_daughter.sprite.venom.atlas
heroes/third_daughter/fx/third_daughter.sprite.venom.png
heroes/third_daughter/fx/third_daughter.sprite.venom.skel
heroes/third_daughter/fx/third_daughter.sprite.weakening_curse_target.atlas
heroes/third_daughter/fx/third_daughter.sprite.weakening_curse_target.png
heroes/third_daughter/fx/third_daughter.sprite.weakening_curse_target.skel
heroes/third_daughter/fx/third_daughter.sprite.whistle.atlas
heroes/third_daughter/fx/third_daughter.sprite.whistle.png
heroes/third_daughter/fx/third_daughter.sprite.whistle.skel
heroes/third_daughter/fx/third_daughter.sprite.withstand.atlas
heroes/third_daughter/fx/third_daughter.sprite.withstand.png
heroes/third_daughter/fx/third_daughter.sprite.withstand.skel
heroes/third_daughter/icons_equip/eqp_armour_0.png
heroes/third_daughter/icons_equip/eqp_armour_1.png
heroes/third_daughter/icons_equip/eqp_armour_2.png
heroes/third_daughter/icons_equip/eqp_armour_3.png
heroes/third_daughter/icons_equip/eqp_armour_4.png
heroes/third_daughter/icons_equip/eqp_weapon_0.png
heroes/third_daughter/icons_equip/eqp_weapon_1.png
heroes/third_daughter/icons_equip/eqp_weapon_2.png
heroes/third_daughter/icons_equip/eqp_weapon_3.png
heroes/third_daughter/icons_equip/eqp_weapon_4.png
heroes/third_daughter/third_daughter_A/third_daughter_portrait_roster - copia.png
heroes/third_daughter/third_daughter_A/third_daughter_portrait_roster.png
heroes/third_daughter/third_daughter_B/third_daughter_portrait_roster.png
heroes/third_daughter/third_daughter_C/third_daughter_portrait_roster.png
heroes/third_daughter/third_daughter_D/third_daughter_portrait_roster.png
monsters/banner_of_second/anim/banner_of_second.sprite.combat.atlas
monsters/banner_of_second/anim/banner_of_second.sprite.combat.png
monsters/banner_of_second/anim/banner_of_second.sprite.combat.psd
monsters/banner_of_second/anim/banner_of_second.sprite.combat.skel
monsters/banner_of_second/anim/banner_of_second.sprite.defend.atlas
monsters/banner_of_second/anim/banner_of_second.sprite.defend.png
monsters/banner_of_second/anim/banner_of_second.sprite.defend.psd
monsters/banner_of_second/anim/banner_of_second.sprite.defend.skel
monsters/banner_of_second/banner_of_second_A/banner_of_second_A.art.darkest
monsters/banner_of_second/banner_of_second_A/banner_of_second_A.info.darkest
monsters/banner_of_second/fx/banner_of_second.sprite.absolution.atlas
monsters/banner_of_second/fx/banner_of_second.sprite.absolution.png
monsters/banner_of_second/fx/banner_of_second.sprite.absolution.psd
monsters/banner_of_second/fx/banner_of_second.sprite.absolution.skel
monsters/banner_of_second/fx/banner_of_second.sprite.rend_the_warp.atlas
monsters/banner_of_second/fx/banner_of_second.sprite.rend_the_warp.png
monsters/banner_of_second/fx/banner_of_second.sprite.rend_the_warp.psd
monsters/banner_of_second/fx/banner_of_second.sprite.rend_the_warp.skel
monsters/banner_of_second/ui/banner_of_second.tray_battle_modifier_buff.png
monsters/banner_of_second/ui/banner_of_second.tray_battle_modifier_debuff.png
panels/icons_equip/supply/inv_supply+daughters_bloodline_essence.png
panels/icons_equip/supply/inv_supply+first_left.png
panels/icons_equip/supply/inv_supply+first_right.png
panels/icons_equip/supply/inv_supply+fourth_calling.png
panels/icons_equip/supply/inv_supply+fourth_left.png
panels/icons_equip/supply/inv_supply+fourth_right.png
panels/icons_equip/supply/inv_supply+second_father_i.png
panels/icons_equip/supply/inv_supply+second_god_i.png
panels/icons_equip/supply/inv_supply+second_left.png
panels/icons_equip/supply/inv_supply+second_mother_i.png
panels/icons_equip/supply/inv_supply+second_right.png
raid/camping/skill_icons/camp_skill_afflict_me.png
raid/camping/skill_icons/camp_skill_afflict_me.psd
raid/camping/skill_icons/camp_skill_all_ready.png
raid/camping/skill_icons/camp_skill_all_ready.psd
raid/camping/skill_icons/camp_skill_eye_open.png
raid/camping/skill_icons/camp_skill_eye_open.psd
raid/camping/skill_icons/camp_skill_first_left_loot.png
raid/camping/skill_icons/camp_skill_first_right_loot.png
raid/camping/skill_icons/camp_skill_fourth_left_loot.png
raid/camping/skill_icons/camp_skill_fourth_right_loot.png
raid/camping/skill_icons/camp_skill_improve_equipment - copia.png
raid/camping/skill_icons/camp_skill_improve_equipment.png
raid/camping/skill_icons/camp_skill_improve_equipment.psd
raid/camping/skill_icons/camp_skill_improve_equipment1.png
raid/camping/skill_icons/camp_skill_masterful_encourage.png
raid/camping/skill_icons/camp_skill_masterful_first_aid.png
raid/camping/skill_icons/camp_skill_midnight_scouting.png
raid/camping/skill_icons/camp_skill_midnight_scouting.psd
raid/camping/skill_icons/camp_skill_one_battle_burst.png
raid/camping/skill_icons/camp_skill_one_battle_burst.psd
raid/camping/skill_icons/camp_skill_second_father_item.png
raid/camping/skill_icons/camp_skill_second_father_item.psd
raid/camping/skill_icons/camp_skill_second_father_item_c.psd
raid/camping/skill_icons/camp_skill_second_god_item.png
raid/camping/skill_icons/camp_skill_second_left_loot.png
raid/camping/skill_icons/camp_skill_second_mother_item.png
raid/camping/skill_icons/camp_skill_second_right_loot.png
raid/camping/skill_icons/camp_skill_second_the_cure.png
raid/camping/skill_icons/camp_skill_third_antivenom_loot.png
raid/camping/skill_icons/camp_skill_third_bandage_loot.png
raid/camping/skill_icons/camp_skill_third_herbs_loot.png
raid/camping/skill_icons/camp_skill_third_provision_loot.png
raid/camping/skill_icons/camp_skill_third_shovel_loot.png
raid/camping/skill_icons/camp_skill_third_torch_loot.png
campaign/provision/fourth_provision.json
campaign/provision/third_provision.json
campaign/town_events/daughters.town_events.events.json
fx/first_align_father1/first_align_father1.sprite.atlas
fx/first_align_father1/first_align_father1.sprite.png
fx/first_align_father1/first_align_father1.sprite.skel
fx/first_align_father2/first_align_father2.sprite.atlas
fx/first_align_father2/first_align_father2.sprite.png
fx/first_align_father2/first_align_father2.sprite.skel
fx/first_align_father3/first_align_father3.sprite.atlas
fx/first_align_father3/first_align_father3.sprite.png
fx/first_align_father3/first_align_father3.sprite.skel
fx/first_align_mother1/first_align_mother1.sprite.atlas
fx/first_align_mother1/first_align_mother1.sprite.png
fx/first_align_mother1/first_align_mother1.sprite.skel
fx/first_align_mother2/first_align_mother2.sprite.atlas
fx/first_align_mother2/first_align_mother2.sprite.png
fx/first_align_mother2/first_align_mother2.sprite.skel
fx/first_align_mother3/first_align_mother3.sprite.atlas
fx/first_align_mother3/first_align_mother3.sprite.png
fx/first_align_mother3/first_align_mother3.sprite.skel
fx/fourth_align_father1/fourth_align_father1.sprite.atlas
fx/fourth_align_father1/fourth_align_father1.sprite.png
fx/fourth_align_father1/fourth_align_father1.sprite.skel
fx/fourth_align_father2/fourth_align_father2.sprite.atlas
fx/fourth_align_father2/fourth_align_father2.sprite.png
fx/fourth_align_father2/fourth_align_father2.sprite.skel
fx/fourth_align_father3/fourth_align_father3.sprite.atlas
fx/fourth_align_father3/fourth_align_father3.sprite.png
fx/fourth_align_father3/fourth_align_father3.sprite.skel
fx/fourth_align_mother1/fourth_align_mother1.sprite.atlas
fx/fourth_align_mother1/fourth_align_mother1.sprite.png
fx/fourth_align_mother1/fourth_align_mother1.sprite.skel
fx/fourth_align_mother2/fourth_align_mother2.sprite.atlas
fx/fourth_align_mother2/fourth_align_mother2.sprite.png
fx/fourth_align_mother2/fourth_align_mother2.sprite.skel
fx/fourth_align_mother3/fourth_align_mother3.sprite.atlas
fx/fourth_align_mother3/fourth_align_mother3.sprite.png
fx/fourth_align_mother3/fourth_align_mother3.sprite.skel
fx/fourth_death/fourth_death.sprite.atlas
fx/fourth_death/fourth_death.sprite.png
fx/fourth_death/fourth_death.sprite.skel
fx/second_align_father1/second_align_father1.sprite.atlas
fx/second_align_father1/second_align_father1.sprite.png
fx/second_align_father1/second_align_father1.sprite.skel
fx/second_align_father2/second_align_father2.sprite.atlas
fx/second_align_father2/second_align_father2.sprite.png
fx/second_align_father2/second_align_father2.sprite.skel
fx/second_align_father3/second_align_father3.sprite.atlas
fx/second_align_father3/second_align_father3.sprite.png
fx/second_align_father3/second_align_father3.sprite.skel
fx/second_align_god1/second_align_god1.sprite.atlas
fx/second_align_god1/second_align_god1.sprite.png
fx/second_align_god1/second_align_god1.sprite.skel
fx/second_align_god2/second_align_god2.sprite.atlas
fx/second_align_god2/second_align_god2.sprite.png
fx/second_align_god2/second_align_god2.sprite.skel
fx/second_align_god3/second_align_god3.sprite.atlas
fx/second_align_god3/second_align_god3.sprite.png
fx/second_align_god3/second_align_god3.sprite.skel
fx/second_align_mother1/second_align_mother1.sprite.atlas
fx/second_align_mother1/second_align_mother1.sprite.png
fx/second_align_mother1/second_align_mother1.sprite.skel
fx/second_align_mother2/second_align_mother2.sprite.atlas
fx/second_align_mother2/second_align_mother2.sprite.png
fx/second_align_mother2/second_align_mother2.sprite.skel
fx/second_align_mother3/second_align_mother3.sprite.atlas
fx/second_align_mother3/second_align_mother3.sprite.png
fx/second_align_mother3/second_align_mother3.sprite.skel
fx/snake_scale/snake_scale.sprite.atlas
fx/snake_scale/snake_scale.sprite.png
fx/snake_scale/snake_scale.sprite.skel
heroes/first_daughter/first_daughter.ability.bloodline.png
heroes/first_daughter/first_daughter.ability.five.png
heroes/first_daughter/first_daughter.ability.four.png
heroes/first_daughter/first_daughter.ability.one.png
heroes/first_daughter/first_daughter.ability.seven.png
heroes/first_daughter/first_daughter.ability.six.png
heroes/first_daughter/first_daughter.ability.three.png
heroes/first_daughter/first_daughter.ability.two.png
heroes/first_daughter/first_daughter.art.darkest
heroes/first_daughter/first_daughter.info.darkest
heroes/first_daughter/first_daughter_guild_header.png
heroes/fourth_daughter/fourth_daughter.ability.bloodline.png
heroes/fourth_daughter/fourth_daughter.ability.five.png
heroes/fourth_daughter/fourth_daughter.ability.four.png
heroes/fourth_daughter/fourth_daughter.ability.one.png
heroes/fourth_daughter/fourth_daughter.ability.seven.png
heroes/fourth_daughter/fourth_daughter.ability.six.png
heroes/fourth_daughter/fourth_daughter.ability.three.png
heroes/fourth_daughter/fourth_daughter.ability.two.png
heroes/fourth_daughter/fourth_daughter.art.darkest
heroes/fourth_daughter/fourth_daughter.info.darkest
heroes/fourth_daughter/fourth_daughter_guild_header.png
heroes/second_daughter/second_daughter.ability.bloodline.png
heroes/second_daughter/second_daughter.ability.five.png
heroes/second_daughter/second_daughter.ability.four.png
heroes/second_daughter/second_daughter.ability.one.png
heroes/second_daughter/second_daughter.ability.seven.png
heroes/second_daughter/second_daughter.ability.six.png
heroes/second_daughter/second_daughter.ability.three.png
heroes/second_daughter/second_daughter.ability.two.png
heroes/second_daughter/second_daughter.art.darkest
heroes/second_daughter/second_daughter.info.darkest
heroes/second_daughter/second_daughter_guild_header.png
heroes/third_daughter/third_daughter.ability.five.png
heroes/third_daughter/third_daughter.ability.four.png
heroes/third_daughter/third_daughter.ability.one.png
heroes/third_daughter/third_daughter.ability.seven.png
heroes/third_daughter/third_daughter.ability.six.png
heroes/third_daughter/third_daughter.ability.special.png
heroes/third_daughter/third_daughter.ability.three.png
heroes/third_daughter/third_daughter.ability.two.png
heroes/third_daughter/third_daughter.art.darkest
heroes/third_daughter/third_daughter.info.darkest
heroes/third_daughter/third_daughter_guild_header.png
raid/ai/second.monster_brains.json
raid/camping/four_daughters.camping_skills.json
raid/camping/four_daughters_ext.camping_skills.json
scripts/layout/com.popup_text.layout.darkest
scripts/layout/shieldbreaker.popup_text.layout.darkest
shared/buffs/daughter_items.buffs.json
shared/buffs/daughters_personal_text.buffs.json
shared/buffs/first_daughter.buffs.json
shared/buffs/first_daughter_ext1.buffs.json
shared/buffs/first_daughter_trait.buffs.json
shared/buffs/first_father.buffs.json
shared/buffs/first_mother.buff.json
shared/buffs/first_mother.buffs.json
shared/buffs/fourth_daughter.buffs.json
shared/buffs/fourth_daughter_ext3.buffs.json
shared/buffs/fourth_daughter_trait.buffs.json
shared/buffs/fourth_father.buffs.json
shared/buffs/fourth_mother.buffs.json
shared/buffs/second_daughter.buffs.json
shared/buffs/second_daughter_ext.buffs.json
shared/buffs/second_father.buffs.json
shared/buffs/second_god.buffs.json
shared/buffs/second_mother.buffs.json
shared/buffs/summon_daughters.buffs.json
shared/buffs/third_daughter.buffs.json
shared/buffs/third_daughter_ext.buffs.json
shared/party_name/daughters_party_name.json
shared/quirk/4daughters_q.json
shared/trait/first_daughter.trait_library.json
shared/trait/fourth_daughter.trait_library.json
shared/trait/second_daughter.trait_library.json
shared/trait/third_daughter.trait_library.json
upgrades/heroes/first_daughter.upgrades.json
upgrades/heroes/fourth_daughter.upgrades.json
upgrades/heroes/second_daughter.upgrades.json
upgrades/heroes/third_daughter.upgrades.json
audio/first_daughter.campaign.guid_overrides.json
audio/first_daughter.campaign.load_order.json
audio/fourth_daughter.campaign.guid_overrides.json
audio/fourth_daughter.campaign.load_order.json
audio/second_banner.campaign.guid_overrides.json
