
-------------------------------------------------------------------------------
Parsing project file - C:\Users\rabus\OneDrive\Desktop\DD Mod Stuff\The Wretch\Wretch Final\project.xml
Mod Data Directory = C:/Users/rabus/OneDrive/Desktop/DD Mod Stuff/The Wretch/Wretch Final/

-------------------------------------------------------------------------------
Processing Map Files files...

-------------------------------------------------------------------------------
Running Localization...
Parsing localization/miscellaneous_wretch.string_table.xml
Parsing localization/trinkets_wretch.string_table.xml
Parsing localization/wretch.string_table.xml
Parsing localization/wretch_TT.string_table.xml

Building Languages
Exporting .loc files

-------------------------------------------------------------------------------
Searching for preview icon file C:/Users/rabus/OneDrive/Desktop/DD Mod Stuff/The Wretch/Wretch Final/preview_icon.png...FOUND!
<UploadMode> - Set to direct_upload


-------------------------------------------------------------------------------
Modded files...

heroes/wretch/wretch_A/anim/wretch.sprite.afflicted.png
heroes/wretch/wretch_A/anim/wretch.sprite.attack_contagion.png
heroes/wretch/wretch_A/anim/wretch.sprite.attack_outbreak.png
heroes/wretch/wretch_A/anim/wretch.sprite.attack_riposte.png
heroes/wretch/wretch_A/anim/wretch.sprite.attack_scapegoat.png
heroes/wretch/wretch_A/anim/wretch.sprite.attack_squarry.png
heroes/wretch/wretch_A/anim/wretch.sprite.attack_stab.png
heroes/wretch/wretch_A/anim/wretch.sprite.attack_swarm.png
heroes/wretch/wretch_A/anim/wretch.sprite.attack_wretch_vomit.png
heroes/wretch/wretch_A/anim/wretch.sprite.camp.png
heroes/wretch/wretch_A/anim/wretch.sprite.combat.png
heroes/wretch/wretch_A/anim/wretch.sprite.defend.png
heroes/wretch/wretch_A/anim/wretch.sprite.heroic.png
heroes/wretch/wretch_A/anim/wretch.sprite.idle.png
heroes/wretch/wretch_A/anim/wretch.sprite.investigate.png
heroes/wretch/wretch_A/anim/wretch.sprite.riposte.png
heroes/wretch/wretch_A/anim/wretch.sprite.scapegoat.png
heroes/wretch/wretch_A/anim/wretch.sprite.walk.png
heroes/wretch/wretch_B/anim/wretch.sprite.afflicted.png
heroes/wretch/wretch_B/anim/wretch.sprite.attack_contagion.png
heroes/wretch/wretch_B/anim/wretch.sprite.attack_outbreak.png
heroes/wretch/wretch_B/anim/wretch.sprite.attack_riposte.png
heroes/wretch/wretch_B/anim/wretch.sprite.attack_scapegoat.png
heroes/wretch/wretch_B/anim/wretch.sprite.attack_squarry.png
heroes/wretch/wretch_B/anim/wretch.sprite.attack_stab.png
heroes/wretch/wretch_B/anim/wretch.sprite.attack_swarm.png
heroes/wretch/wretch_B/anim/wretch.sprite.attack_wretch_vomit.png
heroes/wretch/wretch_B/anim/wretch.sprite.camp.png
heroes/wretch/wretch_B/anim/wretch.sprite.combat.png
heroes/wretch/wretch_B/anim/wretch.sprite.defend.png
heroes/wretch/wretch_B/anim/wretch.sprite.heroic.png
heroes/wretch/wretch_B/anim/wretch.sprite.idle.png
heroes/wretch/wretch_B/anim/wretch.sprite.investigate.png
heroes/wretch/wretch_B/anim/wretch.sprite.walk.png
heroes/wretch/wretch_C/anim/wretch.sprite.afflicted.png
heroes/wretch/wretch_C/anim/wretch.sprite.attack_contagion.png
heroes/wretch/wretch_C/anim/wretch.sprite.attack_outbreak.png
heroes/wretch/wretch_C/anim/wretch.sprite.attack_riposte.png
heroes/wretch/wretch_C/anim/wretch.sprite.attack_scapegoat.png
heroes/wretch/wretch_C/anim/wretch.sprite.attack_squarry.png
heroes/wretch/wretch_C/anim/wretch.sprite.attack_stab.png
heroes/wretch/wretch_C/anim/wretch.sprite.attack_swarm.png
heroes/wretch/wretch_C/anim/wretch.sprite.attack_wretch_vomit.png
heroes/wretch/wretch_C/anim/wretch.sprite.camp.png
heroes/wretch/wretch_C/anim/wretch.sprite.combat.png
heroes/wretch/wretch_C/anim/wretch.sprite.defend.png
heroes/wretch/wretch_C/anim/wretch.sprite.heroic.png
heroes/wretch/wretch_C/anim/wretch.sprite.idle.png
heroes/wretch/wretch_C/anim/wretch.sprite.investigate.png
heroes/wretch/wretch_C/anim/wretch.sprite.walk.png
heroes/wretch/wretch_D/anim/wretch.sprite.afflicted.png
heroes/wretch/wretch_D/anim/wretch.sprite.attack_contagion.png
heroes/wretch/wretch_D/anim/wretch.sprite.attack_outbreak.png
heroes/wretch/wretch_D/anim/wretch.sprite.attack_riposte.png
heroes/wretch/wretch_D/anim/wretch.sprite.attack_scapegoat.png
heroes/wretch/wretch_D/anim/wretch.sprite.attack_squarry.png
heroes/wretch/wretch_D/anim/wretch.sprite.attack_stab.png
heroes/wretch/wretch_D/anim/wretch.sprite.attack_swarm.png
heroes/wretch/wretch_D/anim/wretch.sprite.attack_wretch_vomit.png
heroes/wretch/wretch_D/anim/wretch.sprite.camp.png
heroes/wretch/wretch_D/anim/wretch.sprite.combat.png
heroes/wretch/wretch_D/anim/wretch.sprite.defend.png
heroes/wretch/wretch_D/anim/wretch.sprite.heroic.png
heroes/wretch/wretch_D/anim/wretch.sprite.idle.png
heroes/wretch/wretch_D/anim/wretch.sprite.investigate.png
heroes/wretch/wretch_D/anim/wretch.sprite.walk.png
campaign/town/town_event/town_event.image_first_wretch.png
campaign/town/town_event/town_event.image_idle_resolve_level_wretch.png
heroes/wretch/anim/wretch.sprite.afflicted.atlas
heroes/wretch/anim/wretch.sprite.afflicted.skel
heroes/wretch/anim/wretch.sprite.attack_contagion.atlas
heroes/wretch/anim/wretch.sprite.attack_contagion.skel
heroes/wretch/anim/wretch.sprite.attack_outbreak.atlas
heroes/wretch/anim/wretch.sprite.attack_outbreak.skel
heroes/wretch/anim/wretch.sprite.attack_riposte.atlas
heroes/wretch/anim/wretch.sprite.attack_riposte.skel
heroes/wretch/anim/wretch.sprite.attack_scapegoat.atlas
heroes/wretch/anim/wretch.sprite.attack_scapegoat.skel
heroes/wretch/anim/wretch.sprite.attack_squarry.atlas
heroes/wretch/anim/wretch.sprite.attack_squarry.skel
heroes/wretch/anim/wretch.sprite.attack_stab.atlas
heroes/wretch/anim/wretch.sprite.attack_stab.skel
heroes/wretch/anim/wretch.sprite.attack_swarm.atlas
heroes/wretch/anim/wretch.sprite.attack_swarm.skel
heroes/wretch/anim/wretch.sprite.attack_wretch_vomit.atlas
heroes/wretch/anim/wretch.sprite.attack_wretch_vomit.skel
heroes/wretch/anim/wretch.sprite.camp.atlas
heroes/wretch/anim/wretch.sprite.camp.skel
heroes/wretch/anim/wretch.sprite.combat.atlas
heroes/wretch/anim/wretch.sprite.combat.skel
heroes/wretch/anim/wretch.sprite.contagion.atlas
heroes/wretch/anim/wretch.sprite.contagion.skel
heroes/wretch/anim/wretch.sprite.defend.atlas
heroes/wretch/anim/wretch.sprite.defend.skel
heroes/wretch/anim/wretch.sprite.heroic.atlas
heroes/wretch/anim/wretch.sprite.heroic.skel
heroes/wretch/anim/wretch.sprite.idle.atlas
heroes/wretch/anim/wretch.sprite.idle.skel
heroes/wretch/anim/wretch.sprite.investigate.atlas
heroes/wretch/anim/wretch.sprite.investigate.skel
heroes/wretch/anim/wretch.sprite.riposte.atlas
heroes/wretch/anim/wretch.sprite.riposte.skel
heroes/wretch/anim/wretch.sprite.scapegoat.atlas
heroes/wretch/anim/wretch.sprite.scapegoat.skel
heroes/wretch/anim/wretch.sprite.walk.atlas
heroes/wretch/anim/wretch.sprite.walk.skel
heroes/wretch/fx/wretch.sprite.contagion_target.atlas
heroes/wretch/fx/wretch.sprite.contagion_target.png
heroes/wretch/fx/wretch.sprite.contagion_target.skel
heroes/wretch/fx/wretch.sprite.outbreak_target.atlas
heroes/wretch/fx/wretch.sprite.outbreak_target.png
heroes/wretch/fx/wretch.sprite.outbreak_target.skel
heroes/wretch/fx/wretch.sprite.scapegoat_target.atlas
heroes/wretch/fx/wretch.sprite.scapegoat_target.png
heroes/wretch/fx/wretch.sprite.scapegoat_target.skel
heroes/wretch/fx/wretch.sprite.swarm_target.atlas
heroes/wretch/fx/wretch.sprite.swarm_target.png
heroes/wretch/fx/wretch.sprite.swarm_target.skel
heroes/wretch/icons_equip/eqp_armour_0.png
heroes/wretch/icons_equip/eqp_armour_1.png
heroes/wretch/icons_equip/eqp_armour_2.png
heroes/wretch/icons_equip/eqp_armour_3.png
heroes/wretch/icons_equip/eqp_armour_4.png
heroes/wretch/icons_equip/eqp_weapon_0.png
heroes/wretch/icons_equip/eqp_weapon_1.png
heroes/wretch/icons_equip/eqp_weapon_2.png
heroes/wretch/icons_equip/eqp_weapon_3.png
heroes/wretch/icons_equip/eqp_weapon_4.png
heroes/wretch/wretch_A/wretch_portrait_roster.png
heroes/wretch/wretch_B/wretch_portrait_roster.png
heroes/wretch/wretch_C/wretch_portrait_roster.png
heroes/wretch/wretch_D/wretch_portrait_roster.png
panels/icons_equip/trinket/inv_trinket+wretch_CC_Hat.png
