
-------------------------------------------------------------------------------
Parsing project file - D:\proj\Released_mods\Anti_Collection\project.xml
Mod Data Directory = D:/proj/Released_mods/Anti_Collection/

-------------------------------------------------------------------------------
Processing Map Files files...

-------------------------------------------------------------------------------
Searching for preview icon file D:/proj/Released_mods/Anti_Collection/preview_icon.png...FOUND!
<UploadMode> - Set to direct_upload


-------------------------------------------------------------------------------
Modded files...

heroes/antiquarian/1Anti1antiquarian_J/anim/antiquarian.sprite.afflicted.png
heroes/antiquarian/1Anti1antiquarian_J/anim/antiquarian.sprite.attack_censer.png
heroes/antiquarian/1Anti1antiquarian_J/anim/antiquarian.sprite.attack_guard.png
heroes/antiquarian/1Anti1antiquarian_J/anim/antiquarian.sprite.attack_heal.png
heroes/antiquarian/1Anti1antiquarian_J/anim/antiquarian.sprite.attack_melee.png
heroes/antiquarian/1Anti1antiquarian_J/anim/antiquarian.sprite.attack_ranged.png
heroes/antiquarian/1Anti1antiquarian_J/anim/antiquarian.sprite.camp.png
heroes/antiquarian/1Anti1antiquarian_J/anim/antiquarian.sprite.combat.png
heroes/antiquarian/1Anti1antiquarian_J/anim/antiquarian.sprite.defend.png
heroes/antiquarian/1Anti1antiquarian_J/anim/antiquarian.sprite.heroic.png
heroes/antiquarian/1Anti1antiquarian_J/anim/antiquarian.sprite.idle.png
heroes/antiquarian/1Anti1antiquarian_J/anim/antiquarian.sprite.investigate.png
heroes/antiquarian/1Anti1antiquarian_J/anim/antiquarian.sprite.walk.png
heroes/antiquarian/2Anti1antiquarian_J/anim/antiquarian.sprite.afflicted.png
heroes/antiquarian/2Anti1antiquarian_J/anim/antiquarian.sprite.attack_censer.png
heroes/antiquarian/2Anti1antiquarian_J/anim/antiquarian.sprite.attack_guard.png
heroes/antiquarian/2Anti1antiquarian_J/anim/antiquarian.sprite.attack_heal.png
heroes/antiquarian/2Anti1antiquarian_J/anim/antiquarian.sprite.attack_melee.png
heroes/antiquarian/2Anti1antiquarian_J/anim/antiquarian.sprite.attack_ranged.png
heroes/antiquarian/2Anti1antiquarian_J/anim/antiquarian.sprite.camp.png
heroes/antiquarian/2Anti1antiquarian_J/anim/antiquarian.sprite.combat.png
heroes/antiquarian/2Anti1antiquarian_J/anim/antiquarian.sprite.defend.png
heroes/antiquarian/2Anti1antiquarian_J/anim/antiquarian.sprite.heroic.png
heroes/antiquarian/2Anti1antiquarian_J/anim/antiquarian.sprite.idle.png
heroes/antiquarian/2Anti1antiquarian_J/anim/antiquarian.sprite.investigate.png
heroes/antiquarian/2Anti1antiquarian_J/anim/antiquarian.sprite.walk.png
heroes/antiquarian/3Anti1antiquarian_J/anim/antiquarian.sprite.afflicted.png
heroes/antiquarian/3Anti1antiquarian_J/anim/antiquarian.sprite.attack_censer.png
heroes/antiquarian/3Anti1antiquarian_J/anim/antiquarian.sprite.attack_guard.png
heroes/antiquarian/3Anti1antiquarian_J/anim/antiquarian.sprite.attack_heal.png
heroes/antiquarian/3Anti1antiquarian_J/anim/antiquarian.sprite.attack_melee.png
heroes/antiquarian/3Anti1antiquarian_J/anim/antiquarian.sprite.attack_ranged.png
heroes/antiquarian/3Anti1antiquarian_J/anim/antiquarian.sprite.camp.png
heroes/antiquarian/3Anti1antiquarian_J/anim/antiquarian.sprite.combat.png
heroes/antiquarian/3Anti1antiquarian_J/anim/antiquarian.sprite.defend.png
heroes/antiquarian/3Anti1antiquarian_J/anim/antiquarian.sprite.heroic.png
heroes/antiquarian/3Anti1antiquarian_J/anim/antiquarian.sprite.idle.png
heroes/antiquarian/3Anti1antiquarian_J/anim/antiquarian.sprite.investigate.png
heroes/antiquarian/3Anti1antiquarian_J/anim/antiquarian.sprite.walk.png
heroes/antiquarian/3Anti2antiquarian_J/anim/antiquarian.sprite.afflicted.png
heroes/antiquarian/3Anti2antiquarian_J/anim/antiquarian.sprite.attack_censer.png
heroes/antiquarian/3Anti2antiquarian_J/anim/antiquarian.sprite.attack_guard.png
heroes/antiquarian/3Anti2antiquarian_J/anim/antiquarian.sprite.attack_heal.png
heroes/antiquarian/3Anti2antiquarian_J/anim/antiquarian.sprite.attack_melee.png
heroes/antiquarian/3Anti2antiquarian_J/anim/antiquarian.sprite.attack_ranged.png
heroes/antiquarian/3Anti2antiquarian_J/anim/antiquarian.sprite.camp.png
heroes/antiquarian/3Anti2antiquarian_J/anim/antiquarian.sprite.combat.png
heroes/antiquarian/3Anti2antiquarian_J/anim/antiquarian.sprite.defend.png
heroes/antiquarian/3Anti2antiquarian_J/anim/antiquarian.sprite.heroic.png
heroes/antiquarian/3Anti2antiquarian_J/anim/antiquarian.sprite.idle.png
heroes/antiquarian/3Anti2antiquarian_J/anim/antiquarian.sprite.investigate.png
heroes/antiquarian/3Anti2antiquarian_J/anim/antiquarian.sprite.walk.png
heroes/antiquarian/3Anti3antiquarian_J/anim/antiquarian.sprite.afflicted.png
heroes/antiquarian/3Anti3antiquarian_J/anim/antiquarian.sprite.attack_censer.png
heroes/antiquarian/3Anti3antiquarian_J/anim/antiquarian.sprite.attack_guard.png
heroes/antiquarian/3Anti3antiquarian_J/anim/antiquarian.sprite.attack_heal.png
heroes/antiquarian/3Anti3antiquarian_J/anim/antiquarian.sprite.attack_melee.png
heroes/antiquarian/3Anti3antiquarian_J/anim/antiquarian.sprite.attack_ranged.png
heroes/antiquarian/3Anti3antiquarian_J/anim/antiquarian.sprite.camp.png
heroes/antiquarian/3Anti3antiquarian_J/anim/antiquarian.sprite.combat.png
heroes/antiquarian/3Anti3antiquarian_J/anim/antiquarian.sprite.defend.png
heroes/antiquarian/3Anti3antiquarian_J/anim/antiquarian.sprite.heroic.png
heroes/antiquarian/3Anti3antiquarian_J/anim/antiquarian.sprite.idle.png
heroes/antiquarian/3Anti3antiquarian_J/anim/antiquarian.sprite.investigate.png
heroes/antiquarian/3Anti3antiquarian_J/anim/antiquarian.sprite.walk.png
heroes/antiquarian/3Anti4antiquarian_J/anim/antiquarian.sprite.attack_censer.png
heroes/antiquarian/3Anti4antiquarian_J/anim/antiquarian.sprite.attack_guard.png
heroes/antiquarian/3Anti4antiquarian_J/anim/antiquarian.sprite.attack_heal.png
heroes/antiquarian/3Anti4antiquarian_J/anim/antiquarian.sprite.attack_melee.png
heroes/antiquarian/3Anti4antiquarian_J/anim/antiquarian.sprite.attack_ranged.png
heroes/antiquarian/3Anti4antiquarian_J/anim/antiquarian.sprite.camp.png
heroes/antiquarian/3Anti4antiquarian_J/anim/antiquarian.sprite.combat.png
heroes/antiquarian/3Anti4antiquarian_J/anim/antiquarian.sprite.defend.png
heroes/antiquarian/3Anti4antiquarian_J/anim/antiquarian.sprite.idle.png
heroes/antiquarian/3Anti4antiquarian_J/anim/antiquarian.sprite.investigate.png
heroes/antiquarian/3Anti4antiquarian_J/anim/antiquarian.sprite.walk.png
heroes/hellion/1Anti1hellion_J/anim/hellion.sprite.afflicted.png
heroes/hellion/1Anti1hellion_J/anim/hellion.sprite.attack_buff.png
heroes/hellion/1Anti1hellion_J/anim/hellion.sprite.attack_charge.png
heroes/hellion/1Anti1hellion_J/anim/hellion.sprite.attack_high.png
heroes/hellion/1Anti1hellion_J/anim/hellion.sprite.attack_leap.png
heroes/hellion/1Anti1hellion_J/anim/hellion.sprite.attack_low.png
heroes/hellion/1Anti1hellion_J/anim/hellion.sprite.attack_ranged.png
heroes/hellion/1Anti1hellion_J/anim/hellion.sprite.camp.png
heroes/hellion/1Anti1hellion_J/anim/hellion.sprite.combat.png
heroes/hellion/1Anti1hellion_J/anim/hellion.sprite.defend.png
heroes/hellion/1Anti1hellion_J/anim/hellion.sprite.heroic.png
heroes/hellion/1Anti1hellion_J/anim/hellion.sprite.idle.png
heroes/hellion/1Anti1hellion_J/anim/hellion.sprite.investigate.png
heroes/hellion/1Anti1hellion_J/anim/hellion.sprite.walk.png
heroes/hellion/1Anti2hellion_J/anim/hellion.sprite.afflicted.png
heroes/hellion/1Anti2hellion_J/anim/hellion.sprite.attack_buff.png
heroes/hellion/1Anti2hellion_J/anim/hellion.sprite.attack_charge.png
heroes/hellion/1Anti2hellion_J/anim/hellion.sprite.attack_high.png
heroes/hellion/1Anti2hellion_J/anim/hellion.sprite.attack_leap.png
heroes/hellion/1Anti2hellion_J/anim/hellion.sprite.attack_low.png
heroes/hellion/1Anti2hellion_J/anim/hellion.sprite.attack_ranged.png
heroes/hellion/1Anti2hellion_J/anim/hellion.sprite.camp.png
heroes/hellion/1Anti2hellion_J/anim/hellion.sprite.combat.png
heroes/hellion/1Anti2hellion_J/anim/hellion.sprite.defend.png
heroes/hellion/1Anti2hellion_J/anim/hellion.sprite.heroic.png
heroes/hellion/1Anti2hellion_J/anim/hellion.sprite.idle.png
heroes/hellion/1Anti2hellion_J/anim/hellion.sprite.idle.xcf
heroes/hellion/1Anti2hellion_J/anim/hellion.sprite.investigate.png
heroes/hellion/1Anti2hellion_J/anim/hellion.sprite.walk.png
heroes/hellion/2Anti1hellion_J/anim/hellion.sprite.afflicted.png
heroes/hellion/2Anti1hellion_J/anim/hellion.sprite.attack_buff.png
heroes/hellion/2Anti1hellion_J/anim/hellion.sprite.attack_charge.png
heroes/hellion/2Anti1hellion_J/anim/hellion.sprite.attack_high.png
heroes/hellion/2Anti1hellion_J/anim/hellion.sprite.attack_leap.png
heroes/hellion/2Anti1hellion_J/anim/hellion.sprite.attack_low.png
heroes/hellion/2Anti1hellion_J/anim/hellion.sprite.attack_ranged.png
heroes/hellion/2Anti1hellion_J/anim/hellion.sprite.camp.png
heroes/hellion/2Anti1hellion_J/anim/hellion.sprite.combat.png
heroes/hellion/2Anti1hellion_J/anim/hellion.sprite.defend.png
heroes/hellion/2Anti1hellion_J/anim/hellion.sprite.heroic.png
heroes/hellion/2Anti1hellion_J/anim/hellion.sprite.idle.png
heroes/hellion/2Anti1hellion_J/anim/hellion.sprite.investigate.png
heroes/hellion/2Anti1hellion_J/anim/hellion.sprite.walk.png
heroes/hellion/2Anti2hellion_J/anim/hellion.sprite.afflicted.png
heroes/hellion/2Anti2hellion_J/anim/hellion.sprite.attack_buff.png
heroes/hellion/2Anti2hellion_J/anim/hellion.sprite.attack_charge.png
heroes/hellion/2Anti2hellion_J/anim/hellion.sprite.attack_high.png
heroes/hellion/2Anti2hellion_J/anim/hellion.sprite.attack_leap.png
heroes/hellion/2Anti2hellion_J/anim/hellion.sprite.attack_low.png
heroes/hellion/2Anti2hellion_J/anim/hellion.sprite.attack_ranged.png
heroes/hellion/2Anti2hellion_J/anim/hellion.sprite.camp.png
heroes/hellion/2Anti2hellion_J/anim/hellion.sprite.combat.png
heroes/hellion/2Anti2hellion_J/anim/hellion.sprite.defend.png
heroes/hellion/2Anti2hellion_J/anim/hellion.sprite.heroic.png
heroes/hellion/2Anti2hellion_J/anim/hellion.sprite.idle.png
heroes/hellion/2Anti2hellion_J/anim/hellion.sprite.investigate.png
heroes/hellion/2Anti2hellion_J/anim/hellion.sprite.walk.png
heroes/hellion/3Anti1hellion_J/anim/hellion.sprite.afflicted.png
heroes/hellion/3Anti1hellion_J/anim/hellion.sprite.attack_buff.png
heroes/hellion/3Anti1hellion_J/anim/hellion.sprite.attack_charge.png
heroes/hellion/3Anti1hellion_J/anim/hellion.sprite.attack_high.png
heroes/hellion/3Anti1hellion_J/anim/hellion.sprite.attack_leap.png
heroes/hellion/3Anti1hellion_J/anim/hellion.sprite.attack_low.png
heroes/hellion/3Anti1hellion_J/anim/hellion.sprite.attack_ranged.png
heroes/hellion/3Anti1hellion_J/anim/hellion.sprite.camp.png
heroes/hellion/3Anti1hellion_J/anim/hellion.sprite.combat.png
heroes/hellion/3Anti1hellion_J/anim/hellion.sprite.defend.png
heroes/hellion/3Anti1hellion_J/anim/hellion.sprite.heroic.png
heroes/hellion/3Anti1hellion_J/anim/hellion.sprite.idle.png
heroes/hellion/3Anti1hellion_J/anim/hellion.sprite.investigate.png
heroes/hellion/3Anti1hellion_J/anim/hellion.sprite.walk.png
heroes/hellion/3Anti2hellion_J/anim/hellion.sprite.afflicted.png
heroes/hellion/3Anti2hellion_J/anim/hellion.sprite.attack_buff.png
heroes/hellion/3Anti2hellion_J/anim/hellion.sprite.attack_charge.png
heroes/hellion/3Anti2hellion_J/anim/hellion.sprite.attack_high.png
heroes/hellion/3Anti2hellion_J/anim/hellion.sprite.attack_leap.png
heroes/hellion/3Anti2hellion_J/anim/hellion.sprite.attack_low.png
heroes/hellion/3Anti2hellion_J/anim/hellion.sprite.attack_ranged.png
heroes/hellion/3Anti2hellion_J/anim/hellion.sprite.camp.png
heroes/hellion/3Anti2hellion_J/anim/hellion.sprite.combat.png
heroes/hellion/3Anti2hellion_J/anim/hellion.sprite.defend.png
heroes/hellion/3Anti2hellion_J/anim/hellion.sprite.heroic.png
heroes/hellion/3Anti2hellion_J/anim/hellion.sprite.idle.png
heroes/hellion/3Anti2hellion_J/anim/hellion.sprite.investigate.png
heroes/hellion/3Anti2hellion_J/anim/hellion.sprite.walk.png
heroes/hellion/3Anti3hellion_J/anim/hellion.sprite.afflicted.png
heroes/hellion/3Anti3hellion_J/anim/hellion.sprite.attack_buff.png
heroes/hellion/3Anti3hellion_J/anim/hellion.sprite.attack_charge.png
heroes/hellion/3Anti3hellion_J/anim/hellion.sprite.attack_high.png
heroes/hellion/3Anti3hellion_J/anim/hellion.sprite.attack_leap.png
heroes/hellion/3Anti3hellion_J/anim/hellion.sprite.attack_low.png
heroes/hellion/3Anti3hellion_J/anim/hellion.sprite.attack_ranged.png
heroes/hellion/3Anti3hellion_J/anim/hellion.sprite.camp.png
heroes/hellion/3Anti3hellion_J/anim/hellion.sprite.combat.png
heroes/hellion/3Anti3hellion_J/anim/hellion.sprite.defend.png
heroes/hellion/3Anti3hellion_J/anim/hellion.sprite.heroic.png
heroes/hellion/3Anti3hellion_J/anim/hellion.sprite.idle.png
heroes/hellion/3Anti3hellion_J/anim/hellion.sprite.investigate.png
heroes/hellion/3Anti3hellion_J/anim/hellion.sprite.walk.png
heroes/hellion/3Anti4hellion_J/anim/hellion.sprite.afflicted.png
heroes/hellion/3Anti4hellion_J/anim/hellion.sprite.attack_buff.png
heroes/hellion/3Anti4hellion_J/anim/hellion.sprite.attack_charge.png
heroes/hellion/3Anti4hellion_J/anim/hellion.sprite.attack_high.png
heroes/hellion/3Anti4hellion_J/anim/hellion.sprite.attack_leap.png
heroes/hellion/3Anti4hellion_J/anim/hellion.sprite.attack_low.png
heroes/hellion/3Anti4hellion_J/anim/hellion.sprite.attack_ranged.png
heroes/hellion/3Anti4hellion_J/anim/hellion.sprite.camp.png
heroes/hellion/3Anti4hellion_J/anim/hellion.sprite.combat.png
heroes/hellion/3Anti4hellion_J/anim/hellion.sprite.defend.png
heroes/hellion/3Anti4hellion_J/anim/hellion.sprite.heroic.png
heroes/hellion/3Anti4hellion_J/anim/hellion.sprite.idle.png
heroes/hellion/3Anti4hellion_J/anim/hellion.sprite.investigate.png
heroes/hellion/3Anti4hellion_J/anim/hellion.sprite.walk.png
heroes/hellion/4Anti1hellion_J/anim/hellion.sprite.afflicted.png
heroes/hellion/4Anti1hellion_J/anim/hellion.sprite.attack_buff.png
heroes/hellion/4Anti1hellion_J/anim/hellion.sprite.attack_charge.png
heroes/hellion/4Anti1hellion_J/anim/hellion.sprite.attack_high.png
heroes/hellion/4Anti1hellion_J/anim/hellion.sprite.attack_leap.png
heroes/hellion/4Anti1hellion_J/anim/hellion.sprite.attack_low.png
heroes/hellion/4Anti1hellion_J/anim/hellion.sprite.attack_ranged.png
heroes/hellion/4Anti1hellion_J/anim/hellion.sprite.camp.png
heroes/hellion/4Anti1hellion_J/anim/hellion.sprite.combat.png
heroes/hellion/4Anti1hellion_J/anim/hellion.sprite.defend.png
heroes/hellion/4Anti1hellion_J/anim/hellion.sprite.heroic.png
heroes/hellion/4Anti1hellion_J/anim/hellion.sprite.idle.png
heroes/hellion/4Anti1hellion_J/anim/hellion.sprite.investigate.png
heroes/hellion/4Anti1hellion_J/anim/hellion.sprite.walk.png
heroes/hellion/4Anti1hellion_J/anim/hellion_portrait_roster.png
heroes/hellion/4Anti2hellion_J/anim/hellion.sprite.afflicted.png
heroes/hellion/4Anti2hellion_J/anim/hellion.sprite.attack_buff.png
heroes/hellion/4Anti2hellion_J/anim/hellion.sprite.attack_charge.png
heroes/hellion/4Anti2hellion_J/anim/hellion.sprite.attack_high.png
heroes/hellion/4Anti2hellion_J/anim/hellion.sprite.attack_leap.png
heroes/hellion/4Anti2hellion_J/anim/hellion.sprite.attack_low.png
heroes/hellion/4Anti2hellion_J/anim/hellion.sprite.attack_ranged.png
heroes/hellion/4Anti2hellion_J/anim/hellion.sprite.camp.png
heroes/hellion/4Anti2hellion_J/anim/hellion.sprite.combat.png
heroes/hellion/4Anti2hellion_J/anim/hellion.sprite.defend.png
heroes/hellion/4Anti2hellion_J/anim/hellion.sprite.heroic.png
heroes/hellion/4Anti2hellion_J/anim/hellion.sprite.idle.png
heroes/hellion/4Anti2hellion_J/anim/hellion.sprite.investigate.png
heroes/hellion/4Anti2hellion_J/anim/hellion.sprite.walk.png
heroes/hellion/4Anti3hellion_J/anim/hellion.sprite.afflicted.png
heroes/hellion/4Anti3hellion_J/anim/hellion.sprite.attack_buff.png
heroes/hellion/4Anti3hellion_J/anim/hellion.sprite.attack_charge.png
heroes/hellion/4Anti3hellion_J/anim/hellion.sprite.attack_high.png
heroes/hellion/4Anti3hellion_J/anim/hellion.sprite.attack_leap.png
heroes/hellion/4Anti3hellion_J/anim/hellion.sprite.attack_low.png
heroes/hellion/4Anti3hellion_J/anim/hellion.sprite.attack_ranged.png
heroes/hellion/4Anti3hellion_J/anim/hellion.sprite.camp.png
heroes/hellion/4Anti3hellion_J/anim/hellion.sprite.combat.png
heroes/hellion/4Anti3hellion_J/anim/hellion.sprite.defend.png
heroes/hellion/4Anti3hellion_J/anim/hellion.sprite.heroic.png
heroes/hellion/4Anti3hellion_J/anim/hellion.sprite.idle.png
heroes/hellion/4Anti3hellion_J/anim/hellion.sprite.investigate.png
heroes/hellion/4Anti3hellion_J/anim/hellion.sprite.walk.png
heroes/hellion/4Anti4hellion_J/anim/hellion.sprite.afflicted.png
heroes/hellion/4Anti4hellion_J/anim/hellion.sprite.attack_buff.png
heroes/hellion/4Anti4hellion_J/anim/hellion.sprite.attack_charge.png
heroes/hellion/4Anti4hellion_J/anim/hellion.sprite.attack_high.png
heroes/hellion/4Anti4hellion_J/anim/hellion.sprite.attack_leap.png
heroes/hellion/4Anti4hellion_J/anim/hellion.sprite.attack_low.png
heroes/hellion/4Anti4hellion_J/anim/hellion.sprite.attack_ranged.png
heroes/hellion/4Anti4hellion_J/anim/hellion.sprite.camp.png
heroes/hellion/4Anti4hellion_J/anim/hellion.sprite.combat.png
heroes/hellion/4Anti4hellion_J/anim/hellion.sprite.defend.png
heroes/hellion/4Anti4hellion_J/anim/hellion.sprite.heroic.png
heroes/hellion/4Anti4hellion_J/anim/hellion.sprite.idle.png
heroes/hellion/4Anti4hellion_J/anim/hellion.sprite.investigate.png
heroes/hellion/4Anti4hellion_J/anim/hellion.sprite.walk.png
heroes/houndmaster/1Anti1houndmaster_J/anim/houndmaster.sprite.afflicted.png
heroes/houndmaster/1Anti1houndmaster_J/anim/houndmaster.sprite.attack_club.png
heroes/houndmaster/1Anti1houndmaster_J/anim/houndmaster.sprite.attack_guard.png
heroes/houndmaster/1Anti1houndmaster_J/anim/houndmaster.sprite.attack_heal.png
heroes/houndmaster/1Anti1houndmaster_J/anim/houndmaster.sprite.attack_howl.png
heroes/houndmaster/1Anti1houndmaster_J/anim/houndmaster.sprite.attack_point.png
heroes/houndmaster/1Anti1houndmaster_J/anim/houndmaster.sprite.attack_rush.png
heroes/houndmaster/1Anti1houndmaster_J/anim/houndmaster.sprite.attack_sickem.png
heroes/houndmaster/1Anti1houndmaster_J/anim/houndmaster.sprite.camp.png
heroes/houndmaster/1Anti1houndmaster_J/anim/houndmaster.sprite.combat.png
heroes/houndmaster/1Anti1houndmaster_J/anim/houndmaster.sprite.defend.png
heroes/houndmaster/1Anti1houndmaster_J/anim/houndmaster.sprite.heroic.png
heroes/houndmaster/1Anti1houndmaster_J/anim/houndmaster.sprite.idle.png
heroes/houndmaster/1Anti1houndmaster_J/anim/houndmaster.sprite.investigate.png
heroes/houndmaster/1Anti1houndmaster_J/anim/houndmaster.sprite.walk.png
heroes/houndmaster/1Anti2houndmaster_J/anim/houndmaster.sprite.afflicted.png
heroes/houndmaster/1Anti2houndmaster_J/anim/houndmaster.sprite.attack_club.png
heroes/houndmaster/1Anti2houndmaster_J/anim/houndmaster.sprite.attack_guard.png
heroes/houndmaster/1Anti2houndmaster_J/anim/houndmaster.sprite.attack_heal.png
heroes/houndmaster/1Anti2houndmaster_J/anim/houndmaster.sprite.attack_howl.png
heroes/houndmaster/1Anti2houndmaster_J/anim/houndmaster.sprite.attack_point.png
heroes/houndmaster/1Anti2houndmaster_J/anim/houndmaster.sprite.attack_rush.png
heroes/houndmaster/1Anti2houndmaster_J/anim/houndmaster.sprite.attack_sickem.png
heroes/houndmaster/1Anti2houndmaster_J/anim/houndmaster.sprite.camp.png
heroes/houndmaster/1Anti2houndmaster_J/anim/houndmaster.sprite.combat.png
heroes/houndmaster/1Anti2houndmaster_J/anim/houndmaster.sprite.defend.png
heroes/houndmaster/1Anti2houndmaster_J/anim/houndmaster.sprite.heroic.png
heroes/houndmaster/1Anti2houndmaster_J/anim/houndmaster.sprite.idle.png
heroes/houndmaster/1Anti2houndmaster_J/anim/houndmaster.sprite.investigate.png
heroes/houndmaster/1Anti2houndmaster_J/anim/houndmaster.sprite.walk.png
heroes/leper/1Anti1leper_J/anim/leper.sprite.afflicted.png
heroes/leper/1Anti1leper_J/anim/leper.sprite.attack_buff.png
heroes/leper/1Anti1leper_J/anim/leper.sprite.attack_chop.png
heroes/leper/1Anti1leper_J/anim/leper.sprite.attack_hew.png
heroes/leper/1Anti1leper_J/anim/leper.sprite.attack_intimidate.png
heroes/leper/1Anti1leper_J/anim/leper.sprite.camp.png
heroes/leper/1Anti1leper_J/anim/leper.sprite.combat.png
heroes/leper/1Anti1leper_J/anim/leper.sprite.defend.png
heroes/leper/1Anti1leper_J/anim/leper.sprite.heroic.png
heroes/leper/1Anti1leper_J/anim/leper.sprite.idle.png
heroes/leper/1Anti1leper_J/anim/leper.sprite.investigate.png
heroes/leper/1Anti1leper_J/anim/leper.sprite.walk.png
heroes/leper/1Anti2leper_J/anim/leper.sprite.afflicted.png
heroes/leper/1Anti2leper_J/anim/leper.sprite.attack_buff.png
heroes/leper/1Anti2leper_J/anim/leper.sprite.attack_chop.png
heroes/leper/1Anti2leper_J/anim/leper.sprite.attack_hew.png
heroes/leper/1Anti2leper_J/anim/leper.sprite.attack_intimidate.png
heroes/leper/1Anti2leper_J/anim/leper.sprite.camp.png
heroes/leper/1Anti2leper_J/anim/leper.sprite.combat.png
heroes/leper/1Anti2leper_J/anim/leper.sprite.defend.png
heroes/leper/1Anti2leper_J/anim/leper.sprite.heroic.png
heroes/leper/1Anti2leper_J/anim/leper.sprite.idle.png
heroes/leper/1Anti2leper_J/anim/leper.sprite.investigate.png
heroes/leper/1Anti2leper_J/anim/leper.sprite.walk.png
heroes/leper/1Anti3leper_J/anim/leper.sprite.afflicted.png
heroes/leper/1Anti3leper_J/anim/leper.sprite.attack_buff.png
heroes/leper/1Anti3leper_J/anim/leper.sprite.attack_chop.png
heroes/leper/1Anti3leper_J/anim/leper.sprite.attack_hew.png
heroes/leper/1Anti3leper_J/anim/leper.sprite.attack_intimidate.png
heroes/leper/1Anti3leper_J/anim/leper.sprite.camp.png
heroes/leper/1Anti3leper_J/anim/leper.sprite.combat.png
heroes/leper/1Anti3leper_J/anim/leper.sprite.defend.png
heroes/leper/1Anti3leper_J/anim/leper.sprite.heroic.png
heroes/leper/1Anti3leper_J/anim/leper.sprite.idle.png
heroes/leper/1Anti3leper_J/anim/leper.sprite.investigate.png
heroes/leper/1Anti3leper_J/anim/leper.sprite.walk.png
heroes/leper/1Anti4leper_J/anim/leper.sprite.afflicted.png
heroes/leper/1Anti4leper_J/anim/leper.sprite.attack_buff.png
heroes/leper/1Anti4leper_J/anim/leper.sprite.attack_chop.png
heroes/leper/1Anti4leper_J/anim/leper.sprite.attack_hew.png
heroes/leper/1Anti4leper_J/anim/leper.sprite.attack_intimidate.png
heroes/leper/1Anti4leper_J/anim/leper.sprite.camp.png
heroes/leper/1Anti4leper_J/anim/leper.sprite.combat.png
heroes/leper/1Anti4leper_J/anim/leper.sprite.defend.png
heroes/leper/1Anti4leper_J/anim/leper.sprite.heroic.png
heroes/leper/1Anti4leper_J/anim/leper.sprite.idle.png
heroes/leper/1Anti4leper_J/anim/leper.sprite.investigate.png
heroes/leper/1Anti4leper_J/anim/leper.sprite.walk.png
heroes/man_at_arms/1Anti1man_at_arms_J/anim/man_at_arms.sprite.afflicted.png
heroes/man_at_arms/1Anti1man_at_arms_J/anim/man_at_arms.sprite.attack_mace.png
heroes/man_at_arms/1Anti1man_at_arms_J/anim/man_at_arms.sprite.attack_ranged.png
heroes/man_at_arms/1Anti1man_at_arms_J/anim/man_at_arms.sprite.attack_shield.png
heroes/man_at_arms/1Anti1man_at_arms_J/anim/man_at_arms.sprite.attack_shout.png
heroes/man_at_arms/1Anti1man_at_arms_J/anim/man_at_arms.sprite.camp.png
heroes/man_at_arms/1Anti1man_at_arms_J/anim/man_at_arms.sprite.combat.png
heroes/man_at_arms/1Anti1man_at_arms_J/anim/man_at_arms.sprite.defend.png
heroes/man_at_arms/1Anti1man_at_arms_J/anim/man_at_arms.sprite.heroic.png
heroes/man_at_arms/1Anti1man_at_arms_J/anim/man_at_arms.sprite.idle.png
heroes/man_at_arms/1Anti1man_at_arms_J/anim/man_at_arms.sprite.investigate.png
heroes/man_at_arms/1Anti1man_at_arms_J/anim/man_at_arms.sprite.walk.png
heroes/man_at_arms/2Anti1man_at_arms_J/anim/man_at_arms.sprite.afflicted.png
heroes/man_at_arms/2Anti1man_at_arms_J/anim/man_at_arms.sprite.attack_mace.png
heroes/man_at_arms/2Anti1man_at_arms_J/anim/man_at_arms.sprite.attack_ranged.png
heroes/man_at_arms/2Anti1man_at_arms_J/anim/man_at_arms.sprite.attack_shield.png
heroes/man_at_arms/2Anti1man_at_arms_J/anim/man_at_arms.sprite.attack_shout.png
heroes/man_at_arms/2Anti1man_at_arms_J/anim/man_at_arms.sprite.camp.png
heroes/man_at_arms/2Anti1man_at_arms_J/anim/man_at_arms.sprite.combat.png
heroes/man_at_arms/2Anti1man_at_arms_J/anim/man_at_arms.sprite.defend.png
heroes/man_at_arms/2Anti1man_at_arms_J/anim/man_at_arms.sprite.heroic.png
heroes/man_at_arms/2Anti1man_at_arms_J/anim/man_at_arms.sprite.idle.png
heroes/man_at_arms/2Anti1man_at_arms_J/anim/man_at_arms.sprite.investigate.png
heroes/man_at_arms/2Anti1man_at_arms_J/anim/man_at_arms.sprite.walk.png
heroes/man_at_arms/2Anti2man_at_arms_J/anim/man_at_arms.sprite.afflicted.png
heroes/man_at_arms/2Anti2man_at_arms_J/anim/man_at_arms.sprite.attack_mace.png
heroes/man_at_arms/2Anti2man_at_arms_J/anim/man_at_arms.sprite.attack_ranged.png
heroes/man_at_arms/2Anti2man_at_arms_J/anim/man_at_arms.sprite.attack_shield.png
heroes/man_at_arms/2Anti2man_at_arms_J/anim/man_at_arms.sprite.attack_shout.png
heroes/man_at_arms/2Anti2man_at_arms_J/anim/man_at_arms.sprite.camp.png
heroes/man_at_arms/2Anti2man_at_arms_J/anim/man_at_arms.sprite.combat.png
heroes/man_at_arms/2Anti2man_at_arms_J/anim/man_at_arms.sprite.defend.png
heroes/man_at_arms/2Anti2man_at_arms_J/anim/man_at_arms.sprite.heroic.png
heroes/man_at_arms/2Anti2man_at_arms_J/anim/man_at_arms.sprite.idle.png
heroes/man_at_arms/2Anti2man_at_arms_J/anim/man_at_arms.sprite.investigate.png
heroes/man_at_arms/2Anti2man_at_arms_J/anim/man_at_arms.sprite.walk.png
heroes/man_at_arms/2Anti3man_at_arms_J/anim/man_at_arms.sprite.afflicted.png
heroes/man_at_arms/2Anti3man_at_arms_J/anim/man_at_arms.sprite.attack_mace.png
heroes/man_at_arms/2Anti3man_at_arms_J/anim/man_at_arms.sprite.attack_ranged.png
heroes/man_at_arms/2Anti3man_at_arms_J/anim/man_at_arms.sprite.attack_shield.png
heroes/man_at_arms/2Anti3man_at_arms_J/anim/man_at_arms.sprite.attack_shout.png
heroes/man_at_arms/2Anti3man_at_arms_J/anim/man_at_arms.sprite.camp.png
heroes/man_at_arms/2Anti3man_at_arms_J/anim/man_at_arms.sprite.combat.png
heroes/man_at_arms/2Anti3man_at_arms_J/anim/man_at_arms.sprite.defend.png
heroes/man_at_arms/2Anti3man_at_arms_J/anim/man_at_arms.sprite.heroic.png
heroes/man_at_arms/2Anti3man_at_arms_J/anim/man_at_arms.sprite.idle.png
heroes/man_at_arms/2Anti3man_at_arms_J/anim/man_at_arms.sprite.investigate.png
heroes/man_at_arms/2Anti3man_at_arms_J/anim/man_at_arms.sprite.walk.png
heroes/occultist/1Anti1occultist_J/anim/occultist.sprite.afflicted.png
heroes/occultist/1Anti1occultist_J/anim/occultist.sprite.attack_heal.png
heroes/occultist/1Anti1occultist_J/anim/occultist.sprite.attack_melee.png
heroes/occultist/1Anti1occultist_J/anim/occultist.sprite.attack_ranged.png
heroes/occultist/1Anti1occultist_J/anim/occultist.sprite.attack_skull.png
heroes/occultist/1Anti1occultist_J/anim/occultist.sprite.camp.png
heroes/occultist/1Anti1occultist_J/anim/occultist.sprite.combat.png
heroes/occultist/1Anti1occultist_J/anim/occultist.sprite.defend.png
heroes/occultist/1Anti1occultist_J/anim/occultist.sprite.heroic.png
heroes/occultist/1Anti1occultist_J/anim/occultist.sprite.idle.png
heroes/occultist/1Anti1occultist_J/anim/occultist.sprite.investigate.png
heroes/occultist/1Anti1occultist_J/anim/occultist.sprite.walk.png
heroes/occultist/1Anti2occultist_J/anim/occultist.sprite.afflicted.png
heroes/occultist/1Anti2occultist_J/anim/occultist.sprite.attack_heal.png
heroes/occultist/1Anti2occultist_J/anim/occultist.sprite.attack_melee.png
heroes/occultist/1Anti2occultist_J/anim/occultist.sprite.attack_ranged.png
heroes/occultist/1Anti2occultist_J/anim/occultist.sprite.attack_skull.png
heroes/occultist/1Anti2occultist_J/anim/occultist.sprite.camp.png
heroes/occultist/1Anti2occultist_J/anim/occultist.sprite.combat.png
heroes/occultist/1Anti2occultist_J/anim/occultist.sprite.defend.png
heroes/occultist/1Anti2occultist_J/anim/occultist.sprite.heroic.png
heroes/occultist/1Anti2occultist_J/anim/occultist.sprite.idle.png
heroes/occultist/1Anti2occultist_J/anim/occultist.sprite.investigate.png
heroes/occultist/1Anti2occultist_J/anim/occultist.sprite.walk.png
heroes/plague_doctor/1Anti1plague_doctor_J/anim/plague_doctor.sprite.afflicted.png
heroes/plague_doctor/1Anti1plague_doctor_J/anim/plague_doctor.sprite.attack_blast.png
heroes/plague_doctor/1Anti1plague_doctor_J/anim/plague_doctor.sprite.attack_buff.png
heroes/plague_doctor/1Anti1plague_doctor_J/anim/plague_doctor.sprite.attack_dagger.png
heroes/plague_doctor/1Anti1plague_doctor_J/anim/plague_doctor.sprite.attack_grenade.png
heroes/plague_doctor/1Anti1plague_doctor_J/anim/plague_doctor.sprite.attack_heal.png
heroes/plague_doctor/1Anti1plague_doctor_J/anim/plague_doctor.sprite.camp.png
heroes/plague_doctor/1Anti1plague_doctor_J/anim/plague_doctor.sprite.combat.png
heroes/plague_doctor/1Anti1plague_doctor_J/anim/plague_doctor.sprite.defend.png
heroes/plague_doctor/1Anti1plague_doctor_J/anim/plague_doctor.sprite.heroic.png
heroes/plague_doctor/1Anti1plague_doctor_J/anim/plague_doctor.sprite.idle.png
heroes/plague_doctor/1Anti1plague_doctor_J/anim/plague_doctor.sprite.investigate.png
heroes/plague_doctor/1Anti1plague_doctor_J/anim/plague_doctor.sprite.walk.png
heroes/plague_doctor/1Anti2plague_doctor_J/anim/plague_doctor.sprite.afflicted.png
heroes/plague_doctor/1Anti2plague_doctor_J/anim/plague_doctor.sprite.attack_blast.png
heroes/plague_doctor/1Anti2plague_doctor_J/anim/plague_doctor.sprite.attack_buff.png
heroes/plague_doctor/1Anti2plague_doctor_J/anim/plague_doctor.sprite.attack_dagger.png
heroes/plague_doctor/1Anti2plague_doctor_J/anim/plague_doctor.sprite.attack_grenade.png
heroes/plague_doctor/1Anti2plague_doctor_J/anim/plague_doctor.sprite.attack_heal.png
heroes/plague_doctor/1Anti2plague_doctor_J/anim/plague_doctor.sprite.camp.png
heroes/plague_doctor/1Anti2plague_doctor_J/anim/plague_doctor.sprite.combat.png
heroes/plague_doctor/1Anti2plague_doctor_J/anim/plague_doctor.sprite.defend.png
heroes/plague_doctor/1Anti2plague_doctor_J/anim/plague_doctor.sprite.heroic.png
heroes/plague_doctor/1Anti2plague_doctor_J/anim/plague_doctor.sprite.idle.png
heroes/plague_doctor/1Anti2plague_doctor_J/anim/plague_doctor.sprite.investigate.png
heroes/plague_doctor/1Anti2plague_doctor_J/anim/plague_doctor.sprite.walk.png
heroes/plague_doctor/1Anti3plague_doctor_J/anim/plague_doctor.sprite.afflicted.png
heroes/plague_doctor/1Anti3plague_doctor_J/anim/plague_doctor.sprite.attack_blast.png
heroes/plague_doctor/1Anti3plague_doctor_J/anim/plague_doctor.sprite.attack_buff.png
heroes/plague_doctor/1Anti3plague_doctor_J/anim/plague_doctor.sprite.attack_dagger.png
heroes/plague_doctor/1Anti3plague_doctor_J/anim/plague_doctor.sprite.attack_grenade.png
heroes/plague_doctor/1Anti3plague_doctor_J/anim/plague_doctor.sprite.attack_heal.png
heroes/plague_doctor/1Anti3plague_doctor_J/anim/plague_doctor.sprite.camp.png
heroes/plague_doctor/1Anti3plague_doctor_J/anim/plague_doctor.sprite.combat.png
heroes/plague_doctor/1Anti3plague_doctor_J/anim/plague_doctor.sprite.defend.png
heroes/plague_doctor/1Anti3plague_doctor_J/anim/plague_doctor.sprite.heroic.png
heroes/plague_doctor/1Anti3plague_doctor_J/anim/plague_doctor.sprite.idle.png
heroes/plague_doctor/1Anti3plague_doctor_J/anim/plague_doctor.sprite.investigate.png
heroes/plague_doctor/1Anti3plague_doctor_J/anim/plague_doctor.sprite.walk.png
heroes/plague_doctor/1Anti4plague_doctor_J/anim/plague_doctor.sprite.afflicted.png
heroes/plague_doctor/1Anti4plague_doctor_J/anim/plague_doctor.sprite.attack_blast.png
heroes/plague_doctor/1Anti4plague_doctor_J/anim/plague_doctor.sprite.attack_buff.png
heroes/plague_doctor/1Anti4plague_doctor_J/anim/plague_doctor.sprite.attack_dagger.png
heroes/plague_doctor/1Anti4plague_doctor_J/anim/plague_doctor.sprite.attack_grenade.png
heroes/plague_doctor/1Anti4plague_doctor_J/anim/plague_doctor.sprite.attack_heal.png
heroes/plague_doctor/1Anti4plague_doctor_J/anim/plague_doctor.sprite.camp.png
heroes/plague_doctor/1Anti4plague_doctor_J/anim/plague_doctor.sprite.combat.png
heroes/plague_doctor/1Anti4plague_doctor_J/anim/plague_doctor.sprite.defend.png
heroes/plague_doctor/1Anti4plague_doctor_J/anim/plague_doctor.sprite.heroic.png
heroes/plague_doctor/1Anti4plague_doctor_J/anim/plague_doctor.sprite.idle.png
heroes/plague_doctor/1Anti4plague_doctor_J/anim/plague_doctor.sprite.investigate.png
heroes/plague_doctor/1Anti4plague_doctor_J/anim/plague_doctor.sprite.walk.png
heroes/vestal/1Anti1vestal_J/anim/vestal.sprite.afflicted.png
heroes/vestal/1Anti1vestal_J/anim/vestal.sprite.attack_heal.png
heroes/vestal/1Anti1vestal_J/anim/vestal.sprite.attack_lectionary.png
heroes/vestal/1Anti1vestal_J/anim/vestal.sprite.attack_mace.png
heroes/vestal/1Anti1vestal_J/anim/vestal.sprite.attack_miracle.png
heroes/vestal/1Anti1vestal_J/anim/vestal.sprite.camp.png
heroes/vestal/1Anti1vestal_J/anim/vestal.sprite.combat.png
heroes/vestal/1Anti1vestal_J/anim/vestal.sprite.defend.png
