
-------------------------------------------------------------------------------
Parsing project file - C:\Users\Toshiba\Desktop\Upload Files\Darkwraith Rework\project.xml
Mod Data Directory = C:/Users/Toshiba/Desktop/Upload Files/Darkwraith Rework/

-------------------------------------------------------------------------------
Processing Map Files files...

-------------------------------------------------------------------------------
Running Localization...
Parsing localization/darkwraith_brazilian.string_table.xml
Parsing localization/darkwraith_czech.string_table.xml
Parsing localization/darkwraith_english.string_table.xml
Parsing localization/darkwraith_french.string_table.xml
Parsing localization/darkwraith_german.string_table.xml
Parsing localization/darkwraith_italian.string_table.xml
Parsing localization/darkwraith_koreana.string_table.xml
Parsing localization/darkwraith_polish.string_table.xml
Parsing localization/darkwraith_russian.string_table.xml
Parsing localization/darkwraith_schinese.string_table.xml
Parsing localization/darkwraith_spanish.string_table.xml
Parsing localization/miscellaneous_darkwraith.string_table.xml
Parsing localization/tooltip_darkwraith.string_table.xml
Parsing localization/trinkets__darkwraith.string_table.xml

Building Languages

+++++++++++++++++++++++++++++++++++++++++
Error schinese - buff_stat_tooltip_torchlight_burn_percent
----------
Couldn't find colour wos_rarity in {colour_start|wos_rarity}火把燃烧速率{colour_end}
----------

+++++++++++++++++++++++++++++++++++++++++
Error schinese - buff_stat_tooltip_torch_increase_percent
----------
Couldn't find colour wos_rarity in {colour_start|wos_rarity}火把增加{colour_end}技能
----------

+++++++++++++++++++++++++++++++++++++++++
Error schinese - buff_stat_tooltip_torch_decrease_percent
----------
Couldn't find colour wos_rarity in {colour_start|wos_rarity}火把减少{colour_end}技能
----------
Exporting .loc files

-------------------------------------------------------------------------------
Searching for preview icon file C:/Users/Toshiba/Desktop/Upload Files/Darkwraith Rework/preview_icon.png...FOUND!
<UploadMode> - Set to direct_upload


-------------------------------------------------------------------------------
Modded files...

heroes/darkwraith/darkwraith_A/anim/darkwraith.sprite.afflicted.png
heroes/darkwraith/darkwraith_A/anim/darkwraith.sprite.attack_darksword.png
heroes/darkwraith/darkwraith_A/anim/darkwraith.sprite.attack_death_grasp.png
heroes/darkwraith/darkwraith_A/anim/darkwraith.sprite.attack_firebomb.png
heroes/darkwraith/darkwraith_A/anim/darkwraith.sprite.attack_grim_reflection.png
heroes/darkwraith/darkwraith_A/anim/darkwraith.sprite.attack_lifedrain.png
heroes/darkwraith/darkwraith_A/anim/darkwraith.sprite.attack_point.png
heroes/darkwraith/darkwraith_A/anim/darkwraith.sprite.attack_punch.png
heroes/darkwraith/darkwraith_A/anim/darkwraith.sprite.attack_reaper_seal.png
heroes/darkwraith/darkwraith_A/anim/darkwraith.sprite.attack_throw.png
heroes/darkwraith/darkwraith_A/anim/darkwraith.sprite.attack_undyng_rage.png
heroes/darkwraith/darkwraith_A/anim/darkwraith.sprite.camp.png
heroes/darkwraith/darkwraith_A/anim/darkwraith.sprite.combat.png
heroes/darkwraith/darkwraith_A/anim/darkwraith.sprite.defend.png
heroes/darkwraith/darkwraith_A/anim/darkwraith.sprite.heroic.png
heroes/darkwraith/darkwraith_A/anim/darkwraith.sprite.idle.png
heroes/darkwraith/darkwraith_A/anim/darkwraith.sprite.investigate.png
heroes/darkwraith/darkwraith_A/anim/darkwraith.sprite.walk.png
heroes/darkwraith/darkwraith_A/anim/darwraith.sprite.attack_death_grasp.png
heroes/darkwraith/darkwraith_B/anim/darkwraith.sprite.afflicted.png
heroes/darkwraith/darkwraith_B/anim/darkwraith.sprite.attack_darksword.png
heroes/darkwraith/darkwraith_B/anim/darkwraith.sprite.attack_death_grasp.png
heroes/darkwraith/darkwraith_B/anim/darkwraith.sprite.attack_firebomb.png
heroes/darkwraith/darkwraith_B/anim/darkwraith.sprite.attack_grim_reflection.png
heroes/darkwraith/darkwraith_B/anim/darkwraith.sprite.attack_lifedrain.png
heroes/darkwraith/darkwraith_B/anim/darkwraith.sprite.attack_reaper_seal.png
heroes/darkwraith/darkwraith_B/anim/darkwraith.sprite.attack_undyng_rage.png
heroes/darkwraith/darkwraith_B/anim/darkwraith.sprite.camp.png
heroes/darkwraith/darkwraith_B/anim/darkwraith.sprite.combat.png
heroes/darkwraith/darkwraith_B/anim/darkwraith.sprite.defend.png
heroes/darkwraith/darkwraith_B/anim/darkwraith.sprite.heroic.png
heroes/darkwraith/darkwraith_B/anim/darkwraith.sprite.idle.png
heroes/darkwraith/darkwraith_B/anim/darkwraith.sprite.investigate.png
heroes/darkwraith/darkwraith_B/anim/darkwraith.sprite.walk.png
heroes/darkwraith/darkwraith_B/anim/darwraith.sprite.combat.png
heroes/darkwraith/darkwraith_C/anim/darkwraith.sprite.afflicted.png
heroes/darkwraith/darkwraith_C/anim/darkwraith.sprite.attack_darksword.png
heroes/darkwraith/darkwraith_C/anim/darkwraith.sprite.attack_death_grasp.png
heroes/darkwraith/darkwraith_C/anim/darkwraith.sprite.attack_firebomb.png
heroes/darkwraith/darkwraith_C/anim/darkwraith.sprite.attack_grim_reflection.png
heroes/darkwraith/darkwraith_C/anim/darkwraith.sprite.attack_lifedrain.png
heroes/darkwraith/darkwraith_C/anim/darkwraith.sprite.attack_reaper_seal.png
heroes/darkwraith/darkwraith_C/anim/darkwraith.sprite.attack_undyng_rage.png
heroes/darkwraith/darkwraith_C/anim/darkwraith.sprite.camp.png
heroes/darkwraith/darkwraith_C/anim/darkwraith.sprite.combat.png
heroes/darkwraith/darkwraith_C/anim/darkwraith.sprite.defend.png
heroes/darkwraith/darkwraith_C/anim/darkwraith.sprite.heroic.png
heroes/darkwraith/darkwraith_C/anim/darkwraith.sprite.idle.png
heroes/darkwraith/darkwraith_C/anim/darkwraith.sprite.investigate.png
heroes/darkwraith/darkwraith_C/anim/darkwraith.sprite.walk.png
heroes/darkwraith/darkwraith_C/anim/darwraith.sprite.combat.png
heroes/darkwraith/darkwraith_D/anim/darkwraith.sprite.afflicted.png
heroes/darkwraith/darkwraith_D/anim/darkwraith.sprite.attack_darksword.png
heroes/darkwraith/darkwraith_D/anim/darkwraith.sprite.attack_death_grasp.png
heroes/darkwraith/darkwraith_D/anim/darkwraith.sprite.attack_firebomb.png
heroes/darkwraith/darkwraith_D/anim/darkwraith.sprite.attack_grim_reflection.png
heroes/darkwraith/darkwraith_D/anim/darkwraith.sprite.attack_lifedrain.png
heroes/darkwraith/darkwraith_D/anim/darkwraith.sprite.attack_point.png
heroes/darkwraith/darkwraith_D/anim/darkwraith.sprite.attack_punch.png
heroes/darkwraith/darkwraith_D/anim/darkwraith.sprite.attack_reaper_seal.png
heroes/darkwraith/darkwraith_D/anim/darkwraith.sprite.attack_throw.png
heroes/darkwraith/darkwraith_D/anim/darkwraith.sprite.attack_undyng_rage.png
heroes/darkwraith/darkwraith_D/anim/darkwraith.sprite.camp.png
heroes/darkwraith/darkwraith_D/anim/darkwraith.sprite.combat.png
heroes/darkwraith/darkwraith_D/anim/darkwraith.sprite.defend.png
heroes/darkwraith/darkwraith_D/anim/darkwraith.sprite.heroic.png
heroes/darkwraith/darkwraith_D/anim/darkwraith.sprite.idle.png
heroes/darkwraith/darkwraith_D/anim/darkwraith.sprite.investigate.png
heroes/darkwraith/darkwraith_D/anim/darkwraith.sprite.walk.png
heroes/darkwraith/darkwraith_D/anim/darwraith.sprite.attack_death_grasp.png
campaign/town/town_event/town_event.image_first_darkwraith.png
campaign/town/town_event/town_event.image_idle_resolve_level_darkwraith.png
heroes/darkwraith/anim/darkwraith.sprite.afflicted.atlas
heroes/darkwraith/anim/darkwraith.sprite.afflicted.skel
heroes/darkwraith/anim/darkwraith.sprite.attack_axe.atlas
heroes/darkwraith/anim/darkwraith.sprite.attack_axe.skel
heroes/darkwraith/anim/darkwraith.sprite.attack_darksword.atlas
heroes/darkwraith/anim/darkwraith.sprite.attack_darksword.skel
heroes/darkwraith/anim/darkwraith.sprite.attack_death_grasp.atlas
heroes/darkwraith/anim/darkwraith.sprite.attack_death_grasp.skel
heroes/darkwraith/anim/darkwraith.sprite.attack_firebomb.atlas
heroes/darkwraith/anim/darkwraith.sprite.attack_firebomb.skel
heroes/darkwraith/anim/darkwraith.sprite.attack_grim_reflection.atlas
heroes/darkwraith/anim/darkwraith.sprite.attack_grim_reflection.skel
heroes/darkwraith/anim/darkwraith.sprite.attack_hook.atlas
heroes/darkwraith/anim/darkwraith.sprite.attack_hook.skel
heroes/darkwraith/anim/darkwraith.sprite.attack_lifedrain.atlas
heroes/darkwraith/anim/darkwraith.sprite.attack_lifedrain.skel
heroes/darkwraith/anim/darkwraith.sprite.attack_point.atlas
heroes/darkwraith/anim/darkwraith.sprite.attack_point.skel
heroes/darkwraith/anim/darkwraith.sprite.attack_punch.atlas
heroes/darkwraith/anim/darkwraith.sprite.attack_punch.skel
heroes/darkwraith/anim/darkwraith.sprite.attack_reaper_seal.atlas
heroes/darkwraith/anim/darkwraith.sprite.attack_reaper_seal.skel
heroes/darkwraith/anim/darkwraith.sprite.attack_slice.atlas
heroes/darkwraith/anim/darkwraith.sprite.attack_slice.skel
heroes/darkwraith/anim/darkwraith.sprite.attack_throw.atlas
heroes/darkwraith/anim/darkwraith.sprite.attack_throw.skel
heroes/darkwraith/anim/darkwraith.sprite.attack_undyng_rage.atlas
heroes/darkwraith/anim/darkwraith.sprite.attack_undyng_rage.skel
heroes/darkwraith/anim/darkwraith.sprite.camp.atlas
heroes/darkwraith/anim/darkwraith.sprite.camp.skel
heroes/darkwraith/anim/darkwraith.sprite.combat.atlas
heroes/darkwraith/anim/darkwraith.sprite.combat.skel
heroes/darkwraith/anim/darkwraith.sprite.darksword.atlas
heroes/darkwraith/anim/darkwraith.sprite.darksword.skel
heroes/darkwraith/anim/darkwraith.sprite.defend.atlas
heroes/darkwraith/anim/darkwraith.sprite.defend.skel
heroes/darkwraith/anim/darkwraith.sprite.heroic.atlas
heroes/darkwraith/anim/darkwraith.sprite.heroic.skel
heroes/darkwraith/anim/darkwraith.sprite.idle.atlas
heroes/darkwraith/anim/darkwraith.sprite.idle.skel
heroes/darkwraith/anim/darkwraith.sprite.investigate.atlas
heroes/darkwraith/anim/darkwraith.sprite.investigate.skel
heroes/darkwraith/anim/darkwraith.sprite.walk.atlas
heroes/darkwraith/anim/darkwraith.sprite.walk.skel
heroes/darkwraith/anim/darwraith.sprite.attack_death_grasp.atlas
heroes/darkwraith/anim/darwraith.sprite.attack_death_grasp.skel
heroes/darkwraith/darkwraith_A/darkwraith_portrait_roster.png
heroes/darkwraith/darkwraith_B/darkwraith_portrait_roster.png
heroes/darkwraith/darkwraith_C/darkwraith_portrait_roster.png
heroes/darkwraith/darkwraith_D/darkwraith_portrait_roster.png
heroes/darkwraith/fx/darkwraith.sprite.death_grasp_target.atlas
heroes/darkwraith/fx/darkwraith.sprite.death_grasp_target.png
heroes/darkwraith/fx/darkwraith.sprite.death_grasp_target.skel
heroes/darkwraith/fx/darkwraith.sprite.dw_aura.atlas
heroes/darkwraith/fx/darkwraith.sprite.dw_aura.png
heroes/darkwraith/fx/darkwraith.sprite.dw_aura.skel
heroes/darkwraith/fx/darkwraith.sprite.lifedrain_target.atlas
heroes/darkwraith/fx/darkwraith.sprite.lifedrain_target.png
heroes/darkwraith/fx/darkwraith.sprite.lifedrain_target.skel
heroes/darkwraith/fx/darkwraith.sprite.reaper_seal_target.atlas
heroes/darkwraith/fx/darkwraith.sprite.reaper_seal_target.png
heroes/darkwraith/fx/darkwraith.sprite.reaper_seal_target.skel
heroes/darkwraith/icons_equip/eqp_armour_0.png
heroes/darkwraith/icons_equip/eqp_armour_1.png
heroes/darkwraith/icons_equip/eqp_armour_2.png
heroes/darkwraith/icons_equip/eqp_armour_3.png
heroes/darkwraith/icons_equip/eqp_armour_4.png
heroes/darkwraith/icons_equip/eqp_weapon_0.png
heroes/darkwraith/icons_equip/eqp_weapon_1.png
heroes/darkwraith/icons_equip/eqp_weapon_2.png
heroes/darkwraith/icons_equip/eqp_weapon_3.png
heroes/darkwraith/icons_equip/eqp_weapon_4.png
monsters/bone_wall/anim/bone_wall.sprite.attack_transform.atlas
monsters/bone_wall/anim/bone_wall.sprite.attack_transform.png
monsters/bone_wall/anim/bone_wall.sprite.attack_transform.skel
monsters/bone_wall/anim/bone_wall.sprite.attack_wall_death.atlas
monsters/bone_wall/anim/bone_wall.sprite.attack_wall_death.png
monsters/bone_wall/anim/bone_wall.sprite.attack_wall_death.skel
monsters/bone_wall/anim/bone_wall.sprite.combat.atlas
monsters/bone_wall/anim/bone_wall.sprite.combat.png
monsters/bone_wall/anim/bone_wall.sprite.combat.skel
monsters/bone_wall/anim/bone_wall.sprite.defend.atlas
monsters/bone_wall/anim/bone_wall.sprite.defend.png
monsters/bone_wall/anim/bone_wall.sprite.defend.skel
monsters/bone_wall/bone_wall_A/bone_wall_A.art.darkest
monsters/bone_wall/bone_wall_A/bone_wall_A.info.darkest
monsters/bone_wall/bone_wall_B/bone_wall_B.art.darkest
monsters/bone_wall/bone_wall_B/bone_wall_B.info.darkest
monsters/bone_wall/bone_wall_C/bone_wall_C.art.darkest
monsters/bone_wall/bone_wall_C/bone_wall_C.info.darkest
monsters/bone_wall/bone_wall_D/bone_wall_D.art.darkest
monsters/bone_wall/bone_wall_D/bone_wall_D.info.darkest
monsters/bone_wall/bone_wall_E/bone_wall_E.art.darkest
monsters/bone_wall/bone_wall_E/bone_wall_E.info.darkest
monsters/bone_wall/ui/cluster_crystal.tray_battle_modifier_debuff.png
monsters/bone_wall/ui/virago_shroom.tray_battle_modifier_debuff.png
monsters/corpse/anim/corpse.sprite.attack_corpseplosion.atlas
monsters/corpse/anim/corpse.sprite.attack_corpseplosion.png
monsters/corpse/anim/corpse.sprite.attack_corpseplosion.skel
monsters/corpse/anim/corpse.sprite.corpeplosion.atlas
monsters/corpse/anim/corpse.sprite.corpeplosion.png
monsters/corpse/anim/corpse.sprite.corpeplosion.skel
monsters/corpse/anim/corpse.sprite.corpseplosion.atlas
monsters/corpse/anim/corpse.sprite.corpseplosion.png
monsters/corpse/anim/corpse.sprite.corpseplosion.skel
monsters/corpse_large/anim/corpse_large.sprite.corpeplosion.atlas
monsters/corpse_large/anim/corpse_large.sprite.corpeplosion.png
monsters/corpse_large/anim/corpse_large.sprite.corpeplosion.skel
monsters/corpse_large/anim/corpse_large.sprite.corpseplosion.atlas
monsters/corpse_large/anim/corpse_large.sprite.corpseplosion.png
monsters/corpse_large/anim/corpse_large.sprite.corpseplosion.skel
panels/icons_equip/estate/inv_estate+black_torch.png
panels/icons_equip/supply/inv_supply+dw_flask_red.png
panels/icons_equip/trinket/inv_trinket+darkwraith_bomb.png
panels/icons_equip/trinket/inv_trinket+darkwraith_book.png
panels/icons_equip/trinket/inv_trinket+darkwraith_cc_claw.png
panels/icons_equip/trinket/inv_trinket+darkwraith_cc_eye.png
panels/icons_equip/trinket/inv_trinket+darkwraith_gem.png
panels/icons_equip/trinket/inv_trinket+darkwraith_gem_border.png
panels/icons_equip/trinket/inv_trinket+darkwraith_head_collector.png
panels/icons_equip/trinket/inv_trinket+darkwraith_mask.png
panels/icons_equip/trinket/inv_trinket+darkwraith_plating.png
panels/icons_equip/trinket/inv_trinket+darkwraith_serpent_book.png
panels/icons_equip/trinket/inv_trinket+darkwraith_serpent_book_border.png
panels/icons_equip/trinket/inv_trinket+darkwraith_sunward_lantern.png
panels/icons_equip/trinket/inv_trinket+darkwraith_sword.png
panels/icons_equip/trinket/rarity_crimson_court.png
raid/camping/skill_icons/camp_skill_darkwraith_1.png
raid/camping/skill_icons/camp_skill_darkwraith_2.png
raid/camping/skill_icons/camp_skill_darkwraith_3.png
raid/camping/skill_icons/camp_skill_darkwraith_4.png
raid/camping/skill_icons/camp_skill_darkwraith_5.png
raid/camping/skill_icons/camp_skill_darkwraith_encourage.png
raid/camping/skill_icons/camp_skill_darkwraith_first_aid.png
audio/secondary_banks/darkwraith.bank
campaign/provision/darkwraith.provision.json
campaign/town_events/darkwraith.town_events.events.json
fx/death_dw/death_dw.sprite.atlas
fx/death_dw/death_dw.sprite.png
fx/death_dw/death_dw.sprite.skel
fx/dw_flask_red/dw_flask_red.sprite.atlas
fx/dw_flask_red/dw_flask_red.sprite.png
fx/dw_flask_red/dw_flask_red.sprite.skel
fx/dw_flask_red/sprite.dw_flask_red.atlas
fx/dw_flask_red/sprite.dw_flask_red.png
fx/dw_flask_red/sprite.dw_flask_red.skel
fx/town_event_first_darkwraith/town_event_first_darkwraith.sprite.atlas
fx/town_event_first_darkwraith/town_event_first_darkwraith.sprite.png
fx/town_event_first_darkwraith/town_event_first_darkwraith.sprite.skel
fx/town_event_idle_resolve_level_darkwraith/town_event_idle_resolve_level_darkwraith.sprite.atlas
fx/town_event_idle_resolve_level_darkwraith/town_event_idle_resolve_level_darkwraith.sprite.png
fx/town_event_idle_resolve_level_darkwraith/town_event_idle_resolve_level_darkwraith.sprite.skel
heroes/darkwraith/corpse_target.rar
heroes/darkwraith/darkwraith.ability.five.png
heroes/darkwraith/darkwraith.ability.four.png
heroes/darkwraith/darkwraith.ability.one.png
