
-------------------------------------------------------------------------------
Parsing project file - C:\DD_modsP\zealot\data\project.xml
Mod Data Directory = C:/DD_modsP/zealot/data/

-------------------------------------------------------------------------------
Processing Map Files files...

-------------------------------------------------------------------------------
Running Localization...
Parsing localization/zealot.string_table.xml

Building Languages
Exporting .loc files

-------------------------------------------------------------------------------
Searching for preview icon file C:/DD_modsP/zealot/data/preview_icon.png...FOUND!
<UploadMode> - Set to direct_upload


-------------------------------------------------------------------------------
Modded files...

heroes/zealot/zealot_A/anim/zealot.sprite.afflicted.png
heroes/zealot/zealot_A/anim/zealot.sprite.attack_brand.png
heroes/zealot/zealot_A/anim/zealot.sprite.attack_buff.png
heroes/zealot/zealot_A/anim/zealot.sprite.attack_grenade.png
heroes/zealot/zealot_A/anim/zealot.sprite.attack_hammer.png
heroes/zealot/zealot_A/anim/zealot.sprite.attack_heal.png
heroes/zealot/zealot_A/anim/zealot.sprite.attack_mace.png
heroes/zealot/zealot_A/anim/zealot.sprite.attack_miracle.png
heroes/zealot/zealot_A/anim/zealot.sprite.camp.png
heroes/zealot/zealot_A/anim/zealot.sprite.combat.png
heroes/zealot/zealot_A/anim/zealot.sprite.defend.png
heroes/zealot/zealot_A/anim/zealot.sprite.heroic.png
heroes/zealot/zealot_A/anim/zealot.sprite.idle.png
heroes/zealot/zealot_A/anim/zealot.sprite.investigate.png
heroes/zealot/zealot_A/anim/zealot.sprite.walk.png
heroes/zealot/zealot_B/anim/zealot.sprite.afflicted.png
heroes/zealot/zealot_B/anim/zealot.sprite.attack_brand.png
heroes/zealot/zealot_B/anim/zealot.sprite.attack_buff.png
heroes/zealot/zealot_B/anim/zealot.sprite.attack_grenade.png
heroes/zealot/zealot_B/anim/zealot.sprite.attack_hammer.png
heroes/zealot/zealot_B/anim/zealot.sprite.attack_heal.png
heroes/zealot/zealot_B/anim/zealot.sprite.attack_mace.png
heroes/zealot/zealot_B/anim/zealot.sprite.attack_miracle.png
heroes/zealot/zealot_B/anim/zealot.sprite.camp.png
heroes/zealot/zealot_B/anim/zealot.sprite.combat.png
heroes/zealot/zealot_B/anim/zealot.sprite.defend.png
heroes/zealot/zealot_B/anim/zealot.sprite.heroic.png
heroes/zealot/zealot_B/anim/zealot.sprite.idle.png
heroes/zealot/zealot_B/anim/zealot.sprite.investigate.png
heroes/zealot/zealot_B/anim/zealot.sprite.walk.png
heroes/zealot/anim/zealot.sprite.afflicted.atlas
heroes/zealot/anim/zealot.sprite.afflicted.skel
heroes/zealot/anim/zealot.sprite.attack_brand.atlas
heroes/zealot/anim/zealot.sprite.attack_brand.skel
heroes/zealot/anim/zealot.sprite.attack_buff.atlas
heroes/zealot/anim/zealot.sprite.attack_buff.skel
heroes/zealot/anim/zealot.sprite.attack_grenade.atlas
heroes/zealot/anim/zealot.sprite.attack_grenade.skel
heroes/zealot/anim/zealot.sprite.attack_hammer.atlas
heroes/zealot/anim/zealot.sprite.attack_hammer.skel
heroes/zealot/anim/zealot.sprite.attack_heal.atlas
heroes/zealot/anim/zealot.sprite.attack_heal.skel
heroes/zealot/anim/zealot.sprite.attack_mace.atlas
heroes/zealot/anim/zealot.sprite.attack_mace.skel
heroes/zealot/anim/zealot.sprite.attack_miracle.atlas
heroes/zealot/anim/zealot.sprite.attack_miracle.skel
heroes/zealot/anim/zealot.sprite.camp.atlas
heroes/zealot/anim/zealot.sprite.camp.skel
heroes/zealot/anim/zealot.sprite.combat.atlas
heroes/zealot/anim/zealot.sprite.combat.skel
heroes/zealot/anim/zealot.sprite.defend.atlas
heroes/zealot/anim/zealot.sprite.defend.skel
heroes/zealot/anim/zealot.sprite.heroic.atlas
heroes/zealot/anim/zealot.sprite.heroic.skel
heroes/zealot/anim/zealot.sprite.idle.atlas
heroes/zealot/anim/zealot.sprite.idle.skel
heroes/zealot/anim/zealot.sprite.investigate.atlas
heroes/zealot/anim/zealot.sprite.investigate.skel
heroes/zealot/anim/zealot.sprite.walk.atlas
heroes/zealot/anim/zealot.sprite.walk.skel
heroes/zealot/fx/zealot.sprite.adrenaline_rush.atlas
heroes/zealot/fx/zealot.sprite.adrenaline_rush.png
heroes/zealot/fx/zealot.sprite.adrenaline_rush.skel
heroes/zealot/fx/zealot.sprite.brand_tainted.atlas
heroes/zealot/fx/zealot.sprite.brand_tainted.png
heroes/zealot/fx/zealot.sprite.brand_tainted.skel
heroes/zealot/fx/zealot.sprite.brand_tainted_target.atlas
heroes/zealot/fx/zealot.sprite.brand_tainted_target.png
heroes/zealot/fx/zealot.sprite.brand_tainted_target.skel
heroes/zealot/fx/zealot.sprite.dazzling_light.atlas
heroes/zealot/fx/zealot.sprite.dazzling_light.png
heroes/zealot/fx/zealot.sprite.dazzling_light.skel
heroes/zealot/fx/zealot.sprite.divine_grace.atlas
heroes/zealot/fx/zealot.sprite.divine_grace.png
heroes/zealot/fx/zealot.sprite.divine_grace.skel
heroes/zealot/fx/zealot.sprite.exsanguinate_target.atlas
heroes/zealot/fx/zealot.sprite.exsanguinate_target.png
heroes/zealot/fx/zealot.sprite.exsanguinate_target.skel
heroes/zealot/fx/zealot.sprite.flashpowder_target.atlas
heroes/zealot/fx/zealot.sprite.flashpowder_target.png
heroes/zealot/fx/zealot.sprite.flashpowder_target.skel
heroes/zealot/fx/zealot.sprite.ground_pound.atlas
heroes/zealot/fx/zealot.sprite.ground_pound.png
heroes/zealot/fx/zealot.sprite.ground_pound.skel
heroes/zealot/fx/zealot.sprite.holy_stake.atlas
heroes/zealot/fx/zealot.sprite.holy_stake.png
heroes/zealot/fx/zealot.sprite.holy_stake.skel
heroes/zealot/fx/zealot.sprite.holy_stake_target.atlas
heroes/zealot/fx/zealot.sprite.holy_stake_target.png
heroes/zealot/fx/zealot.sprite.holy_stake_target.skel
heroes/zealot/fx/zealot.sprite.judgement_target.atlas
heroes/zealot/fx/zealot.sprite.judgement_target.png
heroes/zealot/fx/zealot.sprite.judgement_target.skel
heroes/zealot/icons_equip/eqp_armour_0.png
heroes/zealot/icons_equip/eqp_armour_1.png
heroes/zealot/icons_equip/eqp_armour_2.png
heroes/zealot/icons_equip/eqp_armour_3.png
heroes/zealot/icons_equip/eqp_armour_4.png
heroes/zealot/icons_equip/eqp_weapon_0.png
heroes/zealot/icons_equip/eqp_weapon_1.png
heroes/zealot/icons_equip/eqp_weapon_2.png
heroes/zealot/icons_equip/eqp_weapon_3.png
heroes/zealot/icons_equip/eqp_weapon_4.png
heroes/zealot/zealot_A/zealot_portrait_roster.png
heroes/zealot/zealot_B/zealot_portrait_roster.png
monsters/pyre1/anim/pyre1.sprite.attack_summon.atlas
monsters/pyre1/anim/pyre1.sprite.attack_summon.png
monsters/pyre1/anim/pyre1.sprite.attack_summon.skel
monsters/pyre1/anim/pyre1.sprite.combat.atlas
monsters/pyre1/anim/pyre1.sprite.combat.png
monsters/pyre1/anim/pyre1.sprite.combat.skel
monsters/pyre1/anim/pyre1.sprite.defend.atlas
monsters/pyre1/anim/pyre1.sprite.defend.png
monsters/pyre1/anim/pyre1.sprite.defend.skel
monsters/pyre1/fx/pyre1.sprite.absolution.atlas
monsters/pyre1/fx/pyre1.sprite.absolution.png
monsters/pyre1/fx/pyre1.sprite.absolution.skel
monsters/pyre1/fx/pyre1.sprite.redeem_target.atlas
monsters/pyre1/fx/pyre1.sprite.redeem_target.png
monsters/pyre1/fx/pyre1.sprite.redeem_target.skel
monsters/pyre1/pyre1_A/pyre1_A.art.darkest
monsters/pyre1/pyre1_A/pyre1_A.info.darkest
monsters/pyre1/pyre1_A/tint.png
monsters/pyre1/pyre1_B/pyre1_B.art.darkest
monsters/pyre1/pyre1_B/pyre1_B.info.darkest
monsters/pyre1/pyre1_B/tint.png
monsters/pyre1/pyre1_C/pyre1_C.art.darkest
monsters/pyre1/pyre1_C/pyre1_C.info.darkest
monsters/pyre1/pyre1_C/tint.png
panels/icons_equip/trinket/inv_trinket+zealot_crozius.png
panels/icons_equip/trinket/inv_trinket+zealot_hallowed.png
panels/icons_equip/trinket/inv_trinket+zealot_inqseal.png
panels/icons_equip/trinket/inv_trinket+zealot_inqstake.png
panels/icons_equip/trinket/inv_trinket+zealot_maledict.png
raid/camping/skill_icons/camp_skill_annointment.png
raid/camping/skill_icons/camp_skill_grudges.png
raid/camping/skill_icons/camp_skill_inquisition.png
raid/camping/skill_icons/camp_skill_penance.png
heroes/zealot/zealot.ability.five.png
heroes/zealot/zealot.ability.four.png
heroes/zealot/zealot.ability.one.png
heroes/zealot/zealot.ability.seven.png
heroes/zealot/zealot.ability.six.png
heroes/zealot/zealot.ability.three.png
heroes/zealot/zealot.ability.two.png
heroes/zealot/zealot.art.darkest
heroes/zealot/zealot.info.darkest
heroes/zealot/zealot_guild_header.png
raid/ai/zealot.monster_brains.json
raid/camping/zealot.camping_skills.json
